You are using the legacy behaviour of the <class 'transformers.models.llama.tokenization_llama.LlamaTokenizer'>. This means that tokens that come after special tokens will not be properly handled. We recommend you to read the related pull request available at https://github.com/huggingface/transformers/pull/24565



Loading checkpoint shards: 100%|██████████| 3/3 [00:16<00:00,  5.54s/it]
trainable params: 6,553,600 || all params: 14,025,701,683 || trainable%: 0.0467256480147682
n:  base_model.model.model.embed_tokens.weight p.shape:  torch.Size([32002, 5120])
n:  base_model.model.model.visual_model.mask_decoder.transformer.layers.0.self_attn.q_proj.weight p.shape:  torch.Size([256, 256])
n:  base_model.model.model.visual_model.mask_decoder.transformer.layers.0.self_attn.q_proj.bias p.shape:  torch.Size([256])
n:  base_model.model.model.visual_model.mask_decoder.transformer.layers.0.self_attn.k_proj.weight p.shape:  torch.Size([256, 256])
n:  base_model.model.model.visual_model.mask_decoder.transformer.layers.0.self_attn.k_proj.bias p.shape:  torch.Size([256])
n:  base_model.model.model.visual_model.mask_decoder.transformer.layers.0.self_attn.v_proj.weight p.shape:  torch.Size([256, 256])
n:  base_model.model.model.visual_model.mask_decoder.transformer.layers.0.self_attn.v_proj.bias p.shape:  torch.Size([256])
n:  base_model.model.model.visual_model.mask_decoder.transformer.layers.0.self_attn.out_proj.weight p.shape:  torch.Size([256, 256])
n:  base_model.model.model.visual_model.mask_decoder.transformer.layers.0.self_attn.out_proj.bias p.shape:  torch.Size([256])
n:  base_model.model.model.visual_model.mask_decoder.transformer.layers.0.norm1.weight p.shape:  torch.Size([256])
n:  base_model.model.model.visual_model.mask_decoder.transformer.layers.0.norm1.bias p.shape:  torch.Size([256])
n:  base_model.model.model.visual_model.mask_decoder.transformer.layers.0.cross_attn_token_to_image.q_proj.weight p.shape:  torch.Size([128, 256])
n:  base_model.model.model.visual_model.mask_decoder.transformer.layers.0.cross_attn_token_to_image.q_proj.bias p.shape:  torch.Size([128])
n:  base_model.model.model.visual_model.mask_decoder.transformer.layers.0.cross_attn_token_to_image.k_proj.weight p.shape:  torch.Size([128, 256])
n:  base_model.model.model.visual_model.mask_decoder.transformer.layers.0.cross_attn_token_to_image.k_proj.bias p.shape:  torch.Size([128])
n:  base_model.model.model.visual_model.mask_decoder.transformer.layers.0.cross_attn_token_to_image.v_proj.weight p.shape:  torch.Size([128, 256])
n:  base_model.model.model.visual_model.mask_decoder.transformer.layers.0.cross_attn_token_to_image.v_proj.bias p.shape:  torch.Size([128])
n:  base_model.model.model.visual_model.mask_decoder.transformer.layers.0.cross_attn_token_to_image.out_proj.weight p.shape:  torch.Size([256, 128])
n:  base_model.model.model.visual_model.mask_decoder.transformer.layers.0.cross_attn_token_to_image.out_proj.bias p.shape:  torch.Size([256])
n:  base_model.model.model.visual_model.mask_decoder.transformer.layers.0.norm2.weight p.shape:  torch.Size([256])
n:  base_model.model.model.visual_model.mask_decoder.transformer.layers.0.norm2.bias p.shape:  torch.Size([256])
n:  base_model.model.model.visual_model.mask_decoder.transformer.layers.0.mlp.lin1.weight p.shape:  torch.Size([2048, 256])
n:  base_model.model.model.visual_model.mask_decoder.transformer.layers.0.mlp.lin1.bias p.shape:  torch.Size([2048])
n:  base_model.model.model.visual_model.mask_decoder.transformer.layers.0.mlp.lin2.weight p.shape:  torch.Size([256, 2048])
n:  base_model.model.model.visual_model.mask_decoder.transformer.layers.0.mlp.lin2.bias p.shape:  torch.Size([256])
n:  base_model.model.model.visual_model.mask_decoder.transformer.layers.0.norm3.weight p.shape:  torch.Size([256])
n:  base_model.model.model.visual_model.mask_decoder.transformer.layers.0.norm3.bias p.shape:  torch.Size([256])
n:  base_model.model.model.visual_model.mask_decoder.transformer.layers.0.norm4.weight p.shape:  torch.Size([256])
n:  base_model.model.model.visual_model.mask_decoder.transformer.layers.0.norm4.bias p.shape:  torch.Size([256])
n:  base_model.model.model.visual_model.mask_decoder.transformer.layers.0.cross_attn_image_to_token.q_proj.weight p.shape:  torch.Size([128, 256])
n:  base_model.model.model.visual_model.mask_decoder.transformer.layers.0.cross_attn_image_to_token.q_proj.bias p.shape:  torch.Size([128])
n:  base_model.model.model.visual_model.mask_decoder.transformer.layers.0.cross_attn_image_to_token.k_proj.weight p.shape:  torch.Size([128, 256])
n:  base_model.model.model.visual_model.mask_decoder.transformer.layers.0.cross_attn_image_to_token.k_proj.bias p.shape:  torch.Size([128])
n:  base_model.model.model.visual_model.mask_decoder.transformer.layers.0.cross_attn_image_to_token.v_proj.weight p.shape:  torch.Size([128, 256])
n:  base_model.model.model.visual_model.mask_decoder.transformer.layers.0.cross_attn_image_to_token.v_proj.bias p.shape:  torch.Size([128])
n:  base_model.model.model.visual_model.mask_decoder.transformer.layers.0.cross_attn_image_to_token.out_proj.weight p.shape:  torch.Size([256, 128])
n:  base_model.model.model.visual_model.mask_decoder.transformer.layers.0.cross_attn_image_to_token.out_proj.bias p.shape:  torch.Size([256])
n:  base_model.model.model.visual_model.mask_decoder.transformer.layers.1.self_attn.q_proj.weight p.shape:  torch.Size([256, 256])
n:  base_model.model.model.visual_model.mask_decoder.transformer.layers.1.self_attn.q_proj.bias p.shape:  torch.Size([256])
n:  base_model.model.model.visual_model.mask_decoder.transformer.layers.1.self_attn.k_proj.weight p.shape:  torch.Size([256, 256])
n:  base_model.model.model.visual_model.mask_decoder.transformer.layers.1.self_attn.k_proj.bias p.shape:  torch.Size([256])
n:  base_model.model.model.visual_model.mask_decoder.transformer.layers.1.self_attn.v_proj.weight p.shape:  torch.Size([256, 256])
n:  base_model.model.model.visual_model.mask_decoder.transformer.layers.1.self_attn.v_proj.bias p.shape:  torch.Size([256])
n:  base_model.model.model.visual_model.mask_decoder.transformer.layers.1.self_attn.out_proj.weight p.shape:  torch.Size([256, 256])
n:  base_model.model.model.visual_model.mask_decoder.transformer.layers.1.self_attn.out_proj.bias p.shape:  torch.Size([256])
n:  base_model.model.model.visual_model.mask_decoder.transformer.layers.1.norm1.weight p.shape:  torch.Size([256])
n:  base_model.model.model.visual_model.mask_decoder.transformer.layers.1.norm1.bias p.shape:  torch.Size([256])
n:  base_model.model.model.visual_model.mask_decoder.transformer.layers.1.cross_attn_token_to_image.q_proj.weight p.shape:  torch.Size([128, 256])
n:  base_model.model.model.visual_model.mask_decoder.transformer.layers.1.cross_attn_token_to_image.q_proj.bias p.shape:  torch.Size([128])
n:  base_model.model.model.visual_model.mask_decoder.transformer.layers.1.cross_attn_token_to_image.k_proj.weight p.shape:  torch.Size([128, 256])
n:  base_model.model.model.visual_model.mask_decoder.transformer.layers.1.cross_attn_token_to_image.k_proj.bias p.shape:  torch.Size([128])
n:  base_model.model.model.visual_model.mask_decoder.transformer.layers.1.cross_attn_token_to_image.v_proj.weight p.shape:  torch.Size([128, 256])
n:  base_model.model.model.visual_model.mask_decoder.transformer.layers.1.cross_attn_token_to_image.v_proj.bias p.shape:  torch.Size([128])
n:  base_model.model.model.visual_model.mask_decoder.transformer.layers.1.cross_attn_token_to_image.out_proj.weight p.shape:  torch.Size([256, 128])
n:  base_model.model.model.visual_model.mask_decoder.transformer.layers.1.cross_attn_token_to_image.out_proj.bias p.shape:  torch.Size([256])
n:  base_model.model.model.visual_model.mask_decoder.transformer.layers.1.norm2.weight p.shape:  torch.Size([256])
n:  base_model.model.model.visual_model.mask_decoder.transformer.layers.1.norm2.bias p.shape:  torch.Size([256])
n:  base_model.model.model.visual_model.mask_decoder.transformer.layers.1.mlp.lin1.weight p.shape:  torch.Size([2048, 256])
n:  base_model.model.model.visual_model.mask_decoder.transformer.layers.1.mlp.lin1.bias p.shape:  torch.Size([2048])
n:  base_model.model.model.visual_model.mask_decoder.transformer.layers.1.mlp.lin2.weight p.shape:  torch.Size([256, 2048])
n:  base_model.model.model.visual_model.mask_decoder.transformer.layers.1.mlp.lin2.bias p.shape:  torch.Size([256])
n:  base_model.model.model.visual_model.mask_decoder.transformer.layers.1.norm3.weight p.shape:  torch.Size([256])
n:  base_model.model.model.visual_model.mask_decoder.transformer.layers.1.norm3.bias p.shape:  torch.Size([256])
n:  base_model.model.model.visual_model.mask_decoder.transformer.layers.1.norm4.weight p.shape:  torch.Size([256])
n:  base_model.model.model.visual_model.mask_decoder.transformer.layers.1.norm4.bias p.shape:  torch.Size([256])
n:  base_model.model.model.visual_model.mask_decoder.transformer.layers.1.cross_attn_image_to_token.q_proj.weight p.shape:  torch.Size([128, 256])
n:  base_model.model.model.visual_model.mask_decoder.transformer.layers.1.cross_attn_image_to_token.q_proj.bias p.shape:  torch.Size([128])
n:  base_model.model.model.visual_model.mask_decoder.transformer.layers.1.cross_attn_image_to_token.k_proj.weight p.shape:  torch.Size([128, 256])
n:  base_model.model.model.visual_model.mask_decoder.transformer.layers.1.cross_attn_image_to_token.k_proj.bias p.shape:  torch.Size([128])
n:  base_model.model.model.visual_model.mask_decoder.transformer.layers.1.cross_attn_image_to_token.v_proj.weight p.shape:  torch.Size([128, 256])
n:  base_model.model.model.visual_model.mask_decoder.transformer.layers.1.cross_attn_image_to_token.v_proj.bias p.shape:  torch.Size([128])
n:  base_model.model.model.visual_model.mask_decoder.transformer.layers.1.cross_attn_image_to_token.out_proj.weight p.shape:  torch.Size([256, 128])
n:  base_model.model.model.visual_model.mask_decoder.transformer.layers.1.cross_attn_image_to_token.out_proj.bias p.shape:  torch.Size([256])
n:  base_model.model.model.visual_model.mask_decoder.transformer.final_attn_token_to_image.q_proj.weight p.shape:  torch.Size([128, 256])
n:  base_model.model.model.visual_model.mask_decoder.transformer.final_attn_token_to_image.q_proj.bias p.shape:  torch.Size([128])
n:  base_model.model.model.visual_model.mask_decoder.transformer.final_attn_token_to_image.k_proj.weight p.shape:  torch.Size([128, 256])
n:  base_model.model.model.visual_model.mask_decoder.transformer.final_attn_token_to_image.k_proj.bias p.shape:  torch.Size([128])
n:  base_model.model.model.visual_model.mask_decoder.transformer.final_attn_token_to_image.v_proj.weight p.shape:  torch.Size([128, 256])
n:  base_model.model.model.visual_model.mask_decoder.transformer.final_attn_token_to_image.v_proj.bias p.shape:  torch.Size([128])
n:  base_model.model.model.visual_model.mask_decoder.transformer.final_attn_token_to_image.out_proj.weight p.shape:  torch.Size([256, 128])
n:  base_model.model.model.visual_model.mask_decoder.transformer.final_attn_token_to_image.out_proj.bias p.shape:  torch.Size([256])
n:  base_model.model.model.visual_model.mask_decoder.transformer.norm_final_attn.weight p.shape:  torch.Size([256])
n:  base_model.model.model.visual_model.mask_decoder.transformer.norm_final_attn.bias p.shape:  torch.Size([256])
n:  base_model.model.model.visual_model.mask_decoder.iou_token.weight p.shape:  torch.Size([1, 256])
n:  base_model.model.model.visual_model.mask_decoder.mask_tokens.weight p.shape:  torch.Size([4, 256])
n:  base_model.model.model.visual_model.mask_decoder.output_upscaling.0.weight p.shape:  torch.Size([256, 64, 2, 2])
n:  base_model.model.model.visual_model.mask_decoder.output_upscaling.0.bias p.shape:  torch.Size([64])
n:  base_model.model.model.visual_model.mask_decoder.output_upscaling.1.weight p.shape:  torch.Size([64])
n:  base_model.model.model.visual_model.mask_decoder.output_upscaling.1.bias p.shape:  torch.Size([64])
n:  base_model.model.model.visual_model.mask_decoder.output_upscaling.3.weight p.shape:  torch.Size([64, 32, 2, 2])
n:  base_model.model.model.visual_model.mask_decoder.output_upscaling.3.bias p.shape:  torch.Size([32])
n:  base_model.model.model.visual_model.mask_decoder.output_hypernetworks_mlps.0.layers.0.weight p.shape:  torch.Size([256, 256])
n:  base_model.model.model.visual_model.mask_decoder.output_hypernetworks_mlps.0.layers.0.bias p.shape:  torch.Size([256])
n:  base_model.model.model.visual_model.mask_decoder.output_hypernetworks_mlps.0.layers.1.weight p.shape:  torch.Size([256, 256])
n:  base_model.model.model.visual_model.mask_decoder.output_hypernetworks_mlps.0.layers.1.bias p.shape:  torch.Size([256])
n:  base_model.model.model.visual_model.mask_decoder.output_hypernetworks_mlps.0.layers.2.weight p.shape:  torch.Size([32, 256])
n:  base_model.model.model.visual_model.mask_decoder.output_hypernetworks_mlps.0.layers.2.bias p.shape:  torch.Size([32])
n:  base_model.model.model.visual_model.mask_decoder.output_hypernetworks_mlps.1.layers.0.weight p.shape:  torch.Size([256, 256])
n:  base_model.model.model.visual_model.mask_decoder.output_hypernetworks_mlps.1.layers.0.bias p.shape:  torch.Size([256])
n:  base_model.model.model.visual_model.mask_decoder.output_hypernetworks_mlps.1.layers.1.weight p.shape:  torch.Size([256, 256])
n:  base_model.model.model.visual_model.mask_decoder.output_hypernetworks_mlps.1.layers.1.bias p.shape:  torch.Size([256])
n:  base_model.model.model.visual_model.mask_decoder.output_hypernetworks_mlps.1.layers.2.weight p.shape:  torch.Size([32, 256])
n:  base_model.model.model.visual_model.mask_decoder.output_hypernetworks_mlps.1.layers.2.bias p.shape:  torch.Size([32])
n:  base_model.model.model.visual_model.mask_decoder.output_hypernetworks_mlps.2.layers.0.weight p.shape:  torch.Size([256, 256])
n:  base_model.model.model.visual_model.mask_decoder.output_hypernetworks_mlps.2.layers.0.bias p.shape:  torch.Size([256])
n:  base_model.model.model.visual_model.mask_decoder.output_hypernetworks_mlps.2.layers.1.weight p.shape:  torch.Size([256, 256])
n:  base_model.model.model.visual_model.mask_decoder.output_hypernetworks_mlps.2.layers.1.bias p.shape:  torch.Size([256])
n:  base_model.model.model.visual_model.mask_decoder.output_hypernetworks_mlps.2.layers.2.weight p.shape:  torch.Size([32, 256])
n:  base_model.model.model.visual_model.mask_decoder.output_hypernetworks_mlps.2.layers.2.bias p.shape:  torch.Size([32])
n:  base_model.model.model.visual_model.mask_decoder.output_hypernetworks_mlps.3.layers.0.weight p.shape:  torch.Size([256, 256])
n:  base_model.model.model.visual_model.mask_decoder.output_hypernetworks_mlps.3.layers.0.bias p.shape:  torch.Size([256])
n:  base_model.model.model.visual_model.mask_decoder.output_hypernetworks_mlps.3.layers.1.weight p.shape:  torch.Size([256, 256])
n:  base_model.model.model.visual_model.mask_decoder.output_hypernetworks_mlps.3.layers.1.bias p.shape:  torch.Size([256])
n:  base_model.model.model.visual_model.mask_decoder.output_hypernetworks_mlps.3.layers.2.weight p.shape:  torch.Size([32, 256])
n:  base_model.model.model.visual_model.mask_decoder.output_hypernetworks_mlps.3.layers.2.bias p.shape:  torch.Size([32])
n:  base_model.model.model.visual_model.mask_decoder.iou_prediction_head.layers.0.weight p.shape:  torch.Size([256, 256])
n:  base_model.model.model.visual_model.mask_decoder.iou_prediction_head.layers.0.bias p.shape:  torch.Size([256])
n:  base_model.model.model.visual_model.mask_decoder.iou_prediction_head.layers.1.weight p.shape:  torch.Size([256, 256])
n:  base_model.model.model.visual_model.mask_decoder.iou_prediction_head.layers.1.bias p.shape:  torch.Size([256])
n:  base_model.model.model.visual_model.mask_decoder.iou_prediction_head.layers.2.weight p.shape:  torch.Size([4, 256])
n:  base_model.model.model.visual_model.mask_decoder.iou_prediction_head.layers.2.bias p.shape:  torch.Size([4])
n:  base_model.model.model.text_hidden_fcs.0.0.weight p.shape:  torch.Size([5120, 5120])
n:  base_model.model.model.text_hidden_fcs.0.0.bias p.shape:  torch.Size([5120])
n:  base_model.model.model.text_hidden_fcs.0.2.weight p.shape:  torch.Size([256, 5120])
n:  base_model.model.model.text_hidden_fcs.0.2.bias p.shape:  torch.Size([256])
n:  base_model.model.lm_head.weight p.shape:  torch.Size([32002, 5120])
>> (PLUM.py) Initializing teacher LLM...
>> (PLUM.py) Teacher LLM initialized.
ade20k:  20210
cocostuff:  118287
loading annotations into memory...
Done (t=0.56s)
creating index...
index created!
pascal_part:  4366
loading annotations into memory...
Done (t=7.76s)
creating index...
index created!
paco_lvis:  45790
mapillary:  18000
loading dataset refclef into memory...
ref_file:  /shared/nas/data/m1/jk100/code/OpenAttrLibrary/LISA/dataset/refer_seg/refclef/refs(unc).p
creating index...
index created.
DONE (t=2.65s)
dataset refclef (refs unc) (train split) has 17978 images and 99523 annotations.
loading dataset refcoco into memory...
ref_file:  /shared/nas/data/m1/jk100/code/OpenAttrLibrary/LISA/dataset/refer_seg/refcoco/refs(unc).p
creating index...
index created.
DONE (t=4.91s)
dataset refcoco (refs unc) (train split) has 16994 images and 196771 annotations.
loading dataset refcoco+ into memory...
ref_file:  /shared/nas/data/m1/jk100/code/OpenAttrLibrary/LISA/dataset/refer_seg/refcoco+/refs(unc).p
creating index...
index created.
DONE (t=5.74s)
dataset refcoco+ (refs unc) (train split) has 16992 images and 196737 annotations.
loading dataset refcocog into memory...
ref_file:  /shared/nas/data/m1/jk100/code/OpenAttrLibrary/LISA/dataset/refer_seg/refcocog/refs(umd).p
creating index...
index created.
DONE (t=5.94s)
dataset refcocog (refs umd) (train split) has 21899 images and 208960 annotations.
vqa_data:  157712
number of reason_seg samples:  239
len(self.img_to_explanation):  239
Training with 20000 examples and validating with 200 examples.
[2025-03-08 03:02:26,473] [INFO] [logging.py:96:log_dist] [Rank -1] DeepSpeed info: version=0.9.5, git-hash=unknown, git-branch=unknown
[2025-03-08 03:02:26,473] [WARNING] [comm.py:152:init_deepspeed_backend] NCCL backend in DeepSpeed not yet implemented
[2025-03-08 03:02:26,473] [INFO] [comm.py:594:init_distributed] cdb=None
[2025-03-08 03:02:26,473] [INFO] [comm.py:625:init_distributed] Initializing TorchBackend in DeepSpeed with backend nccl
Using /shared/nas/data/m1/jk100/.cache/torch_extensions/py310_cu118 as PyTorch extensions root...
Detected CUDA files, patching ldflags
Emitting ninja build file /shared/nas/data/m1/jk100/.cache/torch_extensions/py310_cu118/fused_adam/build.ninja...
/shared/nas/data/m1/jk100/.conda/envs/llava/lib/python3.10/site-packages/torch/utils/cpp_extension.py:1967: UserWarning: TORCH_CUDA_ARCH_LIST is not set, all archs for visible cards are included for compilation.
If this is not desired, please set os.environ['TORCH_CUDA_ARCH_LIST'].
  warnings.warn(
Building extension module fused_adam...
Allowing ninja to set a default number of workers... (overridable by setting the environment variable MAX_JOBS=N)
[2025-03-08 03:02:55,121] [INFO] [logging.py:96:log_dist] [Rank 0] DeepSpeed Flops Profiler Enabled: False
Time to load fused_adam op: 0.6326925754547119 seconds
[2025-03-08 03:02:55,950] [INFO] [logging.py:96:log_dist] [Rank 0] Using DeepSpeed Optimizer param name adamw as basic optimizer
Loading extension module fused_adam...
/shared/nas/data/m1/jk100/.conda/envs/llava/lib/python3.10/site-packages/deepspeed/ops/adam/fused_adam.py:96: UserWarning: The torch.cuda.*DtypeTensor constructors are no longer recommended. It's best to use methods such as torch.tensor(data, dtype=*, device='cuda') to create tensors. (Triggered internally at /opt/conda/conda-bld/pytorch_1712608839953/work/torch/csrc/tensor/python_tensor.cpp:78.)
  self._dummy_overflow_buf = get_accelerator().IntTensor([0])
[2025-03-08 03:02:56,672] [INFO] [logging.py:96:log_dist] [Rank 0] DeepSpeed Basic Optimizer = FusedAdam
[2025-03-08 03:02:56,672] [INFO] [utils.py:54:is_zero_supported_optimizer] Checking ZeRO support for optimizer=FusedAdam type=<class 'deepspeed.ops.adam.fused_adam.FusedAdam'>
[2025-03-08 03:02:56,672] [INFO] [logging.py:96:log_dist] [Rank 0] Creating torch.bfloat16 ZeRO stage 2 optimizer
[2025-03-08 03:02:56,672] [INFO] [stage_1_and_2.py:133:__init__] Reduce bucket size 500000000
[2025-03-08 03:02:56,673] [INFO] [stage_1_and_2.py:134:__init__] Allgather bucket size 500000000
[2025-03-08 03:02:56,673] [INFO] [stage_1_and_2.py:135:__init__] CPU Offload: False
[2025-03-08 03:02:56,673] [INFO] [stage_1_and_2.py:136:__init__] Round robin gradient partitioning: False
Rank: 0 partition count [1] and sizes[(365842916, False)]
[2025-03-08 03:03:01,535] [INFO] [utils.py:785:see_memory_usage] Before initializing optimizer states
[2025-03-08 03:03:01,536] [INFO] [utils.py:786:see_memory_usage] MA 53.71 GB         Max_MA 54.39 GB         CA 54.6 GB         Max_CA 55 GB
[2025-03-08 03:03:01,536] [INFO] [utils.py:793:see_memory_usage] CPU Virtual Memory:  used = 219.79 GB, percent = 21.8%
[2025-03-08 03:03:05,591] [INFO] [utils.py:785:see_memory_usage] After initializing optimizer states
[2025-03-08 03:03:05,592] [INFO] [utils.py:786:see_memory_usage] MA 56.44 GB         Max_MA 57.8 GB         CA 58.69 GB         Max_CA 59 GB
[2025-03-08 03:03:05,592] [INFO] [utils.py:793:see_memory_usage] CPU Virtual Memory:  used = 219.8 GB, percent = 21.8%
[2025-03-08 03:03:05,592] [INFO] [stage_1_and_2.py:488:__init__] optimizer state initialized
[2025-03-08 03:03:09,509] [INFO] [utils.py:785:see_memory_usage] After initializing ZeRO optimizer
[2025-03-08 03:03:09,510] [INFO] [utils.py:786:see_memory_usage] MA 56.44 GB         Max_MA 56.44 GB         CA 58.69 GB         Max_CA 59 GB
[2025-03-08 03:03:09,510] [INFO] [utils.py:793:see_memory_usage] CPU Virtual Memory:  used = 220.55 GB, percent = 21.9%
[2025-03-08 03:03:09,516] [INFO] [logging.py:96:log_dist] [Rank 0] DeepSpeed Final Optimizer = adamw
[2025-03-08 03:03:09,516] [INFO] [logging.py:96:log_dist] [Rank 0] DeepSpeed using configured LR scheduler = WarmupDecayLR
[2025-03-08 03:03:09,517] [INFO] [logging.py:96:log_dist] [Rank 0] DeepSpeed LR Scheduler = <deepspeed.runtime.lr_schedules.WarmupDecayLR object at 0x7fe9c63b5c00>
[2025-03-08 03:03:09,517] [INFO] [logging.py:96:log_dist] [Rank 0] step=0, skipped=0, lr=[0.0003], mom=[(0.9, 0.95)]
[2025-03-08 03:03:09,523] [INFO] [config.py:960:print] DeepSpeedEngine configuration:
[2025-03-08 03:03:09,524] [INFO] [config.py:964:print]   activation_checkpointing_config  {
    "partition_activations": false,
    "contiguous_memory_optimization": false,
    "cpu_checkpointing": false,
    "number_checkpoints": null,
    "synchronize_checkpoint_boundary": false,
    "profile": false
}
[2025-03-08 03:03:09,524] [INFO] [config.py:964:print]   aio_config ................... {'block_size': 1048576, 'queue_depth': 8, 'thread_count': 1, 'single_submit': False, 'overlap_events': True}
[2025-03-08 03:03:09,524] [INFO] [config.py:964:print]   amp_enabled .................. False
[2025-03-08 03:03:09,524] [INFO] [config.py:964:print]   amp_params ................... False
[2025-03-08 03:03:09,524] [INFO] [config.py:964:print]   autotuning_config ............ {
    "enabled": false,
    "start_step": null,
    "end_step": null,
    "metric_path": null,
    "arg_mappings": null,
    "metric": "throughput",
    "model_info": null,
    "results_dir": "autotuning_results",
    "exps_dir": "autotuning_exps",
    "overwrite": true,
    "fast": true,
    "start_profile_step": 3,
    "end_profile_step": 5,
    "tuner_type": "gridsearch",
    "tuner_early_stopping": 5,
    "tuner_num_trials": 50,
    "model_info_path": null,
    "mp_size": 1,
    "max_train_batch_size": null,
    "min_train_batch_size": 1,
    "max_train_micro_batch_size_per_gpu": 1.024000e+03,
    "min_train_micro_batch_size_per_gpu": 1,
    "num_tuning_micro_batch_sizes": 3
}
[2025-03-08 03:03:09,524] [INFO] [config.py:964:print]   bfloat16_enabled ............. True
[2025-03-08 03:03:09,524] [INFO] [config.py:964:print]   checkpoint_parallel_write_pipeline  False
[2025-03-08 03:03:09,524] [INFO] [config.py:964:print]   checkpoint_tag_validation_enabled  True
[2025-03-08 03:03:09,524] [INFO] [config.py:964:print]   checkpoint_tag_validation_fail  False
[2025-03-08 03:03:09,525] [INFO] [config.py:964:print]   comms_config ................. <deepspeed.comm.config.DeepSpeedCommsConfig object at 0x7fe9c61a3eb0>
[2025-03-08 03:03:09,525] [INFO] [config.py:964:print]   communication_data_type ...... None
[2025-03-08 03:03:09,525] [INFO] [config.py:964:print]   compression_config ........... {'weight_quantization': {'shared_parameters': {'enabled': False, 'quantizer_kernel': False, 'schedule_offset': 0, 'quantize_groups': 1, 'quantize_verbose': False, 'quantization_type': 'symmetric', 'quantize_weight_in_forward': False, 'rounding': 'nearest', 'fp16_mixed_quantize': False, 'quantize_change_ratio': 0.001}, 'different_groups': {}}, 'activation_quantization': {'shared_parameters': {'enabled': False, 'quantization_type': 'symmetric', 'range_calibration': 'dynamic', 'schedule_offset': 1000}, 'different_groups': {}}, 'sparse_pruning': {'shared_parameters': {'enabled': False, 'method': 'l1', 'schedule_offset': 1000}, 'different_groups': {}}, 'row_pruning': {'shared_parameters': {'enabled': False, 'method': 'l1', 'schedule_offset': 1000}, 'different_groups': {}}, 'head_pruning': {'shared_parameters': {'enabled': False, 'method': 'topk', 'schedule_offset': 1000}, 'different_groups': {}}, 'channel_pruning': {'shared_parameters': {'enabled': False, 'method': 'l1', 'schedule_offset': 1000}, 'different_groups': {}}, 'layer_reduction': {'enabled': False}}
[2025-03-08 03:03:09,525] [INFO] [config.py:964:print]   curriculum_enabled_legacy .... False
[2025-03-08 03:03:09,525] [INFO] [config.py:964:print]   curriculum_params_legacy ..... False
[2025-03-08 03:03:09,525] [INFO] [config.py:964:print]   data_efficiency_config ....... {'enabled': False, 'seed': 1234, 'data_sampling': {'enabled': False, 'num_epochs': 1000, 'num_workers': 0, 'curriculum_learning': {'enabled': False}}, 'data_routing': {'enabled': False, 'random_ltd': {'enabled': False, 'layer_token_lr_schedule': {'enabled': False}}}}
[2025-03-08 03:03:09,525] [INFO] [config.py:964:print]   data_efficiency_enabled ...... False
[2025-03-08 03:03:09,525] [INFO] [config.py:964:print]   dataloader_drop_last ......... False
[2025-03-08 03:03:09,525] [INFO] [config.py:964:print]   disable_allgather ............ False
[2025-03-08 03:03:09,525] [INFO] [config.py:964:print]   dump_state ................... False
[2025-03-08 03:03:09,525] [INFO] [config.py:964:print]   dynamic_loss_scale_args ...... None
[2025-03-08 03:03:09,525] [INFO] [config.py:964:print]   eigenvalue_enabled ........... False
[2025-03-08 03:03:09,525] [INFO] [config.py:964:print]   eigenvalue_gas_boundary_resolution  1
[2025-03-08 03:03:09,525] [INFO] [config.py:964:print]   eigenvalue_layer_name ........ bert.encoder.layer
[2025-03-08 03:03:09,525] [INFO] [config.py:964:print]   eigenvalue_layer_num ......... 0
[2025-03-08 03:03:09,525] [INFO] [config.py:964:print]   eigenvalue_max_iter .......... 100
[2025-03-08 03:03:09,525] [INFO] [config.py:964:print]   eigenvalue_stability ......... 1e-06
[2025-03-08 03:03:09,526] [INFO] [config.py:964:print]   eigenvalue_tol ............... 0.01
[2025-03-08 03:03:09,526] [INFO] [config.py:964:print]   eigenvalue_verbose ........... False
[2025-03-08 03:03:09,526] [INFO] [config.py:964:print]   elasticity_enabled ........... False
[2025-03-08 03:03:09,526] [INFO] [config.py:964:print]   flops_profiler_config ........ {
    "enabled": false,
    "recompute_fwd_factor": 0.0,
    "profile_step": 1,
    "module_depth": -1,
    "top_modules": 1,
    "detailed": true,
    "output_file": null
}
[2025-03-08 03:03:09,526] [INFO] [config.py:964:print]   fp16_auto_cast ............... None
[2025-03-08 03:03:09,526] [INFO] [config.py:964:print]   fp16_enabled ................. False
[2025-03-08 03:03:09,526] [INFO] [config.py:964:print]   fp16_master_weights_and_gradients  False
[2025-03-08 03:03:09,526] [INFO] [config.py:964:print]   global_rank .................. 0
[2025-03-08 03:03:09,526] [INFO] [config.py:964:print]   grad_accum_dtype ............. None
[2025-03-08 03:03:09,526] [INFO] [config.py:964:print]   gradient_accumulation_steps .. 10
[2025-03-08 03:03:09,526] [INFO] [config.py:964:print]   gradient_clipping ............ 1.0
[2025-03-08 03:03:09,526] [INFO] [config.py:964:print]   gradient_predivide_factor .... 1.0
[2025-03-08 03:03:09,526] [INFO] [config.py:964:print]   hybrid_engine ................ enabled=False max_out_tokens=512 inference_tp_size=1 release_inference_cache=False pin_parameters=True tp_gather_partition_size=8
[2025-03-08 03:03:09,526] [INFO] [config.py:964:print]   initial_dynamic_scale ........ 1
[2025-03-08 03:03:09,526] [INFO] [config.py:964:print]   load_universal_checkpoint .... False
[2025-03-08 03:03:09,526] [INFO] [config.py:964:print]   loss_scale ................... 1.0
[2025-03-08 03:03:09,526] [INFO] [config.py:964:print]   memory_breakdown ............. False
[2025-03-08 03:03:09,527] [INFO] [config.py:964:print]   mics_hierarchial_params_gather  False
[2025-03-08 03:03:09,527] [INFO] [config.py:964:print]   mics_shard_size .............. -1
[2025-03-08 03:03:09,527] [INFO] [config.py:964:print]   monitor_config ............... tensorboard=TensorBoardConfig(enabled=False, output_path='', job_name='DeepSpeedJobName') wandb=WandbConfig(enabled=False, group=None, team=None, project='deepspeed') csv_monitor=CSVConfig(enabled=False, output_path='', job_name='DeepSpeedJobName') enabled=False
[2025-03-08 03:03:09,527] [INFO] [config.py:964:print]   nebula_config ................ {
    "enabled": false,
    "persistent_storage_path": null,
    "persistent_time_interval": 100,
    "num_of_version_in_retention": 2,
    "enable_nebula_load": true,
    "load_path": null
}
[2025-03-08 03:03:09,527] [INFO] [config.py:964:print]   optimizer_legacy_fusion ...... False
[2025-03-08 03:03:09,527] [INFO] [config.py:964:print]   optimizer_name ............... adamw
[2025-03-08 03:03:09,527] [INFO] [config.py:964:print]   optimizer_params ............. {'lr': 0.0003, 'weight_decay': 0.0, 'betas': (0.9, 0.95)}
[2025-03-08 03:03:09,527] [INFO] [config.py:964:print]   pipeline ..................... {'stages': 'auto', 'partition': 'best', 'seed_layers': False, 'activation_checkpoint_interval': 0}
[2025-03-08 03:03:09,527] [INFO] [config.py:964:print]   pld_enabled .................. False
[2025-03-08 03:03:09,527] [INFO] [config.py:964:print]   pld_params ................... False
[2025-03-08 03:03:09,527] [INFO] [config.py:964:print]   prescale_gradients ........... False
[2025-03-08 03:03:09,527] [INFO] [config.py:964:print]   scheduler_name ............... WarmupDecayLR
[2025-03-08 03:03:09,527] [INFO] [config.py:964:print]   scheduler_params ............. {'total_num_steps': 25000, 'warmup_min_lr': 0, 'warmup_max_lr': 0.0003, 'warmup_num_steps': 100, 'warmup_type': 'linear'}
[2025-03-08 03:03:09,527] [INFO] [config.py:964:print]   sparse_attention ............. None
[2025-03-08 03:03:09,527] [INFO] [config.py:964:print]   sparse_gradients_enabled ..... False
[2025-03-08 03:03:09,528] [INFO] [config.py:964:print]   steps_per_print .............. 10
[2025-03-08 03:03:09,528] [INFO] [config.py:964:print]   train_batch_size ............. 40
[2025-03-08 03:03:09,528] [INFO] [config.py:964:print]   train_micro_batch_size_per_gpu  4
[2025-03-08 03:03:09,528] [INFO] [config.py:964:print]   use_node_local_storage ....... False
[2025-03-08 03:03:09,528] [INFO] [config.py:964:print]   wall_clock_breakdown ......... False
[2025-03-08 03:03:09,528] [INFO] [config.py:964:print]   world_size ................... 1
[2025-03-08 03:03:09,528] [INFO] [config.py:964:print]   zero_allow_untested_optimizer  False
[2025-03-08 03:03:09,528] [INFO] [config.py:964:print]   zero_config .................. stage=2 contiguous_gradients=True reduce_scatter=True reduce_bucket_size=500000000 allgather_partitions=True allgather_bucket_size=500000000 overlap_comm=True load_from_fp32_weights=True elastic_checkpoint=False offload_param=None offload_optimizer=None sub_group_size=1,000,000,000 cpu_offload_param=None cpu_offload_use_pin_memory=None cpu_offload=None prefetch_bucket_size=50,000,000 param_persistence_threshold=100,000 model_persistence_threshold=sys.maxsize max_live_parameters=1,000,000,000 max_reuse_distance=1,000,000,000 gather_16bit_weights_on_model_save=False stage3_gather_fp16_weights_on_model_save=False ignore_unused_parameters=True legacy_stage1=False round_robin_gradients=False mics_shard_size=-1 mics_hierarchical_params_gather=False memory_efficient_linear=True
[2025-03-08 03:03:09,528] [INFO] [config.py:964:print]   zero_enabled ................. True
[2025-03-08 03:03:09,528] [INFO] [config.py:964:print]   zero_force_ds_cpu_optimizer .. True
[2025-03-08 03:03:09,528] [INFO] [config.py:964:print]   zero_optimization_stage ...... 2
[2025-03-08 03:03:09,528] [INFO] [config.py:950:print_user_config]   json = {
    "train_micro_batch_size_per_gpu": 4,
    "gradient_accumulation_steps": 10,
    "optimizer": {
        "type": "AdamW",
        "params": {
            "lr": 0.0003,
            "weight_decay": 0.0,
            "betas": [0.9, 0.95]
        }
    },
    "scheduler": {
        "type": "WarmupDecayLR",
        "params": {
            "total_num_steps": 2.500000e+04,
            "warmup_min_lr": 0,
            "warmup_max_lr": 0.0003,
            "warmup_num_steps": 100,
            "warmup_type": "linear"
        }
    },
    "fp16": {
        "enabled": false
    },
    "bf16": {
        "enabled": true
    },
    "gradient_clipping": 1.0,
    "zero_optimization": {
        "stage": 2,
        "contiguous_gradients": true,
        "overlap_comm": true,
        "reduce_scatter": true,
        "reduce_bucket_size": 5.000000e+08,
        "allgather_bucket_size": 5.000000e+08
    }
}
(train) >> AFTER DEEPSPEED
[rank0]: Traceback (most recent call last):
[rank0]:   File "/shared/nas/data/m1/jk100/.conda/envs/llava/lib/python3.10/site-packages/torch/utils/data/dataloader.py", line 1133, in _try_get_data
[rank0]:     data = self._data_queue.get(timeout=timeout)
[rank0]:   File "/shared/nas/data/m1/jk100/.conda/envs/llava/lib/python3.10/queue.py", line 179, in get
[rank0]:     raise Empty
[rank0]: _queue.Empty
[rank0]: The above exception was the direct cause of the following exception:
[rank0]: Traceback (most recent call last):
[rank0]:   File "/shared/nas2/jk100/partonomy_private/src/models/PLUM/plum_train_ds.py", line 481, in train
[rank0]:     input_dict = next(train_iter)
[rank0]:   File "/shared/nas/data/m1/jk100/.conda/envs/llava/lib/python3.10/site-packages/deepspeed/runtime/dataloader.py", line 124, in __next__
[rank0]:     return next(self.data)
[rank0]:   File "/shared/nas/data/m1/jk100/.conda/envs/llava/lib/python3.10/site-packages/deepspeed/runtime/dataloader.py", line 157, in <genexpr>
[rank0]:     self.data = (x for x in self.dataloader)
[rank0]:   File "/shared/nas/data/m1/jk100/.conda/envs/llava/lib/python3.10/site-packages/torch/utils/data/dataloader.py", line 631, in __next__
[rank0]:     data = self._next_data()
[rank0]:   File "/shared/nas/data/m1/jk100/.conda/envs/llava/lib/python3.10/site-packages/torch/utils/data/dataloader.py", line 1329, in _next_data
[rank0]:     idx, data = self._get_data()
[rank0]:   File "/shared/nas/data/m1/jk100/.conda/envs/llava/lib/python3.10/site-packages/torch/utils/data/dataloader.py", line 1285, in _get_data
[rank0]:     success, data = self._try_get_data()
[rank0]:   File "/shared/nas/data/m1/jk100/.conda/envs/llava/lib/python3.10/site-packages/torch/utils/data/dataloader.py", line 1146, in _try_get_data
[rank0]:     raise RuntimeError(f'DataLoader worker (pid(s) {pids_str}) exited unexpectedly') from e
[rank0]: RuntimeError: DataLoader worker (pid(s) 1274831, 1274894) exited unexpectedly
[rank0]: During handling of the above exception, another exception occurred:
[rank0]: Traceback (most recent call last):
[rank0]:   File "/shared/nas/data/m1/jk100/.conda/envs/llava/lib/python3.10/site-packages/torch/utils/data/dataloader.py", line 1133, in _try_get_data
[rank0]:     data = self._data_queue.get(timeout=timeout)
[rank0]:   File "/shared/nas/data/m1/jk100/.conda/envs/llava/lib/python3.10/queue.py", line 179, in get
[rank0]:     raise Empty
[rank0]: _queue.Empty
[rank0]: The above exception was the direct cause of the following exception:
[rank0]: Traceback (most recent call last):
[rank0]:   File "/shared/nas2/jk100/partonomy_private/src/models/PLUM/plum_train_ds.py", line 670, in <module>
[rank0]:     main(sys.argv[1:])
[rank0]:   File "/shared/nas2/jk100/partonomy_private/src/models/PLUM/plum_train_ds.py", line 403, in main
[rank0]:     train_iter = train(
[rank0]:   File "/shared/nas2/jk100/partonomy_private/src/models/PLUM/plum_train_ds.py", line 484, in train
[rank0]:     input_dict = next(train_iter)
[rank0]:   File "/shared/nas/data/m1/jk100/.conda/envs/llava/lib/python3.10/site-packages/deepspeed/runtime/dataloader.py", line 124, in __next__
[rank0]:     return next(self.data)
[rank0]:   File "/shared/nas/data/m1/jk100/.conda/envs/llava/lib/python3.10/site-packages/deepspeed/runtime/dataloader.py", line 157, in <genexpr>
[rank0]:     self.data = (x for x in self.dataloader)
[rank0]:   File "/shared/nas/data/m1/jk100/.conda/envs/llava/lib/python3.10/site-packages/torch/utils/data/dataloader.py", line 631, in __next__
[rank0]:     data = self._next_data()
[rank0]:   File "/shared/nas/data/m1/jk100/.conda/envs/llava/lib/python3.10/site-packages/torch/utils/data/dataloader.py", line 1329, in _next_data
[rank0]:     idx, data = self._get_data()
[rank0]:   File "/shared/nas/data/m1/jk100/.conda/envs/llava/lib/python3.10/site-packages/torch/utils/data/dataloader.py", line 1285, in _get_data
[rank0]:     success, data = self._try_get_data()
[rank0]:   File "/shared/nas/data/m1/jk100/.conda/envs/llava/lib/python3.10/site-packages/torch/utils/data/dataloader.py", line 1146, in _try_get_data
[rank0]:     raise RuntimeError(f'DataLoader worker (pid(s) {pids_str}) exited unexpectedly') from e
[rank0]: RuntimeError: DataLoader worker (pid(s) 1275335, 1275337) exited unexpectedly