You are using the legacy behaviour of the <class 'transformers.models.llama.tokenization_llama.LlamaTokenizer'>. This means that tokens that come after special tokens will not be properly handled. We recommend you to read the related pull request available at https://github.com/huggingface/transformers/pull/24565



Loading checkpoint shards: 100%|███████████████████████████████████████████████████████████████████████████████████████████████████████████████████████████████| 3/3 [02:37<00:00, 52.56s/it]
trainable params: 6,553,600 || all params: 14,025,701,683 || trainable%: 0.0467256480147682
n:  base_model.model.model.embed_tokens.weight p.shape:  torch.Size([32002, 5120])
n:  base_model.model.model.visual_model.mask_decoder.transformer.layers.0.self_attn.q_proj.weight p.shape:  torch.Size([256, 256])
n:  base_model.model.model.visual_model.mask_decoder.transformer.layers.0.self_attn.q_proj.bias p.shape:  torch.Size([256])
n:  base_model.model.model.visual_model.mask_decoder.transformer.layers.0.self_attn.k_proj.weight p.shape:  torch.Size([256, 256])
n:  base_model.model.model.visual_model.mask_decoder.transformer.layers.0.self_attn.k_proj.bias p.shape:  torch.Size([256])
n:  base_model.model.model.visual_model.mask_decoder.transformer.layers.0.self_attn.v_proj.weight p.shape:  torch.Size([256, 256])
n:  base_model.model.model.visual_model.mask_decoder.transformer.layers.0.self_attn.v_proj.bias p.shape:  torch.Size([256])
n:  base_model.model.model.visual_model.mask_decoder.transformer.layers.0.self_attn.out_proj.weight p.shape:  torch.Size([256, 256])
n:  base_model.model.model.visual_model.mask_decoder.transformer.layers.0.self_attn.out_proj.bias p.shape:  torch.Size([256])
n:  base_model.model.model.visual_model.mask_decoder.transformer.layers.0.norm1.weight p.shape:  torch.Size([256])
n:  base_model.model.model.visual_model.mask_decoder.transformer.layers.0.norm1.bias p.shape:  torch.Size([256])
n:  base_model.model.model.visual_model.mask_decoder.transformer.layers.0.cross_attn_token_to_image.q_proj.weight p.shape:  torch.Size([128, 256])
n:  base_model.model.model.visual_model.mask_decoder.transformer.layers.0.cross_attn_token_to_image.q_proj.bias p.shape:  torch.Size([128])
n:  base_model.model.model.visual_model.mask_decoder.transformer.layers.0.cross_attn_token_to_image.k_proj.weight p.shape:  torch.Size([128, 256])
n:  base_model.model.model.visual_model.mask_decoder.transformer.layers.0.cross_attn_token_to_image.k_proj.bias p.shape:  torch.Size([128])
n:  base_model.model.model.visual_model.mask_decoder.transformer.layers.0.cross_attn_token_to_image.v_proj.weight p.shape:  torch.Size([128, 256])
n:  base_model.model.model.visual_model.mask_decoder.transformer.layers.0.cross_attn_token_to_image.v_proj.bias p.shape:  torch.Size([128])
n:  base_model.model.model.visual_model.mask_decoder.transformer.layers.0.cross_attn_token_to_image.out_proj.weight p.shape:  torch.Size([256, 128])
n:  base_model.model.model.visual_model.mask_decoder.transformer.layers.0.cross_attn_token_to_image.out_proj.bias p.shape:  torch.Size([256])
n:  base_model.model.model.visual_model.mask_decoder.transformer.layers.0.norm2.weight p.shape:  torch.Size([256])
n:  base_model.model.model.visual_model.mask_decoder.transformer.layers.0.norm2.bias p.shape:  torch.Size([256])
n:  base_model.model.model.visual_model.mask_decoder.transformer.layers.0.mlp.lin1.weight p.shape:  torch.Size([2048, 256])
n:  base_model.model.model.visual_model.mask_decoder.transformer.layers.0.mlp.lin1.bias p.shape:  torch.Size([2048])
n:  base_model.model.model.visual_model.mask_decoder.transformer.layers.0.mlp.lin2.weight p.shape:  torch.Size([256, 2048])
n:  base_model.model.model.visual_model.mask_decoder.transformer.layers.0.mlp.lin2.bias p.shape:  torch.Size([256])
n:  base_model.model.model.visual_model.mask_decoder.transformer.layers.0.norm3.weight p.shape:  torch.Size([256])
n:  base_model.model.model.visual_model.mask_decoder.transformer.layers.0.norm3.bias p.shape:  torch.Size([256])
n:  base_model.model.model.visual_model.mask_decoder.transformer.layers.0.norm4.weight p.shape:  torch.Size([256])
n:  base_model.model.model.visual_model.mask_decoder.transformer.layers.0.norm4.bias p.shape:  torch.Size([256])
n:  base_model.model.model.visual_model.mask_decoder.transformer.layers.0.cross_attn_image_to_token.q_proj.weight p.shape:  torch.Size([128, 256])
n:  base_model.model.model.visual_model.mask_decoder.transformer.layers.0.cross_attn_image_to_token.q_proj.bias p.shape:  torch.Size([128])
n:  base_model.model.model.visual_model.mask_decoder.transformer.layers.0.cross_attn_image_to_token.k_proj.weight p.shape:  torch.Size([128, 256])
n:  base_model.model.model.visual_model.mask_decoder.transformer.layers.0.cross_attn_image_to_token.k_proj.bias p.shape:  torch.Size([128])
n:  base_model.model.model.visual_model.mask_decoder.transformer.layers.0.cross_attn_image_to_token.v_proj.weight p.shape:  torch.Size([128, 256])
n:  base_model.model.model.visual_model.mask_decoder.transformer.layers.0.cross_attn_image_to_token.v_proj.bias p.shape:  torch.Size([128])
n:  base_model.model.model.visual_model.mask_decoder.transformer.layers.0.cross_attn_image_to_token.out_proj.weight p.shape:  torch.Size([256, 128])
n:  base_model.model.model.visual_model.mask_decoder.transformer.layers.0.cross_attn_image_to_token.out_proj.bias p.shape:  torch.Size([256])
n:  base_model.model.model.visual_model.mask_decoder.transformer.layers.1.self_attn.q_proj.weight p.shape:  torch.Size([256, 256])
n:  base_model.model.model.visual_model.mask_decoder.transformer.layers.1.self_attn.q_proj.bias p.shape:  torch.Size([256])
n:  base_model.model.model.visual_model.mask_decoder.transformer.layers.1.self_attn.k_proj.weight p.shape:  torch.Size([256, 256])
n:  base_model.model.model.visual_model.mask_decoder.transformer.layers.1.self_attn.k_proj.bias p.shape:  torch.Size([256])
n:  base_model.model.model.visual_model.mask_decoder.transformer.layers.1.self_attn.v_proj.weight p.shape:  torch.Size([256, 256])
n:  base_model.model.model.visual_model.mask_decoder.transformer.layers.1.self_attn.v_proj.bias p.shape:  torch.Size([256])
n:  base_model.model.model.visual_model.mask_decoder.transformer.layers.1.self_attn.out_proj.weight p.shape:  torch.Size([256, 256])
n:  base_model.model.model.visual_model.mask_decoder.transformer.layers.1.self_attn.out_proj.bias p.shape:  torch.Size([256])
n:  base_model.model.model.visual_model.mask_decoder.transformer.layers.1.norm1.weight p.shape:  torch.Size([256])
n:  base_model.model.model.visual_model.mask_decoder.transformer.layers.1.norm1.bias p.shape:  torch.Size([256])
n:  base_model.model.model.visual_model.mask_decoder.transformer.layers.1.cross_attn_token_to_image.q_proj.weight p.shape:  torch.Size([128, 256])
n:  base_model.model.model.visual_model.mask_decoder.transformer.layers.1.cross_attn_token_to_image.q_proj.bias p.shape:  torch.Size([128])
n:  base_model.model.model.visual_model.mask_decoder.transformer.layers.1.cross_attn_token_to_image.k_proj.weight p.shape:  torch.Size([128, 256])
n:  base_model.model.model.visual_model.mask_decoder.transformer.layers.1.cross_attn_token_to_image.k_proj.bias p.shape:  torch.Size([128])
n:  base_model.model.model.visual_model.mask_decoder.transformer.layers.1.cross_attn_token_to_image.v_proj.weight p.shape:  torch.Size([128, 256])
n:  base_model.model.model.visual_model.mask_decoder.transformer.layers.1.cross_attn_token_to_image.v_proj.bias p.shape:  torch.Size([128])
n:  base_model.model.model.visual_model.mask_decoder.transformer.layers.1.cross_attn_token_to_image.out_proj.weight p.shape:  torch.Size([256, 128])
n:  base_model.model.model.visual_model.mask_decoder.transformer.layers.1.cross_attn_token_to_image.out_proj.bias p.shape:  torch.Size([256])
n:  base_model.model.model.visual_model.mask_decoder.transformer.layers.1.norm2.weight p.shape:  torch.Size([256])
n:  base_model.model.model.visual_model.mask_decoder.transformer.layers.1.norm2.bias p.shape:  torch.Size([256])
n:  base_model.model.model.visual_model.mask_decoder.transformer.layers.1.mlp.lin1.weight p.shape:  torch.Size([2048, 256])
n:  base_model.model.model.visual_model.mask_decoder.transformer.layers.1.mlp.lin1.bias p.shape:  torch.Size([2048])
n:  base_model.model.model.visual_model.mask_decoder.transformer.layers.1.mlp.lin2.weight p.shape:  torch.Size([256, 2048])
n:  base_model.model.model.visual_model.mask_decoder.transformer.layers.1.mlp.lin2.bias p.shape:  torch.Size([256])
n:  base_model.model.model.visual_model.mask_decoder.transformer.layers.1.norm3.weight p.shape:  torch.Size([256])
n:  base_model.model.model.visual_model.mask_decoder.transformer.layers.1.norm3.bias p.shape:  torch.Size([256])
n:  base_model.model.model.visual_model.mask_decoder.transformer.layers.1.norm4.weight p.shape:  torch.Size([256])
n:  base_model.model.model.visual_model.mask_decoder.transformer.layers.1.norm4.bias p.shape:  torch.Size([256])
n:  base_model.model.model.visual_model.mask_decoder.transformer.layers.1.cross_attn_image_to_token.q_proj.weight p.shape:  torch.Size([128, 256])
n:  base_model.model.model.visual_model.mask_decoder.transformer.layers.1.cross_attn_image_to_token.q_proj.bias p.shape:  torch.Size([128])
n:  base_model.model.model.visual_model.mask_decoder.transformer.layers.1.cross_attn_image_to_token.k_proj.weight p.shape:  torch.Size([128, 256])
n:  base_model.model.model.visual_model.mask_decoder.transformer.layers.1.cross_attn_image_to_token.k_proj.bias p.shape:  torch.Size([128])
n:  base_model.model.model.visual_model.mask_decoder.transformer.layers.1.cross_attn_image_to_token.v_proj.weight p.shape:  torch.Size([128, 256])
n:  base_model.model.model.visual_model.mask_decoder.transformer.layers.1.cross_attn_image_to_token.v_proj.bias p.shape:  torch.Size([128])
n:  base_model.model.model.visual_model.mask_decoder.transformer.layers.1.cross_attn_image_to_token.out_proj.weight p.shape:  torch.Size([256, 128])
n:  base_model.model.model.visual_model.mask_decoder.transformer.layers.1.cross_attn_image_to_token.out_proj.bias p.shape:  torch.Size([256])
n:  base_model.model.model.visual_model.mask_decoder.transformer.final_attn_token_to_image.q_proj.weight p.shape:  torch.Size([128, 256])
n:  base_model.model.model.visual_model.mask_decoder.transformer.final_attn_token_to_image.q_proj.bias p.shape:  torch.Size([128])
n:  base_model.model.model.visual_model.mask_decoder.transformer.final_attn_token_to_image.k_proj.weight p.shape:  torch.Size([128, 256])
n:  base_model.model.model.visual_model.mask_decoder.transformer.final_attn_token_to_image.k_proj.bias p.shape:  torch.Size([128])
n:  base_model.model.model.visual_model.mask_decoder.transformer.final_attn_token_to_image.v_proj.weight p.shape:  torch.Size([128, 256])
n:  base_model.model.model.visual_model.mask_decoder.transformer.final_attn_token_to_image.v_proj.bias p.shape:  torch.Size([128])
n:  base_model.model.model.visual_model.mask_decoder.transformer.final_attn_token_to_image.out_proj.weight p.shape:  torch.Size([256, 128])
n:  base_model.model.model.visual_model.mask_decoder.transformer.final_attn_token_to_image.out_proj.bias p.shape:  torch.Size([256])
n:  base_model.model.model.visual_model.mask_decoder.transformer.norm_final_attn.weight p.shape:  torch.Size([256])
n:  base_model.model.model.visual_model.mask_decoder.transformer.norm_final_attn.bias p.shape:  torch.Size([256])
n:  base_model.model.model.visual_model.mask_decoder.iou_token.weight p.shape:  torch.Size([1, 256])
n:  base_model.model.model.visual_model.mask_decoder.mask_tokens.weight p.shape:  torch.Size([4, 256])
n:  base_model.model.model.visual_model.mask_decoder.output_upscaling.0.weight p.shape:  torch.Size([256, 64, 2, 2])
n:  base_model.model.model.visual_model.mask_decoder.output_upscaling.0.bias p.shape:  torch.Size([64])
n:  base_model.model.model.visual_model.mask_decoder.output_upscaling.1.weight p.shape:  torch.Size([64])
n:  base_model.model.model.visual_model.mask_decoder.output_upscaling.1.bias p.shape:  torch.Size([64])
n:  base_model.model.model.visual_model.mask_decoder.output_upscaling.3.weight p.shape:  torch.Size([64, 32, 2, 2])
n:  base_model.model.model.visual_model.mask_decoder.output_upscaling.3.bias p.shape:  torch.Size([32])
n:  base_model.model.model.visual_model.mask_decoder.output_hypernetworks_mlps.0.layers.0.weight p.shape:  torch.Size([256, 256])
n:  base_model.model.model.visual_model.mask_decoder.output_hypernetworks_mlps.0.layers.0.bias p.shape:  torch.Size([256])
n:  base_model.model.model.visual_model.mask_decoder.output_hypernetworks_mlps.0.layers.1.weight p.shape:  torch.Size([256, 256])
n:  base_model.model.model.visual_model.mask_decoder.output_hypernetworks_mlps.0.layers.1.bias p.shape:  torch.Size([256])
n:  base_model.model.model.visual_model.mask_decoder.output_hypernetworks_mlps.0.layers.2.weight p.shape:  torch.Size([32, 256])
n:  base_model.model.model.visual_model.mask_decoder.output_hypernetworks_mlps.0.layers.2.bias p.shape:  torch.Size([32])
n:  base_model.model.model.visual_model.mask_decoder.output_hypernetworks_mlps.1.layers.0.weight p.shape:  torch.Size([256, 256])
n:  base_model.model.model.visual_model.mask_decoder.output_hypernetworks_mlps.1.layers.0.bias p.shape:  torch.Size([256])
n:  base_model.model.model.visual_model.mask_decoder.output_hypernetworks_mlps.1.layers.1.weight p.shape:  torch.Size([256, 256])
n:  base_model.model.model.visual_model.mask_decoder.output_hypernetworks_mlps.1.layers.1.bias p.shape:  torch.Size([256])
n:  base_model.model.model.visual_model.mask_decoder.output_hypernetworks_mlps.1.layers.2.weight p.shape:  torch.Size([32, 256])
n:  base_model.model.model.visual_model.mask_decoder.output_hypernetworks_mlps.1.layers.2.bias p.shape:  torch.Size([32])
n:  base_model.model.model.visual_model.mask_decoder.output_hypernetworks_mlps.2.layers.0.weight p.shape:  torch.Size([256, 256])
n:  base_model.model.model.visual_model.mask_decoder.output_hypernetworks_mlps.2.layers.0.bias p.shape:  torch.Size([256])
n:  base_model.model.model.visual_model.mask_decoder.output_hypernetworks_mlps.2.layers.1.weight p.shape:  torch.Size([256, 256])
n:  base_model.model.model.visual_model.mask_decoder.output_hypernetworks_mlps.2.layers.1.bias p.shape:  torch.Size([256])
n:  base_model.model.model.visual_model.mask_decoder.output_hypernetworks_mlps.2.layers.2.weight p.shape:  torch.Size([32, 256])
n:  base_model.model.model.visual_model.mask_decoder.output_hypernetworks_mlps.2.layers.2.bias p.shape:  torch.Size([32])
n:  base_model.model.model.visual_model.mask_decoder.output_hypernetworks_mlps.3.layers.0.weight p.shape:  torch.Size([256, 256])
n:  base_model.model.model.visual_model.mask_decoder.output_hypernetworks_mlps.3.layers.0.bias p.shape:  torch.Size([256])
n:  base_model.model.model.visual_model.mask_decoder.output_hypernetworks_mlps.3.layers.1.weight p.shape:  torch.Size([256, 256])
n:  base_model.model.model.visual_model.mask_decoder.output_hypernetworks_mlps.3.layers.1.bias p.shape:  torch.Size([256])
n:  base_model.model.model.visual_model.mask_decoder.output_hypernetworks_mlps.3.layers.2.weight p.shape:  torch.Size([32, 256])
n:  base_model.model.model.visual_model.mask_decoder.output_hypernetworks_mlps.3.layers.2.bias p.shape:  torch.Size([32])
n:  base_model.model.model.visual_model.mask_decoder.iou_prediction_head.layers.0.weight p.shape:  torch.Size([256, 256])
n:  base_model.model.model.visual_model.mask_decoder.iou_prediction_head.layers.0.bias p.shape:  torch.Size([256])
n:  base_model.model.model.visual_model.mask_decoder.iou_prediction_head.layers.1.weight p.shape:  torch.Size([256, 256])
n:  base_model.model.model.visual_model.mask_decoder.iou_prediction_head.layers.1.bias p.shape:  torch.Size([256])
n:  base_model.model.model.visual_model.mask_decoder.iou_prediction_head.layers.2.weight p.shape:  torch.Size([4, 256])
n:  base_model.model.model.visual_model.mask_decoder.iou_prediction_head.layers.2.bias p.shape:  torch.Size([4])
n:  base_model.model.model.text_hidden_fcs.0.0.weight p.shape:  torch.Size([5120, 5120])
n:  base_model.model.model.text_hidden_fcs.0.0.bias p.shape:  torch.Size([5120])
n:  base_model.model.model.text_hidden_fcs.0.2.weight p.shape:  torch.Size([256, 5120])
n:  base_model.model.model.text_hidden_fcs.0.2.bias p.shape:  torch.Size([256])
n:  base_model.model.model.token_to_mask_fcs.0.0.weight p.shape:  torch.Size([5120, 5120])
n:  base_model.model.model.token_to_mask_fcs.0.0.bias p.shape:  torch.Size([5120])
n:  base_model.model.model.token_to_mask_fcs.0.2.weight p.shape:  torch.Size([3, 5120])
n:  base_model.model.model.token_to_mask_fcs.0.2.bias p.shape:  torch.Size([3])
n:  base_model.model.lm_head.weight p.shape:  torch.Size([32002, 5120])
>> (PLUM.py) Initializing teacher LLM...
>> (PLUM.py) Teacher LLM initialized.
ade20k:  20210
cocostuff:  118287
loading annotations into memory...
Done (t=0.75s)
creating index...
index created!
pascal_part:  4366
loading annotations into memory...
Done (t=10.49s)
creating index...
index created!
paco_lvis:  45790
mapillary:  18000
loading dataset refclef into memory...
ref_file:  /shared/nas/data/m1/jk100/code/OpenAttrLibrary/LISA/dataset/refer_seg/refclef/refs(unc).p
creating index...
index created.
DONE (t=3.88s)
dataset refclef (refs unc) (train split) has 17978 images and 99523 annotations.
loading dataset refcoco into memory...
ref_file:  /shared/nas/data/m1/jk100/code/OpenAttrLibrary/LISA/dataset/refer_seg/refcoco/refs(unc).p
creating index...
index created.
DONE (t=5.93s)
dataset refcoco (refs unc) (train split) has 16994 images and 196771 annotations.
loading dataset refcoco+ into memory...
ref_file:  /shared/nas/data/m1/jk100/code/OpenAttrLibrary/LISA/dataset/refer_seg/refcoco+/refs(unc).p
creating index...
index created.
DONE (t=6.29s)
dataset refcoco+ (refs unc) (train split) has 16992 images and 196737 annotations.
loading dataset refcocog into memory...
ref_file:  /shared/nas/data/m1/jk100/code/OpenAttrLibrary/LISA/dataset/refer_seg/refcocog/refs(umd).p
creating index...
index created.
DONE (t=6.48s)
dataset refcocog (refs umd) (train split) has 21899 images and 208960 annotations.
vqa_data:  157712
number of reason_seg samples:  239
len(self.img_to_explanation):  239
Training with 20000 examples and validating with 200 examples.
[2025-03-12 19:24:01,010] [INFO] [logging.py:96:log_dist] [Rank -1] DeepSpeed info: version=0.9.5, git-hash=unknown, git-branch=unknown
[2025-03-12 19:24:01,011] [WARNING] [comm.py:152:init_deepspeed_backend] NCCL backend in DeepSpeed not yet implemented
[2025-03-12 19:24:01,011] [INFO] [comm.py:594:init_distributed] cdb=None
[2025-03-12 19:24:01,011] [INFO] [comm.py:625:init_distributed] Initializing TorchBackend in DeepSpeed with backend nccl
[2025-03-12 19:25:04,704] [INFO] [logging.py:96:log_dist] [Rank 0] DeepSpeed Flops Profiler Enabled: False
Using /shared/nas/data/m1/jk100/.cache/torch_extensions/py310_cu118 as PyTorch extensions root...
Detected CUDA files, patching ldflags
Emitting ninja build file /shared/nas/data/m1/jk100/.cache/torch_extensions/py310_cu118/fused_adam/build.ninja...
/shared/nas/data/m1/jk100/.conda/envs/llava/lib/python3.10/site-packages/torch/utils/cpp_extension.py:1967: UserWarning: TORCH_CUDA_ARCH_LIST is not set, all archs for visible cards are included for compilation.
If this is not desired, please set os.environ['TORCH_CUDA_ARCH_LIST'].
  warnings.warn(
Building extension module fused_adam...
Allowing ninja to set a default number of workers... (overridable by setting the environment variable MAX_JOBS=N)
Loading extension module fused_adam...
/shared/nas/data/m1/jk100/.conda/envs/llava/lib/python3.10/site-packages/deepspeed/ops/adam/fused_adam.py:96: UserWarning: The torch.cuda.*DtypeTensor constructors are no longer recommended. It's best to use methods such as torch.tensor(data, dtype=*, device='cuda') to create tensors. (Triggered internally at /opt/conda/conda-bld/pytorch_1712608839953/work/torch/csrc/tensor/python_tensor.cpp:78.)
  self._dummy_overflow_buf = get_accelerator().IntTensor([0])
Time to load fused_adam op: 0.6730880737304688 seconds
[2025-03-12 19:25:05,620] [INFO] [logging.py:96:log_dist] [Rank 0] Using DeepSpeed Optimizer param name adamw as basic optimizer
[2025-03-12 19:25:06,339] [INFO] [logging.py:96:log_dist] [Rank 0] DeepSpeed Basic Optimizer = FusedAdam
[2025-03-12 19:25:06,340] [INFO] [utils.py:54:is_zero_supported_optimizer] Checking ZeRO support for optimizer=FusedAdam type=<class 'deepspeed.ops.adam.fused_adam.FusedAdam'>
[2025-03-12 19:25:06,340] [INFO] [logging.py:96:log_dist] [Rank 0] Creating torch.bfloat16 ZeRO stage 2 optimizer
[2025-03-12 19:25:06,340] [INFO] [stage_1_and_2.py:133:__init__] Reduce bucket size 500000000
[2025-03-12 19:25:06,340] [INFO] [stage_1_and_2.py:134:__init__] Allgather bucket size 500000000
[2025-03-12 19:25:06,340] [INFO] [stage_1_and_2.py:135:__init__] CPU Offload: False
[2025-03-12 19:25:06,340] [INFO] [stage_1_and_2.py:136:__init__] Round robin gradient partitioning: False
Rank: 0 partition count [1] and sizes[(392077800, False)]
[2025-03-12 19:25:12,030] [INFO] [utils.py:785:see_memory_usage] Before initializing optimizer states
[2025-03-12 19:25:12,032] [INFO] [utils.py:786:see_memory_usage] MA 53.81 GB         Max_MA 54.54 GB         CA 54.75 GB         Max_CA 55 GB
[2025-03-12 19:25:12,032] [INFO] [utils.py:793:see_memory_usage] CPU Virtual Memory:  used = 410.32 GB, percent = 40.7%
[2025-03-12 19:25:16,311] [INFO] [utils.py:785:see_memory_usage] After initializing optimizer states
[2025-03-12 19:25:16,312] [INFO] [utils.py:786:see_memory_usage] MA 56.73 GB         Max_MA 58.19 GB         CA 59.13 GB         Max_CA 59 GB
[2025-03-12 19:25:16,312] [INFO] [utils.py:793:see_memory_usage] CPU Virtual Memory:  used = 402.88 GB, percent = 40.0%
[2025-03-12 19:25:16,312] [INFO] [stage_1_and_2.py:488:__init__] optimizer state initialized
[2025-03-12 19:25:19,614] [INFO] [utils.py:785:see_memory_usage] After initializing ZeRO optimizer
[2025-03-12 19:25:19,615] [INFO] [utils.py:786:see_memory_usage] MA 56.73 GB         Max_MA 56.73 GB         CA 59.13 GB         Max_CA 59 GB
[2025-03-12 19:25:19,615] [INFO] [utils.py:793:see_memory_usage] CPU Virtual Memory:  used = 402.88 GB, percent = 40.0%
[2025-03-12 19:25:19,621] [INFO] [logging.py:96:log_dist] [Rank 0] DeepSpeed Final Optimizer = adamw
[2025-03-12 19:25:19,621] [INFO] [logging.py:96:log_dist] [Rank 0] DeepSpeed using configured LR scheduler = WarmupDecayLR
[2025-03-12 19:25:19,622] [INFO] [logging.py:96:log_dist] [Rank 0] DeepSpeed LR Scheduler = <deepspeed.runtime.lr_schedules.WarmupDecayLR object at 0x7f2cd7392980>
[2025-03-12 19:25:19,622] [INFO] [logging.py:96:log_dist] [Rank 0] step=0, skipped=0, lr=[2e-05], mom=[(0.9, 0.95)]
[2025-03-12 19:25:19,628] [INFO] [config.py:960:print] DeepSpeedEngine configuration:
[2025-03-12 19:25:19,629] [INFO] [config.py:964:print]   activation_checkpointing_config  {
    "partition_activations": false,
    "contiguous_memory_optimization": false,
    "cpu_checkpointing": false,
    "number_checkpoints": null,
    "synchronize_checkpoint_boundary": false,
    "profile": false
}
[2025-03-12 19:25:19,629] [INFO] [config.py:964:print]   aio_config ................... {'block_size': 1048576, 'queue_depth': 8, 'thread_count': 1, 'single_submit': False, 'overlap_events': True}
[2025-03-12 19:25:19,629] [INFO] [config.py:964:print]   amp_enabled .................. False
[2025-03-12 19:25:19,629] [INFO] [config.py:964:print]   amp_params ................... False
[2025-03-12 19:25:19,629] [INFO] [config.py:964:print]   autotuning_config ............ {
    "enabled": false,
    "start_step": null,
    "end_step": null,
    "metric_path": null,
    "arg_mappings": null,
    "metric": "throughput",
    "model_info": null,
    "results_dir": "autotuning_results",
    "exps_dir": "autotuning_exps",
    "overwrite": true,
    "fast": true,
    "start_profile_step": 3,
    "end_profile_step": 5,
    "tuner_type": "gridsearch",
    "tuner_early_stopping": 5,
    "tuner_num_trials": 50,
    "model_info_path": null,
    "mp_size": 1,
    "max_train_batch_size": null,
    "min_train_batch_size": 1,
    "max_train_micro_batch_size_per_gpu": 1.024000e+03,
    "min_train_micro_batch_size_per_gpu": 1,
    "num_tuning_micro_batch_sizes": 3
}
[2025-03-12 19:25:19,629] [INFO] [config.py:964:print]   bfloat16_enabled ............. True
[2025-03-12 19:25:19,629] [INFO] [config.py:964:print]   checkpoint_parallel_write_pipeline  False
[2025-03-12 19:25:19,630] [INFO] [config.py:964:print]   checkpoint_tag_validation_enabled  True
[2025-03-12 19:25:19,630] [INFO] [config.py:964:print]   checkpoint_tag_validation_fail  False
[2025-03-12 19:25:19,630] [INFO] [config.py:964:print]   comms_config ................. <deepspeed.comm.config.DeepSpeedCommsConfig object at 0x7f177f3b7280>
[2025-03-12 19:25:19,630] [INFO] [config.py:964:print]   communication_data_type ...... None
[2025-03-12 19:25:19,630] [INFO] [config.py:964:print]   compression_config ........... {'weight_quantization': {'shared_parameters': {'enabled': False, 'quantizer_kernel': False, 'schedule_offset': 0, 'quantize_groups': 1, 'quantize_verbose': False, 'quantization_type': 'symmetric', 'quantize_weight_in_forward': False, 'rounding': 'nearest', 'fp16_mixed_quantize': False, 'quantize_change_ratio': 0.001}, 'different_groups': {}}, 'activation_quantization': {'shared_parameters': {'enabled': False, 'quantization_type': 'symmetric', 'range_calibration': 'dynamic', 'schedule_offset': 1000}, 'different_groups': {}}, 'sparse_pruning': {'shared_parameters': {'enabled': False, 'method': 'l1', 'schedule_offset': 1000}, 'different_groups': {}}, 'row_pruning': {'shared_parameters': {'enabled': False, 'method': 'l1', 'schedule_offset': 1000}, 'different_groups': {}}, 'head_pruning': {'shared_parameters': {'enabled': False, 'method': 'topk', 'schedule_offset': 1000}, 'different_groups': {}}, 'channel_pruning': {'shared_parameters': {'enabled': False, 'method': 'l1', 'schedule_offset': 1000}, 'different_groups': {}}, 'layer_reduction': {'enabled': False}}
[2025-03-12 19:25:19,630] [INFO] [config.py:964:print]   curriculum_enabled_legacy .... False
[2025-03-12 19:25:19,630] [INFO] [config.py:964:print]   curriculum_params_legacy ..... False
[2025-03-12 19:25:19,630] [INFO] [config.py:964:print]   data_efficiency_config ....... {'enabled': False, 'seed': 1234, 'data_sampling': {'enabled': False, 'num_epochs': 1000, 'num_workers': 0, 'curriculum_learning': {'enabled': False}}, 'data_routing': {'enabled': False, 'random_ltd': {'enabled': False, 'layer_token_lr_schedule': {'enabled': False}}}}
[2025-03-12 19:25:19,630] [INFO] [config.py:964:print]   data_efficiency_enabled ...... False
[2025-03-12 19:25:19,630] [INFO] [config.py:964:print]   dataloader_drop_last ......... False
[2025-03-12 19:25:19,630] [INFO] [config.py:964:print]   disable_allgather ............ False
[2025-03-12 19:25:19,631] [INFO] [config.py:964:print]   dump_state ................... False
[2025-03-12 19:25:19,631] [INFO] [config.py:964:print]   dynamic_loss_scale_args ...... None
[2025-03-12 19:25:19,631] [INFO] [config.py:964:print]   eigenvalue_enabled ........... False
[2025-03-12 19:25:19,631] [INFO] [config.py:964:print]   eigenvalue_gas_boundary_resolution  1
[2025-03-12 19:25:19,631] [INFO] [config.py:964:print]   eigenvalue_layer_name ........ bert.encoder.layer
[2025-03-12 19:25:19,631] [INFO] [config.py:964:print]   eigenvalue_layer_num ......... 0
[2025-03-12 19:25:19,631] [INFO] [config.py:964:print]   eigenvalue_max_iter .......... 100
[2025-03-12 19:25:19,631] [INFO] [config.py:964:print]   eigenvalue_stability ......... 1e-06
[2025-03-12 19:25:19,631] [INFO] [config.py:964:print]   eigenvalue_tol ............... 0.01
[2025-03-12 19:25:19,631] [INFO] [config.py:964:print]   eigenvalue_verbose ........... False
[2025-03-12 19:25:19,631] [INFO] [config.py:964:print]   elasticity_enabled ........... False
[2025-03-12 19:25:19,632] [INFO] [config.py:964:print]   flops_profiler_config ........ {
    "enabled": false,
    "recompute_fwd_factor": 0.0,
    "profile_step": 1,
    "module_depth": -1,
    "top_modules": 1,
    "detailed": true,
    "output_file": null
}
[2025-03-12 19:25:19,632] [INFO] [config.py:964:print]   fp16_auto_cast ............... None
[2025-03-12 19:25:19,632] [INFO] [config.py:964:print]   fp16_enabled ................. False
[2025-03-12 19:25:19,632] [INFO] [config.py:964:print]   fp16_master_weights_and_gradients  False
[2025-03-12 19:25:19,632] [INFO] [config.py:964:print]   global_rank .................. 0
[2025-03-12 19:25:19,632] [INFO] [config.py:964:print]   grad_accum_dtype ............. None
[2025-03-12 19:25:19,632] [INFO] [config.py:964:print]   gradient_accumulation_steps .. 10
[2025-03-12 19:25:19,632] [INFO] [config.py:964:print]   gradient_clipping ............ 1.0
[2025-03-12 19:25:19,632] [INFO] [config.py:964:print]   gradient_predivide_factor .... 1.0
[2025-03-12 19:25:19,632] [INFO] [config.py:964:print]   hybrid_engine ................ enabled=False max_out_tokens=512 inference_tp_size=1 release_inference_cache=False pin_parameters=True tp_gather_partition_size=8
[2025-03-12 19:25:19,632] [INFO] [config.py:964:print]   initial_dynamic_scale ........ 1
[2025-03-12 19:25:19,632] [INFO] [config.py:964:print]   load_universal_checkpoint .... False
[2025-03-12 19:25:19,633] [INFO] [config.py:964:print]   loss_scale ................... 1.0
[2025-03-12 19:25:19,633] [INFO] [config.py:964:print]   memory_breakdown ............. False
[2025-03-12 19:25:19,633] [INFO] [config.py:964:print]   mics_hierarchial_params_gather  False
[2025-03-12 19:25:19,633] [INFO] [config.py:964:print]   mics_shard_size .............. -1
[2025-03-12 19:25:19,633] [INFO] [config.py:964:print]   monitor_config ............... tensorboard=TensorBoardConfig(enabled=False, output_path='', job_name='DeepSpeedJobName') wandb=WandbConfig(enabled=False, group=None, team=None, project='deepspeed') csv_monitor=CSVConfig(enabled=False, output_path='', job_name='DeepSpeedJobName') enabled=False
[2025-03-12 19:25:19,633] [INFO] [config.py:964:print]   nebula_config ................ {
    "enabled": false,
    "persistent_storage_path": null,
    "persistent_time_interval": 100,
    "num_of_version_in_retention": 2,
    "enable_nebula_load": true,
    "load_path": null
}
[2025-03-12 19:25:19,633] [INFO] [config.py:964:print]   optimizer_legacy_fusion ...... False
[2025-03-12 19:25:19,633] [INFO] [config.py:964:print]   optimizer_name ............... adamw
[2025-03-12 19:25:19,633] [INFO] [config.py:964:print]   optimizer_params ............. {'lr': 2e-05, 'weight_decay': 0.0, 'betas': (0.9, 0.95)}
[2025-03-12 19:25:19,634] [INFO] [config.py:964:print]   pipeline ..................... {'stages': 'auto', 'partition': 'best', 'seed_layers': False, 'activation_checkpoint_interval': 0}
[2025-03-12 19:25:19,634] [INFO] [config.py:964:print]   pld_enabled .................. False
[2025-03-12 19:25:19,634] [INFO] [config.py:964:print]   pld_params ................... False
[2025-03-12 19:25:19,634] [INFO] [config.py:964:print]   prescale_gradients ........... False
[2025-03-12 19:25:19,634] [INFO] [config.py:964:print]   scheduler_name ............... WarmupDecayLR
[2025-03-12 19:25:19,634] [INFO] [config.py:964:print]   scheduler_params ............. {'total_num_steps': 25000, 'warmup_min_lr': 0, 'warmup_max_lr': 2e-05, 'warmup_num_steps': 100, 'warmup_type': 'linear'}
[2025-03-12 19:25:19,634] [INFO] [config.py:964:print]   sparse_attention ............. None
[2025-03-12 19:25:19,634] [INFO] [config.py:964:print]   sparse_gradients_enabled ..... False
[2025-03-12 19:25:19,634] [INFO] [config.py:964:print]   steps_per_print .............. 10
[2025-03-12 19:25:19,634] [INFO] [config.py:964:print]   train_batch_size ............. 40
[2025-03-12 19:25:19,634] [INFO] [config.py:964:print]   train_micro_batch_size_per_gpu  4
[2025-03-12 19:25:19,634] [INFO] [config.py:964:print]   use_node_local_storage ....... False
[2025-03-12 19:25:19,634] [INFO] [config.py:964:print]   wall_clock_breakdown ......... False
[2025-03-12 19:25:19,634] [INFO] [config.py:964:print]   world_size ................... 1
[2025-03-12 19:25:19,634] [INFO] [config.py:964:print]   zero_allow_untested_optimizer  False
[2025-03-12 19:25:19,635] [INFO] [config.py:964:print]   zero_config .................. stage=2 contiguous_gradients=True reduce_scatter=True reduce_bucket_size=500000000 allgather_partitions=True allgather_bucket_size=500000000 overlap_comm=True load_from_fp32_weights=True elastic_checkpoint=False offload_param=None offload_optimizer=None sub_group_size=1,000,000,000 cpu_offload_param=None cpu_offload_use_pin_memory=None cpu_offload=None prefetch_bucket_size=50,000,000 param_persistence_threshold=100,000 model_persistence_threshold=sys.maxsize max_live_parameters=1,000,000,000 max_reuse_distance=1,000,000,000 gather_16bit_weights_on_model_save=False stage3_gather_fp16_weights_on_model_save=False ignore_unused_parameters=True legacy_stage1=False round_robin_gradients=False mics_shard_size=-1 mics_hierarchical_params_gather=False memory_efficient_linear=True
[2025-03-12 19:25:19,635] [INFO] [config.py:964:print]   zero_enabled ................. True
[2025-03-12 19:25:19,635] [INFO] [config.py:964:print]   zero_force_ds_cpu_optimizer .. True
[2025-03-12 19:25:19,635] [INFO] [config.py:964:print]   zero_optimization_stage ...... 2
[2025-03-12 19:25:19,635] [INFO] [config.py:950:print_user_config]   json = {
    "train_micro_batch_size_per_gpu": 4,
    "gradient_accumulation_steps": 10,
    "optimizer": {
        "type": "AdamW",
        "params": {
            "lr": 2e-05,
            "weight_decay": 0.0,
            "betas": [0.9, 0.95]
        }
    },
    "scheduler": {
        "type": "WarmupDecayLR",
        "params": {
            "total_num_steps": 2.500000e+04,
            "warmup_min_lr": 0,
            "warmup_max_lr": 2e-05,
            "warmup_num_steps": 100,
            "warmup_type": "linear"
        }
    },
    "fp16": {
        "enabled": false
    },
    "bf16": {
        "enabled": true
    },
    "gradient_clipping": 1.0,
    "zero_optimization": {
        "stage": 2,
        "contiguous_gradients": true,
        "overlap_comm": true,
        "reduce_scatter": true,
        "reduce_bucket_size": 5.000000e+08,
        "allgather_bucket_size": 5.000000e+08
    }
}
(train) >> AFTER DEEPSPEED
/shared/nas/data/m1/jk100/.conda/envs/llava/lib/python3.10/site-packages/torch/nn/modules/conv.py:456: UserWarning: Applied workaround for CuDNN issue, install nvrtc.so (Triggered internally at /opt/conda/conda-bld/pytorch_1712608839953/work/aten/src/ATen/native/cudnn/Conv_v8.cpp:84.)
  return F.conv2d(input, weight, bias, self.stride,
/shared/nas/data/m1/jk100/.conda/envs/llava/lib/python3.10/site-packages/torch/utils/checkpoint.py:464: UserWarning: torch.utils.checkpoint: the use_reentrant parameter should be passed explicitly. In version 2.4 we will raise an exception if use_reentrant is not passed. use_reentrant=False is recommended, but if you need to preserve the current default behavior, you can pass use_reentrant=True. Refer to docs for more details on the differences between the two variants.
  warnings.warn(
/shared/nas/data/m1/jk100/.conda/envs/llava/lib/python3.10/site-packages/torch/autograd/graph.py:744: UserWarning: c10d::broadcast_: an autograd kernel was not registered to the Autograd key(s) but we are trying to backprop through it. This may lead to silently incorrect behavior. This behavior is deprecated and will be removed in a future version of PyTorch. If your operator is differentiable, please ensure you have registered an autograd kernel to the correct Autograd key (e.g. DispatchKey::Autograd, DispatchKey::CompositeImplicitAutograd). If your operator is not differentiable, or to squash this warning and use the previous behavior, please register torch::CppFunction::makeFallthrough() to DispatchKey::Autograd. (Triggered internally at /opt/conda/conda-bld/pytorch_1712608839953/work/torch/csrc/autograd/autograd_not_implemented_fallback.cpp:63.)
  return Variable._execution_engine.run_backward(  # Calls into the C++ engine to run the backward pass
Epoch: [0][  1/500]	Time 64.744 (64.744)	Loss 0.7944 (0.7504)	CeLoss 0.2871 (0.2625)	SegCLSLoss 0.1069 (0.1049)	KLLoss 0.0000 (0.0000)	MaskLoss 0.1472 (0.1393)	MaskBCELoss 0.0558 (0.0498)	MaskDICELoss 0.0914 (0.0895)
Epoch: [0][  2/500]	Time 49.500 (49.500)	Loss 0.7115 (0.7348)	CeLoss 0.2236 (0.2553)	SegCLSLoss 0.1064 (0.1058)	KLLoss 0.0000 (0.0000)	MaskLoss 0.1370 (0.1335)	MaskBCELoss 0.0506 (0.0432)	MaskDICELoss 0.0864 (0.0903)
Epoch: [0][  3/500]	Time 51.032 (51.032)	Loss 0.7313 (0.7463)	CeLoss 0.2451 (0.2640)	SegCLSLoss 0.1040 (0.1049)	KLLoss 0.0000 (0.0000)	MaskLoss 0.1391 (0.1362)	MaskBCELoss 0.0483 (0.0470)	MaskDICELoss 0.0908 (0.0892)
Epoch: [0][  4/500]	Time 53.913 (53.913)	Loss 0.7834 (0.7230)	CeLoss 0.2471 (0.2364)	SegCLSLoss 0.1025 (0.1045)	KLLoss 0.0000 (0.0000)	MaskLoss 0.1667 (0.1388)	MaskBCELoss 0.0766 (0.0472)	MaskDICELoss 0.0901 (0.0916)
Epoch: [0][  5/500]	Time 48.384 (48.384)	Loss 0.8006 (0.6565)	CeLoss 0.3242 (0.1863)	SegCLSLoss 0.1079 (0.1045)	KLLoss 0.0000 (0.0000)	MaskLoss 0.1300 (0.1306)	MaskBCELoss 0.0355 (0.0394)	MaskDICELoss 0.0945 (0.0912)
Epoch: [0][  6/500]	Time 47.125 (47.125)	Loss 0.6687 (0.7204)	CeLoss 0.1924 (0.2436)	SegCLSLoss 0.1016 (0.1050)	KLLoss 0.0000 (0.0000)	MaskLoss 0.1367 (0.1332)	MaskBCELoss 0.0456 (0.0415)	MaskDICELoss 0.0911 (0.0917)
Epoch: [0][  7/500]	Time 54.557 (54.557)	Loss 0.6812 (0.7743)	CeLoss 0.2031 (0.2666)	SegCLSLoss 0.1055 (0.1058)	KLLoss 0.0000 (0.0000)	MaskLoss 0.1344 (0.1479)	MaskBCELoss 0.0369 (0.0566)	MaskDICELoss 0.0974 (0.0914)
Epoch: [0][  8/500]	Time 53.474 (53.474)	Loss 0.7737 (0.7309)	CeLoss 0.3086 (0.2576)	SegCLSLoss 0.1104 (0.1052)	KLLoss 0.0000 (0.0000)	MaskLoss 0.1228 (0.1317)	MaskBCELoss 0.0260 (0.0407)	MaskDICELoss 0.0968 (0.0910)
Epoch: [0][  9/500]	Time 51.029 (51.029)	Loss 0.7551 (0.7226)	CeLoss 0.2285 (0.2249)	SegCLSLoss 0.0996 (0.1051)	KLLoss 0.0000 (0.0000)	MaskLoss 0.1635 (0.1437)	MaskBCELoss 0.0722 (0.0515)	MaskDICELoss 0.0912 (0.0921)
Epoch: [0][ 10/500]	Time 91.517 (91.517)	Loss 0.8021 (0.7274)	CeLoss 0.3027 (0.2329)	SegCLSLoss 0.1079 (0.1056)	KLLoss 0.0000 (0.0000)	MaskLoss 0.1417 (0.1415)	MaskBCELoss 0.0495 (0.0489)	MaskDICELoss 0.0922 (0.0926)
Epoch: [0][ 11/500]	Time 82.054 (82.054)	Loss 0.6325 (0.6882)	CeLoss 0.1689 (0.2094)	SegCLSLoss 0.1045 (0.1052)	KLLoss 0.0000 (0.0000)	MaskLoss 0.1272 (0.1344)	MaskBCELoss 0.0334 (0.0438)	MaskDICELoss 0.0937 (0.0906)
Epoch: [0][ 12/500]	Time 87.269 (87.269)	Loss 0.7217 (0.6753)	CeLoss 0.2695 (0.2399)	SegCLSLoss 0.1069 (0.0942)	KLLoss 0.0000 (0.0000)	MaskLoss 0.1202 (0.1236)	MaskBCELoss 0.0218 (0.0429)	MaskDICELoss 0.0985 (0.0806)
Epoch: [0][ 13/500]	Time 76.825 (76.825)	Loss 0.8571 (0.7350)	CeLoss 0.3477 (0.2179)	SegCLSLoss 0.1084 (0.1050)	KLLoss 0.0000 (0.0000)	MaskLoss 0.1473 (0.1536)	MaskBCELoss 0.0519 (0.0626)	MaskDICELoss 0.0954 (0.0910)
Epoch: [0][ 14/500]	Time 78.870 (78.870)	Loss 0.7117 (0.7092)	CeLoss 0.2617 (0.2346)	SegCLSLoss 0.1030 (0.1038)	KLLoss 0.0000 (0.0000)	MaskLoss 0.1215 (0.1335)	MaskBCELoss 0.0253 (0.0392)	MaskDICELoss 0.0962 (0.0943)
Epoch: [0][ 15/500]	Time 78.193 (78.193)	Loss 0.8604 (0.7660)	CeLoss 0.3281 (0.2611)	SegCLSLoss 0.1084 (0.1055)	KLLoss 0.0000 (0.0000)	MaskLoss 0.1583 (0.1469)	MaskBCELoss 0.0616 (0.0554)	MaskDICELoss 0.0968 (0.0915)
Epoch: [0][ 16/500]	Time 81.677 (81.677)	Loss 0.7907 (0.7111)	CeLoss 0.2168 (0.2189)	SegCLSLoss 0.1045 (0.1046)	KLLoss 0.0000 (0.0000)	MaskLoss 0.1829 (0.1412)	MaskBCELoss 0.0883 (0.0489)	MaskDICELoss 0.0946 (0.0922)
Epoch: [0][ 17/500]	Time 80.088 (80.088)	Loss 0.7576 (0.7613)	CeLoss 0.2715 (0.2648)	SegCLSLoss 0.1094 (0.1063)	KLLoss 0.0000 (0.0000)	MaskLoss 0.1335 (0.1419)	MaskBCELoss 0.0340 (0.0468)	MaskDICELoss 0.0994 (0.0950)
Epoch: [0][ 18/500]	Time 85.895 (85.895)	Loss 0.6233 (0.7043)	CeLoss 0.1895 (0.2378)	SegCLSLoss 0.1025 (0.1055)	KLLoss 0.0000 (0.0000)	MaskLoss 0.1148 (0.1275)	MaskBCELoss 0.0167 (0.0334)	MaskDICELoss 0.0980 (0.0941)
Epoch: [0][ 19/500]	Time 84.595 (84.595)	Loss 0.6589 (0.7415)	CeLoss 0.1235 (0.2508)	SegCLSLoss 0.1040 (0.1060)	KLLoss 0.0000 (0.0000)	MaskLoss 0.1638 (0.1393)	MaskBCELoss 0.0693 (0.0473)	MaskDICELoss 0.0946 (0.0920)
Epoch: [0][ 20/500]	Time 94.816 (94.816)	Loss 0.6997 (0.7137)	CeLoss 0.2266 (0.2278)	SegCLSLoss 0.1055 (0.1047)	KLLoss 0.0000 (0.0000)	MaskLoss 0.1311 (0.1382)	MaskBCELoss 0.0426 (0.0459)	MaskDICELoss 0.0885 (0.0923)
Epoch: [0][ 21/500]	Time 85.176 (85.176)	Loss 0.6041 (0.6817)	CeLoss 0.1387 (0.2133)	SegCLSLoss 0.1030 (0.1033)	KLLoss 0.0000 (0.0000)	MaskLoss 0.1294 (0.1311)	MaskBCELoss 0.0323 (0.0396)	MaskDICELoss 0.0971 (0.0915)
Epoch: [0][ 22/500]	Time 81.669 (81.669)	Loss 0.7023 (0.7308)	CeLoss 0.1914 (0.2161)	SegCLSLoss 0.1016 (0.1016)	KLLoss 0.0000 (0.0000)	MaskLoss 0.1543 (0.1557)	MaskBCELoss 0.0682 (0.0632)	MaskDICELoss 0.0861 (0.0924)
Epoch: [0][ 23/500]	Time 79.178 (79.178)	Loss 0.8420 (0.7625)	CeLoss 0.3379 (0.2449)	SegCLSLoss 0.1084 (0.0944)	KLLoss 0.0000 (0.0000)	MaskLoss 0.1429 (0.1642)	MaskBCELoss 0.0492 (0.0786)	MaskDICELoss 0.0936 (0.0856)
Epoch: [0][ 24/500]	Time 92.061 (92.061)	Loss 0.6192 (0.7197)	CeLoss 0.1455 (0.2449)	SegCLSLoss 0.1045 (0.1034)	KLLoss 0.0000 (0.0000)	MaskLoss 0.1323 (0.1342)	MaskBCELoss 0.0461 (0.0394)	MaskDICELoss 0.0861 (0.0947)
Epoch: [0][ 25/500]	Time 84.893 (84.893)	Loss 0.7065 (0.7113)	CeLoss 0.2617 (0.2368)	SegCLSLoss 0.1030 (0.1023)	KLLoss 0.0000 (0.0000)	MaskLoss 0.1189 (0.1350)	MaskBCELoss 0.0246 (0.0419)	MaskDICELoss 0.0943 (0.0931)
Epoch: [0][ 26/500]	Time 91.021 (91.021)	Loss 0.7720 (0.7347)	CeLoss 0.2832 (0.2529)	SegCLSLoss 0.1045 (0.1038)	KLLoss 0.0000 (0.0000)	MaskLoss 0.1391 (0.1367)	MaskBCELoss 0.0464 (0.0447)	MaskDICELoss 0.0927 (0.0920)
Epoch: [0][ 27/500]	Time 74.635 (74.635)	Loss 0.5974 (0.7067)	CeLoss 0.1250 (0.2366)	SegCLSLoss 0.1025 (0.1027)	KLLoss 0.0000 (0.0000)	MaskLoss 0.1339 (0.1323)	MaskBCELoss 0.0521 (0.0414)	MaskDICELoss 0.0817 (0.0909)
Epoch: [0][ 28/500]	Time 70.264 (70.264)	Loss 0.8388 (0.7547)	CeLoss 0.3574 (0.2812)	SegCLSLoss 0.1084 (0.1047)	KLLoss 0.0000 (0.0000)	MaskLoss 0.1319 (0.1320)	MaskBCELoss 0.0427 (0.0393)	MaskDICELoss 0.0892 (0.0928)
Epoch: [0][ 29/500]	Time 82.062 (82.062)	Loss 0.6672 (0.7330)	CeLoss 0.2207 (0.2314)	SegCLSLoss 0.1025 (0.1029)	KLLoss 0.0000 (0.0000)	MaskLoss 0.1211 (0.1478)	MaskBCELoss 0.0314 (0.0561)	MaskDICELoss 0.0897 (0.0918)
Epoch: [0][ 30/500]	Time 86.231 (86.231)	Loss 0.6992 (0.7673)	CeLoss 0.2246 (0.2870)	SegCLSLoss 0.1001 (0.1047)	KLLoss 0.0000 (0.0000)	MaskLoss 0.1371 (0.1355)	MaskBCELoss 0.0401 (0.0410)	MaskDICELoss 0.0970 (0.0946)
Epoch: [0][ 31/500]	Time 79.055 (79.055)	Loss 0.8021 (0.7072)	CeLoss 0.3164 (0.2161)	SegCLSLoss 0.1016 (0.0976)	KLLoss 0.0000 (0.0000)	MaskLoss 0.1417 (0.1480)	MaskBCELoss 0.0478 (0.0587)	MaskDICELoss 0.0939 (0.0893)
Epoch: [0][ 32/500]	Time 91.898 (91.898)	Loss 0.6981 (0.7258)	CeLoss 0.2451 (0.2468)	SegCLSLoss 0.0967 (0.0979)	KLLoss 0.0000 (0.0000)	MaskLoss 0.1303 (0.1416)	MaskBCELoss 0.0366 (0.0492)	MaskDICELoss 0.0937 (0.0924)
Epoch: [0][ 33/500]	Time 85.045 (85.045)	Loss 0.5888 (0.6866)	CeLoss 0.1494 (0.2220)	SegCLSLoss 0.0962 (0.0956)	KLLoss 0.0000 (0.0000)	MaskLoss 0.1241 (0.1368)	MaskBCELoss 0.0273 (0.0432)	MaskDICELoss 0.0968 (0.0936)
Epoch: [0][ 34/500]	Time 79.734 (79.734)	Loss 0.7157 (0.7215)	CeLoss 0.2246 (0.2579)	SegCLSLoss 0.1016 (0.0982)	KLLoss 0.0000 (0.0000)	MaskLoss 0.1438 (0.1336)	MaskBCELoss 0.0507 (0.0395)	MaskDICELoss 0.0931 (0.0942)
Epoch: [0][ 35/500]	Time 85.136 (85.136)	Loss 0.6678 (0.6926)	CeLoss 0.2109 (0.2259)	SegCLSLoss 0.0942 (0.0970)	KLLoss 0.0000 (0.0000)	MaskLoss 0.1339 (0.1364)	MaskBCELoss 0.0355 (0.0418)	MaskDICELoss 0.0984 (0.0946)
[rank0]: Traceback (most recent call last):
[rank0]:   File "/shared/nas2/jk100/partonomy_private/src/models/PLUM/plum_train_ds.py", line 491, in train
[rank0]:     input_dict = next(train_iter)
[rank0]:   File "/shared/nas/data/m1/jk100/.conda/envs/llava/lib/python3.10/site-packages/deepspeed/runtime/dataloader.py", line 124, in __next__
[rank0]:     return next(self.data)
[rank0]:   File "/shared/nas/data/m1/jk100/.conda/envs/llava/lib/python3.10/site-packages/deepspeed/runtime/dataloader.py", line 157, in <genexpr>
[rank0]:     self.data = (x for x in self.dataloader)
[rank0]:   File "/shared/nas/data/m1/jk100/.conda/envs/llava/lib/python3.10/site-packages/torch/utils/data/dataloader.py", line 631, in __next__
[rank0]:     data = self._next_data()
[rank0]:   File "/shared/nas/data/m1/jk100/.conda/envs/llava/lib/python3.10/site-packages/torch/utils/data/dataloader.py", line 1346, in _next_data
[rank0]:     return self._process_data(data)
[rank0]:   File "/shared/nas/data/m1/jk100/.conda/envs/llava/lib/python3.10/site-packages/torch/utils/data/dataloader.py", line 1372, in _process_data
[rank0]:     data.reraise()
[rank0]:   File "/shared/nas/data/m1/jk100/.conda/envs/llava/lib/python3.10/site-packages/torch/_utils.py", line 705, in reraise
[rank0]:     raise exception
[rank0]: IndexError: Caught IndexError in DataLoader worker process 0.
[rank0]: Original Traceback (most recent call last):
[rank0]:   File "/shared/nas2/jk100/partonomy_private/src/models/PLUM/plum_train_ds.py", line 491, in train
[rank0]:     input_dict = next(train_iter)
[rank0]:   File "/shared/nas/data/m1/jk100/.conda/envs/llava/lib/python3.10/site-packages/deepspeed/runtime/dataloader.py", line 124, in __next__
[rank0]:     return next(self.data)
[rank0]:   File "/shared/nas/data/m1/jk100/.conda/envs/llava/lib/python3.10/site-packages/deepspeed/runtime/dataloader.py", line 157, in <genexpr>
[rank0]:     self.data = (x for x in self.dataloader)
[rank0]:   File "/shared/nas/data/m1/jk100/.conda/envs/llava/lib/python3.10/site-packages/torch/utils/data/dataloader.py", line 631, in __next__
[rank0]:     data = self._next_data()
[rank0]:   File "/shared/nas/data/m1/jk100/.conda/envs/llava/lib/python3.10/site-packages/torch/utils/data/dataloader.py", line 1346, in _next_data
[rank0]:     return self._process_data(data)
[rank0]:   File "/shared/nas/data/m1/jk100/.conda/envs/llava/lib/python3.10/site-packages/torch/utils/data/dataloader.py", line 1372, in _process_data
[rank0]:     data.reraise()
[rank0]:   File "/shared/nas/data/m1/jk100/.conda/envs/llava/lib/python3.10/site-packages/torch/_utils.py", line 705, in reraise
[rank0]:     raise exception
[rank0]: IndexError: Caught IndexError in DataLoader worker process 1.
[rank0]: Original Traceback (most recent call last):
[rank0]:   File "/shared/nas2/jk100/partonomy_private/src/models/PLUM/plum_train_ds.py", line 491, in train
[rank0]:     input_dict = next(train_iter)
[rank0]:   File "/shared/nas/data/m1/jk100/.conda/envs/llava/lib/python3.10/site-packages/deepspeed/runtime/dataloader.py", line 124, in __next__
[rank0]:     return next(self.data)
[rank0]:   File "/shared/nas/data/m1/jk100/.conda/envs/llava/lib/python3.10/site-packages/deepspeed/runtime/dataloader.py", line 157, in <genexpr>
[rank0]:     self.data = (x for x in self.dataloader)
[rank0]:   File "/shared/nas/data/m1/jk100/.conda/envs/llava/lib/python3.10/site-packages/torch/utils/data/dataloader.py", line 631, in __next__
[rank0]:     data = self._next_data()
[rank0]:   File "/shared/nas/data/m1/jk100/.conda/envs/llava/lib/python3.10/site-packages/torch/utils/data/dataloader.py", line 1346, in _next_data
[rank0]:     return self._process_data(data)
[rank0]:   File "/shared/nas/data/m1/jk100/.conda/envs/llava/lib/python3.10/site-packages/torch/utils/data/dataloader.py", line 1372, in _process_data
[rank0]:     data.reraise()
[rank0]:   File "/shared/nas/data/m1/jk100/.conda/envs/llava/lib/python3.10/site-packages/torch/_utils.py", line 705, in reraise
[rank0]:     raise exception
[rank0]: IndexError: Caught IndexError in DataLoader worker process 0.
[rank0]: Original Traceback (most recent call last):
[rank0]:   File "/shared/nas2/jk100/partonomy_private/src/models/PLUM/plum_train_ds.py", line 491, in train
[rank0]:     input_dict = next(train_iter)
[rank0]:   File "/shared/nas/data/m1/jk100/.conda/envs/llava/lib/python3.10/site-packages/deepspeed/runtime/dataloader.py", line 124, in __next__
[rank0]:     return next(self.data)
[rank0]:   File "/shared/nas/data/m1/jk100/.conda/envs/llava/lib/python3.10/site-packages/deepspeed/runtime/dataloader.py", line 157, in <genexpr>
[rank0]:     self.data = (x for x in self.dataloader)
[rank0]:   File "/shared/nas/data/m1/jk100/.conda/envs/llava/lib/python3.10/site-packages/torch/utils/data/dataloader.py", line 631, in __next__
[rank0]:     data = self._next_data()
[rank0]:   File "/shared/nas/data/m1/jk100/.conda/envs/llava/lib/python3.10/site-packages/torch/utils/data/dataloader.py", line 1326, in _next_data
[rank0]:     return self._process_data(data)
[rank0]:   File "/shared/nas/data/m1/jk100/.conda/envs/llava/lib/python3.10/site-packages/torch/utils/data/dataloader.py", line 1372, in _process_data
[rank0]:     data.reraise()
[rank0]:   File "/shared/nas/data/m1/jk100/.conda/envs/llava/lib/python3.10/site-packages/torch/_utils.py", line 705, in reraise
[rank0]:     raise exception
[rank0]: IndexError: Caught IndexError in DataLoader worker process 1.
[rank0]: Original Traceback (most recent call last):
[rank0]:   File "/shared/nas2/jk100/partonomy_private/src/models/PLUM/plum_train_ds.py", line 491, in train
[rank0]:     input_dict = next(train_iter)
[rank0]:   File "/shared/nas/data/m1/jk100/.conda/envs/llava/lib/python3.10/site-packages/deepspeed/runtime/dataloader.py", line 124, in __next__
[rank0]:     return next(self.data)
[rank0]:   File "/shared/nas/data/m1/jk100/.conda/envs/llava/lib/python3.10/site-packages/deepspeed/runtime/dataloader.py", line 157, in <genexpr>
[rank0]:     self.data = (x for x in self.dataloader)
[rank0]:   File "/shared/nas/data/m1/jk100/.conda/envs/llava/lib/python3.10/site-packages/torch/utils/data/dataloader.py", line 631, in __next__
[rank0]:     data = self._next_data()
[rank0]:   File "/shared/nas/data/m1/jk100/.conda/envs/llava/lib/python3.10/site-packages/torch/utils/data/dataloader.py", line 1326, in _next_data
[rank0]:     return self._process_data(data)
[rank0]:   File "/shared/nas/data/m1/jk100/.conda/envs/llava/lib/python3.10/site-packages/torch/utils/data/dataloader.py", line 1372, in _process_data
[rank0]:     data.reraise()
[rank0]:   File "/shared/nas/data/m1/jk100/.conda/envs/llava/lib/python3.10/site-packages/torch/_utils.py", line 705, in reraise
[rank0]:     raise exception
[rank0]: IndexError: Caught IndexError in DataLoader worker process 1.
[rank0]: Original Traceback (most recent call last):
[rank0]:   File "/shared/nas2/jk100/partonomy_private/src/models/PLUM/plum_train_ds.py", line 491, in train
[rank0]:     input_dict = next(train_iter)
[rank0]:   File "/shared/nas/data/m1/jk100/.conda/envs/llava/lib/python3.10/site-packages/deepspeed/runtime/dataloader.py", line 124, in __next__
[rank0]:     return next(self.data)
[rank0]:   File "/shared/nas/data/m1/jk100/.conda/envs/llava/lib/python3.10/site-packages/deepspeed/runtime/dataloader.py", line 157, in <genexpr>
[rank0]:     self.data = (x for x in self.dataloader)
[rank0]:   File "/shared/nas/data/m1/jk100/.conda/envs/llava/lib/python3.10/site-packages/torch/utils/data/dataloader.py", line 631, in __next__
[rank0]:     data = self._next_data()
[rank0]:   File "/shared/nas/data/m1/jk100/.conda/envs/llava/lib/python3.10/site-packages/torch/utils/data/dataloader.py", line 1346, in _next_data
[rank0]:     return self._process_data(data)
[rank0]:   File "/shared/nas/data/m1/jk100/.conda/envs/llava/lib/python3.10/site-packages/torch/utils/data/dataloader.py", line 1372, in _process_data
[rank0]:     data.reraise()
[rank0]:   File "/shared/nas/data/m1/jk100/.conda/envs/llava/lib/python3.10/site-packages/torch/_utils.py", line 705, in reraise
[rank0]:     raise exception
[rank0]: IndexError: Caught IndexError in DataLoader worker process 0.
[rank0]: Original Traceback (most recent call last):
[rank0]:   File "/shared/nas2/jk100/partonomy_private/src/models/PLUM/plum_train_ds.py", line 491, in train
[rank0]:     input_dict = next(train_iter)
[rank0]:   File "/shared/nas/data/m1/jk100/.conda/envs/llava/lib/python3.10/site-packages/deepspeed/runtime/dataloader.py", line 124, in __next__
[rank0]:     return next(self.data)
[rank0]:   File "/shared/nas/data/m1/jk100/.conda/envs/llava/lib/python3.10/site-packages/deepspeed/runtime/dataloader.py", line 157, in <genexpr>
[rank0]:     self.data = (x for x in self.dataloader)
[rank0]:   File "/shared/nas/data/m1/jk100/.conda/envs/llava/lib/python3.10/site-packages/torch/utils/data/dataloader.py", line 631, in __next__
[rank0]:     data = self._next_data()
[rank0]:   File "/shared/nas/data/m1/jk100/.conda/envs/llava/lib/python3.10/site-packages/torch/utils/data/dataloader.py", line 1346, in _next_data
[rank0]:     return self._process_data(data)
[rank0]:   File "/shared/nas/data/m1/jk100/.conda/envs/llava/lib/python3.10/site-packages/torch/utils/data/dataloader.py", line 1372, in _process_data
[rank0]:     data.reraise()
[rank0]:   File "/shared/nas/data/m1/jk100/.conda/envs/llava/lib/python3.10/site-packages/torch/_utils.py", line 705, in reraise
[rank0]:     raise exception
[rank0]: IndexError: Caught IndexError in DataLoader worker process 0.
[rank0]: Original Traceback (most recent call last):
[rank0]:   File "/shared/nas2/jk100/partonomy_private/src/models/PLUM/plum_train_ds.py", line 491, in train
[rank0]:     input_dict = next(train_iter)
[rank0]:   File "/shared/nas/data/m1/jk100/.conda/envs/llava/lib/python3.10/site-packages/deepspeed/runtime/dataloader.py", line 124, in __next__
[rank0]:     return next(self.data)
[rank0]:   File "/shared/nas/data/m1/jk100/.conda/envs/llava/lib/python3.10/site-packages/deepspeed/runtime/dataloader.py", line 157, in <genexpr>
[rank0]:     self.data = (x for x in self.dataloader)
[rank0]:   File "/shared/nas/data/m1/jk100/.conda/envs/llava/lib/python3.10/site-packages/torch/utils/data/dataloader.py", line 631, in __next__
[rank0]:     data = self._next_data()
[rank0]:   File "/shared/nas/data/m1/jk100/.conda/envs/llava/lib/python3.10/site-packages/torch/utils/data/dataloader.py", line 1346, in _next_data
[rank0]:     return self._process_data(data)
[rank0]:   File "/shared/nas/data/m1/jk100/.conda/envs/llava/lib/python3.10/site-packages/torch/utils/data/dataloader.py", line 1372, in _process_data
[rank0]:     data.reraise()
[rank0]:   File "/shared/nas/data/m1/jk100/.conda/envs/llava/lib/python3.10/site-packages/torch/_utils.py", line 705, in reraise
[rank0]:     raise exception
[rank0]: IndexError: Caught IndexError in DataLoader worker process 1.
[rank0]: Original Traceback (most recent call last):
[rank0]:   File "/shared/nas2/jk100/partonomy_private/src/models/PLUM/plum_train_ds.py", line 491, in train
[rank0]:     input_dict = next(train_iter)
[rank0]:   File "/shared/nas/data/m1/jk100/.conda/envs/llava/lib/python3.10/site-packages/deepspeed/runtime/dataloader.py", line 124, in __next__
[rank0]:     return next(self.data)
[rank0]:   File "/shared/nas/data/m1/jk100/.conda/envs/llava/lib/python3.10/site-packages/deepspeed/runtime/dataloader.py", line 157, in <genexpr>
[rank0]:     self.data = (x for x in self.dataloader)
[rank0]:   File "/shared/nas/data/m1/jk100/.conda/envs/llava/lib/python3.10/site-packages/torch/utils/data/dataloader.py", line 631, in __next__
[rank0]:     data = self._next_data()
[rank0]:   File "/shared/nas/data/m1/jk100/.conda/envs/llava/lib/python3.10/site-packages/torch/utils/data/dataloader.py", line 1346, in _next_data
[rank0]:     return self._process_data(data)
[rank0]:   File "/shared/nas/data/m1/jk100/.conda/envs/llava/lib/python3.10/site-packages/torch/utils/data/dataloader.py", line 1372, in _process_data
[rank0]:     data.reraise()
[rank0]:   File "/shared/nas/data/m1/jk100/.conda/envs/llava/lib/python3.10/site-packages/torch/_utils.py", line 705, in reraise
[rank0]:     raise exception
[rank0]: IndexError: Caught IndexError in DataLoader worker process 0.
[rank0]: Original Traceback (most recent call last):
[rank0]:   File "/shared/nas2/jk100/partonomy_private/src/models/PLUM/plum_train_ds.py", line 491, in train
[rank0]:     input_dict = next(train_iter)
[rank0]:   File "/shared/nas/data/m1/jk100/.conda/envs/llava/lib/python3.10/site-packages/deepspeed/runtime/dataloader.py", line 124, in __next__
[rank0]:     return next(self.data)
[rank0]:   File "/shared/nas/data/m1/jk100/.conda/envs/llava/lib/python3.10/site-packages/deepspeed/runtime/dataloader.py", line 157, in <genexpr>
[rank0]:     self.data = (x for x in self.dataloader)
[rank0]:   File "/shared/nas/data/m1/jk100/.conda/envs/llava/lib/python3.10/site-packages/torch/utils/data/dataloader.py", line 631, in __next__
[rank0]:     data = self._next_data()
[rank0]:   File "/shared/nas/data/m1/jk100/.conda/envs/llava/lib/python3.10/site-packages/torch/utils/data/dataloader.py", line 1346, in _next_data
[rank0]:     return self._process_data(data)
[rank0]:   File "/shared/nas/data/m1/jk100/.conda/envs/llava/lib/python3.10/site-packages/torch/utils/data/dataloader.py", line 1372, in _process_data
[rank0]:     data.reraise()
[rank0]:   File "/shared/nas/data/m1/jk100/.conda/envs/llava/lib/python3.10/site-packages/torch/_utils.py", line 705, in reraise
[rank0]:     raise exception
[rank0]: IndexError: Caught IndexError in DataLoader worker process 1.
[rank0]: Original Traceback (most recent call last):
[rank0]:   File "/shared/nas2/jk100/partonomy_private/src/models/PLUM/plum_train_ds.py", line 491, in train
[rank0]:     input_dict = next(train_iter)
[rank0]:   File "/shared/nas/data/m1/jk100/.conda/envs/llava/lib/python3.10/site-packages/deepspeed/runtime/dataloader.py", line 124, in __next__
[rank0]:     return next(self.data)
[rank0]:   File "/shared/nas/data/m1/jk100/.conda/envs/llava/lib/python3.10/site-packages/deepspeed/runtime/dataloader.py", line 157, in <genexpr>
[rank0]:     self.data = (x for x in self.dataloader)
[rank0]:   File "/shared/nas/data/m1/jk100/.conda/envs/llava/lib/python3.10/site-packages/torch/utils/data/dataloader.py", line 631, in __next__
[rank0]:     data = self._next_data()
[rank0]:   File "/shared/nas/data/m1/jk100/.conda/envs/llava/lib/python3.10/site-packages/torch/utils/data/dataloader.py", line 1346, in _next_data
[rank0]:     return self._process_data(data)
[rank0]:   File "/shared/nas/data/m1/jk100/.conda/envs/llava/lib/python3.10/site-packages/torch/utils/data/dataloader.py", line 1372, in _process_data
[rank0]:     data.reraise()
[rank0]:   File "/shared/nas/data/m1/jk100/.conda/envs/llava/lib/python3.10/site-packages/torch/_utils.py", line 705, in reraise
[rank0]:     raise exception
[rank0]: IndexError: Caught IndexError in DataLoader worker process 0.
[rank0]: Original Traceback (most recent call last):
[rank0]:   File "/shared/nas/data/m1/jk100/.conda/envs/llava/lib/python3.10/site-packages/torch/utils/data/_utils/worker.py", line 308, in _worker_loop
[rank0]:     data = fetcher.fetch(index)  # type: ignore[possibly-undefined]
[rank0]:   File "/shared/nas/data/m1/jk100/.conda/envs/llava/lib/python3.10/site-packages/torch/utils/data/_utils/fetch.py", line 54, in fetch
[rank0]:     return self.collate_fn(data)
[rank0]:   File "/shared/nas2/jk100/partonomy_private/src/models/PLUM/utils/dataset.py", line 168, in collate_fn
[rank0]:     if len(per_token_label_dict_list[conv_idx]) != 0:
[rank0]: IndexError: list index out of range
[rank0]: During handling of the above exception, another exception occurred:
[rank0]: Traceback (most recent call last):
[rank0]:   File "/shared/nas/data/m1/jk100/.conda/envs/llava/lib/python3.10/site-packages/torch/utils/data/_utils/worker.py", line 308, in _worker_loop
[rank0]:     data = fetcher.fetch(index)  # type: ignore[possibly-undefined]
[rank0]:   File "/shared/nas/data/m1/jk100/.conda/envs/llava/lib/python3.10/site-packages/torch/utils/data/_utils/fetch.py", line 54, in fetch
[rank0]:     return self.collate_fn(data)
[rank0]:   File "/shared/nas2/jk100/partonomy_private/src/models/PLUM/utils/dataset.py", line 168, in collate_fn
[rank0]:     if len(per_token_label_dict_list[conv_idx]) != 0:
[rank0]: IndexError: list index out of range
[rank0]: During handling of the above exception, another exception occurred:
[rank0]: Traceback (most recent call last):
[rank0]:   File "/shared/nas/data/m1/jk100/.conda/envs/llava/lib/python3.10/site-packages/torch/utils/data/_utils/worker.py", line 308, in _worker_loop
[rank0]:     data = fetcher.fetch(index)  # type: ignore[possibly-undefined]
[rank0]:   File "/shared/nas/data/m1/jk100/.conda/envs/llava/lib/python3.10/site-packages/torch/utils/data/_utils/fetch.py", line 54, in fetch
[rank0]:     return self.collate_fn(data)
[rank0]:   File "/shared/nas2/jk100/partonomy_private/src/models/PLUM/utils/dataset.py", line 168, in collate_fn
[rank0]:     if len(per_token_label_dict_list[conv_idx]) != 0:
[rank0]: IndexError: list index out of range
[rank0]: During handling of the above exception, another exception occurred:
[rank0]: Traceback (most recent call last):
[rank0]:   File "/shared/nas/data/m1/jk100/.conda/envs/llava/lib/python3.10/site-packages/torch/utils/data/_utils/worker.py", line 308, in _worker_loop
[rank0]:     data = fetcher.fetch(index)  # type: ignore[possibly-undefined]
[rank0]:   File "/shared/nas/data/m1/jk100/.conda/envs/llava/lib/python3.10/site-packages/torch/utils/data/_utils/fetch.py", line 54, in fetch
[rank0]:     return self.collate_fn(data)
[rank0]:   File "/shared/nas2/jk100/partonomy_private/src/models/PLUM/utils/dataset.py", line 168, in collate_fn
[rank0]:     if len(per_token_label_dict_list[conv_idx]) != 0:
[rank0]: IndexError: list index out of range
[rank0]: During handling of the above exception, another exception occurred:
[rank0]: Traceback (most recent call last):
[rank0]:   File "/shared/nas/data/m1/jk100/.conda/envs/llava/lib/python3.10/site-packages/torch/utils/data/_utils/worker.py", line 308, in _worker_loop
[rank0]:     data = fetcher.fetch(index)  # type: ignore[possibly-undefined]
[rank0]:   File "/shared/nas/data/m1/jk100/.conda/envs/llava/lib/python3.10/site-packages/torch/utils/data/_utils/fetch.py", line 54, in fetch
[rank0]:     return self.collate_fn(data)
[rank0]:   File "/shared/nas2/jk100/partonomy_private/src/models/PLUM/utils/dataset.py", line 168, in collate_fn
[rank0]:     if len(per_token_label_dict_list[conv_idx]) != 0:
[rank0]: IndexError: list index out of range
[rank0]: During handling of the above exception, another exception occurred:
[rank0]: Traceback (most recent call last):
[rank0]:   File "/shared/nas/data/m1/jk100/.conda/envs/llava/lib/python3.10/site-packages/torch/utils/data/_utils/worker.py", line 308, in _worker_loop
[rank0]:     data = fetcher.fetch(index)  # type: ignore[possibly-undefined]
[rank0]:   File "/shared/nas/data/m1/jk100/.conda/envs/llava/lib/python3.10/site-packages/torch/utils/data/_utils/fetch.py", line 54, in fetch
[rank0]:     return self.collate_fn(data)
[rank0]:   File "/shared/nas2/jk100/partonomy_private/src/models/PLUM/utils/dataset.py", line 168, in collate_fn
[rank0]:     if len(per_token_label_dict_list[conv_idx]) != 0:
[rank0]: IndexError: list index out of range
[rank0]: During handling of the above exception, another exception occurred:
[rank0]: Traceback (most recent call last):
[rank0]:   File "/shared/nas/data/m1/jk100/.conda/envs/llava/lib/python3.10/site-packages/torch/utils/data/_utils/worker.py", line 308, in _worker_loop
[rank0]:     data = fetcher.fetch(index)  # type: ignore[possibly-undefined]
[rank0]:   File "/shared/nas/data/m1/jk100/.conda/envs/llava/lib/python3.10/site-packages/torch/utils/data/_utils/fetch.py", line 54, in fetch
[rank0]:     return self.collate_fn(data)
[rank0]:   File "/shared/nas2/jk100/partonomy_private/src/models/PLUM/utils/dataset.py", line 168, in collate_fn
[rank0]:     if len(per_token_label_dict_list[conv_idx]) != 0:
[rank0]: IndexError: list index out of range
[rank0]: During handling of the above exception, another exception occurred:
[rank0]: Traceback (most recent call last):
[rank0]:   File "/shared/nas/data/m1/jk100/.conda/envs/llava/lib/python3.10/site-packages/torch/utils/data/_utils/worker.py", line 308, in _worker_loop
[rank0]:     data = fetcher.fetch(index)  # type: ignore[possibly-undefined]
[rank0]:   File "/shared/nas/data/m1/jk100/.conda/envs/llava/lib/python3.10/site-packages/torch/utils/data/_utils/fetch.py", line 54, in fetch
[rank0]:     return self.collate_fn(data)
[rank0]:   File "/shared/nas2/jk100/partonomy_private/src/models/PLUM/utils/dataset.py", line 168, in collate_fn
[rank0]:     if len(per_token_label_dict_list[conv_idx]) != 0:
[rank0]: IndexError: list index out of range
[rank0]: During handling of the above exception, another exception occurred:
[rank0]: Traceback (most recent call last):
[rank0]:   File "/shared/nas/data/m1/jk100/.conda/envs/llava/lib/python3.10/site-packages/torch/utils/data/_utils/worker.py", line 308, in _worker_loop
[rank0]:     data = fetcher.fetch(index)  # type: ignore[possibly-undefined]
[rank0]:   File "/shared/nas/data/m1/jk100/.conda/envs/llava/lib/python3.10/site-packages/torch/utils/data/_utils/fetch.py", line 54, in fetch
[rank0]:     return self.collate_fn(data)
[rank0]:   File "/shared/nas2/jk100/partonomy_private/src/models/PLUM/utils/dataset.py", line 168, in collate_fn
[rank0]:     if len(per_token_label_dict_list[conv_idx]) != 0:
[rank0]: IndexError: list index out of range
[rank0]: During handling of the above exception, another exception occurred:
[rank0]: Traceback (most recent call last):
[rank0]:   File "/shared/nas/data/m1/jk100/.conda/envs/llava/lib/python3.10/site-packages/torch/utils/data/_utils/worker.py", line 308, in _worker_loop
[rank0]:     data = fetcher.fetch(index)  # type: ignore[possibly-undefined]
[rank0]:   File "/shared/nas/data/m1/jk100/.conda/envs/llava/lib/python3.10/site-packages/torch/utils/data/_utils/fetch.py", line 54, in fetch
[rank0]:     return self.collate_fn(data)
[rank0]:   File "/shared/nas2/jk100/partonomy_private/src/models/PLUM/utils/dataset.py", line 168, in collate_fn
[rank0]:     if len(per_token_label_dict_list[conv_idx]) != 0:
[rank0]: IndexError: list index out of range
[rank0]: During handling of the above exception, another exception occurred:
[rank0]: Traceback (most recent call last):
[rank0]:   File "/shared/nas/data/m1/jk100/.conda/envs/llava/lib/python3.10/site-packages/torch/utils/data/_utils/worker.py", line 308, in _worker_loop
[rank0]:     data = fetcher.fetch(index)  # type: ignore[possibly-undefined]
[rank0]:   File "/shared/nas/data/m1/jk100/.conda/envs/llava/lib/python3.10/site-packages/torch/utils/data/_utils/fetch.py", line 54, in fetch
[rank0]:     return self.collate_fn(data)
[rank0]:   File "/shared/nas2/jk100/partonomy_private/src/models/PLUM/utils/dataset.py", line 168, in collate_fn
[rank0]:     if len(per_token_label_dict_list[conv_idx]) != 0:
[rank0]: IndexError: list index out of range
[rank0]: During handling of the above exception, another exception occurred:
[rank0]: Traceback (most recent call last):
[rank0]:   File "/shared/nas2/jk100/partonomy_private/src/models/PLUM/plum_train_ds.py", line 681, in <module>
[rank0]:     main(sys.argv[1:])
[rank0]:   File "/shared/nas2/jk100/partonomy_private/src/models/PLUM/plum_train_ds.py", line 404, in main
[rank0]:     train_iter = train(
[rank0]:   File "/shared/nas2/jk100/partonomy_private/src/models/PLUM/plum_train_ds.py", line 494, in train
[rank0]:     input_dict = next(train_iter)
[rank0]:   File "/shared/nas/data/m1/jk100/.conda/envs/llava/lib/python3.10/site-packages/deepspeed/runtime/dataloader.py", line 124, in __next__
[rank0]:     return next(self.data)
[rank0]:   File "/shared/nas/data/m1/jk100/.conda/envs/llava/lib/python3.10/site-packages/deepspeed/runtime/dataloader.py", line 157, in <genexpr>
[rank0]:     self.data = (x for x in self.dataloader)
[rank0]:   File "/shared/nas/data/m1/jk100/.conda/envs/llava/lib/python3.10/site-packages/torch/utils/data/dataloader.py", line 631, in __next__
[rank0]:     data = self._next_data()
[rank0]:   File "/shared/nas/data/m1/jk100/.conda/envs/llava/lib/python3.10/site-packages/torch/utils/data/dataloader.py", line 1346, in _next_data
[rank0]:     return self._process_data(data)
[rank0]:   File "/shared/nas/data/m1/jk100/.conda/envs/llava/lib/python3.10/site-packages/torch/utils/data/dataloader.py", line 1372, in _process_data
[rank0]:     data.reraise()
[rank0]:   File "/shared/nas/data/m1/jk100/.conda/envs/llava/lib/python3.10/site-packages/torch/_utils.py", line 705, in reraise
[rank0]:     raise exception
[rank0]: IndexError: Caught IndexError in DataLoader worker process 0.
[rank0]: Original Traceback (most recent call last):
[rank0]:   File "/shared/nas2/jk100/partonomy_private/src/models/PLUM/plum_train_ds.py", line 491, in train
[rank0]:     input_dict = next(train_iter)
[rank0]:   File "/shared/nas/data/m1/jk100/.conda/envs/llava/lib/python3.10/site-packages/deepspeed/runtime/dataloader.py", line 124, in __next__
[rank0]:     return next(self.data)
[rank0]:   File "/shared/nas/data/m1/jk100/.conda/envs/llava/lib/python3.10/site-packages/deepspeed/runtime/dataloader.py", line 157, in <genexpr>
[rank0]:     self.data = (x for x in self.dataloader)
[rank0]:   File "/shared/nas/data/m1/jk100/.conda/envs/llava/lib/python3.10/site-packages/torch/utils/data/dataloader.py", line 631, in __next__
[rank0]:     data = self._next_data()
[rank0]:   File "/shared/nas/data/m1/jk100/.conda/envs/llava/lib/python3.10/site-packages/torch/utils/data/dataloader.py", line 1346, in _next_data
[rank0]:     return self._process_data(data)
[rank0]:   File "/shared/nas/data/m1/jk100/.conda/envs/llava/lib/python3.10/site-packages/torch/utils/data/dataloader.py", line 1372, in _process_data
[rank0]:     data.reraise()
[rank0]:   File "/shared/nas/data/m1/jk100/.conda/envs/llava/lib/python3.10/site-packages/torch/_utils.py", line 705, in reraise
[rank0]:     raise exception
[rank0]: IndexError: Caught IndexError in DataLoader worker process 0.
[rank0]: Original Traceback (most recent call last):
[rank0]:   File "/shared/nas2/jk100/partonomy_private/src/models/PLUM/plum_train_ds.py", line 491, in train
[rank0]:     input_dict = next(train_iter)
[rank0]:   File "/shared/nas/data/m1/jk100/.conda/envs/llava/lib/python3.10/site-packages/deepspeed/runtime/dataloader.py", line 124, in __next__
[rank0]:     return next(self.data)
[rank0]:   File "/shared/nas/data/m1/jk100/.conda/envs/llava/lib/python3.10/site-packages/deepspeed/runtime/dataloader.py", line 157, in <genexpr>
[rank0]:     self.data = (x for x in self.dataloader)
[rank0]:   File "/shared/nas/data/m1/jk100/.conda/envs/llava/lib/python3.10/site-packages/torch/utils/data/dataloader.py", line 631, in __next__
[rank0]:     data = self._next_data()
[rank0]:   File "/shared/nas/data/m1/jk100/.conda/envs/llava/lib/python3.10/site-packages/torch/utils/data/dataloader.py", line 1346, in _next_data
[rank0]:     return self._process_data(data)
[rank0]:   File "/shared/nas/data/m1/jk100/.conda/envs/llava/lib/python3.10/site-packages/torch/utils/data/dataloader.py", line 1372, in _process_data
[rank0]:     data.reraise()
[rank0]:   File "/shared/nas/data/m1/jk100/.conda/envs/llava/lib/python3.10/site-packages/torch/_utils.py", line 705, in reraise
[rank0]:     raise exception
[rank0]: IndexError: Caught IndexError in DataLoader worker process 1.
[rank0]: Original Traceback (most recent call last):
[rank0]:   File "/shared/nas2/jk100/partonomy_private/src/models/PLUM/plum_train_ds.py", line 491, in train
[rank0]:     input_dict = next(train_iter)
[rank0]:   File "/shared/nas/data/m1/jk100/.conda/envs/llava/lib/python3.10/site-packages/deepspeed/runtime/dataloader.py", line 124, in __next__
[rank0]:     return next(self.data)
[rank0]:   File "/shared/nas/data/m1/jk100/.conda/envs/llava/lib/python3.10/site-packages/deepspeed/runtime/dataloader.py", line 157, in <genexpr>
[rank0]:     self.data = (x for x in self.dataloader)
[rank0]:   File "/shared/nas/data/m1/jk100/.conda/envs/llava/lib/python3.10/site-packages/torch/utils/data/dataloader.py", line 631, in __next__
[rank0]:     data = self._next_data()
[rank0]:   File "/shared/nas/data/m1/jk100/.conda/envs/llava/lib/python3.10/site-packages/torch/utils/data/dataloader.py", line 1346, in _next_data
[rank0]:     return self._process_data(data)
[rank0]:   File "/shared/nas/data/m1/jk100/.conda/envs/llava/lib/python3.10/site-packages/torch/utils/data/dataloader.py", line 1372, in _process_data
[rank0]:     data.reraise()
[rank0]:   File "/shared/nas/data/m1/jk100/.conda/envs/llava/lib/python3.10/site-packages/torch/_utils.py", line 705, in reraise
[rank0]:     raise exception
[rank0]: IndexError: Caught IndexError in DataLoader worker process 0.
[rank0]: Original Traceback (most recent call last):
[rank0]:   File "/shared/nas2/jk100/partonomy_private/src/models/PLUM/plum_train_ds.py", line 491, in train
[rank0]:     input_dict = next(train_iter)
[rank0]:   File "/shared/nas/data/m1/jk100/.conda/envs/llava/lib/python3.10/site-packages/deepspeed/runtime/dataloader.py", line 124, in __next__
[rank0]:     return next(self.data)
[rank0]:   File "/shared/nas/data/m1/jk100/.conda/envs/llava/lib/python3.10/site-packages/deepspeed/runtime/dataloader.py", line 157, in <genexpr>
[rank0]:     self.data = (x for x in self.dataloader)
[rank0]:   File "/shared/nas/data/m1/jk100/.conda/envs/llava/lib/python3.10/site-packages/torch/utils/data/dataloader.py", line 631, in __next__
[rank0]:     data = self._next_data()
[rank0]:   File "/shared/nas/data/m1/jk100/.conda/envs/llava/lib/python3.10/site-packages/torch/utils/data/dataloader.py", line 1326, in _next_data
[rank0]:     return self._process_data(data)
[rank0]:   File "/shared/nas/data/m1/jk100/.conda/envs/llava/lib/python3.10/site-packages/torch/utils/data/dataloader.py", line 1372, in _process_data
[rank0]:     data.reraise()
[rank0]:   File "/shared/nas/data/m1/jk100/.conda/envs/llava/lib/python3.10/site-packages/torch/_utils.py", line 705, in reraise
[rank0]:     raise exception
[rank0]: IndexError: Caught IndexError in DataLoader worker process 1.
[rank0]: Original Traceback (most recent call last):
[rank0]:   File "/shared/nas2/jk100/partonomy_private/src/models/PLUM/plum_train_ds.py", line 491, in train
[rank0]:     input_dict = next(train_iter)
[rank0]:   File "/shared/nas/data/m1/jk100/.conda/envs/llava/lib/python3.10/site-packages/deepspeed/runtime/dataloader.py", line 124, in __next__
[rank0]:     return next(self.data)
[rank0]:   File "/shared/nas/data/m1/jk100/.conda/envs/llava/lib/python3.10/site-packages/deepspeed/runtime/dataloader.py", line 157, in <genexpr>
[rank0]:     self.data = (x for x in self.dataloader)
[rank0]:   File "/shared/nas/data/m1/jk100/.conda/envs/llava/lib/python3.10/site-packages/torch/utils/data/dataloader.py", line 631, in __next__
[rank0]:     data = self._next_data()
[rank0]:   File "/shared/nas/data/m1/jk100/.conda/envs/llava/lib/python3.10/site-packages/torch/utils/data/dataloader.py", line 1326, in _next_data
[rank0]:     return self._process_data(data)
[rank0]:   File "/shared/nas/data/m1/jk100/.conda/envs/llava/lib/python3.10/site-packages/torch/utils/data/dataloader.py", line 1372, in _process_data
[rank0]:     data.reraise()
[rank0]:   File "/shared/nas/data/m1/jk100/.conda/envs/llava/lib/python3.10/site-packages/torch/_utils.py", line 705, in reraise
[rank0]:     raise exception
[rank0]: IndexError: Caught IndexError in DataLoader worker process 1.
[rank0]: Original Traceback (most recent call last):
[rank0]:   File "/shared/nas2/jk100/partonomy_private/src/models/PLUM/plum_train_ds.py", line 491, in train
[rank0]:     input_dict = next(train_iter)
[rank0]:   File "/shared/nas/data/m1/jk100/.conda/envs/llava/lib/python3.10/site-packages/deepspeed/runtime/dataloader.py", line 124, in __next__
[rank0]:     return next(self.data)
[rank0]:   File "/shared/nas/data/m1/jk100/.conda/envs/llava/lib/python3.10/site-packages/deepspeed/runtime/dataloader.py", line 157, in <genexpr>
[rank0]:     self.data = (x for x in self.dataloader)
[rank0]:   File "/shared/nas/data/m1/jk100/.conda/envs/llava/lib/python3.10/site-packages/torch/utils/data/dataloader.py", line 631, in __next__
[rank0]:     data = self._next_data()
[rank0]:   File "/shared/nas/data/m1/jk100/.conda/envs/llava/lib/python3.10/site-packages/torch/utils/data/dataloader.py", line 1346, in _next_data
[rank0]:     return self._process_data(data)
[rank0]:   File "/shared/nas/data/m1/jk100/.conda/envs/llava/lib/python3.10/site-packages/torch/utils/data/dataloader.py", line 1372, in _process_data
[rank0]:     data.reraise()
[rank0]:   File "/shared/nas/data/m1/jk100/.conda/envs/llava/lib/python3.10/site-packages/torch/_utils.py", line 705, in reraise
[rank0]:     raise exception
[rank0]: IndexError: Caught IndexError in DataLoader worker process 0.
[rank0]: Original Traceback (most recent call last):
[rank0]:   File "/shared/nas2/jk100/partonomy_private/src/models/PLUM/plum_train_ds.py", line 491, in train
[rank0]:     input_dict = next(train_iter)
[rank0]:   File "/shared/nas/data/m1/jk100/.conda/envs/llava/lib/python3.10/site-packages/deepspeed/runtime/dataloader.py", line 124, in __next__
[rank0]:     return next(self.data)
[rank0]:   File "/shared/nas/data/m1/jk100/.conda/envs/llava/lib/python3.10/site-packages/deepspeed/runtime/dataloader.py", line 157, in <genexpr>
[rank0]:     self.data = (x for x in self.dataloader)
[rank0]:   File "/shared/nas/data/m1/jk100/.conda/envs/llava/lib/python3.10/site-packages/torch/utils/data/dataloader.py", line 631, in __next__
[rank0]:     data = self._next_data()
[rank0]:   File "/shared/nas/data/m1/jk100/.conda/envs/llava/lib/python3.10/site-packages/torch/utils/data/dataloader.py", line 1346, in _next_data
[rank0]:     return self._process_data(data)
[rank0]:   File "/shared/nas/data/m1/jk100/.conda/envs/llava/lib/python3.10/site-packages/torch/utils/data/dataloader.py", line 1372, in _process_data
[rank0]:     data.reraise()
[rank0]:   File "/shared/nas/data/m1/jk100/.conda/envs/llava/lib/python3.10/site-packages/torch/_utils.py", line 705, in reraise
[rank0]:     raise exception
[rank0]: IndexError: Caught IndexError in DataLoader worker process 0.
[rank0]: Original Traceback (most recent call last):
[rank0]:   File "/shared/nas2/jk100/partonomy_private/src/models/PLUM/plum_train_ds.py", line 491, in train
[rank0]:     input_dict = next(train_iter)
[rank0]:   File "/shared/nas/data/m1/jk100/.conda/envs/llava/lib/python3.10/site-packages/deepspeed/runtime/dataloader.py", line 124, in __next__
[rank0]:     return next(self.data)
[rank0]:   File "/shared/nas/data/m1/jk100/.conda/envs/llava/lib/python3.10/site-packages/deepspeed/runtime/dataloader.py", line 157, in <genexpr>
[rank0]:     self.data = (x for x in self.dataloader)
[rank0]:   File "/shared/nas/data/m1/jk100/.conda/envs/llava/lib/python3.10/site-packages/torch/utils/data/dataloader.py", line 631, in __next__
[rank0]:     data = self._next_data()
[rank0]:   File "/shared/nas/data/m1/jk100/.conda/envs/llava/lib/python3.10/site-packages/torch/utils/data/dataloader.py", line 1346, in _next_data
[rank0]:     return self._process_data(data)
[rank0]:   File "/shared/nas/data/m1/jk100/.conda/envs/llava/lib/python3.10/site-packages/torch/utils/data/dataloader.py", line 1372, in _process_data
[rank0]:     data.reraise()
[rank0]:   File "/shared/nas/data/m1/jk100/.conda/envs/llava/lib/python3.10/site-packages/torch/_utils.py", line 705, in reraise
[rank0]:     raise exception
[rank0]: IndexError: Caught IndexError in DataLoader worker process 1.
[rank0]: Original Traceback (most recent call last):
[rank0]:   File "/shared/nas2/jk100/partonomy_private/src/models/PLUM/plum_train_ds.py", line 491, in train
[rank0]:     input_dict = next(train_iter)
[rank0]:   File "/shared/nas/data/m1/jk100/.conda/envs/llava/lib/python3.10/site-packages/deepspeed/runtime/dataloader.py", line 124, in __next__
[rank0]:     return next(self.data)
[rank0]:   File "/shared/nas/data/m1/jk100/.conda/envs/llava/lib/python3.10/site-packages/deepspeed/runtime/dataloader.py", line 157, in <genexpr>
[rank0]:     self.data = (x for x in self.dataloader)
[rank0]:   File "/shared/nas/data/m1/jk100/.conda/envs/llava/lib/python3.10/site-packages/torch/utils/data/dataloader.py", line 631, in __next__
[rank0]:     data = self._next_data()
[rank0]:   File "/shared/nas/data/m1/jk100/.conda/envs/llava/lib/python3.10/site-packages/torch/utils/data/dataloader.py", line 1346, in _next_data
[rank0]:     return self._process_data(data)
[rank0]:   File "/shared/nas/data/m1/jk100/.conda/envs/llava/lib/python3.10/site-packages/torch/utils/data/dataloader.py", line 1372, in _process_data
[rank0]:     data.reraise()
[rank0]:   File "/shared/nas/data/m1/jk100/.conda/envs/llava/lib/python3.10/site-packages/torch/_utils.py", line 705, in reraise
[rank0]:     raise exception
[rank0]: IndexError: Caught IndexError in DataLoader worker process 0.
[rank0]: Original Traceback (most recent call last):
[rank0]:   File "/shared/nas2/jk100/partonomy_private/src/models/PLUM/plum_train_ds.py", line 491, in train
[rank0]:     input_dict = next(train_iter)
[rank0]:   File "/shared/nas/data/m1/jk100/.conda/envs/llava/lib/python3.10/site-packages/deepspeed/runtime/dataloader.py", line 124, in __next__
[rank0]:     return next(self.data)
[rank0]:   File "/shared/nas/data/m1/jk100/.conda/envs/llava/lib/python3.10/site-packages/deepspeed/runtime/dataloader.py", line 157, in <genexpr>
[rank0]:     self.data = (x for x in self.dataloader)
[rank0]:   File "/shared/nas/data/m1/jk100/.conda/envs/llava/lib/python3.10/site-packages/torch/utils/data/dataloader.py", line 631, in __next__
[rank0]:     data = self._next_data()
[rank0]:   File "/shared/nas/data/m1/jk100/.conda/envs/llava/lib/python3.10/site-packages/torch/utils/data/dataloader.py", line 1346, in _next_data
[rank0]:     return self._process_data(data)
[rank0]:   File "/shared/nas/data/m1/jk100/.conda/envs/llava/lib/python3.10/site-packages/torch/utils/data/dataloader.py", line 1372, in _process_data
[rank0]:     data.reraise()
[rank0]:   File "/shared/nas/data/m1/jk100/.conda/envs/llava/lib/python3.10/site-packages/torch/_utils.py", line 705, in reraise
[rank0]:     raise exception
[rank0]: IndexError: Caught IndexError in DataLoader worker process 1.
[rank0]: Original Traceback (most recent call last):
[rank0]:   File "/shared/nas2/jk100/partonomy_private/src/models/PLUM/plum_train_ds.py", line 491, in train
[rank0]:     input_dict = next(train_iter)
[rank0]:   File "/shared/nas/data/m1/jk100/.conda/envs/llava/lib/python3.10/site-packages/deepspeed/runtime/dataloader.py", line 124, in __next__
[rank0]:     return next(self.data)
[rank0]:   File "/shared/nas/data/m1/jk100/.conda/envs/llava/lib/python3.10/site-packages/deepspeed/runtime/dataloader.py", line 157, in <genexpr>
[rank0]:     self.data = (x for x in self.dataloader)
[rank0]:   File "/shared/nas/data/m1/jk100/.conda/envs/llava/lib/python3.10/site-packages/torch/utils/data/dataloader.py", line 631, in __next__
[rank0]:     data = self._next_data()
[rank0]:   File "/shared/nas/data/m1/jk100/.conda/envs/llava/lib/python3.10/site-packages/torch/utils/data/dataloader.py", line 1346, in _next_data
[rank0]:     return self._process_data(data)
[rank0]:   File "/shared/nas/data/m1/jk100/.conda/envs/llava/lib/python3.10/site-packages/torch/utils/data/dataloader.py", line 1372, in _process_data
[rank0]:     data.reraise()
[rank0]:   File "/shared/nas/data/m1/jk100/.conda/envs/llava/lib/python3.10/site-packages/torch/_utils.py", line 705, in reraise
[rank0]:     raise exception
[rank0]: IndexError: Caught IndexError in DataLoader worker process 0.
[rank0]: Original Traceback (most recent call last):
[rank0]:   File "/shared/nas/data/m1/jk100/.conda/envs/llava/lib/python3.10/site-packages/torch/utils/data/_utils/worker.py", line 308, in _worker_loop
[rank0]:     data = fetcher.fetch(index)  # type: ignore[possibly-undefined]
[rank0]:   File "/shared/nas/data/m1/jk100/.conda/envs/llava/lib/python3.10/site-packages/torch/utils/data/_utils/fetch.py", line 54, in fetch
[rank0]:     return self.collate_fn(data)
[rank0]:   File "/shared/nas2/jk100/partonomy_private/src/models/PLUM/utils/dataset.py", line 168, in collate_fn
[rank0]:     if len(per_token_label_dict_list[conv_idx]) != 0:
[rank0]: IndexError: list index out of range
[rank0]: During handling of the above exception, another exception occurred:
[rank0]: Traceback (most recent call last):
[rank0]:   File "/shared/nas/data/m1/jk100/.conda/envs/llava/lib/python3.10/site-packages/torch/utils/data/_utils/worker.py", line 308, in _worker_loop
[rank0]:     data = fetcher.fetch(index)  # type: ignore[possibly-undefined]
[rank0]:   File "/shared/nas/data/m1/jk100/.conda/envs/llava/lib/python3.10/site-packages/torch/utils/data/_utils/fetch.py", line 54, in fetch
[rank0]:     return self.collate_fn(data)
[rank0]:   File "/shared/nas2/jk100/partonomy_private/src/models/PLUM/utils/dataset.py", line 168, in collate_fn
[rank0]:     if len(per_token_label_dict_list[conv_idx]) != 0:
[rank0]: IndexError: list index out of range
[rank0]: During handling of the above exception, another exception occurred:
[rank0]: Traceback (most recent call last):
[rank0]:   File "/shared/nas/data/m1/jk100/.conda/envs/llava/lib/python3.10/site-packages/torch/utils/data/_utils/worker.py", line 308, in _worker_loop
[rank0]:     data = fetcher.fetch(index)  # type: ignore[possibly-undefined]
[rank0]:   File "/shared/nas/data/m1/jk100/.conda/envs/llava/lib/python3.10/site-packages/torch/utils/data/_utils/fetch.py", line 54, in fetch
[rank0]:     return self.collate_fn(data)
[rank0]:   File "/shared/nas2/jk100/partonomy_private/src/models/PLUM/utils/dataset.py", line 168, in collate_fn
[rank0]:     if len(per_token_label_dict_list[conv_idx]) != 0:
[rank0]: IndexError: list index out of range
[rank0]: During handling of the above exception, another exception occurred:
[rank0]: Traceback (most recent call last):
[rank0]:   File "/shared/nas/data/m1/jk100/.conda/envs/llava/lib/python3.10/site-packages/torch/utils/data/_utils/worker.py", line 308, in _worker_loop
[rank0]:     data = fetcher.fetch(index)  # type: ignore[possibly-undefined]
[rank0]:   File "/shared/nas/data/m1/jk100/.conda/envs/llava/lib/python3.10/site-packages/torch/utils/data/_utils/fetch.py", line 54, in fetch
[rank0]:     return self.collate_fn(data)
[rank0]:   File "/shared/nas2/jk100/partonomy_private/src/models/PLUM/utils/dataset.py", line 168, in collate_fn
[rank0]:     if len(per_token_label_dict_list[conv_idx]) != 0:
[rank0]: IndexError: list index out of range
[rank0]: During handling of the above exception, another exception occurred:
[rank0]: Traceback (most recent call last):
[rank0]:   File "/shared/nas/data/m1/jk100/.conda/envs/llava/lib/python3.10/site-packages/torch/utils/data/_utils/worker.py", line 308, in _worker_loop
[rank0]:     data = fetcher.fetch(index)  # type: ignore[possibly-undefined]
[rank0]:   File "/shared/nas/data/m1/jk100/.conda/envs/llava/lib/python3.10/site-packages/torch/utils/data/_utils/fetch.py", line 54, in fetch
[rank0]:     return self.collate_fn(data)
[rank0]:   File "/shared/nas2/jk100/partonomy_private/src/models/PLUM/utils/dataset.py", line 168, in collate_fn
[rank0]:     if len(per_token_label_dict_list[conv_idx]) != 0:
[rank0]: IndexError: list index out of range
[rank0]: During handling of the above exception, another exception occurred:
[rank0]: Traceback (most recent call last):
[rank0]:   File "/shared/nas/data/m1/jk100/.conda/envs/llava/lib/python3.10/site-packages/torch/utils/data/_utils/worker.py", line 308, in _worker_loop
[rank0]:     data = fetcher.fetch(index)  # type: ignore[possibly-undefined]
[rank0]:   File "/shared/nas/data/m1/jk100/.conda/envs/llava/lib/python3.10/site-packages/torch/utils/data/_utils/fetch.py", line 54, in fetch
[rank0]:     return self.collate_fn(data)
[rank0]:   File "/shared/nas2/jk100/partonomy_private/src/models/PLUM/utils/dataset.py", line 168, in collate_fn
[rank0]:     if len(per_token_label_dict_list[conv_idx]) != 0:
[rank0]: IndexError: list index out of range
[rank0]: During handling of the above exception, another exception occurred:
[rank0]: Traceback (most recent call last):
[rank0]:   File "/shared/nas/data/m1/jk100/.conda/envs/llava/lib/python3.10/site-packages/torch/utils/data/_utils/worker.py", line 308, in _worker_loop
[rank0]:     data = fetcher.fetch(index)  # type: ignore[possibly-undefined]
[rank0]:   File "/shared/nas/data/m1/jk100/.conda/envs/llava/lib/python3.10/site-packages/torch/utils/data/_utils/fetch.py", line 54, in fetch
[rank0]:     return self.collate_fn(data)
[rank0]:   File "/shared/nas2/jk100/partonomy_private/src/models/PLUM/utils/dataset.py", line 168, in collate_fn
[rank0]:     if len(per_token_label_dict_list[conv_idx]) != 0:
[rank0]: IndexError: list index out of range
[rank0]: During handling of the above exception, another exception occurred:
[rank0]: Traceback (most recent call last):
[rank0]:   File "/shared/nas/data/m1/jk100/.conda/envs/llava/lib/python3.10/site-packages/torch/utils/data/_utils/worker.py", line 308, in _worker_loop
[rank0]:     data = fetcher.fetch(index)  # type: ignore[possibly-undefined]
[rank0]:   File "/shared/nas/data/m1/jk100/.conda/envs/llava/lib/python3.10/site-packages/torch/utils/data/_utils/fetch.py", line 54, in fetch
[rank0]:     return self.collate_fn(data)
[rank0]:   File "/shared/nas2/jk100/partonomy_private/src/models/PLUM/utils/dataset.py", line 168, in collate_fn
[rank0]:     if len(per_token_label_dict_list[conv_idx]) != 0:
[rank0]: IndexError: list index out of range
[rank0]: During handling of the above exception, another exception occurred:
[rank0]: Traceback (most recent call last):
[rank0]:   File "/shared/nas/data/m1/jk100/.conda/envs/llava/lib/python3.10/site-packages/torch/utils/data/_utils/worker.py", line 308, in _worker_loop
[rank0]:     data = fetcher.fetch(index)  # type: ignore[possibly-undefined]
[rank0]:   File "/shared/nas/data/m1/jk100/.conda/envs/llava/lib/python3.10/site-packages/torch/utils/data/_utils/fetch.py", line 54, in fetch
[rank0]:     return self.collate_fn(data)
[rank0]:   File "/shared/nas2/jk100/partonomy_private/src/models/PLUM/utils/dataset.py", line 168, in collate_fn
[rank0]:     if len(per_token_label_dict_list[conv_idx]) != 0:
[rank0]: IndexError: list index out of range
[rank0]: During handling of the above exception, another exception occurred:
[rank0]: Traceback (most recent call last):
[rank0]:   File "/shared/nas/data/m1/jk100/.conda/envs/llava/lib/python3.10/site-packages/torch/utils/data/_utils/worker.py", line 308, in _worker_loop
[rank0]:     data = fetcher.fetch(index)  # type: ignore[possibly-undefined]
[rank0]:   File "/shared/nas/data/m1/jk100/.conda/envs/llava/lib/python3.10/site-packages/torch/utils/data/_utils/fetch.py", line 54, in fetch
[rank0]:     return self.collate_fn(data)
[rank0]:   File "/shared/nas2/jk100/partonomy_private/src/models/PLUM/utils/dataset.py", line 168, in collate_fn
[rank0]:     if len(per_token_label_dict_list[conv_idx]) != 0:
[rank0]: IndexError: list index out of range
[rank0]: During handling of the above exception, another exception occurred:
[rank0]: Traceback (most recent call last):
[rank0]:   File "/shared/nas/data/m1/jk100/.conda/envs/llava/lib/python3.10/site-packages/torch/utils/data/_utils/worker.py", line 308, in _worker_loop
[rank0]:     data = fetcher.fetch(index)  # type: ignore[possibly-undefined]
[rank0]:   File "/shared/nas/data/m1/jk100/.conda/envs/llava/lib/python3.10/site-packages/torch/utils/data/_utils/fetch.py", line 54, in fetch
[rank0]:     return self.collate_fn(data)
[rank0]:   File "/shared/nas2/jk100/partonomy_private/src/models/PLUM/utils/dataset.py", line 168, in collate_fn
[rank0]:     if len(per_token_label_dict_list[conv_idx]) != 0:
[rank0]: IndexError: list index out of range
[rank0]: During handling of the above exception, another exception occurred:
[rank0]: Traceback (most recent call last):
[rank0]:   File "/shared/nas/data/m1/jk100/.conda/envs/llava/lib/python3.10/site-packages/torch/utils/data/_utils/worker.py", line 308, in _worker_loop
[rank0]:     data = fetcher.fetch(index)  # type: ignore[possibly-undefined]
[rank0]:   File "/shared/nas/data/m1/jk100/.conda/envs/llava/lib/python3.10/site-packages/torch/utils/data/_utils/fetch.py", line 54, in fetch
[rank0]:     return self.collate_fn(data)
[rank0]:   File "/shared/nas2/jk100/partonomy_private/src/models/PLUM/utils/dataset.py", line 168, in collate_fn
[rank0]:     if len(per_token_label_dict_list[conv_idx]) != 0:
[rank0]: IndexError: list index out of range