2025-07-30 20:33:09,090 INFO    StreamThr :2839465 [internal.py:wandb_internal():86] W&B internal server running at pid: 2839465, started at: 2025-07-30 20:33:09.083016
2025-07-30 20:33:09,091 DEBUG   HandlerThread:2839465 [handler.py:handle_request():146] handle_request: status
2025-07-30 20:33:09,091 INFO    WriterThread:2839465 [datastore.py:open_for_write():85] open: /shared/nas2/jk100/partonomy_private/src/models/PLUM/wandb/run-20250730_203308-ob5r1w4w/run-ob5r1w4w.wandb
2025-07-30 20:33:09,107 DEBUG   SenderThread:2839465 [sender.py:send():380] send: header
2025-07-30 20:33:09,398 DEBUG   SenderThread:2839465 [sender.py:send():380] send: run
2025-07-30 20:33:09,787 INFO    SenderThread:2839465 [dir_watcher.py:__init__():211] watching files in: /shared/nas2/jk100/partonomy_private/src/models/PLUM/wandb/run-20250730_203308-ob5r1w4w/files
2025-07-30 20:33:09,787 INFO    SenderThread:2839465 [sender.py:_start_run_threads():1124] run started: ob5r1w4w with start time 1753925589.085651
2025-07-30 20:33:09,807 DEBUG   HandlerThread:2839465 [handler.py:handle_request():146] handle_request: check_version
2025-07-30 20:33:09,807 DEBUG   SenderThread:2839465 [sender.py:send_request():407] send_request: check_version
2025-07-30 20:33:09,971 DEBUG   HandlerThread:2839465 [handler.py:handle_request():146] handle_request: run_start
2025-07-30 20:33:10,416 DEBUG   HandlerThread:2839465 [system_info.py:__init__():32] System info init
2025-07-30 20:33:10,416 DEBUG   HandlerThread:2839465 [system_info.py:__init__():47] System info init done
2025-07-30 20:33:10,416 INFO    HandlerThread:2839465 [system_monitor.py:start():194] Starting system monitor
2025-07-30 20:33:10,416 INFO    SystemMonitor:2839465 [system_monitor.py:_start():158] Starting system asset monitoring threads
2025-07-30 20:33:10,417 INFO    HandlerThread:2839465 [system_monitor.py:probe():214] Collecting system info
2025-07-30 20:33:10,417 INFO    SystemMonitor:2839465 [interfaces.py:start():190] Started cpu monitoring
2025-07-30 20:33:10,417 INFO    SystemMonitor:2839465 [interfaces.py:start():190] Started disk monitoring
2025-07-30 20:33:10,418 INFO    SystemMonitor:2839465 [interfaces.py:start():190] Started gpu monitoring
2025-07-30 20:33:10,418 INFO    SystemMonitor:2839465 [interfaces.py:start():190] Started memory monitoring
2025-07-30 20:33:10,419 INFO    SystemMonitor:2839465 [interfaces.py:start():190] Started network monitoring
2025-07-30 20:33:10,491 DEBUG   HandlerThread:2839465 [system_info.py:probe():196] Probing system
2025-07-30 20:33:10,499 DEBUG   HandlerThread:2839465 [system_info.py:_probe_git():181] Probing git
2025-07-30 20:33:10,573 DEBUG   HandlerThread:2839465 [system_info.py:_probe_git():189] Probing git done
2025-07-30 20:33:10,573 DEBUG   HandlerThread:2839465 [system_info.py:probe():244] Probing system done
2025-07-30 20:33:10,573 DEBUG   HandlerThread:2839465 [system_monitor.py:probe():223] {'os': 'Linux-5.15.0-130-generic-x86_64-with-glibc2.35', 'python': '3.10.13', 'heartbeatAt': '2025-07-31T01:33:10.491701', 'startedAt': '2025-07-31T01:33:08.665933', 'docker': None, 'cuda': None, 'args': ('--local_rank=0', '--version=liuhaotian/llava-llama-2-13b-chat-lightning-preview', '--dataset_dir=/shared/nas/data/m1/jk100/code/OpenAttrLibrary/LISA/dataset', '--vision_pretrained=/shared/nas/data/m1/jk100/code/OpenAttrLibrary/LISA/weights/sam_vit_h_4b8939.pth', '--zero_shot_ckpt_path=runs/plum-13b_kld_0.1_focal_tversky_8_v1_0shot_w_reasonseg/plum-13b_kld_0.1_focal_tversky_8_v1_0shot_w_reasonseg_maxlen512_epochs25_kld_loss_0_dice_loss_8_feedback_loop_train_prompt_enc_srates_9_5_5_1_ckpt_model', '--dataset=explanatory_seg', '--explanatory_seg_data', '--partonomy_dataset_split=partimagenet', '--sample_one_question_per_image', '--random_seed=42', '--sample_rates=1', '--batch_size=8', '--grad_accumulation_steps', '10', '--ce_loss_weight=1.0', '--dice_type=focal_tversky', '--dice_loss_weight=8', '--bce_loss_weight=2.0', '--kld_loss_weight=0.1', '--seg_cls_loss_weight=2', '--exp_name=plum-13b_kld_0.1_focal_tversky_8_rebuttal_partonomy_ft', '--precision=bf16', '--model_max_length', '512', '--dice_scale_factor', '1000.0', '--epochs', '5', '--train_mask_prompt_encoder', '--focal_tversky_alpha=0.7', '--focal_tversky_beta=0.3', '--bidir_dim_feedforward', '2048', '--lr', '3e-4', '--auto_resume'), 'state': 'running', 'program': '/shared/nas2/jk100/partonomy_private/src/models/PLUM/plum_train_ds.py', 'codePathLocal': 'plum_train_ds.py', 'codePath': 'src/models/PLUM/plum_train_ds.py', 'git': {'remote': 'https://github.com/AnselBlume/partonomy_private.git', 'commit': '14ae848069de599095aefc5f7e35a9de5d57271f'}, 'email': 'jeonghwankim123@gmail.com', 'root': '/shared/nas2/jk100/partonomy_private', 'host': 'blender15.cs.illinois.edu', 'username': 'jk100', 'executable': '/shared/nas/data/m1/jk100/.conda/envs/llava/bin/python', 'cpu_count': 64, 'cpu_count_logical': 128, 'cpu_freq': {'current': 2113.8528125000003, 'min': 0.0, 'max': 0.0}, 'cpu_freq_per_core': [{'current': 2100.0, 'min': 0.0, 'max': 0.0}, {'current': 2100.0, 'min': 0.0, 'max': 0.0}, {'current': 2100.0, 'min': 0.0, 'max': 0.0}, {'current': 2100.0, 'min': 0.0, 'max': 0.0}, {'current': 2100.0, 'min': 0.0, 'max': 0.0}, {'current': 2100.0, 'min': 0.0, 'max': 0.0}, {'current': 2989.826, 'min': 0.0, 'max': 0.0}, {'current': 2100.0, 'min': 0.0, 'max': 0.0}, {'current': 2100.0, 'min': 0.0, 'max': 0.0}, {'current': 2100.0, 'min': 0.0, 'max': 0.0}, {'current': 2100.0, 'min': 0.0, 'max': 0.0}, {'current': 2100.0, 'min': 0.0, 'max': 0.0}, {'current': 2100.0, 'min': 0.0, 'max': 0.0}, {'current': 2100.0, 'min': 0.0, 'max': 0.0}, {'current': 2100.0, 'min': 0.0, 'max': 0.0}, {'current': 2100.0, 'min': 0.0, 'max': 0.0}, {'current': 2100.0, 'min': 0.0, 'max': 0.0}, {'current': 2100.0, 'min': 0.0, 'max': 0.0}, {'current': 2100.0, 'min': 0.0, 'max': 0.0}, {'current': 2100.0, 'min': 0.0, 'max': 0.0}, {'current': 2100.0, 'min': 0.0, 'max': 0.0}, {'current': 2995.433, 'min': 0.0, 'max': 0.0}, {'current': 2100.0, 'min': 0.0, 'max': 0.0}, {'current': 2100.0, 'min': 0.0, 'max': 0.0}, {'current': 2100.0, 'min': 0.0, 'max': 0.0}, {'current': 2100.0, 'min': 0.0, 'max': 0.0}, {'current': 2100.0, 'min': 0.0, 'max': 0.0}, {'current': 2100.0, 'min': 0.0, 'max': 0.0}, {'current': 2100.0, 'min': 0.0, 'max': 0.0}, {'current': 2100.0, 'min': 0.0, 'max': 0.0}, {'current': 2100.0, 'min': 0.0, 'max': 0.0}, {'current': 2100.0, 'min': 0.0, 'max': 0.0}, {'current': 2100.0, 'min': 0.0, 'max': 0.0}, {'current': 2100.0, 'min': 0.0, 'max': 0.0}, {'current': 2100.0, 'min': 0.0, 'max': 0.0}, {'current': 2100.0, 'min': 0.0, 'max': 0.0}, {'current': 2100.0, 'min': 0.0, 'max': 0.0}, {'current': 2100.0, 'min': 0.0, 'max': 0.0}, {'current': 2100.0, 'min': 0.0, 'max': 0.0}, {'current': 2100.0, 'min': 0.0, 'max': 0.0}, {'current': 2100.0, 'min': 0.0, 'max': 0.0}, {'current': 2100.0, 'min': 0.0, 'max': 0.0}, {'current': 2100.0, 'min': 0.0, 'max': 0.0}, {'current': 2100.0, 'min': 0.0, 'max': 0.0}, {'current': 2100.0, 'min': 0.0, 'max': 0.0}, {'current': 2100.0, 'min': 0.0, 'max': 0.0}, {'current': 2100.0, 'min': 0.0, 'max': 0.0}, {'current': 2100.0, 'min': 0.0, 'max': 0.0}, {'current': 2100.0, 'min': 0.0, 'max': 0.0}, {'current': 2100.0, 'min': 0.0, 'max': 0.0}, {'current': 2100.0, 'min': 0.0, 'max': 0.0}, {'current': 2100.0, 'min': 0.0, 'max': 0.0}, {'current': 2100.0, 'min': 0.0, 'max': 0.0}, {'current': 2100.0, 'min': 0.0, 'max': 0.0}, {'current': 2100.0, 'min': 0.0, 'max': 0.0}, {'current': 2100.0, 'min': 0.0, 'max': 0.0}, {'current': 2100.0, 'min': 0.0, 'max': 0.0}, {'current': 2100.0, 'min': 0.0, 'max': 0.0}, {'current': 2100.0, 'min': 0.0, 'max': 0.0}, {'current': 2100.0, 'min': 0.0, 'max': 0.0}, {'current': 2100.0, 'min': 0.0, 'max': 0.0}, {'current': 2100.0, 'min': 0.0, 'max': 0.0}, {'current': 2100.0, 'min': 0.0, 'max': 0.0}, {'current': 2100.0, 'min': 0.0, 'max': 0.0}, {'current': 2100.0, 'min': 0.0, 'max': 0.0}, {'current': 2100.0, 'min': 0.0, 'max': 0.0}, {'current': 2100.0, 'min': 0.0, 'max': 0.0}, {'current': 2100.0, 'min': 0.0, 'max': 0.0}, {'current': 2100.0, 'min': 0.0, 'max': 0.0}, {'current': 2100.0, 'min': 0.0, 'max': 0.0}, {'current': 2100.0, 'min': 0.0, 'max': 0.0}, {'current': 2100.0, 'min': 0.0, 'max': 0.0}, {'current': 2100.0, 'min': 0.0, 'max': 0.0}, {'current': 2100.0, 'min': 0.0, 'max': 0.0}, {'current': 2100.0, 'min': 0.0, 'max': 0.0}, {'current': 2100.0, 'min': 0.0, 'max': 0.0}, {'current': 2100.0, 'min': 0.0, 'max': 0.0}, {'current': 2100.0, 'min': 0.0, 'max': 0.0}, {'current': 2100.0, 'min': 0.0, 'max': 0.0}, {'current': 2100.0, 'min': 0.0, 'max': 0.0}, {'current': 2100.0, 'min': 0.0, 'max': 0.0}, {'current': 2100.0, 'min': 0.0, 'max': 0.0}, {'current': 2100.0, 'min': 0.0, 'max': 0.0}, {'current': 2100.0, 'min': 0.0, 'max': 0.0}, {'current': 2100.0, 'min': 0.0, 'max': 0.0}, {'current': 2100.0, 'min': 0.0, 'max': 0.0}, {'current': 2977.013, 'min': 0.0, 'max': 0.0}, {'current': 2100.0, 'min': 0.0, 'max': 0.0}, {'current': 2100.0, 'min': 0.0, 'max': 0.0}, {'current': 2100.0, 'min': 0.0, 'max': 0.0}, {'current': 2100.0, 'min': 0.0, 'max': 0.0}, {'current': 2100.0, 'min': 0.0, 'max': 0.0}, {'current': 2100.0, 'min': 0.0, 'max': 0.0}, {'current': 2997.262, 'min': 0.0, 'max': 0.0}, {'current': 2100.0, 'min': 0.0, 'max': 0.0}, {'current': 2835.782, 'min': 0.0, 'max': 0.0}, {'current': 2100.0, 'min': 0.0, 'max': 0.0}, {'current': 2100.0, 'min': 0.0, 'max': 0.0}, {'current': 2100.0, 'min': 0.0, 'max': 0.0}, {'current': 2100.0, 'min': 0.0, 'max': 0.0}, {'current': 2100.0, 'min': 0.0, 'max': 0.0}, {'current': 2100.0, 'min': 0.0, 'max': 0.0}, {'current': 2100.0, 'min': 0.0, 'max': 0.0}, {'current': 2100.0, 'min': 0.0, 'max': 0.0}, {'current': 2100.0, 'min': 0.0, 'max': 0.0}, {'current': 2100.0, 'min': 0.0, 'max': 0.0}, {'current': 2944.499, 'min': 0.0, 'max': 0.0}, {'current': 2100.0, 'min': 0.0, 'max': 0.0}, {'current': 2100.0, 'min': 0.0, 'max': 0.0}, {'current': 2100.0, 'min': 0.0, 'max': 0.0}, {'current': 2100.0, 'min': 0.0, 'max': 0.0}, {'current': 2100.0, 'min': 0.0, 'max': 0.0}, {'current': 2100.0, 'min': 0.0, 'max': 0.0}, {'current': 2100.0, 'min': 0.0, 'max': 0.0}, {'current': 2100.0, 'min': 0.0, 'max': 0.0}, {'current': 2100.0, 'min': 0.0, 'max': 0.0}, {'current': 2100.0, 'min': 0.0, 'max': 0.0}, {'current': 2100.0, 'min': 0.0, 'max': 0.0}, {'current': 2100.0, 'min': 0.0, 'max': 0.0}, {'current': 2100.0, 'min': 0.0, 'max': 0.0}, {'current': 2100.0, 'min': 0.0, 'max': 0.0}, {'current': 2100.0, 'min': 0.0, 'max': 0.0}, {'current': 2100.0, 'min': 0.0, 'max': 0.0}, {'current': 2100.0, 'min': 0.0, 'max': 0.0}, {'current': 2100.0, 'min': 0.0, 'max': 0.0}, {'current': 2100.0, 'min': 0.0, 'max': 0.0}, {'current': 2100.0, 'min': 0.0, 'max': 0.0}, {'current': 2100.0, 'min': 0.0, 'max': 0.0}], 'disk': {'/': {'total': 428.1472702026367, 'used': 227.93147659301758}}, 'gpu': 'NVIDIA H100 80GB HBM3', 'gpu_count': 8, 'gpu_devices': [{'name': 'NVIDIA H100 80GB HBM3', 'memory_total': 85520809984}, {'name': 'NVIDIA H100 80GB HBM3', 'memory_total': 85520809984}, {'name': 'NVIDIA H100 80GB HBM3', 'memory_total': 85520809984}, {'name': 'NVIDIA H100 80GB HBM3', 'memory_total': 85520809984}, {'name': 'NVIDIA H100 80GB HBM3', 'memory_total': 85520809984}, {'name': 'NVIDIA H100 80GB HBM3', 'memory_total': 85520809984}, {'name': 'NVIDIA H100 80GB HBM3', 'memory_total': 85520809984}, {'name': 'NVIDIA H100 80GB HBM3', 'memory_total': 85520809984}], 'memory': {'total': 1007.3801879882812}}
2025-07-30 20:33:10,573 INFO    HandlerThread:2839465 [system_monitor.py:probe():224] Finished collecting system info
2025-07-30 20:33:10,573 INFO    HandlerThread:2839465 [system_monitor.py:probe():227] Publishing system info
2025-07-30 20:33:10,573 DEBUG   HandlerThread:2839465 [system_info.py:_save_pip():52] Saving list of pip packages installed into the current environment
2025-07-30 20:33:10,589 DEBUG   HandlerThread:2839465 [system_info.py:_save_pip():68] Saving pip packages done
2025-07-30 20:33:10,590 DEBUG   HandlerThread:2839465 [system_info.py:_save_conda():75] Saving list of conda packages installed into the current environment
2025-07-30 20:33:10,802 INFO    Thread-12 :2839465 [dir_watcher.py:_on_file_created():271] file/dir created: /shared/nas2/jk100/partonomy_private/src/models/PLUM/wandb/run-20250730_203308-ob5r1w4w/files/conda-environment.yaml
2025-07-30 20:33:10,802 INFO    Thread-12 :2839465 [dir_watcher.py:_on_file_created():271] file/dir created: /shared/nas2/jk100/partonomy_private/src/models/PLUM/wandb/run-20250730_203308-ob5r1w4w/files/requirements.txt
2025-07-30 20:33:16,003 DEBUG   HandlerThread:2839465 [system_info.py:_save_conda():87] Saving conda packages done
2025-07-30 20:33:16,005 INFO    HandlerThread:2839465 [system_monitor.py:probe():229] Finished publishing system info
2025-07-30 20:33:16,011 DEBUG   HandlerThread:2839465 [handler.py:handle_request():146] handle_request: status_report
2025-07-30 20:33:16,011 DEBUG   HandlerThread:2839465 [handler.py:handle_request():146] handle_request: keepalive
2025-07-30 20:33:16,012 DEBUG   SenderThread:2839465 [sender.py:send():380] send: files
2025-07-30 20:33:16,012 INFO    SenderThread:2839465 [sender.py:_save_file():1380] saving file wandb-metadata.json with policy now
2025-07-30 20:33:16,017 DEBUG   HandlerThread:2839465 [handler.py:handle_request():146] handle_request: stop_status
2025-07-30 20:33:16,017 DEBUG   SenderThread:2839465 [sender.py:send_request():407] send_request: stop_status
2025-07-30 20:33:16,018 DEBUG   HandlerThread:2839465 [handler.py:handle_request():146] handle_request: internal_messages
2025-07-30 20:33:16,137 DEBUG   SenderThread:2839465 [sender.py:send():380] send: telemetry
2025-07-30 20:33:16,308 INFO    wandb-upload_0:2839465 [upload_job.py:push():131] Uploaded file /tmp/tmpm1c3v_gywandb/1zut14ls-wandb-metadata.json
2025-07-30 20:33:16,804 INFO    Thread-12 :2839465 [dir_watcher.py:_on_file_modified():288] file/dir modified: /shared/nas2/jk100/partonomy_private/src/models/PLUM/wandb/run-20250730_203308-ob5r1w4w/files/conda-environment.yaml
2025-07-30 20:33:16,805 INFO    Thread-12 :2839465 [dir_watcher.py:_on_file_created():271] file/dir created: /shared/nas2/jk100/partonomy_private/src/models/PLUM/wandb/run-20250730_203308-ob5r1w4w/files/wandb-metadata.json
2025-07-30 20:33:16,805 INFO    Thread-12 :2839465 [dir_watcher.py:_on_file_created():271] file/dir created: /shared/nas2/jk100/partonomy_private/src/models/PLUM/wandb/run-20250730_203308-ob5r1w4w/files/output.log
2025-07-30 20:33:18,819 INFO    Thread-12 :2839465 [dir_watcher.py:_on_file_modified():288] file/dir modified: /shared/nas2/jk100/partonomy_private/src/models/PLUM/wandb/run-20250730_203308-ob5r1w4w/files/output.log
2025-07-30 20:33:20,144 DEBUG   HandlerThread:2839465 [handler.py:handle_request():146] handle_request: status_report
2025-07-30 20:33:25,145 DEBUG   HandlerThread:2839465 [handler.py:handle_request():146] handle_request: status_report
2025-07-30 20:33:30,145 DEBUG   HandlerThread:2839465 [handler.py:handle_request():146] handle_request: status_report
2025-07-30 20:33:31,017 DEBUG   HandlerThread:2839465 [handler.py:handle_request():146] handle_request: stop_status
2025-07-30 20:33:31,018 DEBUG   SenderThread:2839465 [sender.py:send_request():407] send_request: stop_status
2025-07-30 20:33:31,019 DEBUG   HandlerThread:2839465 [handler.py:handle_request():146] handle_request: internal_messages
2025-07-30 20:33:36,090 DEBUG   HandlerThread:2839465 [handler.py:handle_request():146] handle_request: status_report
2025-07-30 20:33:41,094 DEBUG   HandlerThread:2839465 [handler.py:handle_request():146] handle_request: status_report
2025-07-30 20:33:41,127 ERROR   SenderThread:2839465 [internal_api.py:execute():370] 409 response executing GraphQL.
2025-07-30 20:33:41,128 ERROR   SenderThread:2839465 [internal_api.py:execute():371] {"errors":[{"message":"run ob5r1w4w was previously created and deleted; try a new run id","path":["upsertBucket"]}],"data":{"upsertBucket":null}}
2025-07-30 20:33:42,305 ERROR   SenderThread:2839465 [internal_api.py:execute():370] 409 response executing GraphQL.
2025-07-30 20:33:42,305 ERROR   SenderThread:2839465 [internal_api.py:execute():371] {"errors":[{"message":"run ob5r1w4w was previously created and deleted; try a new run id","path":["upsertBucket"]}],"data":{"upsertBucket":null}}
2025-07-30 20:33:44,585 ERROR   SenderThread:2839465 [internal_api.py:execute():370] 409 response executing GraphQL.
2025-07-30 20:33:44,585 ERROR   SenderThread:2839465 [internal_api.py:execute():371] {"errors":[{"message":"run ob5r1w4w was previously created and deleted; try a new run id","path":["upsertBucket"]}],"data":{"upsertBucket":null}}
2025-07-30 20:33:44,586 INFO    SenderThread:2839465 [retry.py:__call__():172] Retry attempt failed:
Traceback (most recent call last):
  File "/shared/nas/data/m1/jk100/.conda/envs/llava/lib/python3.10/site-packages/wandb/sdk/lib/retry.py", line 131, in __call__
    result = self._call_fn(*args, **kwargs)
  File "/shared/nas/data/m1/jk100/.conda/envs/llava/lib/python3.10/site-packages/wandb/sdk/internal/internal_api.py", line 366, in execute
    return self.client.execute(*args, **kwargs)  # type: ignore
  File "/shared/nas/data/m1/jk100/.conda/envs/llava/lib/python3.10/site-packages/wandb/vendor/gql-0.2.0/wandb_gql/client.py", line 52, in execute
    result = self._get_result(document, *args, **kwargs)
  File "/shared/nas/data/m1/jk100/.conda/envs/llava/lib/python3.10/site-packages/wandb/vendor/gql-0.2.0/wandb_gql/client.py", line 60, in _get_result
    return self.transport.execute(document, *args, **kwargs)
  File "/shared/nas/data/m1/jk100/.conda/envs/llava/lib/python3.10/site-packages/wandb/sdk/lib/gql_request.py", line 59, in execute
    request.raise_for_status()
  File "/shared/nas/data/m1/jk100/.conda/envs/llava/lib/python3.10/site-packages/requests/models.py", line 1021, in raise_for_status
    raise HTTPError(http_error_msg, response=self)
requests.exceptions.HTTPError: 409 Client Error: Conflict for url: https://api.wandb.ai/graphql
2025-07-30 20:33:46,017 DEBUG   HandlerThread:2839465 [handler.py:handle_request():146] handle_request: stop_status
2025-07-30 20:33:46,058 DEBUG   HandlerThread:2839465 [handler.py:handle_request():146] handle_request: internal_messages
2025-07-30 20:33:49,216 ERROR   SenderThread:2839465 [internal_api.py:execute():370] 409 response executing GraphQL.
2025-07-30 20:33:49,216 ERROR   SenderThread:2839465 [internal_api.py:execute():371] {"errors":[{"message":"run ob5r1w4w was previously created and deleted; try a new run id","path":["upsertBucket"]}],"data":{"upsertBucket":null}}
2025-07-30 20:33:52,018 DEBUG   HandlerThread:2839465 [handler.py:handle_request():146] handle_request: keepalive
2025-07-30 20:33:57,018 DEBUG   HandlerThread:2839465 [handler.py:handle_request():146] handle_request: keepalive
2025-07-30 20:33:58,532 ERROR   SenderThread:2839465 [internal_api.py:execute():370] 409 response executing GraphQL.
2025-07-30 20:33:58,532 ERROR   SenderThread:2839465 [internal_api.py:execute():371] {"errors":[{"message":"run ob5r1w4w was previously created and deleted; try a new run id","path":["upsertBucket"]}],"data":{"upsertBucket":null}}
2025-07-30 20:34:01,018 DEBUG   HandlerThread:2839465 [handler.py:handle_request():146] handle_request: internal_messages
2025-07-30 20:34:06,019 DEBUG   HandlerThread:2839465 [handler.py:handle_request():146] handle_request: keepalive
2025-07-30 20:34:10,419 DEBUG   SystemMonitor:2839465 [system_monitor.py:_start():172] Starting system metrics aggregation loop
2025-07-30 20:34:11,020 DEBUG   HandlerThread:2839465 [handler.py:handle_request():146] handle_request: keepalive
2025-07-30 20:34:16,018 DEBUG   HandlerThread:2839465 [handler.py:handle_request():146] handle_request: internal_messages
2025-07-30 20:34:17,931 ERROR   SenderThread:2839465 [internal_api.py:execute():370] 409 response executing GraphQL.
2025-07-30 20:34:17,931 ERROR   SenderThread:2839465 [internal_api.py:execute():371] {"errors":[{"message":"run ob5r1w4w was previously created and deleted; try a new run id","path":["upsertBucket"]}],"data":{"upsertBucket":null}}
2025-07-30 20:34:21,021 DEBUG   HandlerThread:2839465 [handler.py:handle_request():146] handle_request: keepalive
2025-07-30 20:34:26,021 DEBUG   HandlerThread:2839465 [handler.py:handle_request():146] handle_request: keepalive
2025-07-30 20:34:31,019 DEBUG   HandlerThread:2839465 [handler.py:handle_request():146] handle_request: internal_messages
2025-07-30 20:34:36,023 DEBUG   HandlerThread:2839465 [handler.py:handle_request():146] handle_request: keepalive
2025-07-30 20:34:41,023 DEBUG   HandlerThread:2839465 [handler.py:handle_request():146] handle_request: keepalive
2025-07-30 20:34:46,019 DEBUG   HandlerThread:2839465 [handler.py:handle_request():146] handle_request: internal_messages
2025-07-30 20:34:51,024 DEBUG   HandlerThread:2839465 [handler.py:handle_request():146] handle_request: keepalive
2025-07-30 20:34:56,017 ERROR   SenderThread:2839465 [internal_api.py:execute():370] 409 response executing GraphQL.
2025-07-30 20:34:56,017 ERROR   SenderThread:2839465 [internal_api.py:execute():371] {"errors":[{"message":"run ob5r1w4w was previously created and deleted; try a new run id","path":["upsertBucket"]}],"data":{"upsertBucket":null}}
2025-07-30 20:34:56,042 DEBUG   HandlerThread:2839465 [handler.py:handle_request():146] handle_request: keepalive
2025-07-30 20:35:01,019 DEBUG   HandlerThread:2839465 [handler.py:handle_request():146] handle_request: internal_messages
2025-07-30 20:35:06,026 DEBUG   HandlerThread:2839465 [handler.py:handle_request():146] handle_request: keepalive
2025-07-30 20:35:11,027 DEBUG   HandlerThread:2839465 [handler.py:handle_request():146] handle_request: keepalive
2025-07-30 20:35:16,019 DEBUG   HandlerThread:2839465 [handler.py:handle_request():146] handle_request: internal_messages
2025-07-30 20:35:21,028 DEBUG   HandlerThread:2839465 [handler.py:handle_request():146] handle_request: keepalive
2025-07-30 20:35:26,028 DEBUG   HandlerThread:2839465 [handler.py:handle_request():146] handle_request: keepalive
2025-07-30 20:35:31,019 DEBUG   HandlerThread:2839465 [handler.py:handle_request():146] handle_request: internal_messages
2025-07-30 20:35:36,031 DEBUG   HandlerThread:2839465 [handler.py:handle_request():146] handle_request: keepalive
2025-07-30 20:35:41,031 DEBUG   HandlerThread:2839465 [handler.py:handle_request():146] handle_request: keepalive
2025-07-30 20:35:46,019 DEBUG   HandlerThread:2839465 [handler.py:handle_request():146] handle_request: internal_messages
2025-07-30 20:35:51,033 DEBUG   HandlerThread:2839465 [handler.py:handle_request():146] handle_request: keepalive
2025-07-30 20:35:56,033 DEBUG   HandlerThread:2839465 [handler.py:handle_request():146] handle_request: keepalive
2025-07-30 20:36:01,019 DEBUG   HandlerThread:2839465 [handler.py:handle_request():146] handle_request: internal_messages
2025-07-30 20:36:06,034 DEBUG   HandlerThread:2839465 [handler.py:handle_request():146] handle_request: keepalive
2025-07-30 20:36:08,274 ERROR   SenderThread:2839465 [internal_api.py:execute():370] 409 response executing GraphQL.
2025-07-30 20:36:08,274 ERROR   SenderThread:2839465 [internal_api.py:execute():371] {"errors":[{"message":"run ob5r1w4w was previously created and deleted; try a new run id","path":["upsertBucket"]}],"data":{"upsertBucket":null}}
2025-07-30 20:36:08,431 INFO    WriterThread:2839465 [datastore.py:close():294] close: /shared/nas2/jk100/partonomy_private/src/models/PLUM/wandb/run-20250730_203308-ob5r1w4w/run-ob5r1w4w.wandb
2025-07-30 20:36:09,035 INFO    HandlerThread:2839465 [handler.py:finish():866] shutting down handler
2025-07-30 20:36:09,035 INFO    HandlerThread:2839465 [system_monitor.py:finish():203] Stopping system monitor
2025-07-30 20:36:09,035 DEBUG   SystemMonitor:2839465 [system_monitor.py:_start():179] Finished system metrics aggregation loop
2025-07-30 20:36:09,036 INFO    HandlerThread:2839465 [interfaces.py:finish():202] Joined cpu monitor
2025-07-30 20:36:09,036 DEBUG   SystemMonitor:2839465 [system_monitor.py:_start():183] Publishing last batch of metrics
2025-07-30 20:36:09,036 INFO    HandlerThread:2839465 [interfaces.py:finish():202] Joined disk monitor
2025-07-30 20:36:11,001 INFO    HandlerThread:2839465 [interfaces.py:finish():202] Joined gpu monitor
2025-07-30 20:36:11,001 INFO    HandlerThread:2839465 [interfaces.py:finish():202] Joined memory monitor
2025-07-30 20:36:11,001 INFO    HandlerThread:2839465 [interfaces.py:finish():202] Joined network monitor
2025-07-30 20:36:11,001 ERROR   StreamThr :2839465 [internal.py:wandb_internal():174] Thread SenderThread:
Traceback (most recent call last):
  File "/shared/nas/data/m1/jk100/.conda/envs/llava/lib/python3.10/site-packages/wandb/apis/normalize.py", line 41, in wrapper
    return func(*args, **kwargs)
  File "/shared/nas/data/m1/jk100/.conda/envs/llava/lib/python3.10/site-packages/wandb/sdk/internal/internal_api.py", line 2008, in upsert_run
    response = self.gql(
  File "/shared/nas/data/m1/jk100/.conda/envs/llava/lib/python3.10/site-packages/wandb/sdk/internal/internal_api.py", line 338, in gql
    ret = self._retry_gql(
  File "/shared/nas/data/m1/jk100/.conda/envs/llava/lib/python3.10/site-packages/wandb/sdk/lib/retry.py", line 131, in __call__
    result = self._call_fn(*args, **kwargs)
  File "/shared/nas/data/m1/jk100/.conda/envs/llava/lib/python3.10/site-packages/wandb/sdk/internal/internal_api.py", line 366, in execute
    return self.client.execute(*args, **kwargs)  # type: ignore
  File "/shared/nas/data/m1/jk100/.conda/envs/llava/lib/python3.10/site-packages/wandb/vendor/gql-0.2.0/wandb_gql/client.py", line 52, in execute
    result = self._get_result(document, *args, **kwargs)
  File "/shared/nas/data/m1/jk100/.conda/envs/llava/lib/python3.10/site-packages/wandb/vendor/gql-0.2.0/wandb_gql/client.py", line 60, in _get_result
    return self.transport.execute(document, *args, **kwargs)
  File "/shared/nas/data/m1/jk100/.conda/envs/llava/lib/python3.10/site-packages/wandb/sdk/lib/gql_request.py", line 59, in execute
    request.raise_for_status()
  File "/shared/nas/data/m1/jk100/.conda/envs/llava/lib/python3.10/site-packages/requests/models.py", line 1021, in raise_for_status
    raise HTTPError(http_error_msg, response=self)
requests.exceptions.HTTPError: 409 Client Error: Conflict for url: https://api.wandb.ai/graphql

During handling of the above exception, another exception occurred:

Traceback (most recent call last):
  File "/shared/nas/data/m1/jk100/.conda/envs/llava/lib/python3.10/site-packages/wandb/sdk/internal/internal_util.py", line 49, in run
    self._run()
  File "/shared/nas/data/m1/jk100/.conda/envs/llava/lib/python3.10/site-packages/wandb/sdk/internal/internal_util.py", line 93, in _run
    self._debounce()
  File "/shared/nas/data/m1/jk100/.conda/envs/llava/lib/python3.10/site-packages/wandb/sdk/internal/internal.py", line 334, in _debounce
    self._sm.debounce()
  File "/shared/nas/data/m1/jk100/.conda/envs/llava/lib/python3.10/site-packages/wandb/sdk/internal/sender.py", line 538, in debounce
    self._maybe_update_config(always=final)
  File "/shared/nas/data/m1/jk100/.conda/envs/llava/lib/python3.10/site-packages/wandb/sdk/internal/sender.py", line 515, in _maybe_update_config
    self._debounce_config()
  File "/shared/nas/data/m1/jk100/.conda/envs/llava/lib/python3.10/site-packages/wandb/sdk/internal/sender.py", line 544, in _debounce_config
    self._api.upsert_run(
  File "/shared/nas/data/m1/jk100/.conda/envs/llava/lib/python3.10/site-packages/wandb/apis/normalize.py", line 51, in wrapper
    raise CommError(message, error)
wandb.errors.CommError: run ob5r1w4w was previously created and deleted; try a new run id (Error 409: Conflict)
