You are using the legacy behaviour of the <class 'transformers.models.llama.tokenization_llama.LlamaTokenizer'>. This means that tokens that come after special tokens will not be properly handled. We recommend you to read the related pull request available at https://github.com/huggingface/transformers/pull/24565



Loading checkpoint shards: 100%|███████████████████████████████████████████████████████████████████████████████████████████████████████████████████████████| 3/3 [03:48<00:00, 76.26s/it]
trainable params: 6,553,600 || all params: 14,025,701,683 || trainable%: 0.0467256480147682
n:  base_model.model.model.embed_tokens.weight p.shape:  torch.Size([32002, 5120])
n:  base_model.model.model.visual_model.mask_decoder.transformer.layers.0.self_attn.q_proj.weight p.shape:  torch.Size([256, 256])
n:  base_model.model.model.visual_model.mask_decoder.transformer.layers.0.self_attn.q_proj.bias p.shape:  torch.Size([256])
n:  base_model.model.model.visual_model.mask_decoder.transformer.layers.0.self_attn.k_proj.weight p.shape:  torch.Size([256, 256])
n:  base_model.model.model.visual_model.mask_decoder.transformer.layers.0.self_attn.k_proj.bias p.shape:  torch.Size([256])
n:  base_model.model.model.visual_model.mask_decoder.transformer.layers.0.self_attn.v_proj.weight p.shape:  torch.Size([256, 256])
n:  base_model.model.model.visual_model.mask_decoder.transformer.layers.0.self_attn.v_proj.bias p.shape:  torch.Size([256])
n:  base_model.model.model.visual_model.mask_decoder.transformer.layers.0.self_attn.out_proj.weight p.shape:  torch.Size([256, 256])
n:  base_model.model.model.visual_model.mask_decoder.transformer.layers.0.self_attn.out_proj.bias p.shape:  torch.Size([256])
n:  base_model.model.model.visual_model.mask_decoder.transformer.layers.0.norm1.weight p.shape:  torch.Size([256])
n:  base_model.model.model.visual_model.mask_decoder.transformer.layers.0.norm1.bias p.shape:  torch.Size([256])
n:  base_model.model.model.visual_model.mask_decoder.transformer.layers.0.cross_attn_token_to_image.q_proj.weight p.shape:  torch.Size([128, 256])
n:  base_model.model.model.visual_model.mask_decoder.transformer.layers.0.cross_attn_token_to_image.q_proj.bias p.shape:  torch.Size([128])
n:  base_model.model.model.visual_model.mask_decoder.transformer.layers.0.cross_attn_token_to_image.k_proj.weight p.shape:  torch.Size([128, 256])
n:  base_model.model.model.visual_model.mask_decoder.transformer.layers.0.cross_attn_token_to_image.k_proj.bias p.shape:  torch.Size([128])
n:  base_model.model.model.visual_model.mask_decoder.transformer.layers.0.cross_attn_token_to_image.v_proj.weight p.shape:  torch.Size([128, 256])
n:  base_model.model.model.visual_model.mask_decoder.transformer.layers.0.cross_attn_token_to_image.v_proj.bias p.shape:  torch.Size([128])
n:  base_model.model.model.visual_model.mask_decoder.transformer.layers.0.cross_attn_token_to_image.out_proj.weight p.shape:  torch.Size([256, 128])
n:  base_model.model.model.visual_model.mask_decoder.transformer.layers.0.cross_attn_token_to_image.out_proj.bias p.shape:  torch.Size([256])
n:  base_model.model.model.visual_model.mask_decoder.transformer.layers.0.norm2.weight p.shape:  torch.Size([256])
n:  base_model.model.model.visual_model.mask_decoder.transformer.layers.0.norm2.bias p.shape:  torch.Size([256])
n:  base_model.model.model.visual_model.mask_decoder.transformer.layers.0.mlp.lin1.weight p.shape:  torch.Size([2048, 256])
n:  base_model.model.model.visual_model.mask_decoder.transformer.layers.0.mlp.lin1.bias p.shape:  torch.Size([2048])
n:  base_model.model.model.visual_model.mask_decoder.transformer.layers.0.mlp.lin2.weight p.shape:  torch.Size([256, 2048])
n:  base_model.model.model.visual_model.mask_decoder.transformer.layers.0.mlp.lin2.bias p.shape:  torch.Size([256])
n:  base_model.model.model.visual_model.mask_decoder.transformer.layers.0.norm3.weight p.shape:  torch.Size([256])
n:  base_model.model.model.visual_model.mask_decoder.transformer.layers.0.norm3.bias p.shape:  torch.Size([256])
n:  base_model.model.model.visual_model.mask_decoder.transformer.layers.0.norm4.weight p.shape:  torch.Size([256])
n:  base_model.model.model.visual_model.mask_decoder.transformer.layers.0.norm4.bias p.shape:  torch.Size([256])
n:  base_model.model.model.visual_model.mask_decoder.transformer.layers.0.cross_attn_image_to_token.q_proj.weight p.shape:  torch.Size([128, 256])
n:  base_model.model.model.visual_model.mask_decoder.transformer.layers.0.cross_attn_image_to_token.q_proj.bias p.shape:  torch.Size([128])
n:  base_model.model.model.visual_model.mask_decoder.transformer.layers.0.cross_attn_image_to_token.k_proj.weight p.shape:  torch.Size([128, 256])
n:  base_model.model.model.visual_model.mask_decoder.transformer.layers.0.cross_attn_image_to_token.k_proj.bias p.shape:  torch.Size([128])
n:  base_model.model.model.visual_model.mask_decoder.transformer.layers.0.cross_attn_image_to_token.v_proj.weight p.shape:  torch.Size([128, 256])
n:  base_model.model.model.visual_model.mask_decoder.transformer.layers.0.cross_attn_image_to_token.v_proj.bias p.shape:  torch.Size([128])
n:  base_model.model.model.visual_model.mask_decoder.transformer.layers.0.cross_attn_image_to_token.out_proj.weight p.shape:  torch.Size([256, 128])
n:  base_model.model.model.visual_model.mask_decoder.transformer.layers.0.cross_attn_image_to_token.out_proj.bias p.shape:  torch.Size([256])
n:  base_model.model.model.visual_model.mask_decoder.transformer.layers.1.self_attn.q_proj.weight p.shape:  torch.Size([256, 256])
n:  base_model.model.model.visual_model.mask_decoder.transformer.layers.1.self_attn.q_proj.bias p.shape:  torch.Size([256])
n:  base_model.model.model.visual_model.mask_decoder.transformer.layers.1.self_attn.k_proj.weight p.shape:  torch.Size([256, 256])
n:  base_model.model.model.visual_model.mask_decoder.transformer.layers.1.self_attn.k_proj.bias p.shape:  torch.Size([256])
n:  base_model.model.model.visual_model.mask_decoder.transformer.layers.1.self_attn.v_proj.weight p.shape:  torch.Size([256, 256])
n:  base_model.model.model.visual_model.mask_decoder.transformer.layers.1.self_attn.v_proj.bias p.shape:  torch.Size([256])
n:  base_model.model.model.visual_model.mask_decoder.transformer.layers.1.self_attn.out_proj.weight p.shape:  torch.Size([256, 256])
n:  base_model.model.model.visual_model.mask_decoder.transformer.layers.1.self_attn.out_proj.bias p.shape:  torch.Size([256])
n:  base_model.model.model.visual_model.mask_decoder.transformer.layers.1.norm1.weight p.shape:  torch.Size([256])
n:  base_model.model.model.visual_model.mask_decoder.transformer.layers.1.norm1.bias p.shape:  torch.Size([256])
n:  base_model.model.model.visual_model.mask_decoder.transformer.layers.1.cross_attn_token_to_image.q_proj.weight p.shape:  torch.Size([128, 256])
n:  base_model.model.model.visual_model.mask_decoder.transformer.layers.1.cross_attn_token_to_image.q_proj.bias p.shape:  torch.Size([128])
n:  base_model.model.model.visual_model.mask_decoder.transformer.layers.1.cross_attn_token_to_image.k_proj.weight p.shape:  torch.Size([128, 256])
n:  base_model.model.model.visual_model.mask_decoder.transformer.layers.1.cross_attn_token_to_image.k_proj.bias p.shape:  torch.Size([128])
n:  base_model.model.model.visual_model.mask_decoder.transformer.layers.1.cross_attn_token_to_image.v_proj.weight p.shape:  torch.Size([128, 256])
n:  base_model.model.model.visual_model.mask_decoder.transformer.layers.1.cross_attn_token_to_image.v_proj.bias p.shape:  torch.Size([128])
n:  base_model.model.model.visual_model.mask_decoder.transformer.layers.1.cross_attn_token_to_image.out_proj.weight p.shape:  torch.Size([256, 128])
n:  base_model.model.model.visual_model.mask_decoder.transformer.layers.1.cross_attn_token_to_image.out_proj.bias p.shape:  torch.Size([256])
n:  base_model.model.model.visual_model.mask_decoder.transformer.layers.1.norm2.weight p.shape:  torch.Size([256])
n:  base_model.model.model.visual_model.mask_decoder.transformer.layers.1.norm2.bias p.shape:  torch.Size([256])
n:  base_model.model.model.visual_model.mask_decoder.transformer.layers.1.mlp.lin1.weight p.shape:  torch.Size([2048, 256])
n:  base_model.model.model.visual_model.mask_decoder.transformer.layers.1.mlp.lin1.bias p.shape:  torch.Size([2048])
n:  base_model.model.model.visual_model.mask_decoder.transformer.layers.1.mlp.lin2.weight p.shape:  torch.Size([256, 2048])
n:  base_model.model.model.visual_model.mask_decoder.transformer.layers.1.mlp.lin2.bias p.shape:  torch.Size([256])
n:  base_model.model.model.visual_model.mask_decoder.transformer.layers.1.norm3.weight p.shape:  torch.Size([256])
n:  base_model.model.model.visual_model.mask_decoder.transformer.layers.1.norm3.bias p.shape:  torch.Size([256])
n:  base_model.model.model.visual_model.mask_decoder.transformer.layers.1.norm4.weight p.shape:  torch.Size([256])
n:  base_model.model.model.visual_model.mask_decoder.transformer.layers.1.norm4.bias p.shape:  torch.Size([256])
n:  base_model.model.model.visual_model.mask_decoder.transformer.layers.1.cross_attn_image_to_token.q_proj.weight p.shape:  torch.Size([128, 256])
n:  base_model.model.model.visual_model.mask_decoder.transformer.layers.1.cross_attn_image_to_token.q_proj.bias p.shape:  torch.Size([128])
n:  base_model.model.model.visual_model.mask_decoder.transformer.layers.1.cross_attn_image_to_token.k_proj.weight p.shape:  torch.Size([128, 256])
n:  base_model.model.model.visual_model.mask_decoder.transformer.layers.1.cross_attn_image_to_token.k_proj.bias p.shape:  torch.Size([128])
n:  base_model.model.model.visual_model.mask_decoder.transformer.layers.1.cross_attn_image_to_token.v_proj.weight p.shape:  torch.Size([128, 256])
n:  base_model.model.model.visual_model.mask_decoder.transformer.layers.1.cross_attn_image_to_token.v_proj.bias p.shape:  torch.Size([128])
n:  base_model.model.model.visual_model.mask_decoder.transformer.layers.1.cross_attn_image_to_token.out_proj.weight p.shape:  torch.Size([256, 128])
n:  base_model.model.model.visual_model.mask_decoder.transformer.layers.1.cross_attn_image_to_token.out_proj.bias p.shape:  torch.Size([256])
n:  base_model.model.model.visual_model.mask_decoder.transformer.final_attn_token_to_image.q_proj.weight p.shape:  torch.Size([128, 256])
n:  base_model.model.model.visual_model.mask_decoder.transformer.final_attn_token_to_image.q_proj.bias p.shape:  torch.Size([128])
n:  base_model.model.model.visual_model.mask_decoder.transformer.final_attn_token_to_image.k_proj.weight p.shape:  torch.Size([128, 256])
n:  base_model.model.model.visual_model.mask_decoder.transformer.final_attn_token_to_image.k_proj.bias p.shape:  torch.Size([128])
n:  base_model.model.model.visual_model.mask_decoder.transformer.final_attn_token_to_image.v_proj.weight p.shape:  torch.Size([128, 256])
n:  base_model.model.model.visual_model.mask_decoder.transformer.final_attn_token_to_image.v_proj.bias p.shape:  torch.Size([128])
n:  base_model.model.model.visual_model.mask_decoder.transformer.final_attn_token_to_image.out_proj.weight p.shape:  torch.Size([256, 128])
n:  base_model.model.model.visual_model.mask_decoder.transformer.final_attn_token_to_image.out_proj.bias p.shape:  torch.Size([256])
n:  base_model.model.model.visual_model.mask_decoder.transformer.norm_final_attn.weight p.shape:  torch.Size([256])
n:  base_model.model.model.visual_model.mask_decoder.transformer.norm_final_attn.bias p.shape:  torch.Size([256])
n:  base_model.model.model.visual_model.mask_decoder.iou_token.weight p.shape:  torch.Size([1, 256])
n:  base_model.model.model.visual_model.mask_decoder.mask_tokens.weight p.shape:  torch.Size([4, 256])
n:  base_model.model.model.visual_model.mask_decoder.output_upscaling.0.weight p.shape:  torch.Size([256, 64, 2, 2])
n:  base_model.model.model.visual_model.mask_decoder.output_upscaling.0.bias p.shape:  torch.Size([64])
n:  base_model.model.model.visual_model.mask_decoder.output_upscaling.1.weight p.shape:  torch.Size([64])
n:  base_model.model.model.visual_model.mask_decoder.output_upscaling.1.bias p.shape:  torch.Size([64])
n:  base_model.model.model.visual_model.mask_decoder.output_upscaling.3.weight p.shape:  torch.Size([64, 32, 2, 2])
n:  base_model.model.model.visual_model.mask_decoder.output_upscaling.3.bias p.shape:  torch.Size([32])
n:  base_model.model.model.visual_model.mask_decoder.output_hypernetworks_mlps.0.layers.0.weight p.shape:  torch.Size([256, 256])
n:  base_model.model.model.visual_model.mask_decoder.output_hypernetworks_mlps.0.layers.0.bias p.shape:  torch.Size([256])
n:  base_model.model.model.visual_model.mask_decoder.output_hypernetworks_mlps.0.layers.1.weight p.shape:  torch.Size([256, 256])
n:  base_model.model.model.visual_model.mask_decoder.output_hypernetworks_mlps.0.layers.1.bias p.shape:  torch.Size([256])
n:  base_model.model.model.visual_model.mask_decoder.output_hypernetworks_mlps.0.layers.2.weight p.shape:  torch.Size([32, 256])
n:  base_model.model.model.visual_model.mask_decoder.output_hypernetworks_mlps.0.layers.2.bias p.shape:  torch.Size([32])
n:  base_model.model.model.visual_model.mask_decoder.output_hypernetworks_mlps.1.layers.0.weight p.shape:  torch.Size([256, 256])
n:  base_model.model.model.visual_model.mask_decoder.output_hypernetworks_mlps.1.layers.0.bias p.shape:  torch.Size([256])
n:  base_model.model.model.visual_model.mask_decoder.output_hypernetworks_mlps.1.layers.1.weight p.shape:  torch.Size([256, 256])
n:  base_model.model.model.visual_model.mask_decoder.output_hypernetworks_mlps.1.layers.1.bias p.shape:  torch.Size([256])
n:  base_model.model.model.visual_model.mask_decoder.output_hypernetworks_mlps.1.layers.2.weight p.shape:  torch.Size([32, 256])
n:  base_model.model.model.visual_model.mask_decoder.output_hypernetworks_mlps.1.layers.2.bias p.shape:  torch.Size([32])
n:  base_model.model.model.visual_model.mask_decoder.output_hypernetworks_mlps.2.layers.0.weight p.shape:  torch.Size([256, 256])
n:  base_model.model.model.visual_model.mask_decoder.output_hypernetworks_mlps.2.layers.0.bias p.shape:  torch.Size([256])
n:  base_model.model.model.visual_model.mask_decoder.output_hypernetworks_mlps.2.layers.1.weight p.shape:  torch.Size([256, 256])
n:  base_model.model.model.visual_model.mask_decoder.output_hypernetworks_mlps.2.layers.1.bias p.shape:  torch.Size([256])
n:  base_model.model.model.visual_model.mask_decoder.output_hypernetworks_mlps.2.layers.2.weight p.shape:  torch.Size([32, 256])
n:  base_model.model.model.visual_model.mask_decoder.output_hypernetworks_mlps.2.layers.2.bias p.shape:  torch.Size([32])
n:  base_model.model.model.visual_model.mask_decoder.output_hypernetworks_mlps.3.layers.0.weight p.shape:  torch.Size([256, 256])
n:  base_model.model.model.visual_model.mask_decoder.output_hypernetworks_mlps.3.layers.0.bias p.shape:  torch.Size([256])
n:  base_model.model.model.visual_model.mask_decoder.output_hypernetworks_mlps.3.layers.1.weight p.shape:  torch.Size([256, 256])
n:  base_model.model.model.visual_model.mask_decoder.output_hypernetworks_mlps.3.layers.1.bias p.shape:  torch.Size([256])
n:  base_model.model.model.visual_model.mask_decoder.output_hypernetworks_mlps.3.layers.2.weight p.shape:  torch.Size([32, 256])
n:  base_model.model.model.visual_model.mask_decoder.output_hypernetworks_mlps.3.layers.2.bias p.shape:  torch.Size([32])
n:  base_model.model.model.visual_model.mask_decoder.iou_prediction_head.layers.0.weight p.shape:  torch.Size([256, 256])
n:  base_model.model.model.visual_model.mask_decoder.iou_prediction_head.layers.0.bias p.shape:  torch.Size([256])
n:  base_model.model.model.visual_model.mask_decoder.iou_prediction_head.layers.1.weight p.shape:  torch.Size([256, 256])
n:  base_model.model.model.visual_model.mask_decoder.iou_prediction_head.layers.1.bias p.shape:  torch.Size([256])
n:  base_model.model.model.visual_model.mask_decoder.iou_prediction_head.layers.2.weight p.shape:  torch.Size([4, 256])
n:  base_model.model.model.visual_model.mask_decoder.iou_prediction_head.layers.2.bias p.shape:  torch.Size([4])
n:  base_model.model.model.text_hidden_fcs.0.0.weight p.shape:  torch.Size([5120, 5120])
n:  base_model.model.model.text_hidden_fcs.0.0.bias p.shape:  torch.Size([5120])
n:  base_model.model.model.text_hidden_fcs.0.2.weight p.shape:  torch.Size([256, 5120])
n:  base_model.model.model.text_hidden_fcs.0.2.bias p.shape:  torch.Size([256])
n:  base_model.model.model.token_to_mask_fcs.0.0.weight p.shape:  torch.Size([5120, 5120])
n:  base_model.model.model.token_to_mask_fcs.0.0.bias p.shape:  torch.Size([5120])
n:  base_model.model.model.token_to_mask_fcs.0.2.weight p.shape:  torch.Size([3, 5120])
n:  base_model.model.model.token_to_mask_fcs.0.2.bias p.shape:  torch.Size([3])
n:  base_model.model.lm_head.weight p.shape:  torch.Size([32002, 5120])
>> (PLUM.py) Initializing teacher LLM...
>> (PLUM.py) Teacher LLM initialized.
Traceback (most recent call last):
  File "/shared/nas/data/m1/jk100/.conda/envs/llava/lib/python3.10/site-packages/transformers/image_processing_utils.py", line 299, in get_image_processor_dict
    resolved_image_processor_file = cached_file(
  File "/shared/nas/data/m1/jk100/.conda/envs/llava/lib/python3.10/site-packages/transformers/utils/hub.py", line 417, in cached_file
    resolved_file = hf_hub_download(
  File "/shared/nas/data/m1/jk100/.conda/envs/llava/lib/python3.10/site-packages/huggingface_hub/utils/_validators.py", line 110, in _inner_fn
    validate_repo_id(arg_value)
  File "/shared/nas/data/m1/jk100/.conda/envs/llava/lib/python3.10/site-packages/huggingface_hub/utils/_validators.py", line 164, in validate_repo_id
    raise HFValidationError(
huggingface_hub.utils._validators.HFValidationError: Repo id must use alphanumeric chars or '-', '_', '.', '--' and '..' are forbidden, '-' and '.' cannot start or end the name, max length is 96: 'CLIPVisionTower(
  (vision_tower): CLIPVisionModel(
    (vision_model): CLIPVisionTransformer(
      (embeddings): CLIPVisionEmbeddings(
        (patch_embedding): Conv2d(3, 1024, kernel_size=(14, 14), stride=(14, 14), bias=False)
        (position_embedding): Embedding(257, 1024)
      )
      (pre_layrnorm): LayerNorm((1024,), eps=1e-05, elementwise_affine=True)
      (encoder): CLIPEncoder(
        (layers): ModuleList(
          (0-23): 24 x CLIPEncoderLayer(
            (self_attn): CLIPAttention(
              (k_proj): Linear(in_features=1024, out_features=1024, bias=True)
              (v_proj): Linear(in_features=1024, out_features=1024, bias=True)
              (q_proj): Linear(in_features=1024, out_features=1024, bias=True)
              (out_proj): Linear(in_features=1024, out_features=1024, bias=True)
            )
            (layer_norm1): LayerNorm((1024,), eps=1e-05, elementwise_affine=True)
            (mlp): CLIPMLP(
              (activation_fn): QuickGELUActivation()
              (fc1): Linear(in_features=1024, out_features=4096, bias=True)
              (fc2): Linear(in_features=4096, out_features=1024, bias=True)
            )
            (layer_norm2): LayerNorm((1024,), eps=1e-05, elementwise_affine=True)
          )
        )
      )
      (post_layernorm): LayerNorm((1024,), eps=1e-05, elementwise_affine=True)
    )
  )
)'.
During handling of the above exception, another exception occurred:
Traceback (most recent call last):
  File "/shared/nas2/jk100/partonomy_private/src/models/PLUM/plum_train_ds.py", line 780, in <module>
    main(sys.argv[1:])
  File "/shared/nas2/jk100/partonomy_private/src/models/PLUM/plum_train_ds.py", line 325, in main
    explanatory_seg_datasets.extend([ExplanatorySegDataset(path, tokenizer, vision_tower, question_type=question_type) for path in paths])
  File "/shared/nas2/jk100/partonomy_private/src/models/PLUM/plum_train_ds.py", line 325, in <listcomp>
    explanatory_seg_datasets.extend([ExplanatorySegDataset(path, tokenizer, vision_tower, question_type=question_type) for path in paths])
  File "/shared/nas2/jk100/partonomy_private/src/models/PLUM/utils/explanatory_seg_dataset.py", line 108, in __init__
    self.clip_image_processor = CLIPImageProcessor.from_pretrained(vision_tower)
  File "/shared/nas/data/m1/jk100/.conda/envs/llava/lib/python3.10/site-packages/transformers/image_processing_utils.py", line 195, in from_pretrained
    image_processor_dict, kwargs = cls.get_image_processor_dict(pretrained_model_name_or_path, **kwargs)
  File "/shared/nas/data/m1/jk100/.conda/envs/llava/lib/python3.10/site-packages/transformers/image_processing_utils.py", line 318, in get_image_processor_dict
    raise EnvironmentError(
OSError: Can't load image processor for 'CLIPVisionTower(
  (vision_tower): CLIPVisionModel(
    (vision_model): CLIPVisionTransformer(
      (embeddings): CLIPVisionEmbeddings(
        (patch_embedding): Conv2d(3, 1024, kernel_size=(14, 14), stride=(14, 14), bias=False)
        (position_embedding): Embedding(257, 1024)
      )
      (pre_layrnorm): LayerNorm((1024,), eps=1e-05, elementwise_affine=True)
      (encoder): CLIPEncoder(
        (layers): ModuleList(
          (0-23): 24 x CLIPEncoderLayer(
            (self_attn): CLIPAttention(
              (k_proj): Linear(in_features=1024, out_features=1024, bias=True)
              (v_proj): Linear(in_features=1024, out_features=1024, bias=True)
              (q_proj): Linear(in_features=1024, out_features=1024, bias=True)
              (out_proj): Linear(in_features=1024, out_features=1024, bias=True)
            )
            (layer_norm1): LayerNorm((1024,), eps=1e-05, elementwise_affine=True)
            (mlp): CLIPMLP(
              (activation_fn): QuickGELUActivation()
              (fc1): Linear(in_features=1024, out_features=4096, bias=True)
              (fc2): Linear(in_features=4096, out_features=1024, bias=True)
            )
            (layer_norm2): LayerNorm((1024,), eps=1e-05, elementwise_affine=True)
          )
        )
      )
      (post_layernorm): LayerNorm((1024,), eps=1e-05, elementwise_affine=True)
    )
  )
)'. If you were trying to load it from 'https://huggingface.co/models', make sure you don't have a local directory with the same name. Otherwise, make sure 'CLIPVisionTower(
  (vision_tower): CLIPVisionModel(
    (vision_model): CLIPVisionTransformer(
      (embeddings): CLIPVisionEmbeddings(
        (patch_embedding): Conv2d(3, 1024, kernel_size=(14, 14), stride=(14, 14), bias=False)
        (position_embedding): Embedding(257, 1024)
      )
      (pre_layrnorm): LayerNorm((1024,), eps=1e-05, elementwise_affine=True)
      (encoder): CLIPEncoder(
        (layers): ModuleList(
          (0-23): 24 x CLIPEncoderLayer(
            (self_attn): CLIPAttention(
              (k_proj): Linear(in_features=1024, out_features=1024, bias=True)
              (v_proj): Linear(in_features=1024, out_features=1024, bias=True)
              (q_proj): Linear(in_features=1024, out_features=1024, bias=True)
              (out_proj): Linear(in_features=1024, out_features=1024, bias=True)
            )
            (layer_norm1): LayerNorm((1024,), eps=1e-05, elementwise_affine=True)
            (mlp): CLIPMLP(
              (activation_fn): QuickGELUActivation()
              (fc1): Linear(in_features=1024, out_features=4096, bias=True)
              (fc2): Linear(in_features=4096, out_features=1024, bias=True)
            )
            (layer_norm2): LayerNorm((1024,), eps=1e-05, elementwise_affine=True)
          )
        )
      )
      (post_layernorm): LayerNorm((1024,), eps=1e-05, elementwise_affine=True)
    )
  )
)' is the correct path to a directory containing a preprocessor_config.json file