2025-04-13 23:50:05,480 INFO    StreamThr :2607606 [internal.py:wandb_internal():86] W&B internal server running at pid: 2607606, started at: 2025-04-13 23:50:05.479793
2025-04-13 23:50:05,481 DEBUG   HandlerThread:2607606 [handler.py:handle_request():146] handle_request: status
2025-04-13 23:50:05,483 INFO    WriterThread:2607606 [datastore.py:open_for_write():85] open: /shared/nas2/jk100/partonomy_private/src/models/PLUM/wandb/run-20250413_235005-yq9knpox/run-yq9knpox.wandb
2025-04-13 23:50:05,505 DEBUG   SenderThread:2607606 [sender.py:send():380] send: header
2025-04-13 23:50:05,614 DEBUG   SenderThread:2607606 [sender.py:send():380] send: run
2025-04-13 23:50:05,778 INFO    SenderThread:2607606 [dir_watcher.py:__init__():211] watching files in: /shared/nas2/jk100/partonomy_private/src/models/PLUM/wandb/run-20250413_235005-yq9knpox/files
2025-04-13 23:50:05,778 INFO    SenderThread:2607606 [sender.py:_start_run_threads():1124] run started: yq9knpox with start time 1744606205.48075
2025-04-13 23:50:05,784 DEBUG   HandlerThread:2607606 [handler.py:handle_request():146] handle_request: check_version
2025-04-13 23:50:05,784 DEBUG   SenderThread:2607606 [sender.py:send_request():407] send_request: check_version
2025-04-13 23:50:05,833 DEBUG   HandlerThread:2607606 [handler.py:handle_request():146] handle_request: run_start
2025-04-13 23:50:06,050 DEBUG   HandlerThread:2607606 [system_info.py:__init__():32] System info init
2025-04-13 23:50:06,050 DEBUG   HandlerThread:2607606 [system_info.py:__init__():47] System info init done
2025-04-13 23:50:06,050 INFO    HandlerThread:2607606 [system_monitor.py:start():194] Starting system monitor
2025-04-13 23:50:06,050 INFO    SystemMonitor:2607606 [system_monitor.py:_start():158] Starting system asset monitoring threads
2025-04-13 23:50:06,050 INFO    HandlerThread:2607606 [system_monitor.py:probe():214] Collecting system info
2025-04-13 23:50:06,050 INFO    SystemMonitor:2607606 [interfaces.py:start():190] Started cpu monitoring
2025-04-13 23:50:06,051 INFO    SystemMonitor:2607606 [interfaces.py:start():190] Started disk monitoring
2025-04-13 23:50:06,051 INFO    SystemMonitor:2607606 [interfaces.py:start():190] Started gpu monitoring
2025-04-13 23:50:06,052 INFO    SystemMonitor:2607606 [interfaces.py:start():190] Started memory monitoring
2025-04-13 23:50:06,052 INFO    SystemMonitor:2607606 [interfaces.py:start():190] Started network monitoring
2025-04-13 23:50:06,201 DEBUG   HandlerThread:2607606 [system_info.py:probe():196] Probing system
2025-04-13 23:50:06,204 DEBUG   HandlerThread:2607606 [system_info.py:_probe_git():181] Probing git
2025-04-13 23:50:06,213 DEBUG   HandlerThread:2607606 [system_info.py:_probe_git():189] Probing git done
2025-04-13 23:50:06,213 DEBUG   HandlerThread:2607606 [system_info.py:probe():244] Probing system done
2025-04-13 23:50:06,213 DEBUG   HandlerThread:2607606 [system_monitor.py:probe():223] {'os': 'Linux-5.15.0-130-generic-x86_64-with-glibc2.35', 'python': '3.10.13', 'heartbeatAt': '2025-04-14T04:50:06.201709', 'startedAt': '2025-04-14T04:50:05.404606', 'docker': None, 'cuda': None, 'args': ('--local_rank=0', '--version=liuhaotian/llava-llama-2-13b-chat-lightning-preview', '--dataset_dir=/shared/nas/data/m1/jk100/code/OpenAttrLibrary/LISA/dataset', '--vision_pretrained=/shared/nas/data/m1/jk100/code/OpenAttrLibrary/LISA/weights/sam_vit_h_4b8939.pth', '--dataset=sem_seg||refer_seg||vqa||reason_seg||explanatory_seg', '--explanatory_seg_data', '--sample_rates=9,3,3,1,9', '--batch_size=8', '--grad_accumulation_steps', '10', '--ce_loss_weight=1.0', '--dice_type=dice', '--dice_loss_weight=6', '--bce_loss_weight=2.0', '--kld_loss_weight=0', '--seg_cls_loss_weight=2', '--exp_name=plum-13b_kld_0_dice_6_v1_partonomy_bidirbio_768_sam_bidir_last_hidden_states', '--precision=bf16', '--model_max_length', '512', '--dice_scale_factor', '1000.0', '--epoch', '50', '--train_mask_prompt_encoder', '--use_bidir_bio', '--auto_resume'), 'state': 'running', 'program': '/shared/nas2/jk100/partonomy_private/src/models/PLUM/plum_train_ds.py', 'codePathLocal': 'plum_train_ds.py', 'codePath': 'src/models/PLUM/plum_train_ds.py', 'git': {'remote': 'https://github.com/AnselBlume/partonomy_private.git', 'commit': '2531d2a4a7ffa16d17471ccf39d871a8019bc197'}, 'email': 'jeonghwankim123@gmail.com', 'root': '/shared/nas2/jk100/partonomy_private', 'host': 'blender13.cs.illinois.edu', 'username': 'jk100', 'executable': '/shared/nas/data/m1/jk100/.conda/envs/llava/bin/python', 'cpu_count': 64, 'cpu_count_logical': 128, 'cpu_freq': {'current': 2267.348046875, 'min': 0.0, 'max': 0.0}, 'cpu_freq_per_core': [{'current': 2100.0, 'min': 0.0, 'max': 0.0}, {'current': 3000.0, 'min': 0.0, 'max': 0.0}, {'current': 2100.0, 'min': 0.0, 'max': 0.0}, {'current': 3000.0, 'min': 0.0, 'max': 0.0}, {'current': 2100.0, 'min': 0.0, 'max': 0.0}, {'current': 3000.0, 'min': 0.0, 'max': 0.0}, {'current': 2100.0, 'min': 0.0, 'max': 0.0}, {'current': 2100.0, 'min': 0.0, 'max': 0.0}, {'current': 2100.0, 'min': 0.0, 'max': 0.0}, {'current': 2100.0, 'min': 0.0, 'max': 0.0}, {'current': 2100.0, 'min': 0.0, 'max': 0.0}, {'current': 2100.0, 'min': 0.0, 'max': 0.0}, {'current': 2100.0, 'min': 0.0, 'max': 0.0}, {'current': 2100.0, 'min': 0.0, 'max': 0.0}, {'current': 2100.0, 'min': 0.0, 'max': 0.0}, {'current': 2100.0, 'min': 0.0, 'max': 0.0}, {'current': 2100.0, 'min': 0.0, 'max': 0.0}, {'current': 2100.0, 'min': 0.0, 'max': 0.0}, {'current': 2100.0, 'min': 0.0, 'max': 0.0}, {'current': 2100.0, 'min': 0.0, 'max': 0.0}, {'current': 2100.0, 'min': 0.0, 'max': 0.0}, {'current': 2100.0, 'min': 0.0, 'max': 0.0}, {'current': 2100.0, 'min': 0.0, 'max': 0.0}, {'current': 2100.0, 'min': 0.0, 'max': 0.0}, {'current': 2100.0, 'min': 0.0, 'max': 0.0}, {'current': 2100.0, 'min': 0.0, 'max': 0.0}, {'current': 2100.0, 'min': 0.0, 'max': 0.0}, {'current': 2100.0, 'min': 0.0, 'max': 0.0}, {'current': 2100.0, 'min': 0.0, 'max': 0.0}, {'current': 2987.787, 'min': 0.0, 'max': 0.0}, {'current': 2100.0, 'min': 0.0, 'max': 0.0}, {'current': 2100.0, 'min': 0.0, 'max': 0.0}, {'current': 2100.0, 'min': 0.0, 'max': 0.0}, {'current': 2100.0, 'min': 0.0, 'max': 0.0}, {'current': 2100.0, 'min': 0.0, 'max': 0.0}, {'current': 2100.0, 'min': 0.0, 'max': 0.0}, {'current': 2100.0, 'min': 0.0, 'max': 0.0}, {'current': 2100.0, 'min': 0.0, 'max': 0.0}, {'current': 2100.0, 'min': 0.0, 'max': 0.0}, {'current': 2100.0, 'min': 0.0, 'max': 0.0}, {'current': 2100.0, 'min': 0.0, 'max': 0.0}, {'current': 2100.0, 'min': 0.0, 'max': 0.0}, {'current': 2100.0, 'min': 0.0, 'max': 0.0}, {'current': 2100.0, 'min': 0.0, 'max': 0.0}, {'current': 2100.0, 'min': 0.0, 'max': 0.0}, {'current': 2100.0, 'min': 0.0, 'max': 0.0}, {'current': 2100.0, 'min': 0.0, 'max': 0.0}, {'current': 2100.0, 'min': 0.0, 'max': 0.0}, {'current': 2100.0, 'min': 0.0, 'max': 0.0}, {'current': 2100.0, 'min': 0.0, 'max': 0.0}, {'current': 2100.0, 'min': 0.0, 'max': 0.0}, {'current': 2100.0, 'min': 0.0, 'max': 0.0}, {'current': 2100.0, 'min': 0.0, 'max': 0.0}, {'current': 2100.0, 'min': 0.0, 'max': 0.0}, {'current': 2100.0, 'min': 0.0, 'max': 0.0}, {'current': 2100.0, 'min': 0.0, 'max': 0.0}, {'current': 2100.0, 'min': 0.0, 'max': 0.0}, {'current': 2100.0, 'min': 0.0, 'max': 0.0}, {'current': 2100.0, 'min': 0.0, 'max': 0.0}, {'current': 2100.0, 'min': 0.0, 'max': 0.0}, {'current': 2100.0, 'min': 0.0, 'max': 0.0}, {'current': 2100.0, 'min': 0.0, 'max': 0.0}, {'current': 2100.0, 'min': 0.0, 'max': 0.0}, {'current': 2100.0, 'min': 0.0, 'max': 0.0}, {'current': 2100.0, 'min': 0.0, 'max': 0.0}, {'current': 2100.0, 'min': 0.0, 'max': 0.0}, {'current': 2100.0, 'min': 0.0, 'max': 0.0}, {'current': 2100.0, 'min': 0.0, 'max': 0.0}, {'current': 2999.387, 'min': 0.0, 'max': 0.0}, {'current': 2100.0, 'min': 0.0, 'max': 0.0}, {'current': 2100.0, 'min': 0.0, 'max': 0.0}, {'current': 2100.0, 'min': 0.0, 'max': 0.0}, {'current': 2100.0, 'min': 0.0, 'max': 0.0}, {'current': 2100.0, 'min': 0.0, 'max': 0.0}, {'current': 2100.0, 'min': 0.0, 'max': 0.0}, {'current': 2100.0, 'min': 0.0, 'max': 0.0}, {'current': 2100.0, 'min': 0.0, 'max': 0.0}, {'current': 2100.0, 'min': 0.0, 'max': 0.0}, {'current': 2100.0, 'min': 0.0, 'max': 0.0}, {'current': 2100.0, 'min': 0.0, 'max': 0.0}, {'current': 2100.0, 'min': 0.0, 'max': 0.0}, {'current': 2100.0, 'min': 0.0, 'max': 0.0}, {'current': 2100.0, 'min': 0.0, 'max': 0.0}, {'current': 2100.0, 'min': 0.0, 'max': 0.0}, {'current': 2100.0, 'min': 0.0, 'max': 0.0}, {'current': 2100.0, 'min': 0.0, 'max': 0.0}, {'current': 2100.0, 'min': 0.0, 'max': 0.0}, {'current': 2100.0, 'min': 0.0, 'max': 0.0}, {'current': 3000.0, 'min': 0.0, 'max': 0.0}, {'current': 2100.0, 'min': 0.0, 'max': 0.0}, {'current': 2100.0, 'min': 0.0, 'max': 0.0}, {'current': 2100.0, 'min': 0.0, 'max': 0.0}, {'current': 2100.0, 'min': 0.0, 'max': 0.0}, {'current': 2100.0, 'min': 0.0, 'max': 0.0}, {'current': 2100.0, 'min': 0.0, 'max': 0.0}, {'current': 2100.0, 'min': 0.0, 'max': 0.0}, {'current': 2100.0, 'min': 0.0, 'max': 0.0}, {'current': 2100.0, 'min': 0.0, 'max': 0.0}, {'current': 2100.0, 'min': 0.0, 'max': 0.0}, {'current': 2100.0, 'min': 0.0, 'max': 0.0}, {'current': 2100.0, 'min': 0.0, 'max': 0.0}, {'current': 2100.0, 'min': 0.0, 'max': 0.0}, {'current': 2100.0, 'min': 0.0, 'max': 0.0}, {'current': 2100.0, 'min': 0.0, 'max': 0.0}, {'current': 2100.0, 'min': 0.0, 'max': 0.0}, {'current': 2100.0, 'min': 0.0, 'max': 0.0}, {'current': 2100.0, 'min': 0.0, 'max': 0.0}, {'current': 2100.0, 'min': 0.0, 'max': 0.0}, {'current': 2100.0, 'min': 0.0, 'max': 0.0}, {'current': 2100.0, 'min': 0.0, 'max': 0.0}, {'current': 2100.0, 'min': 0.0, 'max': 0.0}, {'current': 2100.0, 'min': 0.0, 'max': 0.0}, {'current': 2100.0, 'min': 0.0, 'max': 0.0}, {'current': 2100.0, 'min': 0.0, 'max': 0.0}, {'current': 2100.0, 'min': 0.0, 'max': 0.0}, {'current': 2100.0, 'min': 0.0, 'max': 0.0}, {'current': 2100.0, 'min': 0.0, 'max': 0.0}, {'current': 2100.0, 'min': 0.0, 'max': 0.0}, {'current': 2100.0, 'min': 0.0, 'max': 0.0}, {'current': 3000.0, 'min': 0.0, 'max': 0.0}, {'current': 2100.0, 'min': 0.0, 'max': 0.0}, {'current': 2998.918, 'min': 0.0, 'max': 0.0}, {'current': 2100.0, 'min': 0.0, 'max': 0.0}, {'current': 2100.0, 'min': 0.0, 'max': 0.0}, {'current': 3000.0, 'min': 0.0, 'max': 0.0}, {'current': 2100.0, 'min': 0.0, 'max': 0.0}, {'current': 2100.0, 'min': 0.0, 'max': 0.0}, {'current': 2100.0, 'min': 0.0, 'max': 0.0}], 'disk': {'/': {'total': 428.1472702026367, 'used': 186.1126480102539}}, 'gpu': 'NVIDIA A100-SXM4-80GB', 'gpu_count': 8, 'gpu_devices': [{'name': 'NVIDIA A100-SXM4-80GB', 'memory_total': 85899345920}, {'name': 'NVIDIA A100-SXM4-80GB', 'memory_total': 85899345920}, {'name': 'NVIDIA A100-SXM4-80GB', 'memory_total': 85899345920}, {'name': 'NVIDIA A100-SXM4-80GB', 'memory_total': 85899345920}, {'name': 'NVIDIA A100-SXM4-80GB', 'memory_total': 85899345920}, {'name': 'NVIDIA A100-SXM4-80GB', 'memory_total': 85899345920}, {'name': 'NVIDIA A100-SXM4-80GB', 'memory_total': 85899345920}, {'name': 'NVIDIA A100-SXM4-80GB', 'memory_total': 85899345920}], 'memory': {'total': 1007.3798370361328}}
2025-04-13 23:50:06,213 INFO    HandlerThread:2607606 [system_monitor.py:probe():224] Finished collecting system info
2025-04-13 23:50:06,213 INFO    HandlerThread:2607606 [system_monitor.py:probe():227] Publishing system info
2025-04-13 23:50:06,213 DEBUG   HandlerThread:2607606 [system_info.py:_save_pip():52] Saving list of pip packages installed into the current environment
2025-04-13 23:50:06,214 DEBUG   HandlerThread:2607606 [system_info.py:_save_pip():68] Saving pip packages done
2025-04-13 23:50:06,214 DEBUG   HandlerThread:2607606 [system_info.py:_save_conda():75] Saving list of conda packages installed into the current environment
2025-04-13 23:50:06,780 INFO    Thread-12 :2607606 [dir_watcher.py:_on_file_created():271] file/dir created: /shared/nas2/jk100/partonomy_private/src/models/PLUM/wandb/run-20250413_235005-yq9knpox/files/requirements.txt
2025-04-13 23:50:06,780 INFO    Thread-12 :2607606 [dir_watcher.py:_on_file_created():271] file/dir created: /shared/nas2/jk100/partonomy_private/src/models/PLUM/wandb/run-20250413_235005-yq9knpox/files/conda-environment.yaml
2025-04-13 23:50:53,793 DEBUG   HandlerThread:2607606 [system_info.py:_save_conda():87] Saving conda packages done
2025-04-13 23:50:53,795 INFO    HandlerThread:2607606 [system_monitor.py:probe():229] Finished publishing system info
2025-04-13 23:50:53,803 DEBUG   HandlerThread:2607606 [handler.py:handle_request():146] handle_request: status_report
2025-04-13 23:50:53,804 DEBUG   HandlerThread:2607606 [handler.py:handle_request():146] handle_request: keepalive
2025-04-13 23:50:53,804 DEBUG   HandlerThread:2607606 [handler.py:handle_request():146] handle_request: status_report
2025-04-13 23:50:53,804 DEBUG   HandlerThread:2607606 [handler.py:handle_request():146] handle_request: keepalive
2025-04-13 23:50:53,804 DEBUG   HandlerThread:2607606 [handler.py:handle_request():146] handle_request: status_report
2025-04-13 23:50:53,804 DEBUG   HandlerThread:2607606 [handler.py:handle_request():146] handle_request: keepalive
2025-04-13 23:50:53,804 DEBUG   HandlerThread:2607606 [handler.py:handle_request():146] handle_request: status_report
2025-04-13 23:50:53,804 DEBUG   HandlerThread:2607606 [handler.py:handle_request():146] handle_request: keepalive
2025-04-13 23:50:53,804 DEBUG   HandlerThread:2607606 [handler.py:handle_request():146] handle_request: status_report
2025-04-13 23:50:53,804 DEBUG   HandlerThread:2607606 [handler.py:handle_request():146] handle_request: keepalive
2025-04-13 23:50:53,804 DEBUG   HandlerThread:2607606 [handler.py:handle_request():146] handle_request: status_report
2025-04-13 23:50:53,804 DEBUG   HandlerThread:2607606 [handler.py:handle_request():146] handle_request: stop_status
2025-04-13 23:50:53,804 DEBUG   HandlerThread:2607606 [handler.py:handle_request():146] handle_request: internal_messages
2025-04-13 23:50:53,804 DEBUG   HandlerThread:2607606 [handler.py:handle_request():146] handle_request: status_report
2025-04-13 23:50:53,804 DEBUG   HandlerThread:2607606 [handler.py:handle_request():146] handle_request: keepalive
2025-04-13 23:50:53,804 DEBUG   HandlerThread:2607606 [handler.py:handle_request():146] handle_request: status_report
2025-04-13 23:50:53,804 DEBUG   HandlerThread:2607606 [handler.py:handle_request():146] handle_request: keepalive
2025-04-13 23:50:53,804 DEBUG   HandlerThread:2607606 [handler.py:handle_request():146] handle_request: status_report
2025-04-13 23:50:53,804 DEBUG   HandlerThread:2607606 [handler.py:handle_request():146] handle_request: keepalive
2025-04-13 23:50:53,805 DEBUG   SenderThread:2607606 [sender.py:send_request():407] send_request: stop_status
2025-04-13 23:50:53,808 INFO    Thread-12 :2607606 [dir_watcher.py:_on_file_modified():288] file/dir modified: /shared/nas2/jk100/partonomy_private/src/models/PLUM/wandb/run-20250413_235005-yq9knpox/files/conda-environment.yaml
2025-04-13 23:50:53,808 INFO    Thread-12 :2607606 [dir_watcher.py:_on_file_created():271] file/dir created: /shared/nas2/jk100/partonomy_private/src/models/PLUM/wandb/run-20250413_235005-yq9knpox/files/wandb-metadata.json
2025-04-13 23:50:53,920 DEBUG   SenderThread:2607606 [sender.py:send():380] send: telemetry
2025-04-13 23:50:53,921 DEBUG   SenderThread:2607606 [sender.py:send():380] send: files
2025-04-13 23:50:53,921 INFO    SenderThread:2607606 [sender.py:_save_file():1380] saving file wandb-metadata.json with policy now
2025-04-13 23:50:54,172 INFO    wandb-upload_0:2607606 [upload_job.py:push():131] Uploaded file /tmp/tmpkq9qh8ahwandb/yjredrq8-wandb-metadata.json
2025-04-13 23:50:54,809 INFO    Thread-12 :2607606 [dir_watcher.py:_on_file_created():271] file/dir created: /shared/nas2/jk100/partonomy_private/src/models/PLUM/wandb/run-20250413_235005-yq9knpox/files/output.log
2025-04-13 23:50:55,922 DEBUG   HandlerThread:2607606 [handler.py:handle_request():146] handle_request: status_report
2025-04-13 23:50:56,810 INFO    Thread-12 :2607606 [dir_watcher.py:_on_file_modified():288] file/dir modified: /shared/nas2/jk100/partonomy_private/src/models/PLUM/wandb/run-20250413_235005-yq9knpox/files/output.log
2025-04-13 23:50:56,854 DEBUG   HandlerThread:2607606 [handler.py:handle_request():146] handle_request: keepalive
2025-04-13 23:51:00,922 DEBUG   HandlerThread:2607606 [handler.py:handle_request():146] handle_request: status_report
2025-04-13 23:51:01,855 DEBUG   HandlerThread:2607606 [handler.py:handle_request():146] handle_request: keepalive
2025-04-13 23:51:05,925 DEBUG   HandlerThread:2607606 [handler.py:handle_request():146] handle_request: status_report
2025-04-13 23:51:06,052 DEBUG   SystemMonitor:2607606 [system_monitor.py:_start():172] Starting system metrics aggregation loop
2025-04-13 23:51:06,055 DEBUG   SenderThread:2607606 [sender.py:send():380] send: stats
2025-04-13 23:51:06,815 INFO    Thread-12 :2607606 [dir_watcher.py:_on_file_modified():288] file/dir modified: /shared/nas2/jk100/partonomy_private/src/models/PLUM/wandb/run-20250413_235005-yq9knpox/files/config.yaml
2025-04-13 23:51:06,855 DEBUG   HandlerThread:2607606 [handler.py:handle_request():146] handle_request: keepalive
2025-04-13 23:51:11,056 DEBUG   HandlerThread:2607606 [handler.py:handle_request():146] handle_request: status_report
2025-04-13 23:51:11,856 DEBUG   HandlerThread:2607606 [handler.py:handle_request():146] handle_request: keepalive
2025-04-13 23:51:16,057 DEBUG   HandlerThread:2607606 [handler.py:handle_request():146] handle_request: status_report
2025-04-13 23:51:16,857 DEBUG   HandlerThread:2607606 [handler.py:handle_request():146] handle_request: keepalive
2025-04-13 23:51:21,057 DEBUG   HandlerThread:2607606 [handler.py:handle_request():146] handle_request: status_report
2025-04-13 23:51:21,858 DEBUG   HandlerThread:2607606 [handler.py:handle_request():146] handle_request: keepalive
2025-04-13 23:51:26,058 DEBUG   HandlerThread:2607606 [handler.py:handle_request():146] handle_request: status_report
2025-04-13 23:51:26,858 DEBUG   HandlerThread:2607606 [handler.py:handle_request():146] handle_request: keepalive
2025-04-13 23:51:31,059 DEBUG   HandlerThread:2607606 [handler.py:handle_request():146] handle_request: status_report
2025-04-13 23:51:31,859 DEBUG   HandlerThread:2607606 [handler.py:handle_request():146] handle_request: keepalive
2025-04-13 23:51:36,057 DEBUG   SenderThread:2607606 [sender.py:send():380] send: stats
2025-04-13 23:51:36,088 ERROR   FileStreamThread:2607606 [file_stream.py:_handle_response():504] dropped chunk 404 Client Error: Not Found for url: https://api.wandb.ai/files/uiucnlp/plum-training/yq9knpox/file_stream
NoneType: None
2025-04-13 23:51:36,859 DEBUG   HandlerThread:2607606 [handler.py:handle_request():146] handle_request: keepalive
2025-04-13 23:51:37,058 DEBUG   HandlerThread:2607606 [handler.py:handle_request():146] handle_request: status_report
2025-04-13 23:51:41,860 DEBUG   HandlerThread:2607606 [handler.py:handle_request():146] handle_request: keepalive
2025-04-13 23:51:42,059 DEBUG   HandlerThread:2607606 [handler.py:handle_request():146] handle_request: status_report
2025-04-13 23:51:46,861 DEBUG   HandlerThread:2607606 [handler.py:handle_request():146] handle_request: keepalive
2025-04-13 23:51:47,059 DEBUG   HandlerThread:2607606 [handler.py:handle_request():146] handle_request: status_report
2025-04-13 23:51:51,861 DEBUG   HandlerThread:2607606 [handler.py:handle_request():146] handle_request: keepalive
2025-04-13 23:51:52,060 DEBUG   HandlerThread:2607606 [handler.py:handle_request():146] handle_request: status_report
2025-04-13 23:51:56,862 DEBUG   HandlerThread:2607606 [handler.py:handle_request():146] handle_request: keepalive
2025-04-13 23:51:57,061 DEBUG   HandlerThread:2607606 [handler.py:handle_request():146] handle_request: status_report
2025-04-13 23:52:01,863 DEBUG   HandlerThread:2607606 [handler.py:handle_request():146] handle_request: keepalive
2025-04-13 23:52:02,062 DEBUG   HandlerThread:2607606 [handler.py:handle_request():146] handle_request: status_report
2025-04-13 23:52:06,059 DEBUG   SenderThread:2607606 [sender.py:send():380] send: stats
2025-04-13 23:52:06,096 ERROR   FileStreamThread:2607606 [file_stream.py:_handle_response():504] dropped chunk 404 Client Error: Not Found for url: https://api.wandb.ai/files/uiucnlp/plum-training/yq9knpox/file_stream
NoneType: None
2025-04-13 23:52:06,863 DEBUG   HandlerThread:2607606 [handler.py:handle_request():146] handle_request: keepalive
2025-04-13 23:52:08,060 DEBUG   HandlerThread:2607606 [handler.py:handle_request():146] handle_request: status_report
2025-04-13 23:52:11,864 DEBUG   HandlerThread:2607606 [handler.py:handle_request():146] handle_request: keepalive
2025-04-13 23:52:13,061 DEBUG   HandlerThread:2607606 [handler.py:handle_request():146] handle_request: status_report
2025-04-13 23:52:16,865 DEBUG   HandlerThread:2607606 [handler.py:handle_request():146] handle_request: keepalive
2025-04-13 23:52:18,061 DEBUG   HandlerThread:2607606 [handler.py:handle_request():146] handle_request: status_report
2025-04-13 23:52:21,865 DEBUG   HandlerThread:2607606 [handler.py:handle_request():146] handle_request: keepalive
2025-04-13 23:52:23,062 DEBUG   HandlerThread:2607606 [handler.py:handle_request():146] handle_request: status_report
2025-04-13 23:52:26,866 DEBUG   HandlerThread:2607606 [handler.py:handle_request():146] handle_request: keepalive
2025-04-13 23:52:28,062 DEBUG   HandlerThread:2607606 [handler.py:handle_request():146] handle_request: status_report
2025-04-13 23:52:31,867 DEBUG   HandlerThread:2607606 [handler.py:handle_request():146] handle_request: keepalive
2025-04-13 23:52:33,063 DEBUG   HandlerThread:2607606 [handler.py:handle_request():146] handle_request: status_report
2025-04-13 23:52:36,060 DEBUG   SenderThread:2607606 [sender.py:send():380] send: stats
2025-04-13 23:52:36,094 ERROR   FileStreamThread:2607606 [file_stream.py:_handle_response():504] dropped chunk 404 Client Error: Not Found for url: https://api.wandb.ai/files/uiucnlp/plum-training/yq9knpox/file_stream
NoneType: None
2025-04-13 23:52:36,867 DEBUG   HandlerThread:2607606 [handler.py:handle_request():146] handle_request: keepalive
2025-04-13 23:52:39,061 DEBUG   HandlerThread:2607606 [handler.py:handle_request():146] handle_request: status_report
2025-04-13 23:52:41,868 DEBUG   HandlerThread:2607606 [handler.py:handle_request():146] handle_request: keepalive
2025-04-13 23:52:44,062 DEBUG   HandlerThread:2607606 [handler.py:handle_request():146] handle_request: status_report
2025-04-13 23:52:46,869 DEBUG   HandlerThread:2607606 [handler.py:handle_request():146] handle_request: keepalive
2025-04-13 23:52:49,063 DEBUG   HandlerThread:2607606 [handler.py:handle_request():146] handle_request: status_report
2025-04-13 23:52:51,869 DEBUG   HandlerThread:2607606 [handler.py:handle_request():146] handle_request: keepalive
2025-04-13 23:52:54,063 DEBUG   HandlerThread:2607606 [handler.py:handle_request():146] handle_request: status_report
2025-04-13 23:52:56,870 DEBUG   HandlerThread:2607606 [handler.py:handle_request():146] handle_request: keepalive
2025-04-13 23:52:59,064 DEBUG   HandlerThread:2607606 [handler.py:handle_request():146] handle_request: status_report
2025-04-13 23:53:01,871 DEBUG   HandlerThread:2607606 [handler.py:handle_request():146] handle_request: keepalive
2025-04-13 23:53:04,064 DEBUG   HandlerThread:2607606 [handler.py:handle_request():146] handle_request: status_report
2025-04-13 23:53:06,062 DEBUG   SenderThread:2607606 [sender.py:send():380] send: stats
2025-04-13 23:53:06,087 ERROR   FileStreamThread:2607606 [file_stream.py:_handle_response():504] dropped chunk 404 Client Error: Not Found for url: https://api.wandb.ai/files/uiucnlp/plum-training/yq9knpox/file_stream
NoneType: None
2025-04-13 23:53:06,872 DEBUG   HandlerThread:2607606 [handler.py:handle_request():146] handle_request: keepalive
2025-04-13 23:53:10,063 DEBUG   HandlerThread:2607606 [handler.py:handle_request():146] handle_request: status_report
2025-04-13 23:53:11,872 DEBUG   HandlerThread:2607606 [handler.py:handle_request():146] handle_request: keepalive
2025-04-13 23:53:15,064 DEBUG   HandlerThread:2607606 [handler.py:handle_request():146] handle_request: status_report
2025-04-13 23:53:16,872 DEBUG   HandlerThread:2607606 [handler.py:handle_request():146] handle_request: keepalive
2025-04-13 23:53:20,064 DEBUG   HandlerThread:2607606 [handler.py:handle_request():146] handle_request: status_report
2025-04-13 23:53:21,873 DEBUG   HandlerThread:2607606 [handler.py:handle_request():146] handle_request: keepalive
2025-04-13 23:53:25,065 DEBUG   HandlerThread:2607606 [handler.py:handle_request():146] handle_request: status_report
2025-04-13 23:53:26,874 DEBUG   HandlerThread:2607606 [handler.py:handle_request():146] handle_request: keepalive
2025-04-13 23:53:30,066 DEBUG   HandlerThread:2607606 [handler.py:handle_request():146] handle_request: status_report
2025-04-13 23:53:31,874 DEBUG   HandlerThread:2607606 [handler.py:handle_request():146] handle_request: keepalive
2025-04-13 23:53:35,066 DEBUG   HandlerThread:2607606 [handler.py:handle_request():146] handle_request: status_report
2025-04-13 23:53:36,064 DEBUG   SenderThread:2607606 [sender.py:send():380] send: stats
2025-04-13 23:53:36,095 ERROR   FileStreamThread:2607606 [file_stream.py:_handle_response():504] dropped chunk 404 Client Error: Not Found for url: https://api.wandb.ai/files/uiucnlp/plum-training/yq9knpox/file_stream
NoneType: None
2025-04-13 23:53:36,875 DEBUG   HandlerThread:2607606 [handler.py:handle_request():146] handle_request: keepalive
2025-04-13 23:53:41,065 DEBUG   HandlerThread:2607606 [handler.py:handle_request():146] handle_request: status_report
2025-04-13 23:53:41,876 DEBUG   HandlerThread:2607606 [handler.py:handle_request():146] handle_request: keepalive
2025-04-13 23:53:46,066 DEBUG   HandlerThread:2607606 [handler.py:handle_request():146] handle_request: status_report
2025-04-13 23:53:46,877 DEBUG   HandlerThread:2607606 [handler.py:handle_request():146] handle_request: keepalive
2025-04-13 23:53:51,067 DEBUG   HandlerThread:2607606 [handler.py:handle_request():146] handle_request: status_report
2025-04-13 23:53:51,877 DEBUG   HandlerThread:2607606 [handler.py:handle_request():146] handle_request: keepalive
2025-04-13 23:53:56,067 DEBUG   HandlerThread:2607606 [handler.py:handle_request():146] handle_request: status_report
2025-04-13 23:53:56,878 DEBUG   HandlerThread:2607606 [handler.py:handle_request():146] handle_request: keepalive
2025-04-13 23:54:01,068 DEBUG   HandlerThread:2607606 [handler.py:handle_request():146] handle_request: status_report
2025-04-13 23:54:01,878 DEBUG   HandlerThread:2607606 [handler.py:handle_request():146] handle_request: keepalive
2025-04-13 23:54:04,145 ERROR   FileStreamThread:2607606 [file_stream.py:_handle_response():504] dropped chunk 404 Client Error: Not Found for url: https://api.wandb.ai/files/uiucnlp/plum-training/yq9knpox/file_stream
NoneType: None
2025-04-13 23:54:04,957 INFO    Thread-12 :2607606 [dir_watcher.py:_on_file_modified():288] file/dir modified: /shared/nas2/jk100/partonomy_private/src/models/PLUM/wandb/run-20250413_235005-yq9knpox/files/output.log
2025-04-13 23:54:06,065 DEBUG   SenderThread:2607606 [sender.py:send():380] send: stats
2025-04-13 23:54:06,879 DEBUG   HandlerThread:2607606 [handler.py:handle_request():146] handle_request: keepalive
2025-04-13 23:54:07,066 DEBUG   HandlerThread:2607606 [handler.py:handle_request():146] handle_request: status_report
2025-04-13 23:54:11,880 DEBUG   HandlerThread:2607606 [handler.py:handle_request():146] handle_request: keepalive
2025-04-13 23:54:12,067 DEBUG   HandlerThread:2607606 [handler.py:handle_request():146] handle_request: status_report
2025-04-13 23:54:16,091 ERROR   FileStreamThread:2607606 [file_stream.py:_handle_response():504] dropped chunk 404 Client Error: Not Found for url: https://api.wandb.ai/files/uiucnlp/plum-training/yq9knpox/file_stream
NoneType: None
2025-04-13 23:54:16,881 DEBUG   HandlerThread:2607606 [handler.py:handle_request():146] handle_request: keepalive
2025-04-13 23:54:17,068 DEBUG   HandlerThread:2607606 [handler.py:handle_request():146] handle_request: status_report
2025-04-13 23:54:21,881 DEBUG   HandlerThread:2607606 [handler.py:handle_request():146] handle_request: keepalive
2025-04-13 23:54:22,068 DEBUG   HandlerThread:2607606 [handler.py:handle_request():146] handle_request: status_report
2025-04-13 23:54:26,882 DEBUG   HandlerThread:2607606 [handler.py:handle_request():146] handle_request: keepalive
2025-04-13 23:54:27,069 DEBUG   HandlerThread:2607606 [handler.py:handle_request():146] handle_request: status_report
2025-04-13 23:54:31,883 DEBUG   HandlerThread:2607606 [handler.py:handle_request():146] handle_request: keepalive
2025-04-13 23:54:32,070 DEBUG   HandlerThread:2607606 [handler.py:handle_request():146] handle_request: status_report
2025-04-13 23:54:36,067 DEBUG   SenderThread:2607606 [sender.py:send():380] send: stats
2025-04-13 23:54:36,098 ERROR   FileStreamThread:2607606 [file_stream.py:_handle_response():504] dropped chunk 404 Client Error: Not Found for url: https://api.wandb.ai/files/uiucnlp/plum-training/yq9knpox/file_stream
NoneType: None
2025-04-13 23:54:36,883 DEBUG   HandlerThread:2607606 [handler.py:handle_request():146] handle_request: keepalive
2025-04-13 23:54:38,068 DEBUG   HandlerThread:2607606 [handler.py:handle_request():146] handle_request: status_report
2025-04-13 23:54:41,884 DEBUG   HandlerThread:2607606 [handler.py:handle_request():146] handle_request: keepalive
2025-04-13 23:54:43,069 DEBUG   HandlerThread:2607606 [handler.py:handle_request():146] handle_request: status_report
2025-04-13 23:54:46,885 DEBUG   HandlerThread:2607606 [handler.py:handle_request():146] handle_request: keepalive
2025-04-13 23:54:48,069 DEBUG   HandlerThread:2607606 [handler.py:handle_request():146] handle_request: status_report
2025-04-13 23:54:51,885 DEBUG   HandlerThread:2607606 [handler.py:handle_request():146] handle_request: keepalive
2025-04-13 23:54:53,070 DEBUG   HandlerThread:2607606 [handler.py:handle_request():146] handle_request: status_report
2025-04-13 23:54:56,886 DEBUG   HandlerThread:2607606 [handler.py:handle_request():146] handle_request: keepalive
2025-04-13 23:54:58,071 DEBUG   HandlerThread:2607606 [handler.py:handle_request():146] handle_request: status_report
2025-04-13 23:55:01,886 DEBUG   HandlerThread:2607606 [handler.py:handle_request():146] handle_request: keepalive
2025-04-13 23:55:03,071 DEBUG   HandlerThread:2607606 [handler.py:handle_request():146] handle_request: status_report
2025-04-13 23:55:06,068 DEBUG   SenderThread:2607606 [sender.py:send():380] send: stats
2025-04-13 23:55:06,097 ERROR   FileStreamThread:2607606 [file_stream.py:_handle_response():504] dropped chunk 404 Client Error: Not Found for url: https://api.wandb.ai/files/uiucnlp/plum-training/yq9knpox/file_stream
NoneType: None
2025-04-13 23:55:06,887 DEBUG   HandlerThread:2607606 [handler.py:handle_request():146] handle_request: keepalive
2025-04-13 23:55:09,070 DEBUG   HandlerThread:2607606 [handler.py:handle_request():146] handle_request: status_report
2025-04-13 23:55:11,888 DEBUG   HandlerThread:2607606 [handler.py:handle_request():146] handle_request: keepalive
2025-04-13 23:55:14,070 DEBUG   HandlerThread:2607606 [handler.py:handle_request():146] handle_request: status_report
2025-04-13 23:55:16,888 DEBUG   HandlerThread:2607606 [handler.py:handle_request():146] handle_request: keepalive
2025-04-13 23:55:19,071 DEBUG   HandlerThread:2607606 [handler.py:handle_request():146] handle_request: status_report
2025-04-13 23:55:21,889 DEBUG   HandlerThread:2607606 [handler.py:handle_request():146] handle_request: keepalive
2025-04-13 23:55:24,072 DEBUG   HandlerThread:2607606 [handler.py:handle_request():146] handle_request: status_report
2025-04-13 23:55:26,890 DEBUG   HandlerThread:2607606 [handler.py:handle_request():146] handle_request: keepalive
2025-04-13 23:55:29,072 DEBUG   HandlerThread:2607606 [handler.py:handle_request():146] handle_request: status_report
2025-04-13 23:55:31,890 DEBUG   HandlerThread:2607606 [handler.py:handle_request():146] handle_request: keepalive
2025-04-13 23:55:34,073 DEBUG   HandlerThread:2607606 [handler.py:handle_request():146] handle_request: status_report
2025-04-13 23:55:36,070 DEBUG   SenderThread:2607606 [sender.py:send():380] send: stats
2025-04-13 23:55:36,095 ERROR   FileStreamThread:2607606 [file_stream.py:_handle_response():504] dropped chunk 404 Client Error: Not Found for url: https://api.wandb.ai/files/uiucnlp/plum-training/yq9knpox/file_stream
NoneType: None
2025-04-13 23:55:36,891 DEBUG   HandlerThread:2607606 [handler.py:handle_request():146] handle_request: keepalive
2025-04-13 23:55:40,072 DEBUG   HandlerThread:2607606 [handler.py:handle_request():146] handle_request: status_report
2025-04-13 23:55:41,892 DEBUG   HandlerThread:2607606 [handler.py:handle_request():146] handle_request: keepalive
2025-04-13 23:55:45,072 DEBUG   HandlerThread:2607606 [handler.py:handle_request():146] handle_request: status_report
2025-04-13 23:55:46,892 DEBUG   HandlerThread:2607606 [handler.py:handle_request():146] handle_request: keepalive
2025-04-13 23:55:50,073 DEBUG   HandlerThread:2607606 [handler.py:handle_request():146] handle_request: status_report
2025-04-13 23:55:51,893 DEBUG   HandlerThread:2607606 [handler.py:handle_request():146] handle_request: keepalive
2025-04-13 23:55:55,073 DEBUG   HandlerThread:2607606 [handler.py:handle_request():146] handle_request: status_report
2025-04-13 23:55:56,894 DEBUG   HandlerThread:2607606 [handler.py:handle_request():146] handle_request: keepalive
2025-04-13 23:56:00,074 DEBUG   HandlerThread:2607606 [handler.py:handle_request():146] handle_request: status_report
2025-04-13 23:56:01,895 DEBUG   HandlerThread:2607606 [handler.py:handle_request():146] handle_request: keepalive
2025-04-13 23:56:05,075 DEBUG   HandlerThread:2607606 [handler.py:handle_request():146] handle_request: status_report
2025-04-13 23:56:06,071 DEBUG   SenderThread:2607606 [sender.py:send():380] send: stats
2025-04-13 23:56:06,106 ERROR   FileStreamThread:2607606 [file_stream.py:_handle_response():504] dropped chunk 404 Client Error: Not Found for url: https://api.wandb.ai/files/uiucnlp/plum-training/yq9knpox/file_stream
NoneType: None
2025-04-13 23:56:06,895 DEBUG   HandlerThread:2607606 [handler.py:handle_request():146] handle_request: keepalive
2025-04-13 23:56:11,073 DEBUG   HandlerThread:2607606 [handler.py:handle_request():146] handle_request: status_report
2025-04-13 23:56:11,896 DEBUG   HandlerThread:2607606 [handler.py:handle_request():146] handle_request: keepalive
2025-04-13 23:56:16,073 DEBUG   HandlerThread:2607606 [handler.py:handle_request():146] handle_request: status_report
2025-04-13 23:56:16,896 DEBUG   HandlerThread:2607606 [handler.py:handle_request():146] handle_request: keepalive
2025-04-13 23:56:21,074 DEBUG   HandlerThread:2607606 [handler.py:handle_request():146] handle_request: status_report
2025-04-13 23:56:21,897 DEBUG   HandlerThread:2607606 [handler.py:handle_request():146] handle_request: keepalive
2025-04-13 23:56:26,075 DEBUG   HandlerThread:2607606 [handler.py:handle_request():146] handle_request: status_report
2025-04-13 23:56:26,898 DEBUG   HandlerThread:2607606 [handler.py:handle_request():146] handle_request: keepalive
2025-04-13 23:56:31,075 DEBUG   HandlerThread:2607606 [handler.py:handle_request():146] handle_request: status_report
2025-04-13 23:56:31,898 DEBUG   HandlerThread:2607606 [handler.py:handle_request():146] handle_request: keepalive
2025-04-13 23:56:36,073 DEBUG   SenderThread:2607606 [sender.py:send():380] send: stats
2025-04-13 23:56:36,099 ERROR   FileStreamThread:2607606 [file_stream.py:_handle_response():504] dropped chunk 404 Client Error: Not Found for url: https://api.wandb.ai/files/uiucnlp/plum-training/yq9knpox/file_stream
NoneType: None
2025-04-13 23:56:36,899 DEBUG   HandlerThread:2607606 [handler.py:handle_request():146] handle_request: keepalive
2025-04-13 23:56:37,074 DEBUG   HandlerThread:2607606 [handler.py:handle_request():146] handle_request: status_report
2025-04-13 23:56:41,900 DEBUG   HandlerThread:2607606 [handler.py:handle_request():146] handle_request: keepalive
2025-04-13 23:56:42,075 DEBUG   HandlerThread:2607606 [handler.py:handle_request():146] handle_request: status_report
2025-04-13 23:56:46,900 DEBUG   HandlerThread:2607606 [handler.py:handle_request():146] handle_request: keepalive
2025-04-13 23:56:47,076 DEBUG   HandlerThread:2607606 [handler.py:handle_request():146] handle_request: status_report
2025-04-13 23:56:51,901 DEBUG   HandlerThread:2607606 [handler.py:handle_request():146] handle_request: keepalive
2025-04-13 23:56:52,076 DEBUG   HandlerThread:2607606 [handler.py:handle_request():146] handle_request: status_report
2025-04-13 23:56:56,902 DEBUG   HandlerThread:2607606 [handler.py:handle_request():146] handle_request: keepalive
2025-04-13 23:56:57,077 DEBUG   HandlerThread:2607606 [handler.py:handle_request():146] handle_request: status_report
2025-04-13 23:57:01,902 DEBUG   HandlerThread:2607606 [handler.py:handle_request():146] handle_request: keepalive
2025-04-13 23:57:02,077 DEBUG   HandlerThread:2607606 [handler.py:handle_request():146] handle_request: status_report
2025-04-13 23:57:06,075 DEBUG   SenderThread:2607606 [sender.py:send():380] send: stats
2025-04-13 23:57:06,106 ERROR   FileStreamThread:2607606 [file_stream.py:_handle_response():504] dropped chunk 404 Client Error: Not Found for url: https://api.wandb.ai/files/uiucnlp/plum-training/yq9knpox/file_stream
NoneType: None
2025-04-13 23:57:06,903 DEBUG   HandlerThread:2607606 [handler.py:handle_request():146] handle_request: keepalive
2025-04-13 23:57:08,076 DEBUG   HandlerThread:2607606 [handler.py:handle_request():146] handle_request: status_report
2025-04-13 23:57:11,903 DEBUG   HandlerThread:2607606 [handler.py:handle_request():146] handle_request: keepalive
2025-04-13 23:57:13,077 DEBUG   HandlerThread:2607606 [handler.py:handle_request():146] handle_request: status_report
2025-04-13 23:57:16,904 DEBUG   HandlerThread:2607606 [handler.py:handle_request():146] handle_request: keepalive
2025-04-13 23:57:18,077 DEBUG   HandlerThread:2607606 [handler.py:handle_request():146] handle_request: status_report
2025-04-13 23:57:21,905 DEBUG   HandlerThread:2607606 [handler.py:handle_request():146] handle_request: keepalive
2025-04-13 23:57:23,078 DEBUG   HandlerThread:2607606 [handler.py:handle_request():146] handle_request: status_report
2025-04-13 23:57:26,906 DEBUG   HandlerThread:2607606 [handler.py:handle_request():146] handle_request: keepalive
2025-04-13 23:57:28,078 DEBUG   HandlerThread:2607606 [handler.py:handle_request():146] handle_request: status_report
2025-04-13 23:57:31,906 DEBUG   HandlerThread:2607606 [handler.py:handle_request():146] handle_request: keepalive
2025-04-13 23:57:33,079 DEBUG   HandlerThread:2607606 [handler.py:handle_request():146] handle_request: status_report
2025-04-13 23:57:36,076 DEBUG   SenderThread:2607606 [sender.py:send():380] send: stats
2025-04-13 23:57:36,102 ERROR   FileStreamThread:2607606 [file_stream.py:_handle_response():504] dropped chunk 404 Client Error: Not Found for url: https://api.wandb.ai/files/uiucnlp/plum-training/yq9knpox/file_stream
NoneType: None
2025-04-13 23:57:36,907 DEBUG   HandlerThread:2607606 [handler.py:handle_request():146] handle_request: keepalive
2025-04-13 23:57:39,078 DEBUG   HandlerThread:2607606 [handler.py:handle_request():146] handle_request: status_report
2025-04-13 23:57:41,907 DEBUG   HandlerThread:2607606 [handler.py:handle_request():146] handle_request: keepalive
2025-04-13 23:57:44,078 DEBUG   HandlerThread:2607606 [handler.py:handle_request():146] handle_request: status_report
2025-04-13 23:57:46,908 DEBUG   HandlerThread:2607606 [handler.py:handle_request():146] handle_request: keepalive
2025-04-13 23:57:49,079 DEBUG   HandlerThread:2607606 [handler.py:handle_request():146] handle_request: status_report
2025-04-13 23:57:51,909 DEBUG   HandlerThread:2607606 [handler.py:handle_request():146] handle_request: keepalive
2025-04-13 23:57:54,079 DEBUG   HandlerThread:2607606 [handler.py:handle_request():146] handle_request: status_report
2025-04-13 23:57:56,909 DEBUG   HandlerThread:2607606 [handler.py:handle_request():146] handle_request: keepalive
2025-04-13 23:57:59,080 DEBUG   HandlerThread:2607606 [handler.py:handle_request():146] handle_request: status_report
2025-04-13 23:58:01,910 DEBUG   HandlerThread:2607606 [handler.py:handle_request():146] handle_request: keepalive
2025-04-13 23:58:04,081 DEBUG   HandlerThread:2607606 [handler.py:handle_request():146] handle_request: status_report
2025-04-13 23:58:06,077 DEBUG   SenderThread:2607606 [sender.py:send():380] send: stats
2025-04-13 23:58:06,109 ERROR   FileStreamThread:2607606 [file_stream.py:_handle_response():504] dropped chunk 404 Client Error: Not Found for url: https://api.wandb.ai/files/uiucnlp/plum-training/yq9knpox/file_stream
NoneType: None
2025-04-13 23:58:07,031 DEBUG   HandlerThread:2607606 [handler.py:handle_request():146] handle_request: keepalive
2025-04-13 23:58:07,063 INFO    Thread-12 :2607606 [dir_watcher.py:_on_file_modified():288] file/dir modified: /shared/nas2/jk100/partonomy_private/src/models/PLUM/wandb/run-20250413_235005-yq9knpox/files/output.log
2025-04-13 23:58:10,079 DEBUG   HandlerThread:2607606 [handler.py:handle_request():146] handle_request: status_report
2025-04-13 23:58:12,032 DEBUG   HandlerThread:2607606 [handler.py:handle_request():146] handle_request: keepalive
2025-04-13 23:58:15,079 DEBUG   HandlerThread:2607606 [handler.py:handle_request():146] handle_request: status_report
2025-04-13 23:58:17,033 DEBUG   HandlerThread:2607606 [handler.py:handle_request():146] handle_request: keepalive
2025-04-13 23:58:20,080 DEBUG   HandlerThread:2607606 [handler.py:handle_request():146] handle_request: status_report
2025-04-13 23:58:22,033 DEBUG   HandlerThread:2607606 [handler.py:handle_request():146] handle_request: keepalive
2025-04-13 23:58:25,081 DEBUG   HandlerThread:2607606 [handler.py:handle_request():146] handle_request: status_report
2025-04-13 23:58:27,034 DEBUG   HandlerThread:2607606 [handler.py:handle_request():146] handle_request: keepalive
2025-04-13 23:58:30,081 DEBUG   HandlerThread:2607606 [handler.py:handle_request():146] handle_request: status_report
2025-04-13 23:58:32,035 DEBUG   HandlerThread:2607606 [handler.py:handle_request():146] handle_request: keepalive
2025-04-13 23:58:35,082 DEBUG   HandlerThread:2607606 [handler.py:handle_request():146] handle_request: status_report
2025-04-13 23:58:36,080 DEBUG   SenderThread:2607606 [sender.py:send():380] send: stats
2025-04-13 23:58:36,111 ERROR   FileStreamThread:2607606 [file_stream.py:_handle_response():504] dropped chunk 404 Client Error: Not Found for url: https://api.wandb.ai/files/uiucnlp/plum-training/yq9knpox/file_stream
NoneType: None
2025-04-13 23:58:37,035 DEBUG   HandlerThread:2607606 [handler.py:handle_request():146] handle_request: keepalive
2025-04-13 23:58:41,082 DEBUG   HandlerThread:2607606 [handler.py:handle_request():146] handle_request: status_report
2025-04-13 23:58:42,036 DEBUG   HandlerThread:2607606 [handler.py:handle_request():146] handle_request: keepalive
2025-04-13 23:58:46,082 DEBUG   HandlerThread:2607606 [handler.py:handle_request():146] handle_request: status_report
2025-04-13 23:58:47,037 DEBUG   HandlerThread:2607606 [handler.py:handle_request():146] handle_request: keepalive
2025-04-13 23:58:51,083 DEBUG   HandlerThread:2607606 [handler.py:handle_request():146] handle_request: status_report
2025-04-13 23:58:52,037 DEBUG   HandlerThread:2607606 [handler.py:handle_request():146] handle_request: keepalive
2025-04-13 23:58:56,084 DEBUG   HandlerThread:2607606 [handler.py:handle_request():146] handle_request: status_report
2025-04-13 23:58:57,038 DEBUG   HandlerThread:2607606 [handler.py:handle_request():146] handle_request: keepalive
2025-04-13 23:59:01,084 DEBUG   HandlerThread:2607606 [handler.py:handle_request():146] handle_request: status_report
2025-04-13 23:59:02,039 DEBUG   HandlerThread:2607606 [handler.py:handle_request():146] handle_request: keepalive
2025-04-13 23:59:06,082 DEBUG   SenderThread:2607606 [sender.py:send():380] send: stats
2025-04-13 23:59:06,120 ERROR   FileStreamThread:2607606 [file_stream.py:_handle_response():504] dropped chunk 404 Client Error: Not Found for url: https://api.wandb.ai/files/uiucnlp/plum-training/yq9knpox/file_stream
NoneType: None
2025-04-13 23:59:07,039 DEBUG   HandlerThread:2607606 [handler.py:handle_request():146] handle_request: keepalive
2025-04-13 23:59:07,083 DEBUG   HandlerThread:2607606 [handler.py:handle_request():146] handle_request: status_report
2025-04-13 23:59:12,040 DEBUG   HandlerThread:2607606 [handler.py:handle_request():146] handle_request: keepalive
2025-04-13 23:59:12,083 DEBUG   HandlerThread:2607606 [handler.py:handle_request():146] handle_request: status_report
2025-04-13 23:59:17,041 DEBUG   HandlerThread:2607606 [handler.py:handle_request():146] handle_request: keepalive
2025-04-13 23:59:17,084 DEBUG   HandlerThread:2607606 [handler.py:handle_request():146] handle_request: status_report
2025-04-13 23:59:22,041 DEBUG   HandlerThread:2607606 [handler.py:handle_request():146] handle_request: keepalive
2025-04-13 23:59:22,084 DEBUG   HandlerThread:2607606 [handler.py:handle_request():146] handle_request: status_report
2025-04-13 23:59:27,042 DEBUG   HandlerThread:2607606 [handler.py:handle_request():146] handle_request: keepalive
2025-04-13 23:59:27,085 DEBUG   HandlerThread:2607606 [handler.py:handle_request():146] handle_request: status_report
2025-04-13 23:59:32,043 DEBUG   HandlerThread:2607606 [handler.py:handle_request():146] handle_request: keepalive
2025-04-13 23:59:32,086 DEBUG   HandlerThread:2607606 [handler.py:handle_request():146] handle_request: status_report
2025-04-13 23:59:36,084 DEBUG   SenderThread:2607606 [sender.py:send():380] send: stats
2025-04-13 23:59:36,113 ERROR   FileStreamThread:2607606 [file_stream.py:_handle_response():504] dropped chunk 404 Client Error: Not Found for url: https://api.wandb.ai/files/uiucnlp/plum-training/yq9knpox/file_stream
NoneType: None
2025-04-13 23:59:37,043 DEBUG   HandlerThread:2607606 [handler.py:handle_request():146] handle_request: keepalive
2025-04-13 23:59:38,085 DEBUG   HandlerThread:2607606 [handler.py:handle_request():146] handle_request: status_report
2025-04-13 23:59:42,044 DEBUG   HandlerThread:2607606 [handler.py:handle_request():146] handle_request: keepalive
2025-04-13 23:59:43,085 DEBUG   HandlerThread:2607606 [handler.py:handle_request():146] handle_request: status_report
2025-04-13 23:59:47,045 DEBUG   HandlerThread:2607606 [handler.py:handle_request():146] handle_request: keepalive
2025-04-13 23:59:48,086 DEBUG   HandlerThread:2607606 [handler.py:handle_request():146] handle_request: status_report
2025-04-13 23:59:52,045 DEBUG   HandlerThread:2607606 [handler.py:handle_request():146] handle_request: keepalive
2025-04-13 23:59:53,086 DEBUG   HandlerThread:2607606 [handler.py:handle_request():146] handle_request: status_report
2025-04-13 23:59:57,046 DEBUG   HandlerThread:2607606 [handler.py:handle_request():146] handle_request: keepalive
2025-04-13 23:59:58,087 DEBUG   HandlerThread:2607606 [handler.py:handle_request():146] handle_request: status_report
2025-04-14 00:00:02,047 DEBUG   HandlerThread:2607606 [handler.py:handle_request():146] handle_request: keepalive
2025-04-14 00:00:03,088 DEBUG   HandlerThread:2607606 [handler.py:handle_request():146] handle_request: status_report
2025-04-14 00:00:06,085 DEBUG   SenderThread:2607606 [sender.py:send():380] send: stats
2025-04-14 00:00:06,117 ERROR   FileStreamThread:2607606 [file_stream.py:_handle_response():504] dropped chunk 404 Client Error: Not Found for url: https://api.wandb.ai/files/uiucnlp/plum-training/yq9knpox/file_stream
NoneType: None
2025-04-14 00:00:07,048 DEBUG   HandlerThread:2607606 [handler.py:handle_request():146] handle_request: keepalive
2025-04-14 00:00:09,087 DEBUG   HandlerThread:2607606 [handler.py:handle_request():146] handle_request: status_report
2025-04-14 00:00:12,048 DEBUG   HandlerThread:2607606 [handler.py:handle_request():146] handle_request: keepalive
2025-04-14 00:00:14,088 DEBUG   HandlerThread:2607606 [handler.py:handle_request():146] handle_request: status_report
2025-04-14 00:00:17,049 DEBUG   HandlerThread:2607606 [handler.py:handle_request():146] handle_request: keepalive
2025-04-14 00:00:19,119 INFO    Thread-12 :2607606 [dir_watcher.py:_on_file_modified():288] file/dir modified: /shared/nas2/jk100/partonomy_private/src/models/PLUM/wandb/run-20250413_235005-yq9knpox/files/output.log
2025-04-14 00:00:20,031 DEBUG   HandlerThread:2607606 [handler.py:handle_request():146] handle_request: status_report
2025-04-14 00:00:22,191 DEBUG   HandlerThread:2607606 [handler.py:handle_request():146] handle_request: keepalive
2025-04-14 00:00:25,032 DEBUG   HandlerThread:2607606 [handler.py:handle_request():146] handle_request: status_report
2025-04-14 00:00:27,496 DEBUG   HandlerThread:2607606 [handler.py:handle_request():146] handle_request: keepalive
2025-04-14 00:00:30,032 DEBUG   HandlerThread:2607606 [handler.py:handle_request():146] handle_request: status_report
2025-04-14 00:00:32,497 DEBUG   HandlerThread:2607606 [handler.py:handle_request():146] handle_request: keepalive
2025-04-14 00:00:35,033 DEBUG   HandlerThread:2607606 [handler.py:handle_request():146] handle_request: status_report
2025-04-14 00:00:36,087 DEBUG   SenderThread:2607606 [sender.py:send():380] send: stats
2025-04-14 00:00:36,117 ERROR   FileStreamThread:2607606 [file_stream.py:_handle_response():504] dropped chunk 404 Client Error: Not Found for url: https://api.wandb.ai/files/uiucnlp/plum-training/yq9knpox/file_stream
NoneType: None
2025-04-14 00:00:37,497 DEBUG   HandlerThread:2607606 [handler.py:handle_request():146] handle_request: keepalive
2025-04-14 00:00:40,088 DEBUG   HandlerThread:2607606 [handler.py:handle_request():146] handle_request: status_report
2025-04-14 00:00:42,498 DEBUG   HandlerThread:2607606 [handler.py:handle_request():146] handle_request: keepalive
2025-04-14 00:00:45,089 DEBUG   HandlerThread:2607606 [handler.py:handle_request():146] handle_request: status_report
2025-04-14 00:00:47,499 DEBUG   HandlerThread:2607606 [handler.py:handle_request():146] handle_request: keepalive
2025-04-14 00:00:50,090 DEBUG   HandlerThread:2607606 [handler.py:handle_request():146] handle_request: status_report
2025-04-14 00:00:52,500 DEBUG   HandlerThread:2607606 [handler.py:handle_request():146] handle_request: keepalive
2025-04-14 00:00:55,091 DEBUG   HandlerThread:2607606 [handler.py:handle_request():146] handle_request: status_report
2025-04-14 00:00:57,501 DEBUG   HandlerThread:2607606 [handler.py:handle_request():146] handle_request: keepalive
2025-04-14 00:01:00,091 DEBUG   HandlerThread:2607606 [handler.py:handle_request():146] handle_request: status_report
2025-04-14 00:01:02,502 DEBUG   HandlerThread:2607606 [handler.py:handle_request():146] handle_request: keepalive
2025-04-14 00:01:05,092 DEBUG   HandlerThread:2607606 [handler.py:handle_request():146] handle_request: status_report
2025-04-14 00:01:06,089 DEBUG   SenderThread:2607606 [sender.py:send():380] send: stats
2025-04-14 00:01:06,134 ERROR   FileStreamThread:2607606 [file_stream.py:_handle_response():504] dropped chunk 404 Client Error: Not Found for url: https://api.wandb.ai/files/uiucnlp/plum-training/yq9knpox/file_stream
NoneType: None
2025-04-14 00:01:07,503 DEBUG   HandlerThread:2607606 [handler.py:handle_request():146] handle_request: keepalive
2025-04-14 00:01:11,090 DEBUG   HandlerThread:2607606 [handler.py:handle_request():146] handle_request: status_report
2025-04-14 00:01:12,503 DEBUG   HandlerThread:2607606 [handler.py:handle_request():146] handle_request: keepalive
2025-04-14 00:01:16,091 DEBUG   HandlerThread:2607606 [handler.py:handle_request():146] handle_request: status_report
2025-04-14 00:01:17,504 DEBUG   HandlerThread:2607606 [handler.py:handle_request():146] handle_request: keepalive
2025-04-14 00:01:21,091 DEBUG   HandlerThread:2607606 [handler.py:handle_request():146] handle_request: status_report
2025-04-14 00:01:22,504 DEBUG   HandlerThread:2607606 [handler.py:handle_request():146] handle_request: keepalive
2025-04-14 00:01:26,092 DEBUG   HandlerThread:2607606 [handler.py:handle_request():146] handle_request: status_report
2025-04-14 00:01:27,505 DEBUG   HandlerThread:2607606 [handler.py:handle_request():146] handle_request: keepalive
2025-04-14 00:01:31,092 DEBUG   HandlerThread:2607606 [handler.py:handle_request():146] handle_request: status_report
2025-04-14 00:01:32,506 DEBUG   HandlerThread:2607606 [handler.py:handle_request():146] handle_request: keepalive
2025-04-14 00:01:36,090 DEBUG   SenderThread:2607606 [sender.py:send():380] send: stats
2025-04-14 00:01:36,117 ERROR   FileStreamThread:2607606 [file_stream.py:_handle_response():504] dropped chunk 404 Client Error: Not Found for url: https://api.wandb.ai/files/uiucnlp/plum-training/yq9knpox/file_stream
NoneType: None
2025-04-14 00:01:37,091 DEBUG   HandlerThread:2607606 [handler.py:handle_request():146] handle_request: status_report
2025-04-14 00:01:37,506 DEBUG   HandlerThread:2607606 [handler.py:handle_request():146] handle_request: keepalive
2025-04-14 00:01:42,092 DEBUG   HandlerThread:2607606 [handler.py:handle_request():146] handle_request: status_report
2025-04-14 00:01:42,507 DEBUG   HandlerThread:2607606 [handler.py:handle_request():146] handle_request: keepalive
2025-04-14 00:01:47,093 DEBUG   HandlerThread:2607606 [handler.py:handle_request():146] handle_request: status_report
2025-04-14 00:01:47,508 DEBUG   HandlerThread:2607606 [handler.py:handle_request():146] handle_request: keepalive
2025-04-14 00:01:52,093 DEBUG   HandlerThread:2607606 [handler.py:handle_request():146] handle_request: status_report
2025-04-14 00:01:52,508 DEBUG   HandlerThread:2607606 [handler.py:handle_request():146] handle_request: keepalive
2025-04-14 00:01:57,094 DEBUG   HandlerThread:2607606 [handler.py:handle_request():146] handle_request: status_report
2025-04-14 00:01:57,509 DEBUG   HandlerThread:2607606 [handler.py:handle_request():146] handle_request: keepalive
2025-04-14 00:02:02,095 DEBUG   HandlerThread:2607606 [handler.py:handle_request():146] handle_request: status_report
2025-04-14 00:02:02,510 DEBUG   HandlerThread:2607606 [handler.py:handle_request():146] handle_request: keepalive
2025-04-14 00:02:06,093 DEBUG   SenderThread:2607606 [sender.py:send():380] send: stats
2025-04-14 00:02:06,129 ERROR   FileStreamThread:2607606 [file_stream.py:_handle_response():504] dropped chunk 404 Client Error: Not Found for url: https://api.wandb.ai/files/uiucnlp/plum-training/yq9knpox/file_stream
NoneType: None
2025-04-14 00:02:07,511 DEBUG   HandlerThread:2607606 [handler.py:handle_request():146] handle_request: keepalive
2025-04-14 00:02:08,095 DEBUG   HandlerThread:2607606 [handler.py:handle_request():146] handle_request: status_report
2025-04-14 00:02:12,511 DEBUG   HandlerThread:2607606 [handler.py:handle_request():146] handle_request: keepalive
2025-04-14 00:02:13,126 DEBUG   HandlerThread:2607606 [handler.py:handle_request():146] handle_request: status_report
2025-04-14 00:02:17,512 DEBUG   HandlerThread:2607606 [handler.py:handle_request():146] handle_request: keepalive
2025-04-14 00:02:18,127 DEBUG   HandlerThread:2607606 [handler.py:handle_request():146] handle_request: status_report
2025-04-14 00:02:22,518 DEBUG   HandlerThread:2607606 [handler.py:handle_request():146] handle_request: keepalive
2025-04-14 00:02:23,128 DEBUG   HandlerThread:2607606 [handler.py:handle_request():146] handle_request: status_report
2025-04-14 00:02:27,514 DEBUG   HandlerThread:2607606 [handler.py:handle_request():146] handle_request: keepalive
2025-04-14 00:02:28,128 DEBUG   HandlerThread:2607606 [handler.py:handle_request():146] handle_request: status_report
2025-04-14 00:02:32,514 DEBUG   HandlerThread:2607606 [handler.py:handle_request():146] handle_request: keepalive
2025-04-14 00:02:33,850 DEBUG   HandlerThread:2607606 [handler.py:handle_request():146] handle_request: status_report
2025-04-14 00:02:35,215 INFO    Thread-12 :2607606 [dir_watcher.py:_on_file_modified():288] file/dir modified: /shared/nas2/jk100/partonomy_private/src/models/PLUM/wandb/run-20250413_235005-yq9knpox/files/output.log
2025-04-14 00:02:36,094 DEBUG   SenderThread:2607606 [sender.py:send():380] send: stats
2025-04-14 00:02:36,125 ERROR   FileStreamThread:2607606 [file_stream.py:_handle_response():504] dropped chunk 404 Client Error: Not Found for url: https://api.wandb.ai/files/uiucnlp/plum-training/yq9knpox/file_stream
NoneType: None
2025-04-14 00:02:37,515 DEBUG   HandlerThread:2607606 [handler.py:handle_request():146] handle_request: keepalive
2025-04-14 00:02:39,095 DEBUG   HandlerThread:2607606 [handler.py:handle_request():146] handle_request: status_report
2025-04-14 00:02:42,516 DEBUG   HandlerThread:2607606 [handler.py:handle_request():146] handle_request: keepalive
2025-04-14 00:02:44,844 DEBUG   HandlerThread:2607606 [handler.py:handle_request():146] handle_request: status_report
2025-04-14 00:02:45,219 INFO    Thread-12 :2607606 [dir_watcher.py:_on_file_modified():288] file/dir modified: /shared/nas2/jk100/partonomy_private/src/models/PLUM/wandb/run-20250413_235005-yq9knpox/files/output.log
2025-04-14 00:02:48,126 DEBUG   HandlerThread:2607606 [handler.py:handle_request():146] handle_request: keepalive
2025-04-14 00:02:49,221 INFO    Thread-12 :2607606 [dir_watcher.py:_on_file_modified():288] file/dir modified: /shared/nas2/jk100/partonomy_private/src/models/PLUM/wandb/run-20250413_235005-yq9knpox/files/output.log
2025-04-14 00:02:50,310 DEBUG   HandlerThread:2607606 [handler.py:handle_request():146] handle_request: status_report
2025-04-14 00:02:54,370 DEBUG   HandlerThread:2607606 [handler.py:handle_request():146] handle_request: keepalive
2025-04-14 00:02:54,403 DEBUG   HandlerThread:2607606 [handler.py:handle_request():146] handle_request: keepalive
2025-04-14 00:02:54,416 DEBUG   HandlerThread:2607606 [handler.py:handle_request():146] handle_request: keepalive
2025-04-14 00:02:55,676 DEBUG   HandlerThread:2607606 [handler.py:handle_request():146] handle_request: status_report
2025-04-14 00:02:57,224 INFO    Thread-12 :2607606 [dir_watcher.py:_on_file_modified():288] file/dir modified: /shared/nas2/jk100/partonomy_private/src/models/PLUM/wandb/run-20250413_235005-yq9knpox/files/output.log
2025-04-14 00:03:00,677 DEBUG   HandlerThread:2607606 [handler.py:handle_request():146] handle_request: status_report
2025-04-14 00:03:04,034 DEBUG   HandlerThread:2607606 [handler.py:handle_request():146] handle_request: keepalive
2025-04-14 00:03:06,096 DEBUG   SenderThread:2607606 [sender.py:send():380] send: stats
2025-04-14 00:03:06,098 DEBUG   HandlerThread:2607606 [handler.py:handle_request():146] handle_request: status_report
2025-04-14 00:03:06,122 ERROR   FileStreamThread:2607606 [file_stream.py:_handle_response():504] dropped chunk 404 Client Error: Not Found for url: https://api.wandb.ai/files/uiucnlp/plum-training/yq9knpox/file_stream
NoneType: None
2025-04-14 00:03:07,230 INFO    Thread-12 :2607606 [dir_watcher.py:_on_file_modified():288] file/dir modified: /shared/nas2/jk100/partonomy_private/src/models/PLUM/wandb/run-20250413_235005-yq9knpox/files/output.log
2025-04-14 00:03:09,073 DEBUG   HandlerThread:2607606 [handler.py:handle_request():146] handle_request: keepalive
2025-04-14 00:03:11,097 DEBUG   HandlerThread:2607606 [handler.py:handle_request():146] handle_request: status_report
2025-04-14 00:03:16,098 DEBUG   HandlerThread:2607606 [handler.py:handle_request():146] handle_request: status_report
2025-04-14 00:03:21,099 DEBUG   HandlerThread:2607606 [handler.py:handle_request():146] handle_request: status_report
2025-04-14 00:03:26,100 DEBUG   HandlerThread:2607606 [handler.py:handle_request():146] handle_request: status_report
2025-04-14 00:03:31,100 DEBUG   HandlerThread:2607606 [handler.py:handle_request():146] handle_request: status_report
2025-04-14 00:03:32,654 DEBUG   HandlerThread:2607606 [handler.py:handle_request():146] handle_request: keepalive
2025-04-14 00:03:32,738 DEBUG   HandlerThread:2607606 [handler.py:handle_request():146] handle_request: keepalive
2025-04-14 00:03:32,753 DEBUG   HandlerThread:2607606 [handler.py:handle_request():146] handle_request: keepalive
2025-04-14 00:03:35,242 INFO    Thread-12 :2607606 [dir_watcher.py:_on_file_modified():288] file/dir modified: /shared/nas2/jk100/partonomy_private/src/models/PLUM/wandb/run-20250413_235005-yq9knpox/files/output.log
2025-04-14 00:03:36,097 DEBUG   SenderThread:2607606 [sender.py:send():380] send: stats
2025-04-14 00:03:36,124 ERROR   FileStreamThread:2607606 [file_stream.py:_handle_response():504] dropped chunk 404 Client Error: Not Found for url: https://api.wandb.ai/files/uiucnlp/plum-training/yq9knpox/file_stream
NoneType: None
2025-04-14 00:03:36,647 DEBUG   HandlerThread:2607606 [handler.py:handle_request():146] handle_request: status_report
2025-04-14 00:03:39,244 INFO    Thread-12 :2607606 [dir_watcher.py:_on_file_modified():288] file/dir modified: /shared/nas2/jk100/partonomy_private/src/models/PLUM/wandb/run-20250413_235005-yq9knpox/files/output.log
2025-04-14 00:03:40,954 DEBUG   HandlerThread:2607606 [handler.py:handle_request():146] handle_request: keepalive
2025-04-14 00:03:42,317 DEBUG   HandlerThread:2607606 [handler.py:handle_request():146] handle_request: status_report
2025-04-14 00:03:43,246 INFO    Thread-12 :2607606 [dir_watcher.py:_on_file_modified():288] file/dir modified: /shared/nas2/jk100/partonomy_private/src/models/PLUM/wandb/run-20250413_235005-yq9knpox/files/output.log
2025-04-14 00:03:47,318 DEBUG   HandlerThread:2607606 [handler.py:handle_request():146] handle_request: status_report
2025-04-14 00:03:50,730 DEBUG   HandlerThread:2607606 [handler.py:handle_request():146] handle_request: keepalive
2025-04-14 00:03:50,781 DEBUG   HandlerThread:2607606 [handler.py:handle_request():146] handle_request: keepalive
2025-04-14 00:03:50,801 DEBUG   HandlerThread:2607606 [handler.py:handle_request():146] handle_request: keepalive
2025-04-14 00:03:52,351 DEBUG   HandlerThread:2607606 [handler.py:handle_request():146] handle_request: status_report
2025-04-14 00:03:53,251 INFO    Thread-12 :2607606 [dir_watcher.py:_on_file_modified():288] file/dir modified: /shared/nas2/jk100/partonomy_private/src/models/PLUM/wandb/run-20250413_235005-yq9knpox/files/output.log
2025-04-14 00:03:57,351 DEBUG   HandlerThread:2607606 [handler.py:handle_request():146] handle_request: status_report
2025-04-14 00:04:02,352 DEBUG   HandlerThread:2607606 [handler.py:handle_request():146] handle_request: status_report
2025-04-14 00:04:06,099 DEBUG   SenderThread:2607606 [sender.py:send():380] send: stats
2025-04-14 00:04:06,131 ERROR   FileStreamThread:2607606 [file_stream.py:_handle_response():504] dropped chunk 404 Client Error: Not Found for url: https://api.wandb.ai/files/uiucnlp/plum-training/yq9knpox/file_stream
NoneType: None
2025-04-14 00:04:08,100 DEBUG   HandlerThread:2607606 [handler.py:handle_request():146] handle_request: status_report
2025-04-14 00:04:13,101 DEBUG   HandlerThread:2607606 [handler.py:handle_request():146] handle_request: status_report
2025-04-14 00:04:16,412 DEBUG   HandlerThread:2607606 [handler.py:handle_request():146] handle_request: keepalive
2025-04-14 00:04:16,511 DEBUG   HandlerThread:2607606 [handler.py:handle_request():146] handle_request: keepalive
2025-04-14 00:04:18,102 DEBUG   HandlerThread:2607606 [handler.py:handle_request():146] handle_request: status_report
2025-04-14 00:04:19,263 INFO    Thread-12 :2607606 [dir_watcher.py:_on_file_modified():288] file/dir modified: /shared/nas2/jk100/partonomy_private/src/models/PLUM/wandb/run-20250413_235005-yq9knpox/files/output.log
2025-04-14 00:04:21,264 INFO    Thread-12 :2607606 [dir_watcher.py:_on_file_modified():288] file/dir modified: /shared/nas2/jk100/partonomy_private/src/models/PLUM/wandb/run-20250413_235005-yq9knpox/files/output.log
2025-04-14 00:04:23,243 DEBUG   HandlerThread:2607606 [handler.py:handle_request():146] handle_request: keepalive
2025-04-14 00:04:23,452 DEBUG   HandlerThread:2607606 [handler.py:handle_request():146] handle_request: status_report
2025-04-14 00:04:25,265 INFO    Thread-12 :2607606 [dir_watcher.py:_on_file_modified():288] file/dir modified: /shared/nas2/jk100/partonomy_private/src/models/PLUM/wandb/run-20250413_235005-yq9knpox/files/output.log
2025-04-14 00:04:28,538 DEBUG   HandlerThread:2607606 [handler.py:handle_request():146] handle_request: status_report
2025-04-14 00:04:33,539 DEBUG   HandlerThread:2607606 [handler.py:handle_request():146] handle_request: status_report
2025-04-14 00:04:33,861 DEBUG   HandlerThread:2607606 [handler.py:handle_request():146] handle_request: keepalive
2025-04-14 00:04:33,917 DEBUG   HandlerThread:2607606 [handler.py:handle_request():146] handle_request: keepalive
2025-04-14 00:04:33,938 DEBUG   HandlerThread:2607606 [handler.py:handle_request():146] handle_request: keepalive
2025-04-14 00:04:35,270 INFO    Thread-12 :2607606 [dir_watcher.py:_on_file_modified():288] file/dir modified: /shared/nas2/jk100/partonomy_private/src/models/PLUM/wandb/run-20250413_235005-yq9knpox/files/output.log
2025-04-14 00:04:36,100 DEBUG   SenderThread:2607606 [sender.py:send():380] send: stats
2025-04-14 00:04:36,128 ERROR   FileStreamThread:2607606 [file_stream.py:_handle_response():504] dropped chunk 404 Client Error: Not Found for url: https://api.wandb.ai/files/uiucnlp/plum-training/yq9knpox/file_stream
NoneType: None
2025-04-14 00:04:39,101 DEBUG   HandlerThread:2607606 [handler.py:handle_request():146] handle_request: status_report
2025-04-14 00:04:44,102 DEBUG   HandlerThread:2607606 [handler.py:handle_request():146] handle_request: status_report
2025-04-14 00:04:49,103 DEBUG   HandlerThread:2607606 [handler.py:handle_request():146] handle_request: status_report
2025-04-14 00:04:54,103 DEBUG   HandlerThread:2607606 [handler.py:handle_request():146] handle_request: status_report
2025-04-14 00:04:59,104 DEBUG   HandlerThread:2607606 [handler.py:handle_request():146] handle_request: status_report
2025-04-14 00:05:02,776 DEBUG   HandlerThread:2607606 [handler.py:handle_request():146] handle_request: keepalive
2025-04-14 00:05:02,881 DEBUG   HandlerThread:2607606 [handler.py:handle_request():146] handle_request: keepalive
2025-04-14 00:05:02,896 DEBUG   HandlerThread:2607606 [handler.py:handle_request():146] handle_request: keepalive
2025-04-14 00:05:04,104 DEBUG   HandlerThread:2607606 [handler.py:handle_request():146] handle_request: status_report
2025-04-14 00:05:05,283 INFO    Thread-12 :2607606 [dir_watcher.py:_on_file_modified():288] file/dir modified: /shared/nas2/jk100/partonomy_private/src/models/PLUM/wandb/run-20250413_235005-yq9knpox/files/output.log
2025-04-14 00:05:06,102 DEBUG   SenderThread:2607606 [sender.py:send():380] send: stats
2025-04-14 00:05:06,139 ERROR   FileStreamThread:2607606 [file_stream.py:_handle_response():504] dropped chunk 404 Client Error: Not Found for url: https://api.wandb.ai/files/uiucnlp/plum-training/yq9knpox/file_stream
NoneType: None
2025-04-14 00:05:07,284 INFO    Thread-12 :2607606 [dir_watcher.py:_on_file_modified():288] file/dir modified: /shared/nas2/jk100/partonomy_private/src/models/PLUM/wandb/run-20250413_235005-yq9knpox/files/output.log
2025-04-14 00:05:10,103 DEBUG   HandlerThread:2607606 [handler.py:handle_request():146] handle_request: status_report
2025-04-14 00:05:10,197 DEBUG   HandlerThread:2607606 [handler.py:handle_request():146] handle_request: keepalive
2025-04-14 00:05:11,286 INFO    Thread-12 :2607606 [dir_watcher.py:_on_file_modified():288] file/dir modified: /shared/nas2/jk100/partonomy_private/src/models/PLUM/wandb/run-20250413_235005-yq9knpox/files/output.log
2025-04-14 00:05:15,505 DEBUG   HandlerThread:2607606 [handler.py:handle_request():146] handle_request: status_report
2025-04-14 00:05:20,506 DEBUG   HandlerThread:2607606 [handler.py:handle_request():146] handle_request: status_report
2025-04-14 00:05:20,621 DEBUG   HandlerThread:2607606 [handler.py:handle_request():146] handle_request: keepalive
2025-04-14 00:05:20,675 DEBUG   HandlerThread:2607606 [handler.py:handle_request():146] handle_request: keepalive
2025-04-14 00:05:20,690 DEBUG   HandlerThread:2607606 [handler.py:handle_request():146] handle_request: keepalive
2025-04-14 00:05:23,292 INFO    Thread-12 :2607606 [dir_watcher.py:_on_file_modified():288] file/dir modified: /shared/nas2/jk100/partonomy_private/src/models/PLUM/wandb/run-20250413_235005-yq9knpox/files/output.log
2025-04-14 00:05:26,308 DEBUG   HandlerThread:2607606 [handler.py:handle_request():146] handle_request: status_report
2025-04-14 00:05:31,309 DEBUG   HandlerThread:2607606 [handler.py:handle_request():146] handle_request: status_report
2025-04-14 00:05:36,103 DEBUG   SenderThread:2607606 [sender.py:send():380] send: stats
2025-04-14 00:05:36,128 ERROR   FileStreamThread:2607606 [file_stream.py:_handle_response():504] dropped chunk 404 Client Error: Not Found for url: https://api.wandb.ai/files/uiucnlp/plum-training/yq9knpox/file_stream
NoneType: None
2025-04-14 00:05:37,104 DEBUG   HandlerThread:2607606 [handler.py:handle_request():146] handle_request: status_report
2025-04-14 00:05:42,105 DEBUG   HandlerThread:2607606 [handler.py:handle_request():146] handle_request: status_report
2025-04-14 00:05:47,106 DEBUG   HandlerThread:2607606 [handler.py:handle_request():146] handle_request: status_report
2025-04-14 00:05:47,328 DEBUG   HandlerThread:2607606 [handler.py:handle_request():146] handle_request: keepalive
2025-04-14 00:05:47,435 DEBUG   HandlerThread:2607606 [handler.py:handle_request():146] handle_request: keepalive
2025-04-14 00:05:47,456 DEBUG   HandlerThread:2607606 [handler.py:handle_request():146] handle_request: keepalive
2025-04-14 00:05:51,304 INFO    Thread-12 :2607606 [dir_watcher.py:_on_file_modified():288] file/dir modified: /shared/nas2/jk100/partonomy_private/src/models/PLUM/wandb/run-20250413_235005-yq9knpox/files/output.log
2025-04-14 00:05:52,456 DEBUG   HandlerThread:2607606 [handler.py:handle_request():146] handle_request: status_report
2025-04-14 00:05:56,076 DEBUG   HandlerThread:2607606 [handler.py:handle_request():146] handle_request: keepalive
2025-04-14 00:05:57,307 INFO    Thread-12 :2607606 [dir_watcher.py:_on_file_modified():288] file/dir modified: /shared/nas2/jk100/partonomy_private/src/models/PLUM/wandb/run-20250413_235005-yq9knpox/files/output.log
2025-04-14 00:05:58,404 DEBUG   HandlerThread:2607606 [handler.py:handle_request():146] handle_request: status_report
2025-04-14 00:06:03,404 DEBUG   HandlerThread:2607606 [handler.py:handle_request():146] handle_request: status_report
2025-04-14 00:06:06,105 DEBUG   SenderThread:2607606 [sender.py:send():380] send: stats
2025-04-14 00:06:06,136 ERROR   FileStreamThread:2607606 [file_stream.py:_handle_response():504] dropped chunk 404 Client Error: Not Found for url: https://api.wandb.ai/files/uiucnlp/plum-training/yq9knpox/file_stream
NoneType: None
2025-04-14 00:06:08,292 DEBUG   HandlerThread:2607606 [handler.py:handle_request():146] handle_request: keepalive
2025-04-14 00:06:08,334 DEBUG   HandlerThread:2607606 [handler.py:handle_request():146] handle_request: keepalive
2025-04-14 00:06:08,948 DEBUG   HandlerThread:2607606 [handler.py:handle_request():146] handle_request: status_report
2025-04-14 00:06:11,313 INFO    Thread-12 :2607606 [dir_watcher.py:_on_file_modified():288] file/dir modified: /shared/nas2/jk100/partonomy_private/src/models/PLUM/wandb/run-20250413_235005-yq9knpox/files/output.log
2025-04-14 00:06:13,949 DEBUG   HandlerThread:2607606 [handler.py:handle_request():146] handle_request: status_report
2025-04-14 00:06:18,949 DEBUG   HandlerThread:2607606 [handler.py:handle_request():146] handle_request: status_report
2025-04-14 00:06:23,950 DEBUG   HandlerThread:2607606 [handler.py:handle_request():146] handle_request: status_report
2025-04-14 00:06:28,951 DEBUG   HandlerThread:2607606 [handler.py:handle_request():146] handle_request: status_report
2025-04-14 00:06:33,952 DEBUG   HandlerThread:2607606 [handler.py:handle_request():146] handle_request: status_report
2025-04-14 00:06:36,107 DEBUG   SenderThread:2607606 [sender.py:send():380] send: stats
2025-04-14 00:06:36,131 ERROR   FileStreamThread:2607606 [file_stream.py:_handle_response():504] dropped chunk 404 Client Error: Not Found for url: https://api.wandb.ai/files/uiucnlp/plum-training/yq9knpox/file_stream
NoneType: None
2025-04-14 00:06:37,155 DEBUG   HandlerThread:2607606 [handler.py:handle_request():146] handle_request: keepalive
2025-04-14 00:06:37,255 DEBUG   HandlerThread:2607606 [handler.py:handle_request():146] handle_request: keepalive
2025-04-14 00:06:37,270 DEBUG   HandlerThread:2607606 [handler.py:handle_request():146] handle_request: keepalive
2025-04-14 00:06:39,702 DEBUG   HandlerThread:2607606 [handler.py:handle_request():146] handle_request: status_report
2025-04-14 00:06:41,327 INFO    Thread-12 :2607606 [dir_watcher.py:_on_file_modified():288] file/dir modified: /shared/nas2/jk100/partonomy_private/src/models/PLUM/wandb/run-20250413_235005-yq9knpox/files/output.log
2025-04-14 00:06:42,697 DEBUG   HandlerThread:2607606 [handler.py:handle_request():146] handle_request: keepalive
2025-04-14 00:06:43,329 INFO    Thread-12 :2607606 [dir_watcher.py:_on_file_modified():288] file/dir modified: /shared/nas2/jk100/partonomy_private/src/models/PLUM/wandb/run-20250413_235005-yq9knpox/files/output.log
2025-04-14 00:06:44,944 DEBUG   HandlerThread:2607606 [handler.py:handle_request():146] handle_request: status_report
2025-04-14 00:06:49,945 DEBUG   HandlerThread:2607606 [handler.py:handle_request():146] handle_request: status_report
2025-04-14 00:06:54,945 DEBUG   HandlerThread:2607606 [handler.py:handle_request():146] handle_request: status_report
2025-04-14 00:06:55,517 DEBUG   HandlerThread:2607606 [handler.py:handle_request():146] handle_request: keepalive
2025-04-14 00:06:55,568 DEBUG   HandlerThread:2607606 [handler.py:handle_request():146] handle_request: keepalive
2025-04-14 00:06:57,335 INFO    Thread-12 :2607606 [dir_watcher.py:_on_file_modified():288] file/dir modified: /shared/nas2/jk100/partonomy_private/src/models/PLUM/wandb/run-20250413_235005-yq9knpox/files/output.log
2025-04-14 00:07:00,173 DEBUG   HandlerThread:2607606 [handler.py:handle_request():146] handle_request: status_report
2025-04-14 00:07:05,174 DEBUG   HandlerThread:2607606 [handler.py:handle_request():146] handle_request: status_report
2025-04-14 00:07:06,109 DEBUG   SenderThread:2607606 [sender.py:send():380] send: stats
2025-04-14 00:07:06,149 ERROR   FileStreamThread:2607606 [file_stream.py:_handle_response():504] dropped chunk 404 Client Error: Not Found for url: https://api.wandb.ai/files/uiucnlp/plum-training/yq9knpox/file_stream
NoneType: None
2025-04-14 00:07:11,111 DEBUG   HandlerThread:2607606 [handler.py:handle_request():146] handle_request: status_report
2025-04-14 00:07:16,112 DEBUG   HandlerThread:2607606 [handler.py:handle_request():146] handle_request: status_report
2025-04-14 00:07:21,112 DEBUG   HandlerThread:2607606 [handler.py:handle_request():146] handle_request: status_report
2025-04-14 00:07:21,755 DEBUG   HandlerThread:2607606 [handler.py:handle_request():146] handle_request: keepalive
2025-04-14 00:07:21,846 DEBUG   HandlerThread:2607606 [handler.py:handle_request():146] handle_request: keepalive
2025-04-14 00:07:25,347 INFO    Thread-12 :2607606 [dir_watcher.py:_on_file_modified():288] file/dir modified: /shared/nas2/jk100/partonomy_private/src/models/PLUM/wandb/run-20250413_235005-yq9knpox/files/output.log
2025-04-14 00:07:26,720 DEBUG   HandlerThread:2607606 [handler.py:handle_request():146] handle_request: status_report
2025-04-14 00:07:27,348 INFO    Thread-12 :2607606 [dir_watcher.py:_on_file_modified():288] file/dir modified: /shared/nas2/jk100/partonomy_private/src/models/PLUM/wandb/run-20250413_235005-yq9knpox/files/output.log
2025-04-14 00:07:27,509 DEBUG   HandlerThread:2607606 [handler.py:handle_request():146] handle_request: keepalive
2025-04-14 00:07:29,349 INFO    Thread-12 :2607606 [dir_watcher.py:_on_file_modified():288] file/dir modified: /shared/nas2/jk100/partonomy_private/src/models/PLUM/wandb/run-20250413_235005-yq9knpox/files/output.log
2025-04-14 00:07:32,510 DEBUG   HandlerThread:2607606 [handler.py:handle_request():146] handle_request: keepalive
2025-04-14 00:07:32,543 DEBUG   HandlerThread:2607606 [handler.py:handle_request():146] handle_request: status_report
2025-04-14 00:07:36,111 DEBUG   SenderThread:2607606 [sender.py:send():380] send: stats
2025-04-14 00:07:36,136 ERROR   FileStreamThread:2607606 [file_stream.py:_handle_response():504] dropped chunk 404 Client Error: Not Found for url: https://api.wandb.ai/files/uiucnlp/plum-training/yq9knpox/file_stream
NoneType: None
2025-04-14 00:07:37,511 DEBUG   HandlerThread:2607606 [handler.py:handle_request():146] handle_request: keepalive
2025-04-14 00:07:38,112 DEBUG   HandlerThread:2607606 [handler.py:handle_request():146] handle_request: status_report
2025-04-14 00:07:42,511 DEBUG   HandlerThread:2607606 [handler.py:handle_request():146] handle_request: keepalive
2025-04-14 00:07:43,113 DEBUG   HandlerThread:2607606 [handler.py:handle_request():146] handle_request: status_report
2025-04-14 00:07:48,114 DEBUG   HandlerThread:2607606 [handler.py:handle_request():146] handle_request: status_report
2025-04-14 00:07:53,114 DEBUG   HandlerThread:2607606 [handler.py:handle_request():146] handle_request: status_report
2025-04-14 00:07:55,042 DEBUG   HandlerThread:2607606 [handler.py:handle_request():146] handle_request: keepalive
2025-04-14 00:07:55,065 DEBUG   HandlerThread:2607606 [handler.py:handle_request():146] handle_request: keepalive
2025-04-14 00:07:55,065 DEBUG   HandlerThread:2607606 [handler.py:handle_request():146] handle_request: keepalive
2025-04-14 00:07:57,551 INFO    Thread-12 :2607606 [dir_watcher.py:_on_file_modified():288] file/dir modified: /shared/nas2/jk100/partonomy_private/src/models/PLUM/wandb/run-20250413_235005-yq9knpox/files/output.log
2025-04-14 00:07:58,578 DEBUG   HandlerThread:2607606 [handler.py:handle_request():146] handle_request: status_report
2025-04-14 00:08:03,579 DEBUG   HandlerThread:2607606 [handler.py:handle_request():146] handle_request: status_report
2025-04-14 00:08:04,624 DEBUG   HandlerThread:2607606 [handler.py:handle_request():146] handle_request: keepalive
2025-04-14 00:08:06,113 DEBUG   SenderThread:2607606 [sender.py:send():380] send: stats
2025-04-14 00:08:06,138 ERROR   FileStreamThread:2607606 [file_stream.py:_handle_response():504] dropped chunk 404 Client Error: Not Found for url: https://api.wandb.ai/files/uiucnlp/plum-training/yq9knpox/file_stream
NoneType: None
2025-04-14 00:08:07,556 INFO    Thread-12 :2607606 [dir_watcher.py:_on_file_modified():288] file/dir modified: /shared/nas2/jk100/partonomy_private/src/models/PLUM/wandb/run-20250413_235005-yq9knpox/files/output.log
2025-04-14 00:08:08,628 DEBUG   HandlerThread:2607606 [handler.py:handle_request():146] handle_request: status_report
2025-04-14 00:08:09,556 INFO    Thread-12 :2607606 [dir_watcher.py:_on_file_modified():288] file/dir modified: /shared/nas2/jk100/partonomy_private/src/models/PLUM/wandb/run-20250413_235005-yq9knpox/files/output.log
2025-04-14 00:08:09,688 DEBUG   HandlerThread:2607606 [handler.py:handle_request():146] handle_request: keepalive
2025-04-14 00:08:13,629 DEBUG   HandlerThread:2607606 [handler.py:handle_request():146] handle_request: status_report
2025-04-14 00:08:14,689 DEBUG   HandlerThread:2607606 [handler.py:handle_request():146] handle_request: keepalive
2025-04-14 00:08:18,996 DEBUG   HandlerThread:2607606 [handler.py:handle_request():146] handle_request: status_report
2025-04-14 00:08:19,562 INFO    Thread-12 :2607606 [dir_watcher.py:_on_file_modified():288] file/dir modified: /shared/nas2/jk100/partonomy_private/src/models/PLUM/wandb/run-20250413_235005-yq9knpox/files/output.log
2025-04-14 00:08:20,005 DEBUG   HandlerThread:2607606 [handler.py:handle_request():146] handle_request: keepalive
2025-04-14 00:08:21,563 INFO    Thread-12 :2607606 [dir_watcher.py:_on_file_modified():288] file/dir modified: /shared/nas2/jk100/partonomy_private/src/models/PLUM/wandb/run-20250413_235005-yq9knpox/files/output.log
2025-04-14 00:08:24,554 DEBUG   HandlerThread:2607606 [handler.py:handle_request():146] handle_request: status_report
2025-04-14 00:08:25,070 DEBUG   HandlerThread:2607606 [handler.py:handle_request():146] handle_request: keepalive
2025-04-14 00:08:25,095 DEBUG   HandlerThread:2607606 [handler.py:handle_request():146] handle_request: keepalive
2025-04-14 00:08:27,565 INFO    Thread-12 :2607606 [dir_watcher.py:_on_file_modified():288] file/dir modified: /shared/nas2/jk100/partonomy_private/src/models/PLUM/wandb/run-20250413_235005-yq9knpox/files/output.log
2025-04-14 00:08:29,692 DEBUG   HandlerThread:2607606 [handler.py:handle_request():146] handle_request: status_report
2025-04-14 00:08:31,001 DEBUG   HandlerThread:2607606 [handler.py:handle_request():146] handle_request: keepalive
2025-04-14 00:08:34,692 DEBUG   HandlerThread:2607606 [handler.py:handle_request():146] handle_request: status_report
2025-04-14 00:08:36,114 DEBUG   SenderThread:2607606 [sender.py:send():380] send: stats
2025-04-14 00:08:36,148 ERROR   FileStreamThread:2607606 [file_stream.py:_handle_response():504] dropped chunk 404 Client Error: Not Found for url: https://api.wandb.ai/files/uiucnlp/plum-training/yq9knpox/file_stream
NoneType: None
2025-04-14 00:08:40,115 DEBUG   HandlerThread:2607606 [handler.py:handle_request():146] handle_request: status_report
2025-04-14 00:08:44,988 DEBUG   HandlerThread:2607606 [handler.py:handle_request():146] handle_request: keepalive
2025-04-14 00:08:44,988 DEBUG   HandlerThread:2607606 [handler.py:handle_request():146] handle_request: keepalive
2025-04-14 00:08:44,988 DEBUG   HandlerThread:2607606 [handler.py:handle_request():146] handle_request: keepalive
2025-04-14 00:08:45,989 DEBUG   HandlerThread:2607606 [handler.py:handle_request():146] handle_request: status_report
2025-04-14 00:08:47,575 INFO    Thread-12 :2607606 [dir_watcher.py:_on_file_modified():288] file/dir modified: /shared/nas2/jk100/partonomy_private/src/models/PLUM/wandb/run-20250413_235005-yq9knpox/files/output.log
2025-04-14 00:08:49,995 DEBUG   HandlerThread:2607606 [handler.py:handle_request():146] handle_request: keepalive
2025-04-14 00:08:51,344 DEBUG   HandlerThread:2607606 [handler.py:handle_request():146] handle_request: status_report
2025-04-14 00:08:54,995 DEBUG   HandlerThread:2607606 [handler.py:handle_request():146] handle_request: keepalive
2025-04-14 00:08:56,344 DEBUG   HandlerThread:2607606 [handler.py:handle_request():146] handle_request: status_report
2025-04-14 00:08:59,581 INFO    Thread-12 :2607606 [dir_watcher.py:_on_file_modified():288] file/dir modified: /shared/nas2/jk100/partonomy_private/src/models/PLUM/wandb/run-20250413_235005-yq9knpox/files/output.log
2025-04-14 00:09:00,516 DEBUG   HandlerThread:2607606 [handler.py:handle_request():146] handle_request: keepalive
2025-04-14 00:09:01,582 INFO    Thread-12 :2607606 [dir_watcher.py:_on_file_modified():288] file/dir modified: /shared/nas2/jk100/partonomy_private/src/models/PLUM/wandb/run-20250413_235005-yq9knpox/files/output.log
2025-04-14 00:09:02,249 DEBUG   HandlerThread:2607606 [handler.py:handle_request():146] handle_request: status_report
2025-04-14 00:09:05,516 DEBUG   HandlerThread:2607606 [handler.py:handle_request():146] handle_request: keepalive
2025-04-14 00:09:06,116 DEBUG   SenderThread:2607606 [sender.py:send():380] send: stats
2025-04-14 00:09:06,140 ERROR   FileStreamThread:2607606 [file_stream.py:_handle_response():504] dropped chunk 404 Client Error: Not Found for url: https://api.wandb.ai/files/uiucnlp/plum-training/yq9knpox/file_stream
NoneType: None
2025-04-14 00:09:08,117 DEBUG   HandlerThread:2607606 [handler.py:handle_request():146] handle_request: status_report
2025-04-14 00:09:10,518 DEBUG   HandlerThread:2607606 [handler.py:handle_request():146] handle_request: keepalive
2025-04-14 00:09:13,118 DEBUG   HandlerThread:2607606 [handler.py:handle_request():146] handle_request: status_report
2025-04-14 00:09:15,519 DEBUG   HandlerThread:2607606 [handler.py:handle_request():146] handle_request: keepalive
2025-04-14 00:09:18,119 DEBUG   HandlerThread:2607606 [handler.py:handle_request():146] handle_request: status_report
2025-04-14 00:09:20,527 DEBUG   HandlerThread:2607606 [handler.py:handle_request():146] handle_request: keepalive
2025-04-14 00:09:23,119 DEBUG   HandlerThread:2607606 [handler.py:handle_request():146] handle_request: status_report
2025-04-14 00:09:25,532 DEBUG   HandlerThread:2607606 [handler.py:handle_request():146] handle_request: keepalive
2025-04-14 00:09:27,595 INFO    Thread-12 :2607606 [dir_watcher.py:_on_file_modified():288] file/dir modified: /shared/nas2/jk100/partonomy_private/src/models/PLUM/wandb/run-20250413_235005-yq9knpox/files/output.log
2025-04-14 00:09:28,828 DEBUG   HandlerThread:2607606 [handler.py:handle_request():146] handle_request: status_report
2025-04-14 00:09:29,596 INFO    Thread-12 :2607606 [dir_watcher.py:_on_file_modified():288] file/dir modified: /shared/nas2/jk100/partonomy_private/src/models/PLUM/wandb/run-20250413_235005-yq9knpox/files/output.log
2025-04-14 00:09:30,538 DEBUG   HandlerThread:2607606 [handler.py:handle_request():146] handle_request: keepalive
2025-04-14 00:09:33,829 DEBUG   HandlerThread:2607606 [handler.py:handle_request():146] handle_request: status_report
2025-04-14 00:09:35,539 DEBUG   HandlerThread:2607606 [handler.py:handle_request():146] handle_request: keepalive
2025-04-14 00:09:36,118 DEBUG   SenderThread:2607606 [sender.py:send():380] send: stats
2025-04-14 00:09:36,148 ERROR   FileStreamThread:2607606 [file_stream.py:_handle_response():504] dropped chunk 404 Client Error: Not Found for url: https://api.wandb.ai/files/uiucnlp/plum-training/yq9knpox/file_stream
NoneType: None
2025-04-14 00:09:39,119 DEBUG   HandlerThread:2607606 [handler.py:handle_request():146] handle_request: status_report
2025-04-14 00:09:40,539 DEBUG   HandlerThread:2607606 [handler.py:handle_request():146] handle_request: keepalive
2025-04-14 00:09:44,120 DEBUG   HandlerThread:2607606 [handler.py:handle_request():146] handle_request: status_report
2025-04-14 00:09:45,540 DEBUG   HandlerThread:2607606 [handler.py:handle_request():146] handle_request: keepalive
2025-04-14 00:09:49,120 DEBUG   HandlerThread:2607606 [handler.py:handle_request():146] handle_request: status_report
2025-04-14 00:09:50,541 DEBUG   HandlerThread:2607606 [handler.py:handle_request():146] handle_request: keepalive
2025-04-14 00:09:54,121 DEBUG   HandlerThread:2607606 [handler.py:handle_request():146] handle_request: status_report
2025-04-14 00:09:55,542 DEBUG   HandlerThread:2607606 [handler.py:handle_request():146] handle_request: keepalive
2025-04-14 00:09:59,122 DEBUG   HandlerThread:2607606 [handler.py:handle_request():146] handle_request: status_report
2025-04-14 00:10:00,542 DEBUG   HandlerThread:2607606 [handler.py:handle_request():146] handle_request: keepalive
2025-04-14 00:10:04,122 DEBUG   HandlerThread:2607606 [handler.py:handle_request():146] handle_request: status_report
2025-04-14 00:10:05,543 DEBUG   HandlerThread:2607606 [handler.py:handle_request():146] handle_request: keepalive
2025-04-14 00:10:06,119 DEBUG   SenderThread:2607606 [sender.py:send():380] send: stats
2025-04-14 00:10:06,145 ERROR   FileStreamThread:2607606 [file_stream.py:_handle_response():504] dropped chunk 404 Client Error: Not Found for url: https://api.wandb.ai/files/uiucnlp/plum-training/yq9knpox/file_stream
NoneType: None
2025-04-14 00:10:10,121 DEBUG   HandlerThread:2607606 [handler.py:handle_request():146] handle_request: status_report
2025-04-14 00:10:10,544 DEBUG   HandlerThread:2607606 [handler.py:handle_request():146] handle_request: keepalive
2025-04-14 00:10:15,122 DEBUG   HandlerThread:2607606 [handler.py:handle_request():146] handle_request: status_report
2025-04-14 00:10:15,544 DEBUG   HandlerThread:2607606 [handler.py:handle_request():146] handle_request: keepalive
2025-04-14 00:10:20,122 DEBUG   HandlerThread:2607606 [handler.py:handle_request():146] handle_request: status_report
2025-04-14 00:10:20,545 DEBUG   HandlerThread:2607606 [handler.py:handle_request():146] handle_request: keepalive
2025-04-14 00:10:25,123 DEBUG   HandlerThread:2607606 [handler.py:handle_request():146] handle_request: status_report
2025-04-14 00:10:25,546 DEBUG   HandlerThread:2607606 [handler.py:handle_request():146] handle_request: keepalive
2025-04-14 00:10:30,123 DEBUG   HandlerThread:2607606 [handler.py:handle_request():146] handle_request: status_report
2025-04-14 00:10:30,546 DEBUG   HandlerThread:2607606 [handler.py:handle_request():146] handle_request: keepalive
2025-04-14 00:10:35,124 DEBUG   HandlerThread:2607606 [handler.py:handle_request():146] handle_request: status_report
2025-04-14 00:10:35,547 DEBUG   HandlerThread:2607606 [handler.py:handle_request():146] handle_request: keepalive
2025-04-14 00:10:36,121 DEBUG   SenderThread:2607606 [sender.py:send():380] send: stats
2025-04-14 00:10:36,153 ERROR   FileStreamThread:2607606 [file_stream.py:_handle_response():504] dropped chunk 404 Client Error: Not Found for url: https://api.wandb.ai/files/uiucnlp/plum-training/yq9knpox/file_stream
NoneType: None
2025-04-14 00:10:40,548 DEBUG   HandlerThread:2607606 [handler.py:handle_request():146] handle_request: keepalive
2025-04-14 00:10:41,122 DEBUG   HandlerThread:2607606 [handler.py:handle_request():146] handle_request: status_report
2025-04-14 00:10:45,549 DEBUG   HandlerThread:2607606 [handler.py:handle_request():146] handle_request: keepalive
2025-04-14 00:10:46,123 DEBUG   HandlerThread:2607606 [handler.py:handle_request():146] handle_request: status_report
2025-04-14 00:10:50,549 DEBUG   HandlerThread:2607606 [handler.py:handle_request():146] handle_request: keepalive
2025-04-14 00:10:51,124 DEBUG   HandlerThread:2607606 [handler.py:handle_request():146] handle_request: status_report
2025-04-14 00:10:55,550 DEBUG   HandlerThread:2607606 [handler.py:handle_request():146] handle_request: keepalive
2025-04-14 00:10:56,124 DEBUG   HandlerThread:2607606 [handler.py:handle_request():146] handle_request: status_report
2025-04-14 00:10:59,845 INFO    Thread-12 :2607606 [dir_watcher.py:_on_file_modified():288] file/dir modified: /shared/nas2/jk100/partonomy_private/src/models/PLUM/wandb/run-20250413_235005-yq9knpox/files/output.log
2025-04-14 00:11:00,551 DEBUG   HandlerThread:2607606 [handler.py:handle_request():146] handle_request: keepalive
2025-04-14 00:11:01,235 DEBUG   HandlerThread:2607606 [handler.py:handle_request():146] handle_request: status_report
2025-04-14 00:11:02,240 DEBUG   SenderThread:2607606 [sender.py:send():380] send: exit
2025-04-14 00:11:02,240 INFO    SenderThread:2607606 [sender.py:send_exit():585] handling exit code: 1
2025-04-14 00:11:02,240 INFO    SenderThread:2607606 [sender.py:send_exit():587] handling runtime: 1256
2025-04-14 00:11:02,241 INFO    SenderThread:2607606 [sender.py:_save_file():1380] saving file wandb-summary.json with policy end
2025-04-14 00:11:02,241 INFO    SenderThread:2607606 [sender.py:send_exit():593] send defer
2025-04-14 00:11:02,242 DEBUG   HandlerThread:2607606 [handler.py:handle_request():146] handle_request: defer
2025-04-14 00:11:02,242 INFO    HandlerThread:2607606 [handler.py:handle_request_defer():172] handle defer: 0
2025-04-14 00:11:02,242 DEBUG   SenderThread:2607606 [sender.py:send_request():407] send_request: defer
2025-04-14 00:11:02,242 INFO    SenderThread:2607606 [sender.py:send_request_defer():609] handle sender defer: 0
2025-04-14 00:11:02,242 INFO    SenderThread:2607606 [sender.py:transition_state():613] send defer: 1
2025-04-14 00:11:02,242 DEBUG   HandlerThread:2607606 [handler.py:handle_request():146] handle_request: defer
2025-04-14 00:11:02,242 INFO    HandlerThread:2607606 [handler.py:handle_request_defer():172] handle defer: 1
2025-04-14 00:11:02,242 DEBUG   SenderThread:2607606 [sender.py:send_request():407] send_request: defer
2025-04-14 00:11:02,242 INFO    SenderThread:2607606 [sender.py:send_request_defer():609] handle sender defer: 1
2025-04-14 00:11:02,242 INFO    SenderThread:2607606 [sender.py:transition_state():613] send defer: 2
2025-04-14 00:11:02,242 DEBUG   HandlerThread:2607606 [handler.py:handle_request():146] handle_request: defer
2025-04-14 00:11:02,242 INFO    HandlerThread:2607606 [handler.py:handle_request_defer():172] handle defer: 2
2025-04-14 00:11:02,242 INFO    HandlerThread:2607606 [system_monitor.py:finish():203] Stopping system monitor
2025-04-14 00:11:02,242 DEBUG   SystemMonitor:2607606 [system_monitor.py:_start():179] Finished system metrics aggregation loop
2025-04-14 00:11:02,243 INFO    HandlerThread:2607606 [interfaces.py:finish():202] Joined cpu monitor
2025-04-14 00:11:02,243 DEBUG   SystemMonitor:2607606 [system_monitor.py:_start():183] Publishing last batch of metrics
2025-04-14 00:11:02,244 INFO    HandlerThread:2607606 [interfaces.py:finish():202] Joined disk monitor
2025-04-14 00:11:02,847 INFO    Thread-12 :2607606 [dir_watcher.py:_on_file_created():271] file/dir created: /shared/nas2/jk100/partonomy_private/src/models/PLUM/wandb/run-20250413_235005-yq9knpox/files/wandb-summary.json
2025-04-14 00:11:03,867 INFO    Thread-12 :2607606 [dir_watcher.py:_on_file_modified():288] file/dir modified: /shared/nas2/jk100/partonomy_private/src/models/PLUM/wandb/run-20250413_235005-yq9knpox/files/output.log
2025-04-14 00:11:06,517 INFO    HandlerThread:2607606 [interfaces.py:finish():202] Joined gpu monitor
2025-04-14 00:11:06,517 INFO    HandlerThread:2607606 [interfaces.py:finish():202] Joined memory monitor
2025-04-14 00:11:06,517 INFO    HandlerThread:2607606 [interfaces.py:finish():202] Joined network monitor
2025-04-14 00:11:06,518 DEBUG   HandlerThread:2607606 [handler.py:handle_request():146] handle_request: poll_exit
2025-04-14 00:11:06,518 DEBUG   HandlerThread:2607606 [handler.py:handle_request():146] handle_request: status_report
2025-04-14 00:11:06,518 DEBUG   SenderThread:2607606 [sender.py:send_request():407] send_request: defer
2025-04-14 00:11:06,519 INFO    SenderThread:2607606 [sender.py:send_request_defer():609] handle sender defer: 2
2025-04-14 00:11:06,519 INFO    SenderThread:2607606 [sender.py:transition_state():613] send defer: 3
2025-04-14 00:11:06,519 DEBUG   SenderThread:2607606 [sender.py:send():380] send: stats
2025-04-14 00:11:06,520 DEBUG   SenderThread:2607606 [sender.py:send_request():407] send_request: poll_exit
2025-04-14 00:11:06,520 DEBUG   HandlerThread:2607606 [handler.py:handle_request():146] handle_request: defer
2025-04-14 00:11:06,522 INFO    HandlerThread:2607606 [handler.py:handle_request_defer():172] handle defer: 3
2025-04-14 00:11:06,522 DEBUG   SenderThread:2607606 [sender.py:send_request():407] send_request: defer
2025-04-14 00:11:06,522 INFO    SenderThread:2607606 [sender.py:send_request_defer():609] handle sender defer: 3
2025-04-14 00:11:06,522 INFO    SenderThread:2607606 [sender.py:transition_state():613] send defer: 4
2025-04-14 00:11:06,522 DEBUG   HandlerThread:2607606 [handler.py:handle_request():146] handle_request: defer
2025-04-14 00:11:06,522 INFO    HandlerThread:2607606 [handler.py:handle_request_defer():172] handle defer: 4
2025-04-14 00:11:06,522 DEBUG   SenderThread:2607606 [sender.py:send_request():407] send_request: defer
2025-04-14 00:11:06,523 INFO    SenderThread:2607606 [sender.py:send_request_defer():609] handle sender defer: 4
2025-04-14 00:11:06,523 INFO    SenderThread:2607606 [sender.py:transition_state():613] send defer: 5
2025-04-14 00:11:06,523 DEBUG   HandlerThread:2607606 [handler.py:handle_request():146] handle_request: defer
2025-04-14 00:11:06,523 INFO    HandlerThread:2607606 [handler.py:handle_request_defer():172] handle defer: 5
2025-04-14 00:11:06,523 DEBUG   SenderThread:2607606 [sender.py:send():380] send: summary
2025-04-14 00:11:06,524 INFO    SenderThread:2607606 [sender.py:_save_file():1380] saving file wandb-summary.json with policy end
2025-04-14 00:11:06,524 DEBUG   SenderThread:2607606 [sender.py:send_request():407] send_request: defer
2025-04-14 00:11:06,524 INFO    SenderThread:2607606 [sender.py:send_request_defer():609] handle sender defer: 5
2025-04-14 00:11:06,524 INFO    SenderThread:2607606 [sender.py:transition_state():613] send defer: 6
2025-04-14 00:11:06,524 DEBUG   HandlerThread:2607606 [handler.py:handle_request():146] handle_request: defer
2025-04-14 00:11:06,524 INFO    HandlerThread:2607606 [handler.py:handle_request_defer():172] handle defer: 6
2025-04-14 00:11:06,524 DEBUG   SenderThread:2607606 [sender.py:send_request():407] send_request: defer
2025-04-14 00:11:06,524 INFO    SenderThread:2607606 [sender.py:send_request_defer():609] handle sender defer: 6
2025-04-14 00:11:06,524 INFO    SenderThread:2607606 [sender.py:transition_state():613] send defer: 7
2025-04-14 00:11:06,525 DEBUG   HandlerThread:2607606 [handler.py:handle_request():146] handle_request: status_report
2025-04-14 00:11:06,525 DEBUG   HandlerThread:2607606 [handler.py:handle_request():146] handle_request: defer
2025-04-14 00:11:06,525 INFO    HandlerThread:2607606 [handler.py:handle_request_defer():172] handle defer: 7
2025-04-14 00:11:06,525 DEBUG   SenderThread:2607606 [sender.py:send_request():407] send_request: defer
2025-04-14 00:11:06,525 INFO    SenderThread:2607606 [sender.py:send_request_defer():609] handle sender defer: 7
2025-04-14 00:11:06,546 ERROR   FileStreamThread:2607606 [file_stream.py:_handle_response():504] dropped chunk 404 Client Error: Not Found for url: https://api.wandb.ai/files/uiucnlp/plum-training/yq9knpox/file_stream
NoneType: None
2025-04-14 00:11:06,883 INFO    Thread-12 :2607606 [dir_watcher.py:_on_file_modified():288] file/dir modified: /shared/nas2/jk100/partonomy_private/src/models/PLUM/wandb/run-20250413_235005-yq9knpox/files/wandb-summary.json
2025-04-14 00:11:07,482 INFO    SenderThread:2607606 [sender.py:transition_state():613] send defer: 8
2025-04-14 00:11:07,482 DEBUG   HandlerThread:2607606 [handler.py:handle_request():146] handle_request: defer
2025-04-14 00:11:07,482 INFO    HandlerThread:2607606 [handler.py:handle_request_defer():172] handle defer: 8
2025-04-14 00:11:07,483 DEBUG   SenderThread:2607606 [sender.py:send_request():407] send_request: defer
2025-04-14 00:11:07,483 INFO    SenderThread:2607606 [sender.py:send_request_defer():609] handle sender defer: 8
2025-04-14 00:11:07,483 INFO    SenderThread:2607606 [job_builder.py:build():298] Attempting to build job artifact
2025-04-14 00:11:07,483 INFO    SenderThread:2607606 [job_builder.py:_get_source_type():428] is repo sourced job
2025-04-14 00:11:07,520 INFO    SenderThread:2607606 [job_builder.py:build():404] adding wandb-job metadata file
2025-04-14 00:11:07,530 INFO    SenderThread:2607606 [sender.py:transition_state():613] send defer: 9
2025-04-14 00:11:07,530 DEBUG   HandlerThread:2607606 [handler.py:handle_request():146] handle_request: defer
2025-04-14 00:11:07,530 DEBUG   SenderThread:2607606 [sender.py:send():380] send: artifact
2025-04-14 00:11:07,530 INFO    HandlerThread:2607606 [handler.py:handle_request_defer():172] handle defer: 9
2025-04-14 00:11:07,699 ERROR   SenderThread:2607606 [internal_api.py:execute():370] 404 response executing GraphQL.
2025-04-14 00:11:07,699 ERROR   SenderThread:2607606 [internal_api.py:execute():371] {"errors":[{"message":"failed to find run plum-training/yq9knpox","path":["useArtifact"]}],"data":{"useArtifact":null}}
2025-04-14 00:11:07,702 ERROR   SenderThread:2607606 [sender.py:send_artifact():1460] send_artifact: failed for artifact "job/job-https___github.com_AnselBlume_partonomy_private.git_src_models_PLUM_plum_train_ds.py": It appears that you do not have permission to access the requested resource. Please reach out to the project owner to grant you access. If you have the correct permissions, verify that there are no issues with your networking setup.(Error 404: Not Found)
2025-04-14 00:11:07,702 DEBUG   SenderThread:2607606 [sender.py:send_request():407] send_request: defer
2025-04-14 00:11:07,702 INFO    SenderThread:2607606 [sender.py:send_request_defer():609] handle sender defer: 9
2025-04-14 00:11:07,702 INFO    SenderThread:2607606 [dir_watcher.py:finish():358] shutting down directory watcher
2025-04-14 00:11:07,884 INFO    SenderThread:2607606 [dir_watcher.py:_on_file_modified():288] file/dir modified: /shared/nas2/jk100/partonomy_private/src/models/PLUM/wandb/run-20250413_235005-yq9knpox/files/output.log
2025-04-14 00:11:07,884 INFO    SenderThread:2607606 [dir_watcher.py:finish():388] scan: /shared/nas2/jk100/partonomy_private/src/models/PLUM/wandb/run-20250413_235005-yq9knpox/files
2025-04-14 00:11:07,884 INFO    SenderThread:2607606 [dir_watcher.py:finish():402] scan save: /shared/nas2/jk100/partonomy_private/src/models/PLUM/wandb/run-20250413_235005-yq9knpox/files/conda-environment.yaml conda-environment.yaml
2025-04-14 00:11:07,884 INFO    SenderThread:2607606 [dir_watcher.py:finish():402] scan save: /shared/nas2/jk100/partonomy_private/src/models/PLUM/wandb/run-20250413_235005-yq9knpox/files/config.yaml config.yaml
2025-04-14 00:11:07,884 INFO    SenderThread:2607606 [dir_watcher.py:finish():402] scan save: /shared/nas2/jk100/partonomy_private/src/models/PLUM/wandb/run-20250413_235005-yq9knpox/files/requirements.txt requirements.txt
2025-04-14 00:11:07,888 INFO    SenderThread:2607606 [dir_watcher.py:finish():402] scan save: /shared/nas2/jk100/partonomy_private/src/models/PLUM/wandb/run-20250413_235005-yq9knpox/files/wandb-summary.json wandb-summary.json
2025-04-14 00:11:07,888 INFO    SenderThread:2607606 [dir_watcher.py:finish():402] scan save: /shared/nas2/jk100/partonomy_private/src/models/PLUM/wandb/run-20250413_235005-yq9knpox/files/output.log output.log
2025-04-14 00:11:07,891 INFO    SenderThread:2607606 [dir_watcher.py:finish():402] scan save: /shared/nas2/jk100/partonomy_private/src/models/PLUM/wandb/run-20250413_235005-yq9knpox/files/wandb-metadata.json wandb-metadata.json
2025-04-14 00:11:07,891 INFO    SenderThread:2607606 [sender.py:transition_state():613] send defer: 10
2025-04-14 00:11:07,892 DEBUG   HandlerThread:2607606 [handler.py:handle_request():146] handle_request: defer
2025-04-14 00:11:07,892 INFO    HandlerThread:2607606 [handler.py:handle_request_defer():172] handle defer: 10
2025-04-14 00:11:07,893 DEBUG   SenderThread:2607606 [sender.py:send_request():407] send_request: defer
2025-04-14 00:11:07,893 INFO    SenderThread:2607606 [sender.py:send_request_defer():609] handle sender defer: 10
2025-04-14 00:11:07,893 INFO    SenderThread:2607606 [file_pusher.py:finish():175] shutting down file pusher
2025-04-14 00:11:07,914 ERROR   wandb-upload_1:2607606 [internal_api.py:execute():370] 404 response executing GraphQL.
2025-04-14 00:11:07,915 ERROR   wandb-upload_1:2607606 [internal_api.py:execute():371] {"errors":[{"message":"run plum-training/yq9knpox not found during createRunFiles","path":["createRunFiles"]}],"data":{"createRunFiles":null}}
2025-04-14 00:11:07,915 ERROR   Thread-11 (_thread_body):2607606 [step_upload.py:_handle_event():200] Failed to upload file: /shared/nas2/jk100/partonomy_private/src/models/PLUM/wandb/run-20250413_235005-yq9knpox/files/conda-environment.yaml
Traceback (most recent call last):
  File "/shared/nas/data/m1/jk100/.conda/envs/llava/lib/python3.10/site-packages/wandb/sdk/lib/retry.py", line 131, in __call__
    result = self._call_fn(*args, **kwargs)
  File "/shared/nas/data/m1/jk100/.conda/envs/llava/lib/python3.10/site-packages/wandb/sdk/internal/internal_api.py", line 366, in execute
    return self.client.execute(*args, **kwargs)  # type: ignore
  File "/shared/nas/data/m1/jk100/.conda/envs/llava/lib/python3.10/site-packages/wandb/vendor/gql-0.2.0/wandb_gql/client.py", line 52, in execute
    result = self._get_result(document, *args, **kwargs)
  File "/shared/nas/data/m1/jk100/.conda/envs/llava/lib/python3.10/site-packages/wandb/vendor/gql-0.2.0/wandb_gql/client.py", line 60, in _get_result
    return self.transport.execute(document, *args, **kwargs)
  File "/shared/nas/data/m1/jk100/.conda/envs/llava/lib/python3.10/site-packages/wandb/sdk/lib/gql_request.py", line 59, in execute
    request.raise_for_status()
  File "/shared/nas/data/m1/jk100/.conda/envs/llava/lib/python3.10/site-packages/requests/models.py", line 1024, in raise_for_status
    raise HTTPError(http_error_msg, response=self)
requests.exceptions.HTTPError: 404 Client Error: Not Found for url: https://api.wandb.ai/graphql

During handling of the above exception, another exception occurred:

Traceback (most recent call last):
  File "/shared/nas/data/m1/jk100/.conda/envs/llava/lib/python3.10/concurrent/futures/thread.py", line 58, in run
    result = self.fn(*self.args, **self.kwargs)
  File "/shared/nas/data/m1/jk100/.conda/envs/llava/lib/python3.10/site-packages/wandb/filesync/step_upload.py", line 288, in run_and_notify
    self._do_upload_sync(event)
  File "/shared/nas/data/m1/jk100/.conda/envs/llava/lib/python3.10/site-packages/wandb/filesync/step_upload.py", line 330, in _do_upload_sync
    job.run()
  File "/shared/nas/data/m1/jk100/.conda/envs/llava/lib/python3.10/site-packages/wandb/filesync/upload_job.py", line 57, in run
    self.push()
  File "/shared/nas/data/m1/jk100/.conda/envs/llava/lib/python3.10/site-packages/wandb/filesync/upload_job.py", line 106, in push
    _, upload_headers, result = self._api.upload_urls(project, [self.save_name])
  File "/shared/nas/data/m1/jk100/.conda/envs/llava/lib/python3.10/site-packages/wandb/apis/normalize.py", line 73, in wrapper
    raise err
  File "/shared/nas/data/m1/jk100/.conda/envs/llava/lib/python3.10/site-packages/wandb/apis/normalize.py", line 41, in wrapper
    return func(*args, **kwargs)
  File "/shared/nas/data/m1/jk100/.conda/envs/llava/lib/python3.10/site-packages/wandb/sdk/internal/internal_api.py", line 2176, in upload_urls
    query_result = self.gql(
  File "/shared/nas/data/m1/jk100/.conda/envs/llava/lib/python3.10/site-packages/wandb/sdk/internal/internal_api.py", line 338, in gql
    ret = self._retry_gql(
  File "/shared/nas/data/m1/jk100/.conda/envs/llava/lib/python3.10/site-packages/wandb/sdk/lib/retry.py", line 147, in __call__
    retry_timedelta_triggered = check_retry_fn(e)
  File "/shared/nas/data/m1/jk100/.conda/envs/llava/lib/python3.10/site-packages/wandb/util.py", line 907, in no_retry_auth
    raise CommError(
wandb.errors.CommError: It appears that you do not have permission to access the requested resource. Please reach out to the project owner to grant you access. If you have the correct permissions, verify that there are no issues with your networking setup.(Error 404: Not Found)
2025-04-14 00:11:07,928 ERROR   wandb-upload_0:2607606 [internal_api.py:execute():370] 404 response executing GraphQL.
2025-04-14 00:11:07,934 ERROR   wandb-upload_3:2607606 [internal_api.py:execute():370] 404 response executing GraphQL.
2025-04-14 00:11:07,936 ERROR   wandb-upload_2:2607606 [internal_api.py:execute():370] 404 response executing GraphQL.
2025-04-14 00:11:07,937 ERROR   wandb-upload_4:2607606 [internal_api.py:execute():370] 404 response executing GraphQL.
2025-04-14 00:11:08,242 DEBUG   HandlerThread:2607606 [handler.py:handle_request():146] handle_request: keepalive
2025-04-14 00:11:10,140 ERROR   wandb-upload_0:2607606 [internal_api.py:execute():371] {"errors":[{"message":"run plum-training/yq9knpox not found during createRunFiles","path":["createRunFiles"]}],"data":{"createRunFiles":null}}
2025-04-14 00:11:10,140 ERROR   wandb-upload_3:2607606 [internal_api.py:execute():371] {"errors":[{"message":"run plum-training/yq9knpox not found during createRunFiles","path":["createRunFiles"]}],"data":{"createRunFiles":null}}
2025-04-14 00:11:10,140 ERROR   wandb-upload_2:2607606 [internal_api.py:execute():371] {"errors":[{"message":"run plum-training/yq9knpox not found during createRunFiles","path":["createRunFiles"]}],"data":{"createRunFiles":null}}
2025-04-14 00:11:10,141 ERROR   wandb-upload_4:2607606 [internal_api.py:execute():371] {"errors":[{"message":"run plum-training/yq9knpox not found during createRunFiles","path":["createRunFiles"]}],"data":{"createRunFiles":null}}
2025-04-14 00:11:10,141 ERROR   Thread-11 (_thread_body):2607606 [step_upload.py:_handle_event():200] Failed to upload file: /shared/nas2/jk100/partonomy_private/src/models/PLUM/wandb/run-20250413_235005-yq9knpox/files/config.yaml
Traceback (most recent call last):
  File "/shared/nas/data/m1/jk100/.conda/envs/llava/lib/python3.10/site-packages/wandb/sdk/lib/retry.py", line 131, in __call__
    result = self._call_fn(*args, **kwargs)
  File "/shared/nas/data/m1/jk100/.conda/envs/llava/lib/python3.10/site-packages/wandb/sdk/internal/internal_api.py", line 366, in execute
    return self.client.execute(*args, **kwargs)  # type: ignore
  File "/shared/nas/data/m1/jk100/.conda/envs/llava/lib/python3.10/site-packages/wandb/vendor/gql-0.2.0/wandb_gql/client.py", line 52, in execute
    result = self._get_result(document, *args, **kwargs)
  File "/shared/nas/data/m1/jk100/.conda/envs/llava/lib/python3.10/site-packages/wandb/vendor/gql-0.2.0/wandb_gql/client.py", line 60, in _get_result
    return self.transport.execute(document, *args, **kwargs)
  File "/shared/nas/data/m1/jk100/.conda/envs/llava/lib/python3.10/site-packages/wandb/sdk/lib/gql_request.py", line 59, in execute
    request.raise_for_status()
  File "/shared/nas/data/m1/jk100/.conda/envs/llava/lib/python3.10/site-packages/requests/models.py", line 1024, in raise_for_status
    raise HTTPError(http_error_msg, response=self)
requests.exceptions.HTTPError: 404 Client Error: Not Found for url: https://api.wandb.ai/graphql

During handling of the above exception, another exception occurred:

Traceback (most recent call last):
  File "/shared/nas/data/m1/jk100/.conda/envs/llava/lib/python3.10/concurrent/futures/thread.py", line 58, in run
    result = self.fn(*self.args, **self.kwargs)
  File "/shared/nas/data/m1/jk100/.conda/envs/llava/lib/python3.10/site-packages/wandb/filesync/step_upload.py", line 288, in run_and_notify
    self._do_upload_sync(event)
  File "/shared/nas/data/m1/jk100/.conda/envs/llava/lib/python3.10/site-packages/wandb/filesync/step_upload.py", line 330, in _do_upload_sync
    job.run()
  File "/shared/nas/data/m1/jk100/.conda/envs/llava/lib/python3.10/site-packages/wandb/filesync/upload_job.py", line 57, in run
    self.push()
  File "/shared/nas/data/m1/jk100/.conda/envs/llava/lib/python3.10/site-packages/wandb/filesync/upload_job.py", line 106, in push
    _, upload_headers, result = self._api.upload_urls(project, [self.save_name])
  File "/shared/nas/data/m1/jk100/.conda/envs/llava/lib/python3.10/site-packages/wandb/apis/normalize.py", line 73, in wrapper
    raise err
  File "/shared/nas/data/m1/jk100/.conda/envs/llava/lib/python3.10/site-packages/wandb/apis/normalize.py", line 41, in wrapper
    return func(*args, **kwargs)
  File "/shared/nas/data/m1/jk100/.conda/envs/llava/lib/python3.10/site-packages/wandb/sdk/internal/internal_api.py", line 2176, in upload_urls
    query_result = self.gql(
  File "/shared/nas/data/m1/jk100/.conda/envs/llava/lib/python3.10/site-packages/wandb/sdk/internal/internal_api.py", line 338, in gql
    ret = self._retry_gql(
  File "/shared/nas/data/m1/jk100/.conda/envs/llava/lib/python3.10/site-packages/wandb/sdk/lib/retry.py", line 147, in __call__
    retry_timedelta_triggered = check_retry_fn(e)
  File "/shared/nas/data/m1/jk100/.conda/envs/llava/lib/python3.10/site-packages/wandb/util.py", line 907, in no_retry_auth
    raise CommError(
wandb.errors.CommError: It appears that you do not have permission to access the requested resource. Please reach out to the project owner to grant you access. If you have the correct permissions, verify that there are no issues with your networking setup.(Error 404: Not Found)
2025-04-14 00:11:10,142 ERROR   Thread-11 (_thread_body):2607606 [step_upload.py:_handle_event():200] Failed to upload file: /shared/nas2/jk100/partonomy_private/src/models/PLUM/wandb/run-20250413_235005-yq9knpox/files/wandb-summary.json
Traceback (most recent call last):
  File "/shared/nas/data/m1/jk100/.conda/envs/llava/lib/python3.10/site-packages/wandb/sdk/lib/retry.py", line 131, in __call__
    result = self._call_fn(*args, **kwargs)
  File "/shared/nas/data/m1/jk100/.conda/envs/llava/lib/python3.10/site-packages/wandb/sdk/internal/internal_api.py", line 366, in execute
    return self.client.execute(*args, **kwargs)  # type: ignore
  File "/shared/nas/data/m1/jk100/.conda/envs/llava/lib/python3.10/site-packages/wandb/vendor/gql-0.2.0/wandb_gql/client.py", line 52, in execute
    result = self._get_result(document, *args, **kwargs)
  File "/shared/nas/data/m1/jk100/.conda/envs/llava/lib/python3.10/site-packages/wandb/vendor/gql-0.2.0/wandb_gql/client.py", line 60, in _get_result
    return self.transport.execute(document, *args, **kwargs)
  File "/shared/nas/data/m1/jk100/.conda/envs/llava/lib/python3.10/site-packages/wandb/sdk/lib/gql_request.py", line 59, in execute
    request.raise_for_status()
  File "/shared/nas/data/m1/jk100/.conda/envs/llava/lib/python3.10/site-packages/requests/models.py", line 1024, in raise_for_status
    raise HTTPError(http_error_msg, response=self)
requests.exceptions.HTTPError: 404 Client Error: Not Found for url: https://api.wandb.ai/graphql

During handling of the above exception, another exception occurred:

Traceback (most recent call last):
  File "/shared/nas/data/m1/jk100/.conda/envs/llava/lib/python3.10/concurrent/futures/thread.py", line 58, in run
    result = self.fn(*self.args, **self.kwargs)
  File "/shared/nas/data/m1/jk100/.conda/envs/llava/lib/python3.10/site-packages/wandb/filesync/step_upload.py", line 288, in run_and_notify
    self._do_upload_sync(event)
  File "/shared/nas/data/m1/jk100/.conda/envs/llava/lib/python3.10/site-packages/wandb/filesync/step_upload.py", line 330, in _do_upload_sync
    job.run()
  File "/shared/nas/data/m1/jk100/.conda/envs/llava/lib/python3.10/site-packages/wandb/filesync/upload_job.py", line 57, in run
    self.push()
  File "/shared/nas/data/m1/jk100/.conda/envs/llava/lib/python3.10/site-packages/wandb/filesync/upload_job.py", line 106, in push
    _, upload_headers, result = self._api.upload_urls(project, [self.save_name])
  File "/shared/nas/data/m1/jk100/.conda/envs/llava/lib/python3.10/site-packages/wandb/apis/normalize.py", line 73, in wrapper
    raise err
  File "/shared/nas/data/m1/jk100/.conda/envs/llava/lib/python3.10/site-packages/wandb/apis/normalize.py", line 41, in wrapper
    return func(*args, **kwargs)
  File "/shared/nas/data/m1/jk100/.conda/envs/llava/lib/python3.10/site-packages/wandb/sdk/internal/internal_api.py", line 2176, in upload_urls
    query_result = self.gql(
  File "/shared/nas/data/m1/jk100/.conda/envs/llava/lib/python3.10/site-packages/wandb/sdk/internal/internal_api.py", line 338, in gql
    ret = self._retry_gql(
  File "/shared/nas/data/m1/jk100/.conda/envs/llava/lib/python3.10/site-packages/wandb/sdk/lib/retry.py", line 147, in __call__
    retry_timedelta_triggered = check_retry_fn(e)
  File "/shared/nas/data/m1/jk100/.conda/envs/llava/lib/python3.10/site-packages/wandb/util.py", line 907, in no_retry_auth
    raise CommError(
wandb.errors.CommError: It appears that you do not have permission to access the requested resource. Please reach out to the project owner to grant you access. If you have the correct permissions, verify that there are no issues with your networking setup.(Error 404: Not Found)
2025-04-14 00:11:10,142 ERROR   Thread-11 (_thread_body):2607606 [step_upload.py:_handle_event():200] Failed to upload file: /shared/nas2/jk100/partonomy_private/src/models/PLUM/wandb/run-20250413_235005-yq9knpox/files/requirements.txt
Traceback (most recent call last):
  File "/shared/nas/data/m1/jk100/.conda/envs/llava/lib/python3.10/site-packages/wandb/sdk/lib/retry.py", line 131, in __call__
    result = self._call_fn(*args, **kwargs)
  File "/shared/nas/data/m1/jk100/.conda/envs/llava/lib/python3.10/site-packages/wandb/sdk/internal/internal_api.py", line 366, in execute
    return self.client.execute(*args, **kwargs)  # type: ignore
  File "/shared/nas/data/m1/jk100/.conda/envs/llava/lib/python3.10/site-packages/wandb/vendor/gql-0.2.0/wandb_gql/client.py", line 52, in execute
    result = self._get_result(document, *args, **kwargs)
  File "/shared/nas/data/m1/jk100/.conda/envs/llava/lib/python3.10/site-packages/wandb/vendor/gql-0.2.0/wandb_gql/client.py", line 60, in _get_result
    return self.transport.execute(document, *args, **kwargs)
  File "/shared/nas/data/m1/jk100/.conda/envs/llava/lib/python3.10/site-packages/wandb/sdk/lib/gql_request.py", line 59, in execute
    request.raise_for_status()
  File "/shared/nas/data/m1/jk100/.conda/envs/llava/lib/python3.10/site-packages/requests/models.py", line 1024, in raise_for_status
    raise HTTPError(http_error_msg, response=self)
requests.exceptions.HTTPError: 404 Client Error: Not Found for url: https://api.wandb.ai/graphql

During handling of the above exception, another exception occurred:

Traceback (most recent call last):
  File "/shared/nas/data/m1/jk100/.conda/envs/llava/lib/python3.10/concurrent/futures/thread.py", line 58, in run
    result = self.fn(*self.args, **self.kwargs)
  File "/shared/nas/data/m1/jk100/.conda/envs/llava/lib/python3.10/site-packages/wandb/filesync/step_upload.py", line 288, in run_and_notify
    self._do_upload_sync(event)
  File "/shared/nas/data/m1/jk100/.conda/envs/llava/lib/python3.10/site-packages/wandb/filesync/step_upload.py", line 330, in _do_upload_sync
    job.run()
  File "/shared/nas/data/m1/jk100/.conda/envs/llava/lib/python3.10/site-packages/wandb/filesync/upload_job.py", line 57, in run
    self.push()
  File "/shared/nas/data/m1/jk100/.conda/envs/llava/lib/python3.10/site-packages/wandb/filesync/upload_job.py", line 106, in push
    _, upload_headers, result = self._api.upload_urls(project, [self.save_name])
  File "/shared/nas/data/m1/jk100/.conda/envs/llava/lib/python3.10/site-packages/wandb/apis/normalize.py", line 73, in wrapper
    raise err
  File "/shared/nas/data/m1/jk100/.conda/envs/llava/lib/python3.10/site-packages/wandb/apis/normalize.py", line 41, in wrapper
    return func(*args, **kwargs)
  File "/shared/nas/data/m1/jk100/.conda/envs/llava/lib/python3.10/site-packages/wandb/sdk/internal/internal_api.py", line 2176, in upload_urls
    query_result = self.gql(
  File "/shared/nas/data/m1/jk100/.conda/envs/llava/lib/python3.10/site-packages/wandb/sdk/internal/internal_api.py", line 338, in gql
    ret = self._retry_gql(
  File "/shared/nas/data/m1/jk100/.conda/envs/llava/lib/python3.10/site-packages/wandb/sdk/lib/retry.py", line 147, in __call__
    retry_timedelta_triggered = check_retry_fn(e)
  File "/shared/nas/data/m1/jk100/.conda/envs/llava/lib/python3.10/site-packages/wandb/util.py", line 907, in no_retry_auth
    raise CommError(
wandb.errors.CommError: It appears that you do not have permission to access the requested resource. Please reach out to the project owner to grant you access. If you have the correct permissions, verify that there are no issues with your networking setup.(Error 404: Not Found)
2025-04-14 00:11:10,142 ERROR   Thread-11 (_thread_body):2607606 [step_upload.py:_handle_event():200] Failed to upload file: /shared/nas2/jk100/partonomy_private/src/models/PLUM/wandb/run-20250413_235005-yq9knpox/files/output.log
Traceback (most recent call last):
  File "/shared/nas/data/m1/jk100/.conda/envs/llava/lib/python3.10/site-packages/wandb/sdk/lib/retry.py", line 131, in __call__
    result = self._call_fn(*args, **kwargs)
  File "/shared/nas/data/m1/jk100/.conda/envs/llava/lib/python3.10/site-packages/wandb/sdk/internal/internal_api.py", line 366, in execute
    return self.client.execute(*args, **kwargs)  # type: ignore
  File "/shared/nas/data/m1/jk100/.conda/envs/llava/lib/python3.10/site-packages/wandb/vendor/gql-0.2.0/wandb_gql/client.py", line 52, in execute
    result = self._get_result(document, *args, **kwargs)
  File "/shared/nas/data/m1/jk100/.conda/envs/llava/lib/python3.10/site-packages/wandb/vendor/gql-0.2.0/wandb_gql/client.py", line 60, in _get_result
    return self.transport.execute(document, *args, **kwargs)
  File "/shared/nas/data/m1/jk100/.conda/envs/llava/lib/python3.10/site-packages/wandb/sdk/lib/gql_request.py", line 59, in execute
    request.raise_for_status()
  File "/shared/nas/data/m1/jk100/.conda/envs/llava/lib/python3.10/site-packages/requests/models.py", line 1024, in raise_for_status
    raise HTTPError(http_error_msg, response=self)
requests.exceptions.HTTPError: 404 Client Error: Not Found for url: https://api.wandb.ai/graphql

During handling of the above exception, another exception occurred:

Traceback (most recent call last):
  File "/shared/nas/data/m1/jk100/.conda/envs/llava/lib/python3.10/concurrent/futures/thread.py", line 58, in run
    result = self.fn(*self.args, **self.kwargs)
  File "/shared/nas/data/m1/jk100/.conda/envs/llava/lib/python3.10/site-packages/wandb/filesync/step_upload.py", line 288, in run_and_notify
    self._do_upload_sync(event)
  File "/shared/nas/data/m1/jk100/.conda/envs/llava/lib/python3.10/site-packages/wandb/filesync/step_upload.py", line 330, in _do_upload_sync
    job.run()
  File "/shared/nas/data/m1/jk100/.conda/envs/llava/lib/python3.10/site-packages/wandb/filesync/upload_job.py", line 57, in run
    self.push()
  File "/shared/nas/data/m1/jk100/.conda/envs/llava/lib/python3.10/site-packages/wandb/filesync/upload_job.py", line 106, in push
    _, upload_headers, result = self._api.upload_urls(project, [self.save_name])
  File "/shared/nas/data/m1/jk100/.conda/envs/llava/lib/python3.10/site-packages/wandb/apis/normalize.py", line 73, in wrapper
    raise err
  File "/shared/nas/data/m1/jk100/.conda/envs/llava/lib/python3.10/site-packages/wandb/apis/normalize.py", line 41, in wrapper
    return func(*args, **kwargs)
  File "/shared/nas/data/m1/jk100/.conda/envs/llava/lib/python3.10/site-packages/wandb/sdk/internal/internal_api.py", line 2176, in upload_urls
    query_result = self.gql(
  File "/shared/nas/data/m1/jk100/.conda/envs/llava/lib/python3.10/site-packages/wandb/sdk/internal/internal_api.py", line 338, in gql
    ret = self._retry_gql(
  File "/shared/nas/data/m1/jk100/.conda/envs/llava/lib/python3.10/site-packages/wandb/sdk/lib/retry.py", line 147, in __call__
    retry_timedelta_triggered = check_retry_fn(e)
  File "/shared/nas/data/m1/jk100/.conda/envs/llava/lib/python3.10/site-packages/wandb/util.py", line 907, in no_retry_auth
    raise CommError(
wandb.errors.CommError: It appears that you do not have permission to access the requested resource. Please reach out to the project owner to grant you access. If you have the correct permissions, verify that there are no issues with your networking setup.(Error 404: Not Found)
2025-04-14 00:11:10,342 INFO    Thread-11 (_thread_body):2607606 [sender.py:transition_state():613] send defer: 11
2025-04-14 00:11:10,343 DEBUG   HandlerThread:2607606 [handler.py:handle_request():146] handle_request: defer
2025-04-14 00:11:10,343 INFO    HandlerThread:2607606 [handler.py:handle_request_defer():172] handle defer: 11
2025-04-14 00:11:10,343 DEBUG   SenderThread:2607606 [sender.py:send_request():407] send_request: defer
2025-04-14 00:11:10,343 INFO    SenderThread:2607606 [sender.py:send_request_defer():609] handle sender defer: 11
2025-04-14 00:11:10,343 INFO    SenderThread:2607606 [file_pusher.py:join():181] waiting for file pusher
2025-04-14 00:11:10,343 INFO    SenderThread:2607606 [sender.py:transition_state():613] send defer: 12
2025-04-14 00:11:10,344 DEBUG   HandlerThread:2607606 [handler.py:handle_request():146] handle_request: defer
2025-04-14 00:11:10,344 INFO    HandlerThread:2607606 [handler.py:handle_request_defer():172] handle defer: 12
2025-04-14 00:11:10,344 DEBUG   SenderThread:2607606 [sender.py:send_request():407] send_request: defer
2025-04-14 00:11:10,344 INFO    SenderThread:2607606 [sender.py:send_request_defer():609] handle sender defer: 12
2025-04-14 00:11:10,344 INFO    SenderThread:2607606 [file_stream.py:finish():595] file stream finish called
2025-04-14 00:11:10,374 ERROR   FileStreamThread:2607606 [file_stream.py:_handle_response():504] dropped chunk 404 Client Error: Not Found for url: https://api.wandb.ai/files/uiucnlp/plum-training/yq9knpox/file_stream
NoneType: None
2025-04-14 00:11:10,403 INFO    SenderThread:2607606 [file_stream.py:finish():599] file stream finish is done
2025-04-14 00:11:10,403 INFO    SenderThread:2607606 [sender.py:transition_state():613] send defer: 13
2025-04-14 00:11:10,403 DEBUG   HandlerThread:2607606 [handler.py:handle_request():146] handle_request: defer
2025-04-14 00:11:10,403 INFO    HandlerThread:2607606 [handler.py:handle_request_defer():172] handle defer: 13
2025-04-14 00:11:10,403 DEBUG   SenderThread:2607606 [sender.py:send_request():407] send_request: defer
2025-04-14 00:11:10,403 INFO    SenderThread:2607606 [sender.py:send_request_defer():609] handle sender defer: 13
2025-04-14 00:11:10,403 INFO    SenderThread:2607606 [sender.py:transition_state():613] send defer: 14
2025-04-14 00:11:10,403 DEBUG   HandlerThread:2607606 [handler.py:handle_request():146] handle_request: defer
2025-04-14 00:11:10,403 INFO    HandlerThread:2607606 [handler.py:handle_request_defer():172] handle defer: 14
2025-04-14 00:11:10,404 DEBUG   SenderThread:2607606 [sender.py:send():380] send: final
2025-04-14 00:11:10,404 DEBUG   SenderThread:2607606 [sender.py:send():380] send: footer
2025-04-14 00:11:10,404 DEBUG   SenderThread:2607606 [sender.py:send_request():407] send_request: defer
2025-04-14 00:11:10,404 INFO    SenderThread:2607606 [sender.py:send_request_defer():609] handle sender defer: 14
2025-04-14 00:11:10,404 DEBUG   HandlerThread:2607606 [handler.py:handle_request():146] handle_request: poll_exit
2025-04-14 00:11:10,404 DEBUG   SenderThread:2607606 [sender.py:send_request():407] send_request: poll_exit
2025-04-14 00:11:10,405 DEBUG   HandlerThread:2607606 [handler.py:handle_request():146] handle_request: server_info
2025-04-14 00:11:10,405 DEBUG   HandlerThread:2607606 [handler.py:handle_request():146] handle_request: get_summary
2025-04-14 00:11:10,405 DEBUG   SenderThread:2607606 [sender.py:send_request():407] send_request: server_info
2025-04-14 00:11:10,406 DEBUG   HandlerThread:2607606 [handler.py:handle_request():146] handle_request: sampled_history
2025-04-14 00:11:10,407 DEBUG   HandlerThread:2607606 [handler.py:handle_request():146] handle_request: internal_messages
2025-04-14 00:11:10,407 DEBUG   HandlerThread:2607606 [handler.py:handle_request():146] handle_request: job_info
2025-04-14 00:11:10,440 DEBUG   SenderThread:2607606 [sender.py:send_request():407] send_request: job_info
2025-04-14 00:11:10,441 INFO    MainThread:2607606 [wandb_run.py:_footer_history_summary_info():3760] rendering history
2025-04-14 00:11:10,441 INFO    MainThread:2607606 [wandb_run.py:_footer_history_summary_info():3792] rendering summary
2025-04-14 00:11:10,441 INFO    MainThread:2607606 [wandb_run.py:_footer_sync_info():3719] logging synced files
2025-04-14 00:11:10,441 DEBUG   HandlerThread:2607606 [handler.py:handle_request():146] handle_request: shutdown
2025-04-14 00:11:10,441 INFO    HandlerThread:2607606 [handler.py:finish():866] shutting down handler
2025-04-14 00:11:11,407 INFO    WriterThread:2607606 [datastore.py:close():294] close: /shared/nas2/jk100/partonomy_private/src/models/PLUM/wandb/run-20250413_235005-yq9knpox/run-yq9knpox.wandb
2025-04-14 00:11:11,441 INFO    SenderThread:2607606 [sender.py:finish():1536] shutting down sender
2025-04-14 00:11:11,441 INFO    SenderThread:2607606 [file_pusher.py:finish():175] shutting down file pusher
2025-04-14 00:11:11,441 INFO    SenderThread:2607606 [file_pusher.py:join():181] waiting for file pusher
