You are using the legacy behaviour of the <class 'transformers.models.llama.tokenization_llama.LlamaTokenizer'>. This means that tokens that come after special tokens will not be properly handled. We recommend you to read the related pull request available at https://github.com/huggingface/transformers/pull/24565



Loading checkpoint shards: 100%|███████████████████████████████████████████████████████████████████████████████████████████████████████████████████████████| 3/3 [00:15<00:00,  5.25s/it]
trainable params: 6,553,600 || all params: 14,025,701,683 || trainable%: 0.0467256480147682
n:  base_model.model.model.embed_tokens.weight p.shape:  torch.Size([32002, 5120])
n:  base_model.model.model.visual_model.mask_decoder.transformer.layers.0.self_attn.q_proj.weight p.shape:  torch.Size([256, 256])
n:  base_model.model.model.visual_model.mask_decoder.transformer.layers.0.self_attn.q_proj.bias p.shape:  torch.Size([256])
n:  base_model.model.model.visual_model.mask_decoder.transformer.layers.0.self_attn.k_proj.weight p.shape:  torch.Size([256, 256])
n:  base_model.model.model.visual_model.mask_decoder.transformer.layers.0.self_attn.k_proj.bias p.shape:  torch.Size([256])
n:  base_model.model.model.visual_model.mask_decoder.transformer.layers.0.self_attn.v_proj.weight p.shape:  torch.Size([256, 256])
n:  base_model.model.model.visual_model.mask_decoder.transformer.layers.0.self_attn.v_proj.bias p.shape:  torch.Size([256])
n:  base_model.model.model.visual_model.mask_decoder.transformer.layers.0.self_attn.out_proj.weight p.shape:  torch.Size([256, 256])
n:  base_model.model.model.visual_model.mask_decoder.transformer.layers.0.self_attn.out_proj.bias p.shape:  torch.Size([256])
n:  base_model.model.model.visual_model.mask_decoder.transformer.layers.0.norm1.weight p.shape:  torch.Size([256])
n:  base_model.model.model.visual_model.mask_decoder.transformer.layers.0.norm1.bias p.shape:  torch.Size([256])
n:  base_model.model.model.visual_model.mask_decoder.transformer.layers.0.cross_attn_token_to_image.q_proj.weight p.shape:  torch.Size([128, 256])
n:  base_model.model.model.visual_model.mask_decoder.transformer.layers.0.cross_attn_token_to_image.q_proj.bias p.shape:  torch.Size([128])
n:  base_model.model.model.visual_model.mask_decoder.transformer.layers.0.cross_attn_token_to_image.k_proj.weight p.shape:  torch.Size([128, 256])
n:  base_model.model.model.visual_model.mask_decoder.transformer.layers.0.cross_attn_token_to_image.k_proj.bias p.shape:  torch.Size([128])
n:  base_model.model.model.visual_model.mask_decoder.transformer.layers.0.cross_attn_token_to_image.v_proj.weight p.shape:  torch.Size([128, 256])
n:  base_model.model.model.visual_model.mask_decoder.transformer.layers.0.cross_attn_token_to_image.v_proj.bias p.shape:  torch.Size([128])
n:  base_model.model.model.visual_model.mask_decoder.transformer.layers.0.cross_attn_token_to_image.out_proj.weight p.shape:  torch.Size([256, 128])
n:  base_model.model.model.visual_model.mask_decoder.transformer.layers.0.cross_attn_token_to_image.out_proj.bias p.shape:  torch.Size([256])
n:  base_model.model.model.visual_model.mask_decoder.transformer.layers.0.norm2.weight p.shape:  torch.Size([256])
n:  base_model.model.model.visual_model.mask_decoder.transformer.layers.0.norm2.bias p.shape:  torch.Size([256])
n:  base_model.model.model.visual_model.mask_decoder.transformer.layers.0.mlp.lin1.weight p.shape:  torch.Size([2048, 256])
n:  base_model.model.model.visual_model.mask_decoder.transformer.layers.0.mlp.lin1.bias p.shape:  torch.Size([2048])
n:  base_model.model.model.visual_model.mask_decoder.transformer.layers.0.mlp.lin2.weight p.shape:  torch.Size([256, 2048])
n:  base_model.model.model.visual_model.mask_decoder.transformer.layers.0.mlp.lin2.bias p.shape:  torch.Size([256])
n:  base_model.model.model.visual_model.mask_decoder.transformer.layers.0.norm3.weight p.shape:  torch.Size([256])
n:  base_model.model.model.visual_model.mask_decoder.transformer.layers.0.norm3.bias p.shape:  torch.Size([256])
n:  base_model.model.model.visual_model.mask_decoder.transformer.layers.0.norm4.weight p.shape:  torch.Size([256])
n:  base_model.model.model.visual_model.mask_decoder.transformer.layers.0.norm4.bias p.shape:  torch.Size([256])
n:  base_model.model.model.visual_model.mask_decoder.transformer.layers.0.cross_attn_image_to_token.q_proj.weight p.shape:  torch.Size([128, 256])
n:  base_model.model.model.visual_model.mask_decoder.transformer.layers.0.cross_attn_image_to_token.q_proj.bias p.shape:  torch.Size([128])
n:  base_model.model.model.visual_model.mask_decoder.transformer.layers.0.cross_attn_image_to_token.k_proj.weight p.shape:  torch.Size([128, 256])
n:  base_model.model.model.visual_model.mask_decoder.transformer.layers.0.cross_attn_image_to_token.k_proj.bias p.shape:  torch.Size([128])
n:  base_model.model.model.visual_model.mask_decoder.transformer.layers.0.cross_attn_image_to_token.v_proj.weight p.shape:  torch.Size([128, 256])
n:  base_model.model.model.visual_model.mask_decoder.transformer.layers.0.cross_attn_image_to_token.v_proj.bias p.shape:  torch.Size([128])
n:  base_model.model.model.visual_model.mask_decoder.transformer.layers.0.cross_attn_image_to_token.out_proj.weight p.shape:  torch.Size([256, 128])
n:  base_model.model.model.visual_model.mask_decoder.transformer.layers.0.cross_attn_image_to_token.out_proj.bias p.shape:  torch.Size([256])
n:  base_model.model.model.visual_model.mask_decoder.transformer.layers.1.self_attn.q_proj.weight p.shape:  torch.Size([256, 256])
n:  base_model.model.model.visual_model.mask_decoder.transformer.layers.1.self_attn.q_proj.bias p.shape:  torch.Size([256])
n:  base_model.model.model.visual_model.mask_decoder.transformer.layers.1.self_attn.k_proj.weight p.shape:  torch.Size([256, 256])
n:  base_model.model.model.visual_model.mask_decoder.transformer.layers.1.self_attn.k_proj.bias p.shape:  torch.Size([256])
n:  base_model.model.model.visual_model.mask_decoder.transformer.layers.1.self_attn.v_proj.weight p.shape:  torch.Size([256, 256])
n:  base_model.model.model.visual_model.mask_decoder.transformer.layers.1.self_attn.v_proj.bias p.shape:  torch.Size([256])
n:  base_model.model.model.visual_model.mask_decoder.transformer.layers.1.self_attn.out_proj.weight p.shape:  torch.Size([256, 256])
n:  base_model.model.model.visual_model.mask_decoder.transformer.layers.1.self_attn.out_proj.bias p.shape:  torch.Size([256])
n:  base_model.model.model.visual_model.mask_decoder.transformer.layers.1.norm1.weight p.shape:  torch.Size([256])
n:  base_model.model.model.visual_model.mask_decoder.transformer.layers.1.norm1.bias p.shape:  torch.Size([256])
n:  base_model.model.model.visual_model.mask_decoder.transformer.layers.1.cross_attn_token_to_image.q_proj.weight p.shape:  torch.Size([128, 256])
n:  base_model.model.model.visual_model.mask_decoder.transformer.layers.1.cross_attn_token_to_image.q_proj.bias p.shape:  torch.Size([128])
n:  base_model.model.model.visual_model.mask_decoder.transformer.layers.1.cross_attn_token_to_image.k_proj.weight p.shape:  torch.Size([128, 256])
n:  base_model.model.model.visual_model.mask_decoder.transformer.layers.1.cross_attn_token_to_image.k_proj.bias p.shape:  torch.Size([128])
n:  base_model.model.model.visual_model.mask_decoder.transformer.layers.1.cross_attn_token_to_image.v_proj.weight p.shape:  torch.Size([128, 256])
n:  base_model.model.model.visual_model.mask_decoder.transformer.layers.1.cross_attn_token_to_image.v_proj.bias p.shape:  torch.Size([128])
n:  base_model.model.model.visual_model.mask_decoder.transformer.layers.1.cross_attn_token_to_image.out_proj.weight p.shape:  torch.Size([256, 128])
n:  base_model.model.model.visual_model.mask_decoder.transformer.layers.1.cross_attn_token_to_image.out_proj.bias p.shape:  torch.Size([256])
n:  base_model.model.model.visual_model.mask_decoder.transformer.layers.1.norm2.weight p.shape:  torch.Size([256])
n:  base_model.model.model.visual_model.mask_decoder.transformer.layers.1.norm2.bias p.shape:  torch.Size([256])
n:  base_model.model.model.visual_model.mask_decoder.transformer.layers.1.mlp.lin1.weight p.shape:  torch.Size([2048, 256])
n:  base_model.model.model.visual_model.mask_decoder.transformer.layers.1.mlp.lin1.bias p.shape:  torch.Size([2048])
n:  base_model.model.model.visual_model.mask_decoder.transformer.layers.1.mlp.lin2.weight p.shape:  torch.Size([256, 2048])
n:  base_model.model.model.visual_model.mask_decoder.transformer.layers.1.mlp.lin2.bias p.shape:  torch.Size([256])
n:  base_model.model.model.visual_model.mask_decoder.transformer.layers.1.norm3.weight p.shape:  torch.Size([256])
n:  base_model.model.model.visual_model.mask_decoder.transformer.layers.1.norm3.bias p.shape:  torch.Size([256])
n:  base_model.model.model.visual_model.mask_decoder.transformer.layers.1.norm4.weight p.shape:  torch.Size([256])
n:  base_model.model.model.visual_model.mask_decoder.transformer.layers.1.norm4.bias p.shape:  torch.Size([256])
n:  base_model.model.model.visual_model.mask_decoder.transformer.layers.1.cross_attn_image_to_token.q_proj.weight p.shape:  torch.Size([128, 256])
n:  base_model.model.model.visual_model.mask_decoder.transformer.layers.1.cross_attn_image_to_token.q_proj.bias p.shape:  torch.Size([128])
n:  base_model.model.model.visual_model.mask_decoder.transformer.layers.1.cross_attn_image_to_token.k_proj.weight p.shape:  torch.Size([128, 256])
n:  base_model.model.model.visual_model.mask_decoder.transformer.layers.1.cross_attn_image_to_token.k_proj.bias p.shape:  torch.Size([128])
n:  base_model.model.model.visual_model.mask_decoder.transformer.layers.1.cross_attn_image_to_token.v_proj.weight p.shape:  torch.Size([128, 256])
n:  base_model.model.model.visual_model.mask_decoder.transformer.layers.1.cross_attn_image_to_token.v_proj.bias p.shape:  torch.Size([128])
n:  base_model.model.model.visual_model.mask_decoder.transformer.layers.1.cross_attn_image_to_token.out_proj.weight p.shape:  torch.Size([256, 128])
n:  base_model.model.model.visual_model.mask_decoder.transformer.layers.1.cross_attn_image_to_token.out_proj.bias p.shape:  torch.Size([256])
n:  base_model.model.model.visual_model.mask_decoder.transformer.final_attn_token_to_image.q_proj.weight p.shape:  torch.Size([128, 256])
n:  base_model.model.model.visual_model.mask_decoder.transformer.final_attn_token_to_image.q_proj.bias p.shape:  torch.Size([128])
n:  base_model.model.model.visual_model.mask_decoder.transformer.final_attn_token_to_image.k_proj.weight p.shape:  torch.Size([128, 256])
n:  base_model.model.model.visual_model.mask_decoder.transformer.final_attn_token_to_image.k_proj.bias p.shape:  torch.Size([128])
n:  base_model.model.model.visual_model.mask_decoder.transformer.final_attn_token_to_image.v_proj.weight p.shape:  torch.Size([128, 256])
n:  base_model.model.model.visual_model.mask_decoder.transformer.final_attn_token_to_image.v_proj.bias p.shape:  torch.Size([128])
n:  base_model.model.model.visual_model.mask_decoder.transformer.final_attn_token_to_image.out_proj.weight p.shape:  torch.Size([256, 128])
n:  base_model.model.model.visual_model.mask_decoder.transformer.final_attn_token_to_image.out_proj.bias p.shape:  torch.Size([256])
n:  base_model.model.model.visual_model.mask_decoder.transformer.norm_final_attn.weight p.shape:  torch.Size([256])
n:  base_model.model.model.visual_model.mask_decoder.transformer.norm_final_attn.bias p.shape:  torch.Size([256])
n:  base_model.model.model.visual_model.mask_decoder.iou_token.weight p.shape:  torch.Size([1, 256])
n:  base_model.model.model.visual_model.mask_decoder.mask_tokens.weight p.shape:  torch.Size([4, 256])
n:  base_model.model.model.visual_model.mask_decoder.output_upscaling.0.weight p.shape:  torch.Size([256, 64, 2, 2])
n:  base_model.model.model.visual_model.mask_decoder.output_upscaling.0.bias p.shape:  torch.Size([64])
n:  base_model.model.model.visual_model.mask_decoder.output_upscaling.1.weight p.shape:  torch.Size([64])
n:  base_model.model.model.visual_model.mask_decoder.output_upscaling.1.bias p.shape:  torch.Size([64])
n:  base_model.model.model.visual_model.mask_decoder.output_upscaling.3.weight p.shape:  torch.Size([64, 32, 2, 2])
n:  base_model.model.model.visual_model.mask_decoder.output_upscaling.3.bias p.shape:  torch.Size([32])
n:  base_model.model.model.visual_model.mask_decoder.output_hypernetworks_mlps.0.layers.0.weight p.shape:  torch.Size([256, 256])
n:  base_model.model.model.visual_model.mask_decoder.output_hypernetworks_mlps.0.layers.0.bias p.shape:  torch.Size([256])
n:  base_model.model.model.visual_model.mask_decoder.output_hypernetworks_mlps.0.layers.1.weight p.shape:  torch.Size([256, 256])
n:  base_model.model.model.visual_model.mask_decoder.output_hypernetworks_mlps.0.layers.1.bias p.shape:  torch.Size([256])
n:  base_model.model.model.visual_model.mask_decoder.output_hypernetworks_mlps.0.layers.2.weight p.shape:  torch.Size([32, 256])
n:  base_model.model.model.visual_model.mask_decoder.output_hypernetworks_mlps.0.layers.2.bias p.shape:  torch.Size([32])
n:  base_model.model.model.visual_model.mask_decoder.output_hypernetworks_mlps.1.layers.0.weight p.shape:  torch.Size([256, 256])
n:  base_model.model.model.visual_model.mask_decoder.output_hypernetworks_mlps.1.layers.0.bias p.shape:  torch.Size([256])
n:  base_model.model.model.visual_model.mask_decoder.output_hypernetworks_mlps.1.layers.1.weight p.shape:  torch.Size([256, 256])
n:  base_model.model.model.visual_model.mask_decoder.output_hypernetworks_mlps.1.layers.1.bias p.shape:  torch.Size([256])
n:  base_model.model.model.visual_model.mask_decoder.output_hypernetworks_mlps.1.layers.2.weight p.shape:  torch.Size([32, 256])
n:  base_model.model.model.visual_model.mask_decoder.output_hypernetworks_mlps.1.layers.2.bias p.shape:  torch.Size([32])
n:  base_model.model.model.visual_model.mask_decoder.output_hypernetworks_mlps.2.layers.0.weight p.shape:  torch.Size([256, 256])
n:  base_model.model.model.visual_model.mask_decoder.output_hypernetworks_mlps.2.layers.0.bias p.shape:  torch.Size([256])
n:  base_model.model.model.visual_model.mask_decoder.output_hypernetworks_mlps.2.layers.1.weight p.shape:  torch.Size([256, 256])
n:  base_model.model.model.visual_model.mask_decoder.output_hypernetworks_mlps.2.layers.1.bias p.shape:  torch.Size([256])
n:  base_model.model.model.visual_model.mask_decoder.output_hypernetworks_mlps.2.layers.2.weight p.shape:  torch.Size([32, 256])
n:  base_model.model.model.visual_model.mask_decoder.output_hypernetworks_mlps.2.layers.2.bias p.shape:  torch.Size([32])
n:  base_model.model.model.visual_model.mask_decoder.output_hypernetworks_mlps.3.layers.0.weight p.shape:  torch.Size([256, 256])
n:  base_model.model.model.visual_model.mask_decoder.output_hypernetworks_mlps.3.layers.0.bias p.shape:  torch.Size([256])
n:  base_model.model.model.visual_model.mask_decoder.output_hypernetworks_mlps.3.layers.1.weight p.shape:  torch.Size([256, 256])
n:  base_model.model.model.visual_model.mask_decoder.output_hypernetworks_mlps.3.layers.1.bias p.shape:  torch.Size([256])
n:  base_model.model.model.visual_model.mask_decoder.output_hypernetworks_mlps.3.layers.2.weight p.shape:  torch.Size([32, 256])
n:  base_model.model.model.visual_model.mask_decoder.output_hypernetworks_mlps.3.layers.2.bias p.shape:  torch.Size([32])
n:  base_model.model.model.visual_model.mask_decoder.iou_prediction_head.layers.0.weight p.shape:  torch.Size([256, 256])
n:  base_model.model.model.visual_model.mask_decoder.iou_prediction_head.layers.0.bias p.shape:  torch.Size([256])
n:  base_model.model.model.visual_model.mask_decoder.iou_prediction_head.layers.1.weight p.shape:  torch.Size([256, 256])
n:  base_model.model.model.visual_model.mask_decoder.iou_prediction_head.layers.1.bias p.shape:  torch.Size([256])
n:  base_model.model.model.visual_model.mask_decoder.iou_prediction_head.layers.2.weight p.shape:  torch.Size([4, 256])
n:  base_model.model.model.visual_model.mask_decoder.iou_prediction_head.layers.2.bias p.shape:  torch.Size([4])
n:  base_model.model.model.text_hidden_fcs.0.0.weight p.shape:  torch.Size([5120, 5120])
n:  base_model.model.model.text_hidden_fcs.0.0.bias p.shape:  torch.Size([5120])
n:  base_model.model.model.text_hidden_fcs.0.2.weight p.shape:  torch.Size([256, 5120])
n:  base_model.model.model.text_hidden_fcs.0.2.bias p.shape:  torch.Size([256])
n:  base_model.model.lm_head.weight p.shape:  torch.Size([32002, 5120])
ade20k:  20210
cocostuff:  118287
loading annotations into memory...
Done (t=0.53s)
creating index...
index created!
pascal_part:  4366
loading annotations into memory...
Done (t=7.89s)
creating index...
index created!
paco_lvis:  45790
mapillary:  18000
loading dataset refclef into memory...
ref_file:  /shared/nas/data/m1/jk100/code/OpenAttrLibrary/LISA/dataset/refer_seg/refclef/refs(unc).p
creating index...
index created.
DONE (t=2.75s)
dataset refclef (refs unc) (train split) has 17978 images and 99523 annotations.
loading dataset refcoco into memory...
ref_file:  /shared/nas/data/m1/jk100/code/OpenAttrLibrary/LISA/dataset/refer_seg/refcoco/refs(unc).p
creating index...
index created.
DONE (t=4.95s)
dataset refcoco (refs unc) (train split) has 16994 images and 196771 annotations.
loading dataset refcoco+ into memory...
ref_file:  /shared/nas/data/m1/jk100/code/OpenAttrLibrary/LISA/dataset/refer_seg/refcoco+/refs(unc).p
creating index...
index created.
DONE (t=6.19s)
dataset refcoco+ (refs unc) (train split) has 16992 images and 196737 annotations.
loading dataset refcocog into memory...
ref_file:  /shared/nas/data/m1/jk100/code/OpenAttrLibrary/LISA/dataset/refer_seg/refcocog/refs(umd).p
creating index...
index created.
DONE (t=3.34s)
dataset refcocog (refs umd) (train split) has 21899 images and 208960 annotations.
vqa_data:  665298
number of reason_seg samples:  239
len(self.img_to_explanation):  239
Training with 5000 examples.
[2025-03-01 00:51:03,278] [INFO] [logging.py:96:log_dist] [Rank -1] DeepSpeed info: version=0.9.5, git-hash=unknown, git-branch=unknown
[2025-03-01 00:51:03,278] [WARNING] [comm.py:152:init_deepspeed_backend] NCCL backend in DeepSpeed not yet implemented
[2025-03-01 00:51:03,278] [INFO] [comm.py:594:init_distributed] cdb=None
[2025-03-01 00:51:03,278] [INFO] [comm.py:625:init_distributed] Initializing TorchBackend in DeepSpeed with backend nccl
[2025-03-01 00:51:14,487] [INFO] [logging.py:96:log_dist] [Rank 0] DeepSpeed Flops Profiler Enabled: False
Time to load fused_adam op: 0.48924708366394043 seconds
[2025-03-01 00:51:15,161] [INFO] [logging.py:96:log_dist] [Rank 0] Using DeepSpeed Optimizer param name adamw as basic optimizer
[2025-03-01 00:51:15,343] [INFO] [logging.py:96:log_dist] [Rank 0] DeepSpeed Basic Optimizer = FusedAdam
[2025-03-01 00:51:15,343] [INFO] [utils.py:54:is_zero_supported_optimizer] Checking ZeRO support for optimizer=FusedAdam type=<class 'deepspeed.ops.adam.fused_adam.FusedAdam'>
[2025-03-01 00:51:15,343] [INFO] [logging.py:96:log_dist] [Rank 0] Creating torch.bfloat16 ZeRO stage 2 optimizer
[2025-03-01 00:51:15,343] [INFO] [stage_1_and_2.py:133:__init__] Reduce bucket size 500000000
[2025-03-01 00:51:15,343] [INFO] [stage_1_and_2.py:134:__init__] Allgather bucket size 500000000
[2025-03-01 00:51:15,343] [INFO] [stage_1_and_2.py:135:__init__] CPU Offload: False
[2025-03-01 00:51:15,343] [INFO] [stage_1_and_2.py:136:__init__] Round robin gradient partitioning: False
Using /shared/nas/data/m1/jk100/.cache/torch_extensions/py310_cu118 as PyTorch extensions root...
Detected CUDA files, patching ldflags
Emitting ninja build file /shared/nas/data/m1/jk100/.cache/torch_extensions/py310_cu118/fused_adam/build.ninja...
/shared/nas/data/m1/jk100/.conda/envs/llava/lib/python3.10/site-packages/torch/utils/cpp_extension.py:1967: UserWarning: TORCH_CUDA_ARCH_LIST is not set, all archs for visible cards are included for compilation.
If this is not desired, please set os.environ['TORCH_CUDA_ARCH_LIST'].
  warnings.warn(
Building extension module fused_adam...
Allowing ninja to set a default number of workers... (overridable by setting the environment variable MAX_JOBS=N)
Loading extension module fused_adam...
/shared/nas/data/m1/jk100/.conda/envs/llava/lib/python3.10/site-packages/deepspeed/ops/adam/fused_adam.py:96: UserWarning: The torch.cuda.*DtypeTensor constructors are no longer recommended. It's best to use methods such as torch.tensor(data, dtype=*, device='cuda') to create tensors. (Triggered internally at /opt/conda/conda-bld/pytorch_1712608839953/work/torch/csrc/tensor/python_tensor.cpp:78.)
  self._dummy_overflow_buf = get_accelerator().IntTensor([0])
Rank: 0 partition count [1] and sizes[(365842916, False)]
[2025-03-01 00:51:20,737] [INFO] [utils.py:785:see_memory_usage] Before initializing optimizer states
[2025-03-01 00:51:20,738] [INFO] [utils.py:786:see_memory_usage] MA 27.69 GB         Max_MA 28.37 GB         CA 28.51 GB         Max_CA 29 GB
[2025-03-01 00:51:20,738] [INFO] [utils.py:793:see_memory_usage] CPU Virtual Memory:  used = 44.86 GB, percent = 4.5%
[2025-03-01 00:51:24,235] [INFO] [utils.py:785:see_memory_usage] After initializing optimizer states
[2025-03-01 00:51:24,236] [INFO] [utils.py:786:see_memory_usage] MA 30.41 GB         Max_MA 31.78 GB         CA 32.6 GB         Max_CA 33 GB
[2025-03-01 00:51:24,237] [INFO] [utils.py:793:see_memory_usage] CPU Virtual Memory:  used = 44.75 GB, percent = 4.4%
[2025-03-01 00:51:24,237] [INFO] [stage_1_and_2.py:488:__init__] optimizer state initialized
[2025-03-01 00:51:27,841] [INFO] [utils.py:785:see_memory_usage] After initializing ZeRO optimizer
[2025-03-01 00:51:27,842] [INFO] [utils.py:786:see_memory_usage] MA 30.41 GB         Max_MA 30.41 GB         CA 32.6 GB         Max_CA 33 GB
[2025-03-01 00:51:27,842] [INFO] [utils.py:793:see_memory_usage] CPU Virtual Memory:  used = 44.8 GB, percent = 4.4%
[2025-03-01 00:51:27,850] [INFO] [logging.py:96:log_dist] [Rank 0] DeepSpeed Final Optimizer = adamw
[2025-03-01 00:51:27,850] [INFO] [logging.py:96:log_dist] [Rank 0] DeepSpeed using configured LR scheduler = WarmupDecayLR
[2025-03-01 00:51:27,850] [INFO] [logging.py:96:log_dist] [Rank 0] DeepSpeed LR Scheduler = <deepspeed.runtime.lr_schedules.WarmupDecayLR object at 0x7eff977647f0>
[2025-03-01 00:51:27,851] [INFO] [logging.py:96:log_dist] [Rank 0] step=0, skipped=0, lr=[0.0003], mom=[(0.9, 0.95)]
[2025-03-01 00:51:27,853] [INFO] [config.py:960:print] DeepSpeedEngine configuration:
[2025-03-01 00:51:27,854] [INFO] [config.py:964:print]   activation_checkpointing_config  {
    "partition_activations": false,
    "contiguous_memory_optimization": false,
    "cpu_checkpointing": false,
    "number_checkpoints": null,
    "synchronize_checkpoint_boundary": false,
    "profile": false
}
[2025-03-01 00:51:27,854] [INFO] [config.py:964:print]   aio_config ................... {'block_size': 1048576, 'queue_depth': 8, 'thread_count': 1, 'single_submit': False, 'overlap_events': True}
[2025-03-01 00:51:27,854] [INFO] [config.py:964:print]   amp_enabled .................. False
[2025-03-01 00:51:27,854] [INFO] [config.py:964:print]   amp_params ................... False
[2025-03-01 00:51:27,854] [INFO] [config.py:964:print]   autotuning_config ............ {
    "enabled": false,
    "start_step": null,
    "end_step": null,
    "metric_path": null,
    "arg_mappings": null,
    "metric": "throughput",
    "model_info": null,
    "results_dir": "autotuning_results",
    "exps_dir": "autotuning_exps",
    "overwrite": true,
    "fast": true,
    "start_profile_step": 3,
    "end_profile_step": 5,
    "tuner_type": "gridsearch",
    "tuner_early_stopping": 5,
    "tuner_num_trials": 50,
    "model_info_path": null,
    "mp_size": 1,
    "max_train_batch_size": null,
    "min_train_batch_size": 1,
    "max_train_micro_batch_size_per_gpu": 1.024000e+03,
    "min_train_micro_batch_size_per_gpu": 1,
    "num_tuning_micro_batch_sizes": 3
}
[2025-03-01 00:51:27,854] [INFO] [config.py:964:print]   bfloat16_enabled ............. True
[2025-03-01 00:51:27,854] [INFO] [config.py:964:print]   checkpoint_parallel_write_pipeline  False
[2025-03-01 00:51:27,854] [INFO] [config.py:964:print]   checkpoint_tag_validation_enabled  True
[2025-03-01 00:51:27,854] [INFO] [config.py:964:print]   checkpoint_tag_validation_fail  False
[2025-03-01 00:51:27,855] [INFO] [config.py:964:print]   comms_config ................. <deepspeed.comm.config.DeepSpeedCommsConfig object at 0x7ef8e8344bb0>
[2025-03-01 00:51:27,855] [INFO] [config.py:964:print]   communication_data_type ...... None
[2025-03-01 00:51:27,855] [INFO] [config.py:964:print]   compression_config ........... {'weight_quantization': {'shared_parameters': {'enabled': False, 'quantizer_kernel': False, 'schedule_offset': 0, 'quantize_groups': 1, 'quantize_verbose': False, 'quantization_type': 'symmetric', 'quantize_weight_in_forward': False, 'rounding': 'nearest', 'fp16_mixed_quantize': False, 'quantize_change_ratio': 0.001}, 'different_groups': {}}, 'activation_quantization': {'shared_parameters': {'enabled': False, 'quantization_type': 'symmetric', 'range_calibration': 'dynamic', 'schedule_offset': 1000}, 'different_groups': {}}, 'sparse_pruning': {'shared_parameters': {'enabled': False, 'method': 'l1', 'schedule_offset': 1000}, 'different_groups': {}}, 'row_pruning': {'shared_parameters': {'enabled': False, 'method': 'l1', 'schedule_offset': 1000}, 'different_groups': {}}, 'head_pruning': {'shared_parameters': {'enabled': False, 'method': 'topk', 'schedule_offset': 1000}, 'different_groups': {}}, 'channel_pruning': {'shared_parameters': {'enabled': False, 'method': 'l1', 'schedule_offset': 1000}, 'different_groups': {}}, 'layer_reduction': {'enabled': False}}
[2025-03-01 00:51:27,855] [INFO] [config.py:964:print]   curriculum_enabled_legacy .... False
[2025-03-01 00:51:27,855] [INFO] [config.py:964:print]   curriculum_params_legacy ..... False
[2025-03-01 00:51:27,855] [INFO] [config.py:964:print]   data_efficiency_config ....... {'enabled': False, 'seed': 1234, 'data_sampling': {'enabled': False, 'num_epochs': 1000, 'num_workers': 0, 'curriculum_learning': {'enabled': False}}, 'data_routing': {'enabled': False, 'random_ltd': {'enabled': False, 'layer_token_lr_schedule': {'enabled': False}}}}
[2025-03-01 00:51:27,855] [INFO] [config.py:964:print]   data_efficiency_enabled ...... False
[2025-03-01 00:51:27,855] [INFO] [config.py:964:print]   dataloader_drop_last ......... False
[2025-03-01 00:51:27,855] [INFO] [config.py:964:print]   disable_allgather ............ False
[2025-03-01 00:51:27,855] [INFO] [config.py:964:print]   dump_state ................... False
[2025-03-01 00:51:27,855] [INFO] [config.py:964:print]   dynamic_loss_scale_args ...... None
[2025-03-01 00:51:27,855] [INFO] [config.py:964:print]   eigenvalue_enabled ........... False
[2025-03-01 00:51:27,855] [INFO] [config.py:964:print]   eigenvalue_gas_boundary_resolution  1
[2025-03-01 00:51:27,855] [INFO] [config.py:964:print]   eigenvalue_layer_name ........ bert.encoder.layer
[2025-03-01 00:51:27,855] [INFO] [config.py:964:print]   eigenvalue_layer_num ......... 0
[2025-03-01 00:51:27,855] [INFO] [config.py:964:print]   eigenvalue_max_iter .......... 100
[2025-03-01 00:51:27,856] [INFO] [config.py:964:print]   eigenvalue_stability ......... 1e-06
[2025-03-01 00:51:27,856] [INFO] [config.py:964:print]   eigenvalue_tol ............... 0.01
[2025-03-01 00:51:27,856] [INFO] [config.py:964:print]   eigenvalue_verbose ........... False
[2025-03-01 00:51:27,856] [INFO] [config.py:964:print]   elasticity_enabled ........... False
[2025-03-01 00:51:27,856] [INFO] [config.py:964:print]   flops_profiler_config ........ {
    "enabled": false,
    "recompute_fwd_factor": 0.0,
    "profile_step": 1,
    "module_depth": -1,
    "top_modules": 1,
    "detailed": true,
    "output_file": null
}
[2025-03-01 00:51:27,856] [INFO] [config.py:964:print]   fp16_auto_cast ............... None
[2025-03-01 00:51:27,856] [INFO] [config.py:964:print]   fp16_enabled ................. False
[2025-03-01 00:51:27,856] [INFO] [config.py:964:print]   fp16_master_weights_and_gradients  False
[2025-03-01 00:51:27,856] [INFO] [config.py:964:print]   global_rank .................. 0
[2025-03-01 00:51:27,856] [INFO] [config.py:964:print]   grad_accum_dtype ............. None
[2025-03-01 00:51:27,856] [INFO] [config.py:964:print]   gradient_accumulation_steps .. 10
[2025-03-01 00:51:27,856] [INFO] [config.py:964:print]   gradient_clipping ............ 1.0
[2025-03-01 00:51:27,856] [INFO] [config.py:964:print]   gradient_predivide_factor .... 1.0
[2025-03-01 00:51:27,856] [INFO] [config.py:964:print]   hybrid_engine ................ enabled=False max_out_tokens=512 inference_tp_size=1 release_inference_cache=False pin_parameters=True tp_gather_partition_size=8
[2025-03-01 00:51:27,856] [INFO] [config.py:964:print]   initial_dynamic_scale ........ 1
[2025-03-01 00:51:27,857] [INFO] [config.py:964:print]   load_universal_checkpoint .... False
[2025-03-01 00:51:27,857] [INFO] [config.py:964:print]   loss_scale ................... 1.0
[2025-03-01 00:51:27,857] [INFO] [config.py:964:print]   memory_breakdown ............. False
[2025-03-01 00:51:27,857] [INFO] [config.py:964:print]   mics_hierarchial_params_gather  False
[2025-03-01 00:51:27,857] [INFO] [config.py:964:print]   mics_shard_size .............. -1
[2025-03-01 00:51:27,857] [INFO] [config.py:964:print]   monitor_config ............... tensorboard=TensorBoardConfig(enabled=False, output_path='', job_name='DeepSpeedJobName') wandb=WandbConfig(enabled=False, group=None, team=None, project='deepspeed') csv_monitor=CSVConfig(enabled=False, output_path='', job_name='DeepSpeedJobName') enabled=False
[2025-03-01 00:51:27,857] [INFO] [config.py:964:print]   nebula_config ................ {
    "enabled": false,
    "persistent_storage_path": null,
    "persistent_time_interval": 100,
    "num_of_version_in_retention": 2,
    "enable_nebula_load": true,
    "load_path": null
}
[2025-03-01 00:51:27,857] [INFO] [config.py:964:print]   optimizer_legacy_fusion ...... False
[2025-03-01 00:51:27,857] [INFO] [config.py:964:print]   optimizer_name ............... adamw
[2025-03-01 00:51:27,857] [INFO] [config.py:964:print]   optimizer_params ............. {'lr': 0.0003, 'weight_decay': 0.0, 'betas': (0.9, 0.95)}
[2025-03-01 00:51:27,857] [INFO] [config.py:964:print]   pipeline ..................... {'stages': 'auto', 'partition': 'best', 'seed_layers': False, 'activation_checkpoint_interval': 0}
[2025-03-01 00:51:27,857] [INFO] [config.py:964:print]   pld_enabled .................. False
[2025-03-01 00:51:27,857] [INFO] [config.py:964:print]   pld_params ................... False
[2025-03-01 00:51:27,857] [INFO] [config.py:964:print]   prescale_gradients ........... False
[2025-03-01 00:51:27,858] [INFO] [config.py:964:print]   scheduler_name ............... WarmupDecayLR
[2025-03-01 00:51:27,858] [INFO] [config.py:964:print]   scheduler_params ............. {'total_num_steps': 5000, 'warmup_min_lr': 0, 'warmup_max_lr': 0.0003, 'warmup_num_steps': 100, 'warmup_type': 'linear'}
[2025-03-01 00:51:27,858] [INFO] [config.py:964:print]   sparse_attention ............. None
[2025-03-01 00:51:27,858] [INFO] [config.py:964:print]   sparse_gradients_enabled ..... False
[2025-03-01 00:51:27,858] [INFO] [config.py:964:print]   steps_per_print .............. 10
[2025-03-01 00:51:27,858] [INFO] [config.py:964:print]   train_batch_size ............. 10
[2025-03-01 00:51:27,858] [INFO] [config.py:964:print]   train_micro_batch_size_per_gpu  1
[2025-03-01 00:51:27,858] [INFO] [config.py:964:print]   use_node_local_storage ....... False
[2025-03-01 00:51:27,858] [INFO] [config.py:964:print]   wall_clock_breakdown ......... False
[2025-03-01 00:51:27,858] [INFO] [config.py:964:print]   world_size ................... 1
[2025-03-01 00:51:27,858] [INFO] [config.py:964:print]   zero_allow_untested_optimizer  False
[2025-03-01 00:51:27,858] [INFO] [config.py:964:print]   zero_config .................. stage=2 contiguous_gradients=True reduce_scatter=True reduce_bucket_size=500000000 allgather_partitions=True allgather_bucket_size=500000000 overlap_comm=True load_from_fp32_weights=True elastic_checkpoint=False offload_param=None offload_optimizer=None sub_group_size=1,000,000,000 cpu_offload_param=None cpu_offload_use_pin_memory=None cpu_offload=None prefetch_bucket_size=50,000,000 param_persistence_threshold=100,000 model_persistence_threshold=sys.maxsize max_live_parameters=1,000,000,000 max_reuse_distance=1,000,000,000 gather_16bit_weights_on_model_save=False stage3_gather_fp16_weights_on_model_save=False ignore_unused_parameters=True legacy_stage1=False round_robin_gradients=False mics_shard_size=-1 mics_hierarchical_params_gather=False memory_efficient_linear=True
[2025-03-01 00:51:27,858] [INFO] [config.py:964:print]   zero_enabled ................. True
[2025-03-01 00:51:27,858] [INFO] [config.py:964:print]   zero_force_ds_cpu_optimizer .. True
[2025-03-01 00:51:27,858] [INFO] [config.py:964:print]   zero_optimization_stage ...... 2
[2025-03-01 00:51:27,859] [INFO] [config.py:950:print_user_config]   json = {
    "train_micro_batch_size_per_gpu": 1,
    "gradient_accumulation_steps": 10,
    "optimizer": {
        "type": "AdamW",
        "params": {
            "lr": 0.0003,
            "weight_decay": 0.0,
            "betas": [0.9, 0.95]
        }
    },
    "scheduler": {
        "type": "WarmupDecayLR",
        "params": {
            "total_num_steps": 5.000000e+03,
            "warmup_min_lr": 0,
            "warmup_max_lr": 0.0003,
            "warmup_num_steps": 100,
            "warmup_type": "linear"
        }
    },
    "fp16": {
        "enabled": false
    },
    "bf16": {
        "enabled": true
    },
    "gradient_clipping": 1.0,
    "zero_optimization": {
        "stage": 2,
        "contiguous_gradients": true,
        "overlap_comm": true,
        "reduce_scatter": true,
        "reduce_bucket_size": 5.000000e+08,
        "allgather_bucket_size": 5.000000e+08
    }
}
/shared/nas/data/m1/jk100/.conda/envs/llava/lib/python3.10/site-packages/torch/nn/modules/conv.py:456: UserWarning: Applied workaround for CuDNN issue, install nvrtc.so (Triggered internally at /opt/conda/conda-bld/pytorch_1712608839953/work/aten/src/ATen/native/cudnn/Conv_v8.cpp:84.)
  return F.conv2d(input, weight, bias, self.stride,
/shared/nas/data/m1/jk100/.conda/envs/llava/lib/python3.10/site-packages/torch/utils/checkpoint.py:464: UserWarning: torch.utils.checkpoint: the use_reentrant parameter should be passed explicitly. In version 2.4 we will raise an exception if use_reentrant is not passed. use_reentrant=False is recommended, but if you need to preserve the current default behavior, you can pass use_reentrant=True. Refer to docs for more details on the differences between the two variants.
  warnings.warn(
/shared/nas/data/m1/jk100/.conda/envs/llava/lib/python3.10/site-packages/torch/autograd/graph.py:744: UserWarning: c10d::broadcast_: an autograd kernel was not registered to the Autograd key(s) but we are trying to backprop through it. This may lead to silently incorrect behavior. This behavior is deprecated and will be removed in a future version of PyTorch. If your operator is differentiable, please ensure you have registered an autograd kernel to the correct Autograd key (e.g. DispatchKey::Autograd, DispatchKey::CompositeImplicitAutograd). If your operator is not differentiable, or to squash this warning and use the previous behavior, please register torch::CppFunction::makeFallthrough() to DispatchKey::Autograd. (Triggered internally at /opt/conda/conda-bld/pytorch_1712608839953/work/torch/csrc/autograd/autograd_not_implemented_fallback.cpp:63.)
  return Variable._execution_engine.run_backward(  # Calls into the C++ engine to run the backward pass
/shared/nas2/jk100/partonomy_private/src/models/PLUM/model/PLUM.py:70: UserWarning: Using a target size (torch.Size([425, 5120])) that is different to the input size (torch.Size([5120])). This will likely lead to incorrect results due to broadcasting. Please ensure they have the same size.
  return 0.5 / (sigma ** 2) * F.mse_loss(t_proj, t_ref, reduction='mean')
/shared/nas/data/m1/jk100/.conda/envs/llava/lib/python3.10/site-packages/torch/autograd/graph.py:744: UserWarning: Plan failed with a cudnnException: CUDNN_BACKEND_EXECUTION_PLAN_DESCRIPTOR: cudnnFinalize Descriptor Failed cudnn_status: CUDNN_STATUS_NOT_SUPPORTED (Triggered internally at /opt/conda/conda-bld/pytorch_1712608839953/work/aten/src/ATen/native/cudnn/Conv_v8.cpp:919.)
  return Variable._execution_engine.run_backward(  # Calls into the C++ engine to run the backward pass
Epoch: [0][  1/500]	Time  7.612 ( 7.612)	Loss 19.7401 (7.2384)	CeLoss 3.0000 (3.5703)	SegCLSLoss 0.9102 (0.9090)	KLLoss 0.4707 (0.4887)	MaskLoss 8.4828 (1.8985)	MaskBCELoss 7.5616 (1.0469)	MaskDICELoss 0.9212 (0.8516)
Epoch: [0][  2/500]	Time  7.083 ( 7.083)	Loss 0.7500 (8.3967)	CeLoss 0.7500 (3.2344)	SegCLSLoss 0.0000 (0.8035)	KLLoss 0.0000 (0.4730)	MaskLoss 0.0000 (2.6640)	MaskBCELoss 0.0000 (1.8640)	MaskDICELoss 0.0000 (0.8000)
Epoch: [0][  3/500]	Time  7.782 ( 7.782)	Loss 5.2435 (6.4067)	CeLoss 3.1250 (3.3359)	SegCLSLoss 0.9922 (0.7961)	KLLoss 0.4863 (0.4357)	MaskLoss 1.1843 (1.6276)	MaskBCELoss 0.1843 (0.8276)	MaskDICELoss 1.0000 (0.8000)
Epoch: [0][  4/500]	Time  6.835 ( 6.835)	Loss 1.2422 (7.7192)	CeLoss 1.2422 (2.9617)	SegCLSLoss 0.0000 (0.9035)	KLLoss 0.0000 (0.5369)	MaskLoss 0.0000 (2.4694)	MaskBCELoss 0.0000 (1.5694)	MaskDICELoss 0.0000 (0.9000)
Epoch: [0][  5/500]	Time  6.514 ( 6.514)	Loss 5.8750 (6.3958)	CeLoss 5.8750 (3.4188)	SegCLSLoss 0.0000 (0.6711)	KLLoss 0.0000 (0.3812)	MaskLoss 0.0000 (1.5823)	MaskBCELoss 0.0000 (0.8823)	MaskDICELoss 0.0000 (0.7000)
Epoch: [0][  6/500]	Time  7.498 ( 7.498)	Loss 6.9450 (6.8622)	CeLoss 2.3750 (3.6125)	SegCLSLoss 0.9102 (0.7945)	KLLoss 0.5039 (0.4682)	MaskLoss 2.4569 (1.7092)	MaskBCELoss 1.4569 (0.9092)	MaskDICELoss 1.0000 (0.8000)
Epoch: [0][  7/500]	Time  7.140 ( 7.140)	Loss 7.8883 (7.2721)	CeLoss 3.4531 (3.6641)	SegCLSLoss 1.0156 (0.7754)	KLLoss 0.6367 (0.4582)	MaskLoss 2.3035 (1.9056)	MaskBCELoss 1.3035 (1.1056)	MaskDICELoss 1.0000 (0.8000)
Epoch: [0][  8/500]	Time  7.383 ( 7.383)	Loss 8.2223 (6.2868)	CeLoss 3.4375 (2.9641)	SegCLSLoss 0.9453 (0.7871)	KLLoss 0.6445 (0.4557)	MaskLoss 2.5174 (1.7559)	MaskBCELoss 1.5174 (0.9559)	MaskDICELoss 1.0000 (0.8000)
Epoch: [0][  9/500]	Time  7.270 ( 7.270)	Loss 6.9916 (6.5658)	CeLoss 3.7656 (2.8648)	SegCLSLoss 0.9961 (0.8785)	KLLoss 0.6211 (0.5268)	MaskLoss 1.7144 (1.9566)	MaskBCELoss 0.7146 (1.0568)	MaskDICELoss 0.9998 (0.8998)
[2025-03-01 00:52:39,801] [INFO] [logging.py:96:log_dist] [Rank 0] step=10, skipped=0, lr=[2.6999999999999996e-05], mom=[(0.9, 0.95)]
[2025-03-01 00:52:39,801] [INFO] [timer.py:215:stop] epoch=0/micro_step=100/global_step=10, RunningAvgSamplesPerSec=1.413922483770261, CurrSamplesPerSec=1.5177426600170667, MemAllocated=30.7GB, MaxMemAllocated=34.79GB
Epoch: [0][ 10/500]	Time  6.591 ( 6.591)	Loss 0.8711 (4.3209)	CeLoss 0.8711 (2.7754)	SegCLSLoss 0.0000 (0.6012)	KLLoss 0.0000 (0.3266)	MaskLoss 0.0000 (0.8389)	MaskBCELoss 0.0000 (0.2393)	MaskDICELoss 0.0000 (0.5996)
Epoch: [0][ 11/500]	Time  6.834 ( 6.834)	Loss 5.5188 (5.9148)	CeLoss 3.0938 (3.1531)	SegCLSLoss 0.9961 (0.7961)	KLLoss 0.6367 (0.4703)	MaskLoss 1.3058 (1.4656)	MaskBCELoss 0.3065 (0.6661)	MaskDICELoss 0.9993 (0.7994)
Epoch: [0][ 12/500]	Time  7.189 ( 7.189)	Loss 4.4195 (5.0843)	CeLoss 2.6719 (3.2008)	SegCLSLoss 0.9844 (0.5910)	KLLoss 0.5156 (0.3418)	MaskLoss 1.0049 (1.0107)	MaskBCELoss 0.0072 (0.4141)	MaskDICELoss 0.9977 (0.5967)
Epoch: [0][ 13/500]	Time  7.063 ( 7.063)	Loss 4.2835 (4.5376)	CeLoss 2.4531 (2.8480)	SegCLSLoss 1.0469 (0.8008)	KLLoss 0.4883 (0.4316)	MaskLoss 1.0133 (0.9319)	MaskBCELoss 0.0179 (0.1366)	MaskDICELoss 0.9954 (0.7952)
Epoch: [0][ 14/500]	Time  8.154 ( 8.154)	Loss 3.7005 (5.0428)	CeLoss 1.9062 (2.8156)	SegCLSLoss 1.0391 (0.7996)	KLLoss 0.4551 (0.4207)	MaskLoss 1.0137 (1.1984)	MaskBCELoss 0.0146 (0.4114)	MaskDICELoss 0.9991 (0.7870)
Epoch: [0][ 15/500]	Time  6.129 ( 6.129)	Loss 3.9683 (3.9201)	CeLoss 2.1406 (2.9488)	SegCLSLoss 1.0469 (0.5109)	KLLoss 0.4785 (0.2678)	MaskLoss 1.0223 (0.5327)	MaskBCELoss 0.0236 (0.0418)	MaskDICELoss 0.9987 (0.4909)
Epoch: [0][ 16/500]	Time  7.397 ( 7.397)	Loss 3.4926 (5.1582)	CeLoss 1.6562 (3.0875)	SegCLSLoss 1.0312 (0.8137)	KLLoss 0.4375 (0.4791)	MaskLoss 1.0399 (1.0916)	MaskBCELoss 0.0443 (0.3197)	MaskDICELoss 0.9956 (0.7718)
Epoch: [0][ 17/500]	Time  6.894 ( 6.894)	Loss 5.0080 (3.4046)	CeLoss 3.0938 (2.0746)	SegCLSLoss 0.9844 (0.5918)	KLLoss 0.6562 (0.3455)	MaskLoss 1.0644 (0.7154)	MaskBCELoss 0.0672 (0.1425)	MaskDICELoss 0.9972 (0.5729)
Epoch: [0][ 18/500]	Time  6.444 ( 6.444)	Loss 4.4217 (3.7674)	CeLoss 1.8125 (3.0996)	SegCLSLoss 1.0078 (0.3039)	KLLoss 0.5469 (0.1680)	MaskLoss 1.3419 (0.3550)	MaskBCELoss 0.4380 (0.0685)	MaskDICELoss 0.9039 (0.2865)
Epoch: [0][ 19/500]	Time  7.596 ( 7.596)	Loss 4.9868 (4.4622)	CeLoss 2.4062 (2.1766)	SegCLSLoss 0.9766 (0.9855)	KLLoss 0.6758 (0.5668)	MaskLoss 1.2905 (1.2074)	MaskBCELoss 0.4152 (0.2754)	MaskDICELoss 0.8753 (0.9319)
[2025-03-01 00:53:50,089] [INFO] [logging.py:96:log_dist] [Rank 0] step=20, skipped=0, lr=[5.6999999999999996e-05], mom=[(0.9, 0.95)]
[2025-03-01 00:53:50,090] [INFO] [timer.py:215:stop] epoch=0/micro_step=200/global_step=20, RunningAvgSamplesPerSec=1.4236262749016673, CurrSamplesPerSec=1.5178733826356725, MemAllocated=30.75GB, MaxMemAllocated=35.74GB
Epoch: [0][ 20/500]	Time  6.590 ( 6.590)	Loss 0.6875 (3.8862)	CeLoss 0.6875 (2.4406)	SegCLSLoss 0.0000 (0.5883)	KLLoss 0.0000 (0.3494)	MaskLoss 0.0000 (0.7628)	MaskBCELoss 0.0000 (0.2000)	MaskDICELoss 0.0000 (0.5628)
Epoch: [0][ 21/500]	Time  7.033 ( 7.033)	Loss 5.0235 (4.6712)	CeLoss 2.5000 (2.3508)	SegCLSLoss 1.0078 (0.8852)	KLLoss 0.6719 (0.4809)	MaskLoss 1.3076 (1.1857)	MaskBCELoss 0.3506 (0.4033)	MaskDICELoss 0.9571 (0.7824)
Epoch: [0][ 22/500]	Time  7.347 ( 7.347)	Loss 4.0234 (4.4456)	CeLoss 1.6797 (1.8547)	SegCLSLoss 1.0000 (0.9945)	KLLoss 0.6406 (0.5879)	MaskLoss 1.2070 (1.2950)	MaskBCELoss 0.2799 (0.4362)	MaskDICELoss 0.9271 (0.8588)
Epoch: [0][ 23/500]	Time  6.987 ( 6.987)	Loss 3.8876 (3.6972)	CeLoss 1.6250 (1.6836)	SegCLSLoss 1.0234 (0.7887)	KLLoss 0.5195 (0.4354)	MaskLoss 1.2314 (1.0359)	MaskBCELoss 0.2334 (0.3231)	MaskDICELoss 0.9981 (0.7128)
Epoch: [0][ 24/500]	Time  6.976 ( 6.976)	Loss 4.1078 (4.1114)	CeLoss 1.2422 (1.7695)	SegCLSLoss 1.0156 (0.8883)	KLLoss 0.6133 (0.5191)	MaskLoss 1.4160 (1.1903)	MaskBCELoss 0.5582 (0.3983)	MaskDICELoss 0.8578 (0.7920)
Epoch: [0][ 25/500]	Time  6.007 ( 6.007)	Loss 0.9648 (2.9581)	CeLoss 0.9648 (1.7957)	SegCLSLoss 0.0000 (0.5012)	KLLoss 0.0000 (0.2779)	MaskLoss 0.0000 (0.6098)	MaskBCELoss 0.0000 (0.1446)	MaskDICELoss 0.0000 (0.4652)
Epoch: [0][ 26/500]	Time  7.055 ( 7.055)	Loss 2.4375 (3.1974)	CeLoss 2.4375 (1.4805)	SegCLSLoss 0.0000 (0.7863)	KLLoss 0.0000 (0.4156)	MaskLoss 0.0000 (0.9350)	MaskBCELoss 0.0000 (0.1689)	MaskDICELoss 0.0000 (0.7662)
Epoch: [0][ 27/500]	Time  7.049 ( 7.049)	Loss 2.9767 (3.3929)	CeLoss 1.0469 (2.0063)	SegCLSLoss 1.0000 (0.5969)	KLLoss 0.4434 (0.3342)	MaskLoss 1.0918 (0.7386)	MaskBCELoss 0.1101 (0.1683)	MaskDICELoss 0.9817 (0.5703)
Epoch: [0][ 28/500]	Time  6.913 ( 6.913)	Loss 3.2239 (3.0798)	CeLoss 1.1250 (1.3980)	SegCLSLoss 0.9688 (0.7672)	KLLoss 0.5469 (0.4084)	MaskLoss 1.1457 (0.9324)	MaskBCELoss 0.1841 (0.1637)	MaskDICELoss 0.9616 (0.7686)
Epoch: [0][ 29/500]	Time  6.618 ( 6.618)	Loss 3.3478 (3.0475)	CeLoss 1.0078 (1.3062)	SegCLSLoss 0.9688 (0.6813)	KLLoss 0.4551 (0.4252)	MaskLoss 1.2871 (0.9194)	MaskBCELoss 0.3341 (0.2560)	MaskDICELoss 0.9530 (0.6634)
[2025-03-01 00:54:58,890] [INFO] [logging.py:96:log_dist] [Rank 0] step=30, skipped=0, lr=[8.699999999999999e-05], mom=[(0.9, 0.95)]
[2025-03-01 00:54:58,891] [INFO] [timer.py:215:stop] epoch=0/micro_step=300/global_step=30, RunningAvgSamplesPerSec=1.434249514389156, CurrSamplesPerSec=1.4676992912617999, MemAllocated=31.14GB, MaxMemAllocated=35.74GB
Epoch: [0][ 30/500]	Time  6.816 ( 6.816)	Loss 0.9102 (3.9647)	CeLoss 0.9102 (1.3566)	SegCLSLoss 0.0000 (0.6914)	KLLoss 0.0000 (0.4316)	MaskLoss 0.0000 (1.3528)	MaskBCELoss 0.0000 (0.6852)	MaskDICELoss 0.0000 (0.6675)
Epoch: [0][ 31/500]	Time  6.502 ( 6.502)	Loss 0.9258 (3.3627)	CeLoss 0.9258 (1.3629)	SegCLSLoss 0.0000 (0.7605)	KLLoss 0.0000 (0.4389)	MaskLoss 0.0000 (1.0847)	MaskBCELoss 0.0000 (0.3165)	MaskDICELoss 0.0000 (0.7682)
Epoch: [0][ 32/500]	Time  7.110 ( 7.110)	Loss 1.0547 (2.2786)	CeLoss 1.0547 (1.2195)	SegCLSLoss 0.0000 (0.3887)	KLLoss 0.0000 (0.2336)	MaskLoss 0.0000 (0.5667)	MaskBCELoss 0.0000 (0.1796)	MaskDICELoss 0.0000 (0.3871)
Epoch: [0][ 33/500]	Time  7.126 ( 7.126)	Loss 3.2876 (2.3479)	CeLoss 1.0391 (1.0094)	SegCLSLoss 1.0000 (0.5504)	KLLoss 0.6055 (0.3240)	MaskLoss 1.2087 (0.7369)	MaskBCELoss 0.2367 (0.1717)	MaskDICELoss 0.9720 (0.5652)
Epoch: [0][ 34/500]	Time  6.353 ( 6.353)	Loss 1.1641 (2.1110)	CeLoss 1.1641 (1.0973)	SegCLSLoss 0.0000 (0.4660)	KLLoss 0.0000 (0.2309)	MaskLoss 0.0000 (0.5775)	MaskBCELoss 0.0000 (0.0961)	MaskDICELoss 0.0000 (0.4814)
Epoch: [0][ 35/500]	Time  7.252 ( 7.252)	Loss 3.9147 (2.9808)	CeLoss 1.2422 (1.2859)	SegCLSLoss 0.9453 (0.6562)	KLLoss 0.6094 (0.4002)	MaskLoss 1.3490 (0.9032)	MaskBCELoss 0.4935 (0.2575)	MaskDICELoss 0.8555 (0.6458)
Epoch: [0][ 36/500]	Time  7.891 ( 7.891)	Loss 0.9727 (2.9088)	CeLoss 0.9727 (0.9730)	SegCLSLoss 0.0000 (0.8266)	KLLoss 0.0000 (0.4852)	MaskLoss 0.0000 (1.0608)	MaskBCELoss 0.0000 (0.2249)	MaskDICELoss 0.0000 (0.8358)
Epoch: [0][ 37/500]	Time  7.230 ( 7.230)	Loss 2.6900 (2.4197)	CeLoss 0.7383 (0.9055)	SegCLSLoss 0.8398 (0.6215)	KLLoss 0.4043 (0.3695)	MaskLoss 1.1577 (0.8404)	MaskBCELoss 0.2200 (0.1921)	MaskDICELoss 0.9377 (0.6483)
Epoch: [0][ 38/500]	Time  7.201 ( 7.201)	Loss 2.7236 (3.1416)	CeLoss 0.5508 (1.0328)	SegCLSLoss 0.8984 (0.8102)	KLLoss 0.4590 (0.4641)	MaskLoss 1.2606 (1.1565)	MaskBCELoss 0.2757 (0.3256)	MaskDICELoss 0.9849 (0.8309)
Epoch: [0][ 39/500]	Time  8.079 ( 8.079)	Loss 3.1513 (2.7164)	CeLoss 0.7305 (0.8059)	SegCLSLoss 0.9180 (0.8047)	KLLoss 0.6016 (0.4727)	MaskLoss 1.2703 (1.0700)	MaskBCELoss 0.3754 (0.2217)	MaskDICELoss 0.8949 (0.8483)
[2025-03-01 00:56:10,318] [INFO] [logging.py:96:log_dist] [Rank 0] step=40, skipped=0, lr=[0.000117], mom=[(0.9, 0.95)]
[2025-03-01 00:56:10,320] [INFO] [timer.py:215:stop] epoch=0/micro_step=400/global_step=40, RunningAvgSamplesPerSec=1.428316960153571, CurrSamplesPerSec=1.4964658279644287, MemAllocated=30.64GB, MaxMemAllocated=35.74GB
Epoch: [0][ 40/500]	Time  6.685 ( 6.685)	Loss 0.9844 (1.9878)	CeLoss 0.9844 (0.8521)	SegCLSLoss 0.0000 (0.4336)	KLLoss 0.0000 (0.2598)	MaskLoss 0.0000 (0.6239)	MaskBCELoss 0.0000 (0.1739)	MaskDICELoss 0.0000 (0.4500)
Epoch: [0][ 41/500]	Time  7.451 ( 7.451)	Loss 2.7208 (2.7441)	CeLoss 0.6523 (0.9012)	SegCLSLoss 0.8594 (0.6684)	KLLoss 0.5234 (0.4395)	MaskLoss 1.1967 (1.0343)	MaskBCELoss 0.2275 (0.2920)	MaskDICELoss 0.9693 (0.7423)
Epoch: [0][ 42/500]	Time  7.034 ( 7.034)	Loss 2.7241 (2.5975)	CeLoss 0.9375 (0.9574)	SegCLSLoss 0.8789 (0.6887)	KLLoss 0.5312 (0.4393)	MaskLoss 1.0592 (0.9445)	MaskBCELoss 0.0776 (0.1731)	MaskDICELoss 0.9816 (0.7714)
Epoch: [0][ 43/500]	Time  7.386 ( 7.386)	Loss 3.3309 (2.5018)	CeLoss 0.8281 (0.8445)	SegCLSLoss 0.8086 (0.6438)	KLLoss 0.6055 (0.4514)	MaskLoss 1.3840 (0.9675)	MaskBCELoss 0.4624 (0.2026)	MaskDICELoss 0.9216 (0.7649)
Epoch: [0][ 44/500]	Time  7.424 ( 7.424)	Loss 3.3919 (2.8652)	CeLoss 0.6641 (0.7629)	SegCLSLoss 0.8359 (0.7969)	KLLoss 0.4629 (0.5426)	MaskLoss 1.5509 (1.2397)	MaskBCELoss 0.5880 (0.2745)	MaskDICELoss 0.9629 (0.9652)
Epoch: [0][ 45/500]	Time  7.636 ( 7.636)	Loss 3.4916 (2.7799)	CeLoss 0.7070 (0.8408)	SegCLSLoss 0.7070 (0.6848)	KLLoss 0.4688 (0.4709)	MaskLoss 1.6231 (1.1438)	MaskBCELoss 0.6878 (0.2980)	MaskDICELoss 0.9353 (0.8458)
Epoch: [0][ 46/500]	Time  7.435 ( 7.435)	Loss 0.6289 (2.3318)	CeLoss 0.6289 (0.7535)	SegCLSLoss 0.0000 (0.5359)	KLLoss 0.0000 (0.3605)	MaskLoss 0.0000 (0.9292)	MaskBCELoss 0.0000 (0.2643)	MaskDICELoss 0.0000 (0.6649)
Epoch: [0][ 47/500]	Time  8.068 ( 8.068)	Loss 2.6895 (2.5205)	CeLoss 0.3398 (0.7102)	SegCLSLoss 0.7031 (0.5824)	KLLoss 0.3828 (0.4064)	MaskLoss 1.4066 (1.0632)	MaskBCELoss 0.5012 (0.3296)	MaskDICELoss 0.9054 (0.7337)
Epoch: [0][ 48/500]	Time  7.585 ( 7.585)	Loss 1.6484 (2.1746)	CeLoss 1.6484 (0.7139)	SegCLSLoss 0.0000 (0.5660)	KLLoss 0.0000 (0.4332)	MaskLoss 0.0000 (0.9180)	MaskBCELoss 0.0000 (0.1466)	MaskDICELoss 0.0000 (0.7714)
Epoch: [0][ 49/500]	Time  7.369 ( 7.369)	Loss 2.3484 (1.7802)	CeLoss 0.6406 (0.6910)	SegCLSLoss 0.6133 (0.3977)	KLLoss 0.4375 (0.3078)	MaskLoss 1.1449 (0.7024)	MaskBCELoss 0.2048 (0.1238)	MaskDICELoss 0.9401 (0.5786)
[2025-03-01 00:57:24,875] [INFO] [logging.py:96:log_dist] [Rank 0] step=50, skipped=0, lr=[0.000147], mom=[(0.9, 0.95)]
[2025-03-01 00:57:24,875] [INFO] [timer.py:215:stop] epoch=0/micro_step=500/global_step=50, RunningAvgSamplesPerSec=1.4093403508941802, CurrSamplesPerSec=1.3955227793764535, MemAllocated=30.93GB, MaxMemAllocated=35.74GB
Epoch: [0][ 50/500]	Time  7.168 ( 7.168)	Loss 2.1450 (2.3231)	CeLoss 0.5039 (0.6893)	SegCLSLoss 0.6328 (0.5121)	KLLoss 0.5234 (0.4369)	MaskLoss 1.1063 (1.0076)	MaskBCELoss 0.1237 (0.2660)	MaskDICELoss 0.9826 (0.7416)
Epoch: [0][ 51/500]	Time  6.740 ( 6.740)	Loss 1.3594 (1.8164)	CeLoss 1.3594 (0.9088)	SegCLSLoss 0.0000 (0.3078)	KLLoss 0.0000 (0.2930)	MaskLoss 0.0000 (0.5851)	MaskBCELoss 0.0000 (0.1073)	MaskDICELoss 0.0000 (0.4778)
Epoch: [0][ 52/500]	Time  7.626 ( 7.626)	Loss 1.9925 (2.4206)	CeLoss 0.4336 (0.6457)	SegCLSLoss 0.5430 (0.4980)	KLLoss 0.5273 (0.4988)	MaskLoss 1.1082 (1.1421)	MaskBCELoss 0.1308 (0.3039)	MaskDICELoss 0.9774 (0.8382)
Epoch: [0][ 53/500]	Time  6.938 ( 6.938)	Loss 0.7422 (2.0446)	CeLoss 0.7422 (0.5869)	SegCLSLoss 0.0000 (0.4174)	KLLoss 0.0000 (0.4092)	MaskLoss 0.0000 (0.9635)	MaskBCELoss 0.0000 (0.2362)	MaskDICELoss 0.0000 (0.7273)
Epoch: [0][ 54/500]	Time  7.050 ( 7.050)	Loss 1.1719 (1.8327)	CeLoss 1.1719 (0.6803)	SegCLSLoss 0.0000 (0.2908)	KLLoss 0.0000 (0.3117)	MaskLoss 0.0000 (0.7651)	MaskBCELoss 0.0000 (0.2156)	MaskDICELoss 0.0000 (0.5495)
Epoch: [0][ 55/500]	Time  7.085 ( 7.085)	Loss 2.1090 (1.8367)	CeLoss 0.4961 (0.8143)	SegCLSLoss 0.4102 (0.2605)	KLLoss 0.5859 (0.2896)	MaskLoss 1.1624 (0.7351)	MaskBCELoss 0.2164 (0.1666)	MaskDICELoss 0.9460 (0.5685)
Epoch: [0][ 56/500]	Time  7.500 ( 7.500)	Loss 2.5615 (1.9649)	CeLoss 0.3125 (0.6033)	SegCLSLoss 0.3867 (0.2746)	KLLoss 0.4141 (0.3742)	MaskLoss 1.4923 (0.9281)	MaskBCELoss 0.6061 (0.2912)	MaskDICELoss 0.8862 (0.6368)
Epoch: [0][ 57/500]	Time  7.091 ( 7.091)	Loss 1.7746 (1.7985)	CeLoss 0.4824 (0.6654)	SegCLSLoss 0.3770 (0.2576)	KLLoss 0.4434 (0.3568)	MaskLoss 1.0877 (0.8498)	MaskBCELoss 0.1018 (0.1811)	MaskDICELoss 0.9859 (0.6686)
Epoch: [0][ 58/500]	Time  7.804 ( 7.804)	Loss 1.7721 (1.9877)	CeLoss 0.5312 (0.4865)	SegCLSLoss 0.3145 (0.3238)	KLLoss 0.4941 (0.5242)	MaskLoss 1.0848 (1.1778)	MaskBCELoss 0.0906 (0.2177)	MaskDICELoss 0.9942 (0.9601)
Epoch: [0][ 59/500]	Time  6.608 ( 6.608)	Loss 0.8672 (1.7292)	CeLoss 0.8672 (0.6354)	SegCLSLoss 0.0000 (0.2011)	KLLoss 0.0000 (0.3734)	MaskLoss 0.0000 (0.8475)	MaskBCELoss 0.0000 (0.1880)	MaskDICELoss 0.0000 (0.6594)
[2025-03-01 00:58:36,520] [INFO] [logging.py:96:log_dist] [Rank 0] step=60, skipped=0, lr=[0.00017699999999999997], mom=[(0.9, 0.95)]
[2025-03-01 00:58:36,521] [INFO] [timer.py:215:stop] epoch=0/micro_step=600/global_step=60, RunningAvgSamplesPerSec=1.408851556512552, CurrSamplesPerSec=1.3882965812811408, MemAllocated=30.7GB, MaxMemAllocated=35.74GB
Epoch: [0][ 60/500]	Time  7.205 ( 7.205)	Loss 1.2500 (1.6691)	CeLoss 1.2500 (0.6473)	SegCLSLoss 0.0000 (0.1814)	KLLoss 0.0000 (0.3529)	MaskLoss 0.0000 (0.8323)	MaskBCELoss 0.0000 (0.1650)	MaskDICELoss 0.0000 (0.6674)
Epoch: [0][ 61/500]	Time  7.392 ( 7.392)	Loss 2.0493 (1.6824)	CeLoss 0.3691 (0.4778)	SegCLSLoss 0.2256 (0.1790)	KLLoss 0.4688 (0.4168)	MaskLoss 1.3152 (0.9808)	MaskBCELoss 0.3757 (0.2181)	MaskDICELoss 0.9395 (0.7627)
Epoch: [0][ 62/500]	Time  7.469 ( 7.469)	Loss 0.9727 (1.6040)	CeLoss 0.9727 (0.5064)	SegCLSLoss 0.0000 (0.1470)	KLLoss 0.0000 (0.4148)	MaskLoss 0.0000 (0.9419)	MaskBCELoss 0.0000 (0.1818)	MaskDICELoss 0.0000 (0.7601)
Epoch: [0][ 63/500]	Time  7.537 ( 7.537)	Loss 1.6861 (1.5828)	CeLoss 0.4609 (0.5187)	SegCLSLoss 0.1514 (0.1056)	KLLoss 0.5273 (0.3982)	MaskLoss 1.1266 (0.8769)	MaskBCELoss 0.1652 (0.2142)	MaskDICELoss 0.9614 (0.6626)
Epoch: [0][ 64/500]	Time  6.574 ( 6.574)	Loss 0.6211 (1.2260)	CeLoss 0.6211 (0.5418)	SegCLSLoss 0.0000 (0.0748)	KLLoss 0.0000 (0.2574)	MaskLoss 0.0000 (0.5968)	MaskBCELoss 0.0000 (0.1213)	MaskDICELoss 0.0000 (0.4755)
Epoch: [0][ 65/500]	Time  7.693 ( 7.693)	Loss 1.6290 (1.8816)	CeLoss 0.4219 (0.5238)	SegCLSLoss 0.1123 (0.1319)	KLLoss 0.6055 (0.5604)	MaskLoss 1.1207 (1.2029)	MaskBCELoss 0.1552 (0.2297)	MaskDICELoss 0.9655 (0.9732)
Epoch: [0][ 66/500]	Time  7.269 ( 7.269)	Loss 0.7461 (1.5471)	CeLoss 0.7461 (0.8847)	SegCLSLoss 0.0000 (0.0793)	KLLoss 0.0000 (0.2518)	MaskLoss 0.0000 (0.5838)	MaskBCELoss 0.0000 (0.1101)	MaskDICELoss 0.0000 (0.4737)
Epoch: [0][ 67/500]	Time  7.197 ( 7.197)	Loss 2.5625 (1.4935)	CeLoss 2.5625 (0.6615)	SegCLSLoss 0.0000 (0.0867)	KLLoss 0.0000 (0.3029)	MaskLoss 0.0000 (0.7276)	MaskBCELoss 0.0000 (0.1536)	MaskDICELoss 0.0000 (0.5739)
Epoch: [0][ 68/500]	Time  8.097 ( 8.097)	Loss 1.6511 (1.7870)	CeLoss 0.4375 (0.5795)	SegCLSLoss 0.1147 (0.0936)	KLLoss 0.5391 (0.4627)	MaskLoss 1.1417 (1.0030)	MaskBCELoss 0.1733 (0.2538)	MaskDICELoss 0.9684 (0.7492)
Epoch: [0][ 69/500]	Time  7.416 ( 7.416)	Loss 2.4211 (1.7804)	CeLoss 0.3516 (0.4072)	SegCLSLoss 0.0757 (0.0957)	KLLoss 0.6602 (0.5934)	MaskLoss 1.5304 (1.1916)	MaskBCELoss 0.5987 (0.2559)	MaskDICELoss 0.9317 (0.9357)
[2025-03-01 00:59:50,985] [INFO] [logging.py:96:log_dist] [Rank 0] step=70, skipped=0, lr=[0.00020699999999999996], mom=[(0.9, 0.95)]
[2025-03-01 00:59:50,986] [INFO] [timer.py:215:stop] epoch=0/micro_step=700/global_step=70, RunningAvgSamplesPerSec=1.4004483288983658, CurrSamplesPerSec=1.2788107933808623, MemAllocated=30.93GB, MaxMemAllocated=35.74GB
Epoch: [0][ 70/500]	Time  7.822 ( 7.822)	Loss 2.3194 (1.5757)	CeLoss 0.3770 (0.3565)	SegCLSLoss 0.0757 (0.1062)	KLLoss 0.6094 (0.4646)	MaskLoss 1.4636 (1.0780)	MaskBCELoss 0.5532 (0.2277)	MaskDICELoss 0.9104 (0.8503)
Epoch: [0][ 71/500]	Time  6.602 ( 6.602)	Loss 1.4597 (1.6299)	CeLoss 0.3672 (0.6344)	SegCLSLoss 0.0938 (0.0964)	KLLoss 0.5117 (0.3684)	MaskLoss 1.1007 (0.8534)	MaskBCELoss 0.1271 (0.1919)	MaskDICELoss 0.9736 (0.6615)
Epoch: [0][ 72/500]	Time  8.178 ( 8.178)	Loss 1.6428 (1.5165)	CeLoss 0.3359 (0.3737)	SegCLSLoss 0.0688 (0.0776)	KLLoss 0.6172 (0.4381)	MaskLoss 1.1764 (0.9937)	MaskBCELoss 0.2291 (0.2326)	MaskDICELoss 0.9473 (0.7611)
Epoch: [0][ 73/500]	Time  6.809 ( 6.809)	Loss 1.9221 (1.8331)	CeLoss 0.3203 (0.3707)	SegCLSLoss 0.0674 (0.0701)	KLLoss 0.5938 (0.4455)	MaskLoss 1.3321 (1.1340)	MaskBCELoss 0.3816 (0.4018)	MaskDICELoss 0.9505 (0.7322)
Epoch: [0][ 74/500]	Time  7.452 ( 7.452)	Loss 1.9947 (1.4958)	CeLoss 0.1768 (0.3493)	SegCLSLoss 0.2559 (0.1039)	KLLoss 0.4141 (0.4551)	MaskLoss 1.3268 (1.0507)	MaskBCELoss 0.4604 (0.1928)	MaskDICELoss 0.8664 (0.8580)
Epoch: [0][ 75/500]	Time  7.063 ( 7.063)	Loss 1.8005 (1.6949)	CeLoss 0.2754 (0.4196)	SegCLSLoss 0.1035 (0.0945)	KLLoss 0.4746 (0.4072)	MaskLoss 1.2485 (1.0262)	MaskBCELoss 0.3727 (0.3095)	MaskDICELoss 0.8758 (0.7167)
Epoch: [0][ 76/500]	Time  7.118 ( 7.118)	Loss 1.3658 (2.0330)	CeLoss 0.2256 (0.7029)	SegCLSLoss 0.1387 (0.1168)	KLLoss 0.4629 (0.4611)	MaskLoss 1.1216 (1.1081)	MaskBCELoss 0.1408 (0.2854)	MaskDICELoss 0.9807 (0.8227)
Epoch: [0][ 77/500]	Time  7.628 ( 7.628)	Loss 1.5789 (1.7430)	CeLoss 0.2373 (0.3007)	SegCLSLoss 0.1001 (0.0929)	KLLoss 0.5195 (0.5156)	MaskLoss 1.1751 (1.2260)	MaskBCELoss 0.2624 (0.3187)	MaskDICELoss 0.9127 (0.9073)
Epoch: [0][ 78/500]	Time  6.529 ( 6.529)	Loss 1.5402 (2.3461)	CeLoss 0.4668 (0.6745)	SegCLSLoss 0.0913 (0.0709)	KLLoss 0.5273 (0.4254)	MaskLoss 1.1051 (1.2347)	MaskBCELoss 0.1116 (0.5137)	MaskDICELoss 0.9935 (0.7210)
Epoch: [0][ 79/500]	Time  6.916 ( 6.916)	Loss 1.3661 (1.6388)	CeLoss 0.2773 (0.6682)	SegCLSLoss 0.0864 (0.0582)	KLLoss 0.4844 (0.3775)	MaskLoss 1.1261 (0.8532)	MaskBCELoss 0.1317 (0.1980)	MaskDICELoss 0.9943 (0.6552)
[2025-03-01 01:01:02,527] [INFO] [logging.py:96:log_dist] [Rank 0] step=80, skipped=0, lr=[0.000237], mom=[(0.9, 0.95)]
[2025-03-01 01:01:02,528] [INFO] [timer.py:215:stop] epoch=0/micro_step=800/global_step=80, RunningAvgSamplesPerSec=1.4001435138521663, CurrSamplesPerSec=1.38023806229148, MemAllocated=31.08GB, MaxMemAllocated=35.74GB
Epoch: [0][ 80/500]	Time  7.247 ( 7.247)	Loss 1.3386 (1.5735)	CeLoss 0.2539 (0.2977)	SegCLSLoss 0.0791 (0.0834)	KLLoss 0.4629 (0.4475)	MaskLoss 1.1347 (1.1162)	MaskBCELoss 0.1391 (0.2741)	MaskDICELoss 0.9955 (0.8421)
Epoch: [0][ 81/500]	Time  8.066 ( 8.066)	Loss 1.3455 (1.4440)	CeLoss 0.2285 (0.5120)	SegCLSLoss 0.1245 (0.0590)	KLLoss 0.4473 (0.3574)	MaskLoss 1.1294 (0.8389)	MaskBCELoss 0.1351 (0.1833)	MaskDICELoss 0.9943 (0.6557)
Epoch: [0][ 82/500]	Time  7.071 ( 7.071)	Loss 1.4461 (1.5385)	CeLoss 0.2451 (0.4038)	SegCLSLoss 0.0645 (0.0657)	KLLoss 0.5078 (0.4662)	MaskLoss 1.1368 (1.0647)	MaskBCELoss 0.2101 (0.2028)	MaskDICELoss 0.9267 (0.8620)
Epoch: [0][ 83/500]	Time  7.438 ( 7.438)	Loss 1.8258 (1.4940)	CeLoss 0.2988 (0.3315)	SegCLSLoss 0.0703 (0.0717)	KLLoss 0.5039 (0.4512)	MaskLoss 1.2872 (1.0794)	MaskBCELoss 0.3741 (0.2167)	MaskDICELoss 0.9131 (0.8627)
[rank0]: Traceback (most recent call last):
[rank0]:   File "/shared/nas2/jk100/partonomy_private/src/models/PLUM/plum_train_ds.py", line 455, in train
[rank0]:     input_dict = next(train_iter)
[rank0]:   File "/shared/nas/data/m1/jk100/.conda/envs/llava/lib/python3.10/site-packages/deepspeed/runtime/dataloader.py", line 124, in __next__
[rank0]:     return next(self.data)
[rank0]:   File "/shared/nas/data/m1/jk100/.conda/envs/llava/lib/python3.10/site-packages/deepspeed/runtime/dataloader.py", line 157, in <genexpr>
[rank0]:     self.data = (x for x in self.dataloader)
[rank0]:   File "/shared/nas/data/m1/jk100/.conda/envs/llava/lib/python3.10/site-packages/torch/utils/data/dataloader.py", line 631, in __next__
[rank0]:     data = self._next_data()
[rank0]:   File "/shared/nas/data/m1/jk100/.conda/envs/llava/lib/python3.10/site-packages/torch/utils/data/dataloader.py", line 1326, in _next_data
[rank0]:     return self._process_data(data)
[rank0]:   File "/shared/nas/data/m1/jk100/.conda/envs/llava/lib/python3.10/site-packages/torch/utils/data/dataloader.py", line 1372, in _process_data
[rank0]:     data.reraise()
[rank0]:   File "/shared/nas/data/m1/jk100/.conda/envs/llava/lib/python3.10/site-packages/torch/_utils.py", line 705, in reraise
[rank0]:     raise exception
[rank0]: KeyError: Caught KeyError in DataLoader worker process 0.
[rank0]: Original Traceback (most recent call last):
[rank0]:   File "/shared/nas2/jk100/partonomy_private/src/models/PLUM/plum_train_ds.py", line 455, in train
[rank0]:     input_dict = next(train_iter)
[rank0]:   File "/shared/nas/data/m1/jk100/.conda/envs/llava/lib/python3.10/site-packages/deepspeed/runtime/dataloader.py", line 124, in __next__
[rank0]:     return next(self.data)
[rank0]:   File "/shared/nas/data/m1/jk100/.conda/envs/llava/lib/python3.10/site-packages/deepspeed/runtime/dataloader.py", line 157, in <genexpr>
[rank0]:     self.data = (x for x in self.dataloader)
[rank0]:   File "/shared/nas/data/m1/jk100/.conda/envs/llava/lib/python3.10/site-packages/torch/utils/data/dataloader.py", line 631, in __next__
[rank0]:     data = self._next_data()
[rank0]:   File "/shared/nas/data/m1/jk100/.conda/envs/llava/lib/python3.10/site-packages/torch/utils/data/dataloader.py", line 1346, in _next_data
[rank0]:     return self._process_data(data)
[rank0]:   File "/shared/nas/data/m1/jk100/.conda/envs/llava/lib/python3.10/site-packages/torch/utils/data/dataloader.py", line 1372, in _process_data
[rank0]:     data.reraise()
[rank0]:   File "/shared/nas/data/m1/jk100/.conda/envs/llava/lib/python3.10/site-packages/torch/_utils.py", line 705, in reraise
[rank0]:     raise exception
[rank0]: KeyError: Caught KeyError in DataLoader worker process 1.
[rank0]: Original Traceback (most recent call last):
[rank0]:   File "/shared/nas2/jk100/partonomy_private/src/models/PLUM/plum_train_ds.py", line 455, in train
[rank0]:     input_dict = next(train_iter)
[rank0]:   File "/shared/nas/data/m1/jk100/.conda/envs/llava/lib/python3.10/site-packages/deepspeed/runtime/dataloader.py", line 124, in __next__
[rank0]:     return next(self.data)
[rank0]:   File "/shared/nas/data/m1/jk100/.conda/envs/llava/lib/python3.10/site-packages/deepspeed/runtime/dataloader.py", line 157, in <genexpr>
[rank0]:     self.data = (x for x in self.dataloader)
[rank0]:   File "/shared/nas/data/m1/jk100/.conda/envs/llava/lib/python3.10/site-packages/torch/utils/data/dataloader.py", line 631, in __next__
[rank0]:     data = self._next_data()
[rank0]:   File "/shared/nas/data/m1/jk100/.conda/envs/llava/lib/python3.10/site-packages/torch/utils/data/dataloader.py", line 1346, in _next_data
[rank0]:     return self._process_data(data)
[rank0]:   File "/shared/nas/data/m1/jk100/.conda/envs/llava/lib/python3.10/site-packages/torch/utils/data/dataloader.py", line 1372, in _process_data
[rank0]:     data.reraise()
[rank0]:   File "/shared/nas/data/m1/jk100/.conda/envs/llava/lib/python3.10/site-packages/torch/_utils.py", line 705, in reraise
[rank0]:     raise exception
[rank0]: KeyError: Caught KeyError in DataLoader worker process 1.
[rank0]: Original Traceback (most recent call last):
[rank0]:   File "/shared/nas2/jk100/partonomy_private/src/models/PLUM/plum_train_ds.py", line 455, in train
[rank0]:     input_dict = next(train_iter)
[rank0]:   File "/shared/nas/data/m1/jk100/.conda/envs/llava/lib/python3.10/site-packages/deepspeed/runtime/dataloader.py", line 124, in __next__
[rank0]:     return next(self.data)
[rank0]:   File "/shared/nas/data/m1/jk100/.conda/envs/llava/lib/python3.10/site-packages/deepspeed/runtime/dataloader.py", line 157, in <genexpr>
[rank0]:     self.data = (x for x in self.dataloader)
[rank0]:   File "/shared/nas/data/m1/jk100/.conda/envs/llava/lib/python3.10/site-packages/torch/utils/data/dataloader.py", line 631, in __next__
[rank0]:     data = self._next_data()
[rank0]:   File "/shared/nas/data/m1/jk100/.conda/envs/llava/lib/python3.10/site-packages/torch/utils/data/dataloader.py", line 1346, in _next_data
[rank0]:     return self._process_data(data)
[rank0]:   File "/shared/nas/data/m1/jk100/.conda/envs/llava/lib/python3.10/site-packages/torch/utils/data/dataloader.py", line 1372, in _process_data
[rank0]:     data.reraise()
[rank0]:   File "/shared/nas/data/m1/jk100/.conda/envs/llava/lib/python3.10/site-packages/torch/_utils.py", line 705, in reraise
[rank0]:     raise exception
[rank0]: KeyError: Caught KeyError in DataLoader worker process 1.
[rank0]: Original Traceback (most recent call last):
[rank0]:   File "/shared/nas2/jk100/partonomy_private/src/models/PLUM/plum_train_ds.py", line 455, in train
[rank0]:     input_dict = next(train_iter)
[rank0]:   File "/shared/nas/data/m1/jk100/.conda/envs/llava/lib/python3.10/site-packages/deepspeed/runtime/dataloader.py", line 124, in __next__
[rank0]:     return next(self.data)
[rank0]:   File "/shared/nas/data/m1/jk100/.conda/envs/llava/lib/python3.10/site-packages/deepspeed/runtime/dataloader.py", line 157, in <genexpr>
[rank0]:     self.data = (x for x in self.dataloader)
[rank0]:   File "/shared/nas/data/m1/jk100/.conda/envs/llava/lib/python3.10/site-packages/torch/utils/data/dataloader.py", line 631, in __next__
[rank0]:     data = self._next_data()
[rank0]:   File "/shared/nas/data/m1/jk100/.conda/envs/llava/lib/python3.10/site-packages/torch/utils/data/dataloader.py", line 1346, in _next_data
[rank0]:     return self._process_data(data)
[rank0]:   File "/shared/nas/data/m1/jk100/.conda/envs/llava/lib/python3.10/site-packages/torch/utils/data/dataloader.py", line 1372, in _process_data
[rank0]:     data.reraise()
[rank0]:   File "/shared/nas/data/m1/jk100/.conda/envs/llava/lib/python3.10/site-packages/torch/_utils.py", line 705, in reraise
[rank0]:     raise exception
[rank0]: KeyError: Caught KeyError in DataLoader worker process 1.
[rank0]: Original Traceback (most recent call last):
[rank0]:   File "/shared/nas2/jk100/partonomy_private/src/models/PLUM/plum_train_ds.py", line 455, in train
[rank0]:     input_dict = next(train_iter)
[rank0]:   File "/shared/nas/data/m1/jk100/.conda/envs/llava/lib/python3.10/site-packages/deepspeed/runtime/dataloader.py", line 124, in __next__
[rank0]:     return next(self.data)
[rank0]:   File "/shared/nas/data/m1/jk100/.conda/envs/llava/lib/python3.10/site-packages/deepspeed/runtime/dataloader.py", line 157, in <genexpr>
[rank0]:     self.data = (x for x in self.dataloader)
[rank0]:   File "/shared/nas/data/m1/jk100/.conda/envs/llava/lib/python3.10/site-packages/torch/utils/data/dataloader.py", line 631, in __next__
[rank0]:     data = self._next_data()
[rank0]:   File "/shared/nas/data/m1/jk100/.conda/envs/llava/lib/python3.10/site-packages/torch/utils/data/dataloader.py", line 1346, in _next_data
[rank0]:     return self._process_data(data)
[rank0]:   File "/shared/nas/data/m1/jk100/.conda/envs/llava/lib/python3.10/site-packages/torch/utils/data/dataloader.py", line 1372, in _process_data
[rank0]:     data.reraise()
[rank0]:   File "/shared/nas/data/m1/jk100/.conda/envs/llava/lib/python3.10/site-packages/torch/_utils.py", line 705, in reraise
[rank0]:     raise exception
[rank0]: KeyError: Caught KeyError in DataLoader worker process 0.
[rank0]: Original Traceback (most recent call last):
[rank0]:   File "/shared/nas2/jk100/partonomy_private/src/models/PLUM/plum_train_ds.py", line 455, in train
[rank0]:     input_dict = next(train_iter)
[rank0]:   File "/shared/nas/data/m1/jk100/.conda/envs/llava/lib/python3.10/site-packages/deepspeed/runtime/dataloader.py", line 124, in __next__
[rank0]:     return next(self.data)
[rank0]:   File "/shared/nas/data/m1/jk100/.conda/envs/llava/lib/python3.10/site-packages/deepspeed/runtime/dataloader.py", line 157, in <genexpr>
[rank0]:     self.data = (x for x in self.dataloader)
[rank0]:   File "/shared/nas/data/m1/jk100/.conda/envs/llava/lib/python3.10/site-packages/torch/utils/data/dataloader.py", line 631, in __next__
[rank0]:     data = self._next_data()
[rank0]:   File "/shared/nas/data/m1/jk100/.conda/envs/llava/lib/python3.10/site-packages/torch/utils/data/dataloader.py", line 1346, in _next_data
[rank0]:     return self._process_data(data)
[rank0]:   File "/shared/nas/data/m1/jk100/.conda/envs/llava/lib/python3.10/site-packages/torch/utils/data/dataloader.py", line 1372, in _process_data
[rank0]:     data.reraise()
[rank0]:   File "/shared/nas/data/m1/jk100/.conda/envs/llava/lib/python3.10/site-packages/torch/_utils.py", line 705, in reraise
[rank0]:     raise exception
[rank0]: KeyError: Caught KeyError in DataLoader worker process 1.
[rank0]: Original Traceback (most recent call last):
[rank0]:   File "/shared/nas2/jk100/partonomy_private/src/models/PLUM/plum_train_ds.py", line 455, in train
[rank0]:     input_dict = next(train_iter)
[rank0]:   File "/shared/nas/data/m1/jk100/.conda/envs/llava/lib/python3.10/site-packages/deepspeed/runtime/dataloader.py", line 124, in __next__
[rank0]:     return next(self.data)
[rank0]:   File "/shared/nas/data/m1/jk100/.conda/envs/llava/lib/python3.10/site-packages/deepspeed/runtime/dataloader.py", line 157, in <genexpr>
[rank0]:     self.data = (x for x in self.dataloader)
[rank0]:   File "/shared/nas/data/m1/jk100/.conda/envs/llava/lib/python3.10/site-packages/torch/utils/data/dataloader.py", line 631, in __next__
[rank0]:     data = self._next_data()
[rank0]:   File "/shared/nas/data/m1/jk100/.conda/envs/llava/lib/python3.10/site-packages/torch/utils/data/dataloader.py", line 1346, in _next_data
[rank0]:     return self._process_data(data)
[rank0]:   File "/shared/nas/data/m1/jk100/.conda/envs/llava/lib/python3.10/site-packages/torch/utils/data/dataloader.py", line 1372, in _process_data
[rank0]:     data.reraise()
[rank0]:   File "/shared/nas/data/m1/jk100/.conda/envs/llava/lib/python3.10/site-packages/torch/_utils.py", line 705, in reraise
[rank0]:     raise exception
[rank0]: KeyError: Caught KeyError in DataLoader worker process 0.
[rank0]: Original Traceback (most recent call last):
[rank0]:   File "/shared/nas2/jk100/partonomy_private/src/models/PLUM/plum_train_ds.py", line 455, in train
[rank0]:     input_dict = next(train_iter)
[rank0]:   File "/shared/nas/data/m1/jk100/.conda/envs/llava/lib/python3.10/site-packages/deepspeed/runtime/dataloader.py", line 124, in __next__
[rank0]:     return next(self.data)
[rank0]:   File "/shared/nas/data/m1/jk100/.conda/envs/llava/lib/python3.10/site-packages/deepspeed/runtime/dataloader.py", line 157, in <genexpr>
[rank0]:     self.data = (x for x in self.dataloader)
[rank0]:   File "/shared/nas/data/m1/jk100/.conda/envs/llava/lib/python3.10/site-packages/torch/utils/data/dataloader.py", line 631, in __next__
[rank0]:     data = self._next_data()
[rank0]:   File "/shared/nas/data/m1/jk100/.conda/envs/llava/lib/python3.10/site-packages/torch/utils/data/dataloader.py", line 1346, in _next_data
[rank0]:     return self._process_data(data)
[rank0]:   File "/shared/nas/data/m1/jk100/.conda/envs/llava/lib/python3.10/site-packages/torch/utils/data/dataloader.py", line 1372, in _process_data
[rank0]:     data.reraise()
[rank0]:   File "/shared/nas/data/m1/jk100/.conda/envs/llava/lib/python3.10/site-packages/torch/_utils.py", line 705, in reraise
[rank0]:     raise exception
[rank0]: KeyError: Caught KeyError in DataLoader worker process 0.
[rank0]: Original Traceback (most recent call last):
[rank0]:   File "/shared/nas2/jk100/partonomy_private/src/models/PLUM/plum_train_ds.py", line 455, in train
[rank0]:     input_dict = next(train_iter)
[rank0]:   File "/shared/nas/data/m1/jk100/.conda/envs/llava/lib/python3.10/site-packages/deepspeed/runtime/dataloader.py", line 124, in __next__
[rank0]:     return next(self.data)
[rank0]:   File "/shared/nas/data/m1/jk100/.conda/envs/llava/lib/python3.10/site-packages/deepspeed/runtime/dataloader.py", line 157, in <genexpr>
[rank0]:     self.data = (x for x in self.dataloader)
[rank0]:   File "/shared/nas/data/m1/jk100/.conda/envs/llava/lib/python3.10/site-packages/torch/utils/data/dataloader.py", line 631, in __next__
[rank0]:     data = self._next_data()
[rank0]:   File "/shared/nas/data/m1/jk100/.conda/envs/llava/lib/python3.10/site-packages/torch/utils/data/dataloader.py", line 1346, in _next_data
[rank0]:     return self._process_data(data)
[rank0]:   File "/shared/nas/data/m1/jk100/.conda/envs/llava/lib/python3.10/site-packages/torch/utils/data/dataloader.py", line 1372, in _process_data
[rank0]:     data.reraise()
[rank0]:   File "/shared/nas/data/m1/jk100/.conda/envs/llava/lib/python3.10/site-packages/torch/_utils.py", line 705, in reraise
[rank0]:     raise exception
[rank0]: KeyError: Caught KeyError in DataLoader worker process 1.
[rank0]: Original Traceback (most recent call last):
[rank0]:   File "/shared/nas2/jk100/partonomy_private/src/models/PLUM/plum_train_ds.py", line 455, in train
[rank0]:     input_dict = next(train_iter)
[rank0]:   File "/shared/nas/data/m1/jk100/.conda/envs/llava/lib/python3.10/site-packages/deepspeed/runtime/dataloader.py", line 124, in __next__
[rank0]:     return next(self.data)
[rank0]:   File "/shared/nas/data/m1/jk100/.conda/envs/llava/lib/python3.10/site-packages/deepspeed/runtime/dataloader.py", line 157, in <genexpr>
[rank0]:     self.data = (x for x in self.dataloader)
[rank0]:   File "/shared/nas/data/m1/jk100/.conda/envs/llava/lib/python3.10/site-packages/torch/utils/data/dataloader.py", line 631, in __next__
[rank0]:     data = self._next_data()
[rank0]:   File "/shared/nas/data/m1/jk100/.conda/envs/llava/lib/python3.10/site-packages/torch/utils/data/dataloader.py", line 1346, in _next_data
[rank0]:     return self._process_data(data)
[rank0]:   File "/shared/nas/data/m1/jk100/.conda/envs/llava/lib/python3.10/site-packages/torch/utils/data/dataloader.py", line 1372, in _process_data
[rank0]:     data.reraise()
[rank0]:   File "/shared/nas/data/m1/jk100/.conda/envs/llava/lib/python3.10/site-packages/torch/_utils.py", line 705, in reraise
[rank0]:     raise exception
[rank0]: KeyError: Caught KeyError in DataLoader worker process 0.
[rank0]: Original Traceback (most recent call last):
[rank0]:   File "/shared/nas2/jk100/partonomy_private/src/models/PLUM/plum_train_ds.py", line 455, in train
[rank0]:     input_dict = next(train_iter)
[rank0]:   File "/shared/nas/data/m1/jk100/.conda/envs/llava/lib/python3.10/site-packages/deepspeed/runtime/dataloader.py", line 124, in __next__
[rank0]:     return next(self.data)
[rank0]:   File "/shared/nas/data/m1/jk100/.conda/envs/llava/lib/python3.10/site-packages/deepspeed/runtime/dataloader.py", line 157, in <genexpr>
[rank0]:     self.data = (x for x in self.dataloader)
[rank0]:   File "/shared/nas/data/m1/jk100/.conda/envs/llava/lib/python3.10/site-packages/torch/utils/data/dataloader.py", line 631, in __next__
[rank0]:     data = self._next_data()
[rank0]:   File "/shared/nas/data/m1/jk100/.conda/envs/llava/lib/python3.10/site-packages/torch/utils/data/dataloader.py", line 1346, in _next_data
[rank0]:     return self._process_data(data)
[rank0]:   File "/shared/nas/data/m1/jk100/.conda/envs/llava/lib/python3.10/site-packages/torch/utils/data/dataloader.py", line 1372, in _process_data
[rank0]:     data.reraise()
[rank0]:   File "/shared/nas/data/m1/jk100/.conda/envs/llava/lib/python3.10/site-packages/torch/_utils.py", line 705, in reraise
[rank0]:     raise exception
[rank0]: KeyError: Caught KeyError in DataLoader worker process 0.
[rank0]: Original Traceback (most recent call last):
[rank0]:   File "/shared/nas/data/m1/jk100/.conda/envs/llava/lib/python3.10/site-packages/torch/utils/data/_utils/worker.py", line 308, in _worker_loop
[rank0]:     data = fetcher.fetch(index)  # type: ignore[possibly-undefined]
[rank0]:   File "/shared/nas/data/m1/jk100/.conda/envs/llava/lib/python3.10/site-packages/torch/utils/data/_utils/fetch.py", line 51, in fetch
[rank0]:     data = [self.dataset[idx] for idx in possibly_batched_index]
[rank0]:   File "/shared/nas/data/m1/jk100/.conda/envs/llava/lib/python3.10/site-packages/torch/utils/data/_utils/fetch.py", line 51, in <listcomp>
[rank0]:     data = [self.dataset[idx] for idx in possibly_batched_index]
[rank0]:   File "/shared/nas2/jk100/partonomy_private/src/models/PLUM/utils/dataset.py", line 330, in __getitem__
[rank0]:     return *data[0], inference
[rank0]:   File "/shared/nas2/jk100/partonomy_private/src/models/PLUM/utils/vqa_dataset.py", line 87, in __getitem__
[rank0]:     image_path = os.path.join(self.vqa_image_root, os.path.basename(item["image"]))
[rank0]: KeyError: 'image'
[rank0]: During handling of the above exception, another exception occurred:
[rank0]: Traceback (most recent call last):
[rank0]:   File "/shared/nas/data/m1/jk100/.conda/envs/llava/lib/python3.10/site-packages/torch/utils/data/_utils/worker.py", line 308, in _worker_loop
[rank0]:     data = fetcher.fetch(index)  # type: ignore[possibly-undefined]
[rank0]:   File "/shared/nas/data/m1/jk100/.conda/envs/llava/lib/python3.10/site-packages/torch/utils/data/_utils/fetch.py", line 51, in fetch
[rank0]:     data = [self.dataset[idx] for idx in possibly_batched_index]
[rank0]:   File "/shared/nas/data/m1/jk100/.conda/envs/llava/lib/python3.10/site-packages/torch/utils/data/_utils/fetch.py", line 51, in <listcomp>
[rank0]:     data = [self.dataset[idx] for idx in possibly_batched_index]
[rank0]:   File "/shared/nas2/jk100/partonomy_private/src/models/PLUM/utils/dataset.py", line 330, in __getitem__
[rank0]:     return *data[0], inference
[rank0]:   File "/shared/nas2/jk100/partonomy_private/src/models/PLUM/utils/vqa_dataset.py", line 87, in __getitem__
[rank0]:     image_path = os.path.join(self.vqa_image_root, os.path.basename(item["image"]))
[rank0]: KeyError: 'image'
[rank0]: During handling of the above exception, another exception occurred:
[rank0]: Traceback (most recent call last):
[rank0]:   File "/shared/nas/data/m1/jk100/.conda/envs/llava/lib/python3.10/site-packages/torch/utils/data/_utils/worker.py", line 308, in _worker_loop
[rank0]:     data = fetcher.fetch(index)  # type: ignore[possibly-undefined]
[rank0]:   File "/shared/nas/data/m1/jk100/.conda/envs/llava/lib/python3.10/site-packages/torch/utils/data/_utils/fetch.py", line 51, in fetch
[rank0]:     data = [self.dataset[idx] for idx in possibly_batched_index]
[rank0]:   File "/shared/nas/data/m1/jk100/.conda/envs/llava/lib/python3.10/site-packages/torch/utils/data/_utils/fetch.py", line 51, in <listcomp>
[rank0]:     data = [self.dataset[idx] for idx in possibly_batched_index]
[rank0]:   File "/shared/nas2/jk100/partonomy_private/src/models/PLUM/utils/dataset.py", line 330, in __getitem__
[rank0]:     return *data[0], inference
[rank0]:   File "/shared/nas2/jk100/partonomy_private/src/models/PLUM/utils/vqa_dataset.py", line 87, in __getitem__
[rank0]:     image_path = os.path.join(self.vqa_image_root, os.path.basename(item["image"]))
[rank0]: KeyError: 'image'
[rank0]: During handling of the above exception, another exception occurred:
[rank0]: Traceback (most recent call last):
[rank0]:   File "/shared/nas/data/m1/jk100/.conda/envs/llava/lib/python3.10/site-packages/torch/utils/data/_utils/worker.py", line 308, in _worker_loop
[rank0]:     data = fetcher.fetch(index)  # type: ignore[possibly-undefined]
[rank0]:   File "/shared/nas/data/m1/jk100/.conda/envs/llava/lib/python3.10/site-packages/torch/utils/data/_utils/fetch.py", line 51, in fetch
[rank0]:     data = [self.dataset[idx] for idx in possibly_batched_index]
[rank0]:   File "/shared/nas/data/m1/jk100/.conda/envs/llava/lib/python3.10/site-packages/torch/utils/data/_utils/fetch.py", line 51, in <listcomp>
[rank0]:     data = [self.dataset[idx] for idx in possibly_batched_index]
[rank0]:   File "/shared/nas2/jk100/partonomy_private/src/models/PLUM/utils/dataset.py", line 330, in __getitem__
[rank0]:     return *data[0], inference
[rank0]:   File "/shared/nas2/jk100/partonomy_private/src/models/PLUM/utils/vqa_dataset.py", line 87, in __getitem__
[rank0]:     image_path = os.path.join(self.vqa_image_root, os.path.basename(item["image"]))
[rank0]: KeyError: 'image'
[rank0]: During handling of the above exception, another exception occurred:
[rank0]: Traceback (most recent call last):
[rank0]:   File "/shared/nas/data/m1/jk100/.conda/envs/llava/lib/python3.10/site-packages/torch/utils/data/_utils/worker.py", line 308, in _worker_loop
[rank0]:     data = fetcher.fetch(index)  # type: ignore[possibly-undefined]
[rank0]:   File "/shared/nas/data/m1/jk100/.conda/envs/llava/lib/python3.10/site-packages/torch/utils/data/_utils/fetch.py", line 51, in fetch
[rank0]:     data = [self.dataset[idx] for idx in possibly_batched_index]
[rank0]:   File "/shared/nas/data/m1/jk100/.conda/envs/llava/lib/python3.10/site-packages/torch/utils/data/_utils/fetch.py", line 51, in <listcomp>
[rank0]:     data = [self.dataset[idx] for idx in possibly_batched_index]
[rank0]:   File "/shared/nas2/jk100/partonomy_private/src/models/PLUM/utils/dataset.py", line 330, in __getitem__
[rank0]:     return *data[0], inference
[rank0]:   File "/shared/nas2/jk100/partonomy_private/src/models/PLUM/utils/vqa_dataset.py", line 87, in __getitem__
[rank0]:     image_path = os.path.join(self.vqa_image_root, os.path.basename(item["image"]))
[rank0]: KeyError: 'image'
[rank0]: During handling of the above exception, another exception occurred:
[rank0]: Traceback (most recent call last):
[rank0]:   File "/shared/nas/data/m1/jk100/.conda/envs/llava/lib/python3.10/site-packages/torch/utils/data/_utils/worker.py", line 308, in _worker_loop
[rank0]:     data = fetcher.fetch(index)  # type: ignore[possibly-undefined]
[rank0]:   File "/shared/nas/data/m1/jk100/.conda/envs/llava/lib/python3.10/site-packages/torch/utils/data/_utils/fetch.py", line 51, in fetch
[rank0]:     data = [self.dataset[idx] for idx in possibly_batched_index]
[rank0]:   File "/shared/nas/data/m1/jk100/.conda/envs/llava/lib/python3.10/site-packages/torch/utils/data/_utils/fetch.py", line 51, in <listcomp>
[rank0]:     data = [self.dataset[idx] for idx in possibly_batched_index]
[rank0]:   File "/shared/nas2/jk100/partonomy_private/src/models/PLUM/utils/dataset.py", line 330, in __getitem__
[rank0]:     return *data[0], inference
[rank0]:   File "/shared/nas2/jk100/partonomy_private/src/models/PLUM/utils/vqa_dataset.py", line 87, in __getitem__
[rank0]:     image_path = os.path.join(self.vqa_image_root, os.path.basename(item["image"]))
[rank0]: KeyError: 'image'
[rank0]: During handling of the above exception, another exception occurred:
[rank0]: Traceback (most recent call last):
[rank0]:   File "/shared/nas/data/m1/jk100/.conda/envs/llava/lib/python3.10/site-packages/torch/utils/data/_utils/worker.py", line 308, in _worker_loop
[rank0]:     data = fetcher.fetch(index)  # type: ignore[possibly-undefined]
[rank0]:   File "/shared/nas/data/m1/jk100/.conda/envs/llava/lib/python3.10/site-packages/torch/utils/data/_utils/fetch.py", line 51, in fetch
[rank0]:     data = [self.dataset[idx] for idx in possibly_batched_index]
[rank0]:   File "/shared/nas/data/m1/jk100/.conda/envs/llava/lib/python3.10/site-packages/torch/utils/data/_utils/fetch.py", line 51, in <listcomp>
[rank0]:     data = [self.dataset[idx] for idx in possibly_batched_index]
[rank0]:   File "/shared/nas2/jk100/partonomy_private/src/models/PLUM/utils/dataset.py", line 330, in __getitem__
[rank0]:     return *data[0], inference
[rank0]:   File "/shared/nas2/jk100/partonomy_private/src/models/PLUM/utils/vqa_dataset.py", line 87, in __getitem__
[rank0]:     image_path = os.path.join(self.vqa_image_root, os.path.basename(item["image"]))
[rank0]: KeyError: 'image'
[rank0]: During handling of the above exception, another exception occurred:
[rank0]: Traceback (most recent call last):
[rank0]:   File "/shared/nas/data/m1/jk100/.conda/envs/llava/lib/python3.10/site-packages/torch/utils/data/_utils/worker.py", line 308, in _worker_loop
[rank0]:     data = fetcher.fetch(index)  # type: ignore[possibly-undefined]
[rank0]:   File "/shared/nas/data/m1/jk100/.conda/envs/llava/lib/python3.10/site-packages/torch/utils/data/_utils/fetch.py", line 51, in fetch
[rank0]:     data = [self.dataset[idx] for idx in possibly_batched_index]
[rank0]:   File "/shared/nas/data/m1/jk100/.conda/envs/llava/lib/python3.10/site-packages/torch/utils/data/_utils/fetch.py", line 51, in <listcomp>
[rank0]:     data = [self.dataset[idx] for idx in possibly_batched_index]
[rank0]:   File "/shared/nas2/jk100/partonomy_private/src/models/PLUM/utils/dataset.py", line 330, in __getitem__
[rank0]:     return *data[0], inference
[rank0]:   File "/shared/nas2/jk100/partonomy_private/src/models/PLUM/utils/vqa_dataset.py", line 87, in __getitem__
[rank0]:     image_path = os.path.join(self.vqa_image_root, os.path.basename(item["image"]))
[rank0]: KeyError: 'image'
[rank0]: During handling of the above exception, another exception occurred:
[rank0]: Traceback (most recent call last):
[rank0]:   File "/shared/nas/data/m1/jk100/.conda/envs/llava/lib/python3.10/site-packages/torch/utils/data/_utils/worker.py", line 308, in _worker_loop
[rank0]:     data = fetcher.fetch(index)  # type: ignore[possibly-undefined]
[rank0]:   File "/shared/nas/data/m1/jk100/.conda/envs/llava/lib/python3.10/site-packages/torch/utils/data/_utils/fetch.py", line 51, in fetch
[rank0]:     data = [self.dataset[idx] for idx in possibly_batched_index]
[rank0]:   File "/shared/nas/data/m1/jk100/.conda/envs/llava/lib/python3.10/site-packages/torch/utils/data/_utils/fetch.py", line 51, in <listcomp>
[rank0]:     data = [self.dataset[idx] for idx in possibly_batched_index]
[rank0]:   File "/shared/nas2/jk100/partonomy_private/src/models/PLUM/utils/dataset.py", line 330, in __getitem__
[rank0]:     return *data[0], inference
[rank0]:   File "/shared/nas2/jk100/partonomy_private/src/models/PLUM/utils/vqa_dataset.py", line 87, in __getitem__
[rank0]:     image_path = os.path.join(self.vqa_image_root, os.path.basename(item["image"]))
[rank0]: KeyError: 'image'
[rank0]: During handling of the above exception, another exception occurred:
[rank0]: Traceback (most recent call last):
[rank0]:   File "/shared/nas/data/m1/jk100/.conda/envs/llava/lib/python3.10/site-packages/torch/utils/data/_utils/worker.py", line 308, in _worker_loop
[rank0]:     data = fetcher.fetch(index)  # type: ignore[possibly-undefined]
[rank0]:   File "/shared/nas/data/m1/jk100/.conda/envs/llava/lib/python3.10/site-packages/torch/utils/data/_utils/fetch.py", line 51, in fetch
[rank0]:     data = [self.dataset[idx] for idx in possibly_batched_index]
[rank0]:   File "/shared/nas/data/m1/jk100/.conda/envs/llava/lib/python3.10/site-packages/torch/utils/data/_utils/fetch.py", line 51, in <listcomp>
[rank0]:     data = [self.dataset[idx] for idx in possibly_batched_index]
[rank0]:   File "/shared/nas2/jk100/partonomy_private/src/models/PLUM/utils/dataset.py", line 330, in __getitem__
[rank0]:     return *data[0], inference
[rank0]:   File "/shared/nas2/jk100/partonomy_private/src/models/PLUM/utils/vqa_dataset.py", line 87, in __getitem__
[rank0]:     image_path = os.path.join(self.vqa_image_root, os.path.basename(item["image"]))
[rank0]: KeyError: 'image'
[rank0]: During handling of the above exception, another exception occurred:
[rank0]: Traceback (most recent call last):
[rank0]:   File "/shared/nas/data/m1/jk100/.conda/envs/llava/lib/python3.10/site-packages/torch/utils/data/_utils/worker.py", line 308, in _worker_loop
[rank0]:     data = fetcher.fetch(index)  # type: ignore[possibly-undefined]
[rank0]:   File "/shared/nas/data/m1/jk100/.conda/envs/llava/lib/python3.10/site-packages/torch/utils/data/_utils/fetch.py", line 51, in fetch
[rank0]:     data = [self.dataset[idx] for idx in possibly_batched_index]
[rank0]:   File "/shared/nas/data/m1/jk100/.conda/envs/llava/lib/python3.10/site-packages/torch/utils/data/_utils/fetch.py", line 51, in <listcomp>
[rank0]:     data = [self.dataset[idx] for idx in possibly_batched_index]
[rank0]:   File "/shared/nas2/jk100/partonomy_private/src/models/PLUM/utils/dataset.py", line 330, in __getitem__
[rank0]:     return *data[0], inference
[rank0]:   File "/shared/nas2/jk100/partonomy_private/src/models/PLUM/utils/vqa_dataset.py", line 87, in __getitem__
[rank0]:     image_path = os.path.join(self.vqa_image_root, os.path.basename(item["image"]))
[rank0]: KeyError: 'image'
[rank0]: During handling of the above exception, another exception occurred:
[rank0]: Traceback (most recent call last):
[rank0]:   File "/shared/nas/data/m1/jk100/.conda/envs/llava/lib/python3.10/site-packages/torch/utils/data/_utils/worker.py", line 308, in _worker_loop
[rank0]:     data = fetcher.fetch(index)  # type: ignore[possibly-undefined]
[rank0]:   File "/shared/nas/data/m1/jk100/.conda/envs/llava/lib/python3.10/site-packages/torch/utils/data/_utils/fetch.py", line 51, in fetch
[rank0]:     data = [self.dataset[idx] for idx in possibly_batched_index]
[rank0]:   File "/shared/nas/data/m1/jk100/.conda/envs/llava/lib/python3.10/site-packages/torch/utils/data/_utils/fetch.py", line 51, in <listcomp>
[rank0]:     data = [self.dataset[idx] for idx in possibly_batched_index]
[rank0]:   File "/shared/nas2/jk100/partonomy_private/src/models/PLUM/utils/dataset.py", line 330, in __getitem__
[rank0]:     return *data[0], inference
[rank0]:   File "/shared/nas2/jk100/partonomy_private/src/models/PLUM/utils/vqa_dataset.py", line 87, in __getitem__
[rank0]:     image_path = os.path.join(self.vqa_image_root, os.path.basename(item["image"]))
[rank0]: KeyError: 'image'
[rank0]: During handling of the above exception, another exception occurred:
[rank0]: Traceback (most recent call last):
[rank0]:   File "/shared/nas2/jk100/partonomy_private/src/models/PLUM/plum_train_ds.py", line 627, in <module>
[rank0]:     main(sys.argv[1:])
[rank0]:   File "/shared/nas2/jk100/partonomy_private/src/models/PLUM/plum_train_ds.py", line 380, in main
[rank0]:     train_iter = train(
[rank0]:   File "/shared/nas2/jk100/partonomy_private/src/models/PLUM/plum_train_ds.py", line 458, in train
[rank0]:     input_dict = next(train_iter)
[rank0]:   File "/shared/nas/data/m1/jk100/.conda/envs/llava/lib/python3.10/site-packages/deepspeed/runtime/dataloader.py", line 124, in __next__
[rank0]:     return next(self.data)
[rank0]:   File "/shared/nas/data/m1/jk100/.conda/envs/llava/lib/python3.10/site-packages/deepspeed/runtime/dataloader.py", line 157, in <genexpr>
[rank0]:     self.data = (x for x in self.dataloader)
[rank0]:   File "/shared/nas/data/m1/jk100/.conda/envs/llava/lib/python3.10/site-packages/torch/utils/data/dataloader.py", line 631, in __next__
[rank0]:     data = self._next_data()
[rank0]:   File "/shared/nas/data/m1/jk100/.conda/envs/llava/lib/python3.10/site-packages/torch/utils/data/dataloader.py", line 1346, in _next_data
[rank0]:     return self._process_data(data)
[rank0]:   File "/shared/nas/data/m1/jk100/.conda/envs/llava/lib/python3.10/site-packages/torch/utils/data/dataloader.py", line 1372, in _process_data
[rank0]:     data.reraise()
[rank0]:   File "/shared/nas/data/m1/jk100/.conda/envs/llava/lib/python3.10/site-packages/torch/_utils.py", line 705, in reraise
[rank0]:     raise exception
[rank0]: KeyError: Caught KeyError in DataLoader worker process 0.
[rank0]: Original Traceback (most recent call last):
[rank0]:   File "/shared/nas2/jk100/partonomy_private/src/models/PLUM/plum_train_ds.py", line 455, in train
[rank0]:     input_dict = next(train_iter)
[rank0]:   File "/shared/nas/data/m1/jk100/.conda/envs/llava/lib/python3.10/site-packages/deepspeed/runtime/dataloader.py", line 124, in __next__
[rank0]:     return next(self.data)
[rank0]:   File "/shared/nas/data/m1/jk100/.conda/envs/llava/lib/python3.10/site-packages/deepspeed/runtime/dataloader.py", line 157, in <genexpr>
[rank0]:     self.data = (x for x in self.dataloader)
[rank0]:   File "/shared/nas/data/m1/jk100/.conda/envs/llava/lib/python3.10/site-packages/torch/utils/data/dataloader.py", line 631, in __next__
[rank0]:     data = self._next_data()
[rank0]:   File "/shared/nas/data/m1/jk100/.conda/envs/llava/lib/python3.10/site-packages/torch/utils/data/dataloader.py", line 1326, in _next_data
[rank0]:     return self._process_data(data)
[rank0]:   File "/shared/nas/data/m1/jk100/.conda/envs/llava/lib/python3.10/site-packages/torch/utils/data/dataloader.py", line 1372, in _process_data
[rank0]:     data.reraise()
[rank0]:   File "/shared/nas/data/m1/jk100/.conda/envs/llava/lib/python3.10/site-packages/torch/_utils.py", line 705, in reraise
[rank0]:     raise exception
[rank0]: KeyError: Caught KeyError in DataLoader worker process 0.
[rank0]: Original Traceback (most recent call last):
[rank0]:   File "/shared/nas2/jk100/partonomy_private/src/models/PLUM/plum_train_ds.py", line 455, in train
[rank0]:     input_dict = next(train_iter)
[rank0]:   File "/shared/nas/data/m1/jk100/.conda/envs/llava/lib/python3.10/site-packages/deepspeed/runtime/dataloader.py", line 124, in __next__
[rank0]:     return next(self.data)
[rank0]:   File "/shared/nas/data/m1/jk100/.conda/envs/llava/lib/python3.10/site-packages/deepspeed/runtime/dataloader.py", line 157, in <genexpr>
[rank0]:     self.data = (x for x in self.dataloader)
[rank0]:   File "/shared/nas/data/m1/jk100/.conda/envs/llava/lib/python3.10/site-packages/torch/utils/data/dataloader.py", line 631, in __next__
[rank0]:     data = self._next_data()
[rank0]:   File "/shared/nas/data/m1/jk100/.conda/envs/llava/lib/python3.10/site-packages/torch/utils/data/dataloader.py", line 1346, in _next_data
[rank0]:     return self._process_data(data)
[rank0]:   File "/shared/nas/data/m1/jk100/.conda/envs/llava/lib/python3.10/site-packages/torch/utils/data/dataloader.py", line 1372, in _process_data
[rank0]:     data.reraise()
[rank0]:   File "/shared/nas/data/m1/jk100/.conda/envs/llava/lib/python3.10/site-packages/torch/_utils.py", line 705, in reraise
[rank0]:     raise exception
[rank0]: KeyError: Caught KeyError in DataLoader worker process 1.
[rank0]: Original Traceback (most recent call last):
[rank0]:   File "/shared/nas2/jk100/partonomy_private/src/models/PLUM/plum_train_ds.py", line 455, in train
[rank0]:     input_dict = next(train_iter)
[rank0]:   File "/shared/nas/data/m1/jk100/.conda/envs/llava/lib/python3.10/site-packages/deepspeed/runtime/dataloader.py", line 124, in __next__
[rank0]:     return next(self.data)
[rank0]:   File "/shared/nas/data/m1/jk100/.conda/envs/llava/lib/python3.10/site-packages/deepspeed/runtime/dataloader.py", line 157, in <genexpr>
[rank0]:     self.data = (x for x in self.dataloader)
[rank0]:   File "/shared/nas/data/m1/jk100/.conda/envs/llava/lib/python3.10/site-packages/torch/utils/data/dataloader.py", line 631, in __next__
[rank0]:     data = self._next_data()
[rank0]:   File "/shared/nas/data/m1/jk100/.conda/envs/llava/lib/python3.10/site-packages/torch/utils/data/dataloader.py", line 1346, in _next_data
[rank0]:     return self._process_data(data)
[rank0]:   File "/shared/nas/data/m1/jk100/.conda/envs/llava/lib/python3.10/site-packages/torch/utils/data/dataloader.py", line 1372, in _process_data
[rank0]:     data.reraise()
[rank0]:   File "/shared/nas/data/m1/jk100/.conda/envs/llava/lib/python3.10/site-packages/torch/_utils.py", line 705, in reraise
[rank0]:     raise exception
[rank0]: KeyError: Caught KeyError in DataLoader worker process 1.
[rank0]: Original Traceback (most recent call last):
[rank0]:   File "/shared/nas2/jk100/partonomy_private/src/models/PLUM/plum_train_ds.py", line 455, in train
[rank0]:     input_dict = next(train_iter)
[rank0]:   File "/shared/nas/data/m1/jk100/.conda/envs/llava/lib/python3.10/site-packages/deepspeed/runtime/dataloader.py", line 124, in __next__
[rank0]:     return next(self.data)
[rank0]:   File "/shared/nas/data/m1/jk100/.conda/envs/llava/lib/python3.10/site-packages/deepspeed/runtime/dataloader.py", line 157, in <genexpr>
[rank0]:     self.data = (x for x in self.dataloader)
[rank0]:   File "/shared/nas/data/m1/jk100/.conda/envs/llava/lib/python3.10/site-packages/torch/utils/data/dataloader.py", line 631, in __next__
[rank0]:     data = self._next_data()
[rank0]:   File "/shared/nas/data/m1/jk100/.conda/envs/llava/lib/python3.10/site-packages/torch/utils/data/dataloader.py", line 1346, in _next_data
[rank0]:     return self._process_data(data)
[rank0]:   File "/shared/nas/data/m1/jk100/.conda/envs/llava/lib/python3.10/site-packages/torch/utils/data/dataloader.py", line 1372, in _process_data
[rank0]:     data.reraise()
[rank0]:   File "/shared/nas/data/m1/jk100/.conda/envs/llava/lib/python3.10/site-packages/torch/_utils.py", line 705, in reraise
[rank0]:     raise exception
[rank0]: KeyError: Caught KeyError in DataLoader worker process 1.
[rank0]: Original Traceback (most recent call last):
[rank0]:   File "/shared/nas2/jk100/partonomy_private/src/models/PLUM/plum_train_ds.py", line 455, in train
[rank0]:     input_dict = next(train_iter)
[rank0]:   File "/shared/nas/data/m1/jk100/.conda/envs/llava/lib/python3.10/site-packages/deepspeed/runtime/dataloader.py", line 124, in __next__
[rank0]:     return next(self.data)
[rank0]:   File "/shared/nas/data/m1/jk100/.conda/envs/llava/lib/python3.10/site-packages/deepspeed/runtime/dataloader.py", line 157, in <genexpr>
[rank0]:     self.data = (x for x in self.dataloader)
[rank0]:   File "/shared/nas/data/m1/jk100/.conda/envs/llava/lib/python3.10/site-packages/torch/utils/data/dataloader.py", line 631, in __next__
[rank0]:     data = self._next_data()
[rank0]:   File "/shared/nas/data/m1/jk100/.conda/envs/llava/lib/python3.10/site-packages/torch/utils/data/dataloader.py", line 1346, in _next_data
[rank0]:     return self._process_data(data)
[rank0]:   File "/shared/nas/data/m1/jk100/.conda/envs/llava/lib/python3.10/site-packages/torch/utils/data/dataloader.py", line 1372, in _process_data
[rank0]:     data.reraise()
[rank0]:   File "/shared/nas/data/m1/jk100/.conda/envs/llava/lib/python3.10/site-packages/torch/_utils.py", line 705, in reraise
[rank0]:     raise exception
[rank0]: KeyError: Caught KeyError in DataLoader worker process 1.
[rank0]: Original Traceback (most recent call last):
[rank0]:   File "/shared/nas2/jk100/partonomy_private/src/models/PLUM/plum_train_ds.py", line 455, in train
[rank0]:     input_dict = next(train_iter)
[rank0]:   File "/shared/nas/data/m1/jk100/.conda/envs/llava/lib/python3.10/site-packages/deepspeed/runtime/dataloader.py", line 124, in __next__
[rank0]:     return next(self.data)
[rank0]:   File "/shared/nas/data/m1/jk100/.conda/envs/llava/lib/python3.10/site-packages/deepspeed/runtime/dataloader.py", line 157, in <genexpr>
[rank0]:     self.data = (x for x in self.dataloader)
[rank0]:   File "/shared/nas/data/m1/jk100/.conda/envs/llava/lib/python3.10/site-packages/torch/utils/data/dataloader.py", line 631, in __next__
[rank0]:     data = self._next_data()
[rank0]:   File "/shared/nas/data/m1/jk100/.conda/envs/llava/lib/python3.10/site-packages/torch/utils/data/dataloader.py", line 1346, in _next_data
[rank0]:     return self._process_data(data)
[rank0]:   File "/shared/nas/data/m1/jk100/.conda/envs/llava/lib/python3.10/site-packages/torch/utils/data/dataloader.py", line 1372, in _process_data
[rank0]:     data.reraise()
[rank0]:   File "/shared/nas/data/m1/jk100/.conda/envs/llava/lib/python3.10/site-packages/torch/_utils.py", line 705, in reraise
[rank0]:     raise exception
[rank0]: KeyError: Caught KeyError in DataLoader worker process 0.
[rank0]: Original Traceback (most recent call last):
[rank0]:   File "/shared/nas2/jk100/partonomy_private/src/models/PLUM/plum_train_ds.py", line 455, in train
[rank0]:     input_dict = next(train_iter)
[rank0]:   File "/shared/nas/data/m1/jk100/.conda/envs/llava/lib/python3.10/site-packages/deepspeed/runtime/dataloader.py", line 124, in __next__
[rank0]:     return next(self.data)
[rank0]:   File "/shared/nas/data/m1/jk100/.conda/envs/llava/lib/python3.10/site-packages/deepspeed/runtime/dataloader.py", line 157, in <genexpr>
[rank0]:     self.data = (x for x in self.dataloader)
[rank0]:   File "/shared/nas/data/m1/jk100/.conda/envs/llava/lib/python3.10/site-packages/torch/utils/data/dataloader.py", line 631, in __next__
[rank0]:     data = self._next_data()
[rank0]:   File "/shared/nas/data/m1/jk100/.conda/envs/llava/lib/python3.10/site-packages/torch/utils/data/dataloader.py", line 1346, in _next_data
[rank0]:     return self._process_data(data)
[rank0]:   File "/shared/nas/data/m1/jk100/.conda/envs/llava/lib/python3.10/site-packages/torch/utils/data/dataloader.py", line 1372, in _process_data
[rank0]:     data.reraise()
[rank0]:   File "/shared/nas/data/m1/jk100/.conda/envs/llava/lib/python3.10/site-packages/torch/_utils.py", line 705, in reraise
[rank0]:     raise exception
[rank0]: KeyError: Caught KeyError in DataLoader worker process 1.
[rank0]: Original Traceback (most recent call last):
[rank0]:   File "/shared/nas2/jk100/partonomy_private/src/models/PLUM/plum_train_ds.py", line 455, in train
[rank0]:     input_dict = next(train_iter)
[rank0]:   File "/shared/nas/data/m1/jk100/.conda/envs/llava/lib/python3.10/site-packages/deepspeed/runtime/dataloader.py", line 124, in __next__
[rank0]:     return next(self.data)
[rank0]:   File "/shared/nas/data/m1/jk100/.conda/envs/llava/lib/python3.10/site-packages/deepspeed/runtime/dataloader.py", line 157, in <genexpr>
[rank0]:     self.data = (x for x in self.dataloader)
[rank0]:   File "/shared/nas/data/m1/jk100/.conda/envs/llava/lib/python3.10/site-packages/torch/utils/data/dataloader.py", line 631, in __next__
[rank0]:     data = self._next_data()
[rank0]:   File "/shared/nas/data/m1/jk100/.conda/envs/llava/lib/python3.10/site-packages/torch/utils/data/dataloader.py", line 1346, in _next_data
[rank0]:     return self._process_data(data)
[rank0]:   File "/shared/nas/data/m1/jk100/.conda/envs/llava/lib/python3.10/site-packages/torch/utils/data/dataloader.py", line 1372, in _process_data
[rank0]:     data.reraise()
[rank0]:   File "/shared/nas/data/m1/jk100/.conda/envs/llava/lib/python3.10/site-packages/torch/_utils.py", line 705, in reraise
[rank0]:     raise exception
[rank0]: KeyError: Caught KeyError in DataLoader worker process 0.
[rank0]: Original Traceback (most recent call last):
[rank0]:   File "/shared/nas2/jk100/partonomy_private/src/models/PLUM/plum_train_ds.py", line 455, in train
[rank0]:     input_dict = next(train_iter)
[rank0]:   File "/shared/nas/data/m1/jk100/.conda/envs/llava/lib/python3.10/site-packages/deepspeed/runtime/dataloader.py", line 124, in __next__
[rank0]:     return next(self.data)
[rank0]:   File "/shared/nas/data/m1/jk100/.conda/envs/llava/lib/python3.10/site-packages/deepspeed/runtime/dataloader.py", line 157, in <genexpr>
[rank0]:     self.data = (x for x in self.dataloader)
[rank0]:   File "/shared/nas/data/m1/jk100/.conda/envs/llava/lib/python3.10/site-packages/torch/utils/data/dataloader.py", line 631, in __next__
[rank0]:     data = self._next_data()
[rank0]:   File "/shared/nas/data/m1/jk100/.conda/envs/llava/lib/python3.10/site-packages/torch/utils/data/dataloader.py", line 1346, in _next_data
[rank0]:     return self._process_data(data)
[rank0]:   File "/shared/nas/data/m1/jk100/.conda/envs/llava/lib/python3.10/site-packages/torch/utils/data/dataloader.py", line 1372, in _process_data
[rank0]:     data.reraise()
[rank0]:   File "/shared/nas/data/m1/jk100/.conda/envs/llava/lib/python3.10/site-packages/torch/_utils.py", line 705, in reraise
[rank0]:     raise exception
[rank0]: KeyError: Caught KeyError in DataLoader worker process 0.
[rank0]: Original Traceback (most recent call last):
[rank0]:   File "/shared/nas2/jk100/partonomy_private/src/models/PLUM/plum_train_ds.py", line 455, in train
[rank0]:     input_dict = next(train_iter)
[rank0]:   File "/shared/nas/data/m1/jk100/.conda/envs/llava/lib/python3.10/site-packages/deepspeed/runtime/dataloader.py", line 124, in __next__
[rank0]:     return next(self.data)
[rank0]:   File "/shared/nas/data/m1/jk100/.conda/envs/llava/lib/python3.10/site-packages/deepspeed/runtime/dataloader.py", line 157, in <genexpr>
[rank0]:     self.data = (x for x in self.dataloader)
[rank0]:   File "/shared/nas/data/m1/jk100/.conda/envs/llava/lib/python3.10/site-packages/torch/utils/data/dataloader.py", line 631, in __next__
[rank0]:     data = self._next_data()
[rank0]:   File "/shared/nas/data/m1/jk100/.conda/envs/llava/lib/python3.10/site-packages/torch/utils/data/dataloader.py", line 1346, in _next_data
[rank0]:     return self._process_data(data)
[rank0]:   File "/shared/nas/data/m1/jk100/.conda/envs/llava/lib/python3.10/site-packages/torch/utils/data/dataloader.py", line 1372, in _process_data
[rank0]:     data.reraise()
[rank0]:   File "/shared/nas/data/m1/jk100/.conda/envs/llava/lib/python3.10/site-packages/torch/_utils.py", line 705, in reraise
[rank0]:     raise exception
[rank0]: KeyError: Caught KeyError in DataLoader worker process 1.
[rank0]: Original Traceback (most recent call last):
[rank0]:   File "/shared/nas2/jk100/partonomy_private/src/models/PLUM/plum_train_ds.py", line 455, in train
[rank0]:     input_dict = next(train_iter)
[rank0]:   File "/shared/nas/data/m1/jk100/.conda/envs/llava/lib/python3.10/site-packages/deepspeed/runtime/dataloader.py", line 124, in __next__
[rank0]:     return next(self.data)
[rank0]:   File "/shared/nas/data/m1/jk100/.conda/envs/llava/lib/python3.10/site-packages/deepspeed/runtime/dataloader.py", line 157, in <genexpr>
[rank0]:     self.data = (x for x in self.dataloader)
[rank0]:   File "/shared/nas/data/m1/jk100/.conda/envs/llava/lib/python3.10/site-packages/torch/utils/data/dataloader.py", line 631, in __next__
[rank0]:     data = self._next_data()
[rank0]:   File "/shared/nas/data/m1/jk100/.conda/envs/llava/lib/python3.10/site-packages/torch/utils/data/dataloader.py", line 1346, in _next_data
[rank0]:     return self._process_data(data)
[rank0]:   File "/shared/nas/data/m1/jk100/.conda/envs/llava/lib/python3.10/site-packages/torch/utils/data/dataloader.py", line 1372, in _process_data
[rank0]:     data.reraise()
[rank0]:   File "/shared/nas/data/m1/jk100/.conda/envs/llava/lib/python3.10/site-packages/torch/_utils.py", line 705, in reraise
[rank0]:     raise exception
[rank0]: KeyError: Caught KeyError in DataLoader worker process 0.
[rank0]: Original Traceback (most recent call last):
[rank0]:   File "/shared/nas2/jk100/partonomy_private/src/models/PLUM/plum_train_ds.py", line 455, in train
[rank0]:     input_dict = next(train_iter)
[rank0]:   File "/shared/nas/data/m1/jk100/.conda/envs/llava/lib/python3.10/site-packages/deepspeed/runtime/dataloader.py", line 124, in __next__
[rank0]:     return next(self.data)
[rank0]:   File "/shared/nas/data/m1/jk100/.conda/envs/llava/lib/python3.10/site-packages/deepspeed/runtime/dataloader.py", line 157, in <genexpr>
[rank0]:     self.data = (x for x in self.dataloader)
[rank0]:   File "/shared/nas/data/m1/jk100/.conda/envs/llava/lib/python3.10/site-packages/torch/utils/data/dataloader.py", line 631, in __next__
[rank0]:     data = self._next_data()
[rank0]:   File "/shared/nas/data/m1/jk100/.conda/envs/llava/lib/python3.10/site-packages/torch/utils/data/dataloader.py", line 1346, in _next_data
[rank0]:     return self._process_data(data)
[rank0]:   File "/shared/nas/data/m1/jk100/.conda/envs/llava/lib/python3.10/site-packages/torch/utils/data/dataloader.py", line 1372, in _process_data
[rank0]:     data.reraise()
[rank0]:   File "/shared/nas/data/m1/jk100/.conda/envs/llava/lib/python3.10/site-packages/torch/_utils.py", line 705, in reraise
[rank0]:     raise exception
[rank0]: KeyError: Caught KeyError in DataLoader worker process 0.
[rank0]: Original Traceback (most recent call last):
[rank0]:   File "/shared/nas/data/m1/jk100/.conda/envs/llava/lib/python3.10/site-packages/torch/utils/data/_utils/worker.py", line 308, in _worker_loop
[rank0]:     data = fetcher.fetch(index)  # type: ignore[possibly-undefined]
[rank0]:   File "/shared/nas/data/m1/jk100/.conda/envs/llava/lib/python3.10/site-packages/torch/utils/data/_utils/fetch.py", line 51, in fetch
[rank0]:     data = [self.dataset[idx] for idx in possibly_batched_index]
[rank0]:   File "/shared/nas/data/m1/jk100/.conda/envs/llava/lib/python3.10/site-packages/torch/utils/data/_utils/fetch.py", line 51, in <listcomp>
[rank0]:     data = [self.dataset[idx] for idx in possibly_batched_index]
[rank0]:   File "/shared/nas2/jk100/partonomy_private/src/models/PLUM/utils/dataset.py", line 330, in __getitem__
[rank0]:     return *data[0], inference
[rank0]:   File "/shared/nas2/jk100/partonomy_private/src/models/PLUM/utils/vqa_dataset.py", line 87, in __getitem__
[rank0]:     image_path = os.path.join(self.vqa_image_root, os.path.basename(item["image"]))
[rank0]: KeyError: 'image'
[rank0]: During handling of the above exception, another exception occurred:
[rank0]: Traceback (most recent call last):
[rank0]:   File "/shared/nas/data/m1/jk100/.conda/envs/llava/lib/python3.10/site-packages/torch/utils/data/_utils/worker.py", line 308, in _worker_loop
[rank0]:     data = fetcher.fetch(index)  # type: ignore[possibly-undefined]
[rank0]:   File "/shared/nas/data/m1/jk100/.conda/envs/llava/lib/python3.10/site-packages/torch/utils/data/_utils/fetch.py", line 51, in fetch
[rank0]:     data = [self.dataset[idx] for idx in possibly_batched_index]
[rank0]:   File "/shared/nas/data/m1/jk100/.conda/envs/llava/lib/python3.10/site-packages/torch/utils/data/_utils/fetch.py", line 51, in <listcomp>
[rank0]:     data = [self.dataset[idx] for idx in possibly_batched_index]
[rank0]:   File "/shared/nas2/jk100/partonomy_private/src/models/PLUM/utils/dataset.py", line 330, in __getitem__
[rank0]:     return *data[0], inference
[rank0]:   File "/shared/nas2/jk100/partonomy_private/src/models/PLUM/utils/vqa_dataset.py", line 87, in __getitem__
[rank0]:     image_path = os.path.join(self.vqa_image_root, os.path.basename(item["image"]))
[rank0]: KeyError: 'image'
[rank0]: During handling of the above exception, another exception occurred:
[rank0]: Traceback (most recent call last):
[rank0]:   File "/shared/nas/data/m1/jk100/.conda/envs/llava/lib/python3.10/site-packages/torch/utils/data/_utils/worker.py", line 308, in _worker_loop
[rank0]:     data = fetcher.fetch(index)  # type: ignore[possibly-undefined]
[rank0]:   File "/shared/nas/data/m1/jk100/.conda/envs/llava/lib/python3.10/site-packages/torch/utils/data/_utils/fetch.py", line 51, in fetch
[rank0]:     data = [self.dataset[idx] for idx in possibly_batched_index]
[rank0]:   File "/shared/nas/data/m1/jk100/.conda/envs/llava/lib/python3.10/site-packages/torch/utils/data/_utils/fetch.py", line 51, in <listcomp>
[rank0]:     data = [self.dataset[idx] for idx in possibly_batched_index]
[rank0]:   File "/shared/nas2/jk100/partonomy_private/src/models/PLUM/utils/dataset.py", line 330, in __getitem__
[rank0]:     return *data[0], inference
[rank0]:   File "/shared/nas2/jk100/partonomy_private/src/models/PLUM/utils/vqa_dataset.py", line 87, in __getitem__
[rank0]:     image_path = os.path.join(self.vqa_image_root, os.path.basename(item["image"]))
[rank0]: KeyError: 'image'
[rank0]: During handling of the above exception, another exception occurred:
[rank0]: Traceback (most recent call last):
[rank0]:   File "/shared/nas/data/m1/jk100/.conda/envs/llava/lib/python3.10/site-packages/torch/utils/data/_utils/worker.py", line 308, in _worker_loop
[rank0]:     data = fetcher.fetch(index)  # type: ignore[possibly-undefined]
[rank0]:   File "/shared/nas/data/m1/jk100/.conda/envs/llava/lib/python3.10/site-packages/torch/utils/data/_utils/fetch.py", line 51, in fetch
[rank0]:     data = [self.dataset[idx] for idx in possibly_batched_index]
[rank0]:   File "/shared/nas/data/m1/jk100/.conda/envs/llava/lib/python3.10/site-packages/torch/utils/data/_utils/fetch.py", line 51, in <listcomp>
[rank0]:     data = [self.dataset[idx] for idx in possibly_batched_index]
[rank0]:   File "/shared/nas2/jk100/partonomy_private/src/models/PLUM/utils/dataset.py", line 330, in __getitem__
[rank0]:     return *data[0], inference
[rank0]:   File "/shared/nas2/jk100/partonomy_private/src/models/PLUM/utils/vqa_dataset.py", line 87, in __getitem__
[rank0]:     image_path = os.path.join(self.vqa_image_root, os.path.basename(item["image"]))
[rank0]: KeyError: 'image'
[rank0]: During handling of the above exception, another exception occurred:
[rank0]: Traceback (most recent call last):
[rank0]:   File "/shared/nas/data/m1/jk100/.conda/envs/llava/lib/python3.10/site-packages/torch/utils/data/_utils/worker.py", line 308, in _worker_loop
[rank0]:     data = fetcher.fetch(index)  # type: ignore[possibly-undefined]
[rank0]:   File "/shared/nas/data/m1/jk100/.conda/envs/llava/lib/python3.10/site-packages/torch/utils/data/_utils/fetch.py", line 51, in fetch
[rank0]:     data = [self.dataset[idx] for idx in possibly_batched_index]
[rank0]:   File "/shared/nas/data/m1/jk100/.conda/envs/llava/lib/python3.10/site-packages/torch/utils/data/_utils/fetch.py", line 51, in <listcomp>
[rank0]:     data = [self.dataset[idx] for idx in possibly_batched_index]
[rank0]:   File "/shared/nas2/jk100/partonomy_private/src/models/PLUM/utils/dataset.py", line 330, in __getitem__
[rank0]:     return *data[0], inference
[rank0]:   File "/shared/nas2/jk100/partonomy_private/src/models/PLUM/utils/vqa_dataset.py", line 87, in __getitem__
[rank0]:     image_path = os.path.join(self.vqa_image_root, os.path.basename(item["image"]))
[rank0]: KeyError: 'image'
[rank0]: During handling of the above exception, another exception occurred:
[rank0]: Traceback (most recent call last):
[rank0]:   File "/shared/nas/data/m1/jk100/.conda/envs/llava/lib/python3.10/site-packages/torch/utils/data/_utils/worker.py", line 308, in _worker_loop
[rank0]:     data = fetcher.fetch(index)  # type: ignore[possibly-undefined]
[rank0]:   File "/shared/nas/data/m1/jk100/.conda/envs/llava/lib/python3.10/site-packages/torch/utils/data/_utils/fetch.py", line 51, in fetch
[rank0]:     data = [self.dataset[idx] for idx in possibly_batched_index]
[rank0]:   File "/shared/nas/data/m1/jk100/.conda/envs/llava/lib/python3.10/site-packages/torch/utils/data/_utils/fetch.py", line 51, in <listcomp>
[rank0]:     data = [self.dataset[idx] for idx in possibly_batched_index]
[rank0]:   File "/shared/nas2/jk100/partonomy_private/src/models/PLUM/utils/dataset.py", line 330, in __getitem__
[rank0]:     return *data[0], inference
[rank0]:   File "/shared/nas2/jk100/partonomy_private/src/models/PLUM/utils/vqa_dataset.py", line 87, in __getitem__
[rank0]:     image_path = os.path.join(self.vqa_image_root, os.path.basename(item["image"]))
[rank0]: KeyError: 'image'
[rank0]: During handling of the above exception, another exception occurred:
[rank0]: Traceback (most recent call last):
[rank0]:   File "/shared/nas/data/m1/jk100/.conda/envs/llava/lib/python3.10/site-packages/torch/utils/data/_utils/worker.py", line 308, in _worker_loop
[rank0]:     data = fetcher.fetch(index)  # type: ignore[possibly-undefined]
[rank0]:   File "/shared/nas/data/m1/jk100/.conda/envs/llava/lib/python3.10/site-packages/torch/utils/data/_utils/fetch.py", line 51, in fetch
[rank0]:     data = [self.dataset[idx] for idx in possibly_batched_index]
[rank0]:   File "/shared/nas/data/m1/jk100/.conda/envs/llava/lib/python3.10/site-packages/torch/utils/data/_utils/fetch.py", line 51, in <listcomp>
[rank0]:     data = [self.dataset[idx] for idx in possibly_batched_index]
[rank0]:   File "/shared/nas2/jk100/partonomy_private/src/models/PLUM/utils/dataset.py", line 330, in __getitem__
[rank0]:     return *data[0], inference
[rank0]:   File "/shared/nas2/jk100/partonomy_private/src/models/PLUM/utils/vqa_dataset.py", line 87, in __getitem__
[rank0]:     image_path = os.path.join(self.vqa_image_root, os.path.basename(item["image"]))
[rank0]: KeyError: 'image'
[rank0]: During handling of the above exception, another exception occurred:
[rank0]: Traceback (most recent call last):
[rank0]:   File "/shared/nas/data/m1/jk100/.conda/envs/llava/lib/python3.10/site-packages/torch/utils/data/_utils/worker.py", line 308, in _worker_loop
[rank0]:     data = fetcher.fetch(index)  # type: ignore[possibly-undefined]
[rank0]:   File "/shared/nas/data/m1/jk100/.conda/envs/llava/lib/python3.10/site-packages/torch/utils/data/_utils/fetch.py", line 51, in fetch
[rank0]:     data = [self.dataset[idx] for idx in possibly_batched_index]
[rank0]:   File "/shared/nas/data/m1/jk100/.conda/envs/llava/lib/python3.10/site-packages/torch/utils/data/_utils/fetch.py", line 51, in <listcomp>
[rank0]:     data = [self.dataset[idx] for idx in possibly_batched_index]
[rank0]:   File "/shared/nas2/jk100/partonomy_private/src/models/PLUM/utils/dataset.py", line 330, in __getitem__
[rank0]:     return *data[0], inference
[rank0]:   File "/shared/nas2/jk100/partonomy_private/src/models/PLUM/utils/vqa_dataset.py", line 87, in __getitem__
[rank0]:     image_path = os.path.join(self.vqa_image_root, os.path.basename(item["image"]))
[rank0]: KeyError: 'image'
[rank0]: During handling of the above exception, another exception occurred:
[rank0]: Traceback (most recent call last):
[rank0]:   File "/shared/nas/data/m1/jk100/.conda/envs/llava/lib/python3.10/site-packages/torch/utils/data/_utils/worker.py", line 308, in _worker_loop
[rank0]:     data = fetcher.fetch(index)  # type: ignore[possibly-undefined]
[rank0]:   File "/shared/nas/data/m1/jk100/.conda/envs/llava/lib/python3.10/site-packages/torch/utils/data/_utils/fetch.py", line 51, in fetch
[rank0]:     data = [self.dataset[idx] for idx in possibly_batched_index]
[rank0]:   File "/shared/nas/data/m1/jk100/.conda/envs/llava/lib/python3.10/site-packages/torch/utils/data/_utils/fetch.py", line 51, in <listcomp>
[rank0]:     data = [self.dataset[idx] for idx in possibly_batched_index]
[rank0]:   File "/shared/nas2/jk100/partonomy_private/src/models/PLUM/utils/dataset.py", line 330, in __getitem__
[rank0]:     return *data[0], inference
[rank0]:   File "/shared/nas2/jk100/partonomy_private/src/models/PLUM/utils/vqa_dataset.py", line 87, in __getitem__
[rank0]:     image_path = os.path.join(self.vqa_image_root, os.path.basename(item["image"]))
[rank0]: KeyError: 'image'
[rank0]: During handling of the above exception, another exception occurred:
[rank0]: Traceback (most recent call last):
[rank0]:   File "/shared/nas/data/m1/jk100/.conda/envs/llava/lib/python3.10/site-packages/torch/utils/data/_utils/worker.py", line 308, in _worker_loop
[rank0]:     data = fetcher.fetch(index)  # type: ignore[possibly-undefined]
[rank0]:   File "/shared/nas/data/m1/jk100/.conda/envs/llava/lib/python3.10/site-packages/torch/utils/data/_utils/fetch.py", line 51, in fetch
[rank0]:     data = [self.dataset[idx] for idx in possibly_batched_index]
[rank0]:   File "/shared/nas/data/m1/jk100/.conda/envs/llava/lib/python3.10/site-packages/torch/utils/data/_utils/fetch.py", line 51, in <listcomp>
[rank0]:     data = [self.dataset[idx] for idx in possibly_batched_index]
[rank0]:   File "/shared/nas2/jk100/partonomy_private/src/models/PLUM/utils/dataset.py", line 330, in __getitem__
[rank0]:     return *data[0], inference
[rank0]:   File "/shared/nas2/jk100/partonomy_private/src/models/PLUM/utils/vqa_dataset.py", line 87, in __getitem__
[rank0]:     image_path = os.path.join(self.vqa_image_root, os.path.basename(item["image"]))
[rank0]: KeyError: 'image'
[rank0]: During handling of the above exception, another exception occurred:
[rank0]: Traceback (most recent call last):
[rank0]:   File "/shared/nas/data/m1/jk100/.conda/envs/llava/lib/python3.10/site-packages/torch/utils/data/_utils/worker.py", line 308, in _worker_loop
[rank0]:     data = fetcher.fetch(index)  # type: ignore[possibly-undefined]
[rank0]:   File "/shared/nas/data/m1/jk100/.conda/envs/llava/lib/python3.10/site-packages/torch/utils/data/_utils/fetch.py", line 51, in fetch
[rank0]:     data = [self.dataset[idx] for idx in possibly_batched_index]
[rank0]:   File "/shared/nas/data/m1/jk100/.conda/envs/llava/lib/python3.10/site-packages/torch/utils/data/_utils/fetch.py", line 51, in <listcomp>
[rank0]:     data = [self.dataset[idx] for idx in possibly_batched_index]
[rank0]:   File "/shared/nas2/jk100/partonomy_private/src/models/PLUM/utils/dataset.py", line 330, in __getitem__
[rank0]:     return *data[0], inference
[rank0]:   File "/shared/nas2/jk100/partonomy_private/src/models/PLUM/utils/vqa_dataset.py", line 87, in __getitem__
[rank0]:     image_path = os.path.join(self.vqa_image_root, os.path.basename(item["image"]))
[rank0]: KeyError: 'image'
[rank0]: During handling of the above exception, another exception occurred:
[rank0]: Traceback (most recent call last):
[rank0]:   File "/shared/nas/data/m1/jk100/.conda/envs/llava/lib/python3.10/site-packages/torch/utils/data/_utils/worker.py", line 308, in _worker_loop
[rank0]:     data = fetcher.fetch(index)  # type: ignore[possibly-undefined]
[rank0]:   File "/shared/nas/data/m1/jk100/.conda/envs/llava/lib/python3.10/site-packages/torch/utils/data/_utils/fetch.py", line 51, in fetch
[rank0]:     data = [self.dataset[idx] for idx in possibly_batched_index]
[rank0]:   File "/shared/nas/data/m1/jk100/.conda/envs/llava/lib/python3.10/site-packages/torch/utils/data/_utils/fetch.py", line 51, in <listcomp>
[rank0]:     data = [self.dataset[idx] for idx in possibly_batched_index]
[rank0]:   File "/shared/nas2/jk100/partonomy_private/src/models/PLUM/utils/dataset.py", line 330, in __getitem__
[rank0]:     return *data[0], inference
[rank0]:   File "/shared/nas2/jk100/partonomy_private/src/models/PLUM/utils/vqa_dataset.py", line 87, in __getitem__
[rank0]:     image_path = os.path.join(self.vqa_image_root, os.path.basename(item["image"]))
[rank0]: KeyError: 'image'
[rank0]: During handling of the above exception, another exception occurred:
[rank0]: Traceback (most recent call last):
[rank0]:   File "/shared/nas/data/m1/jk100/.conda/envs/llava/lib/python3.10/site-packages/torch/utils/data/_utils/worker.py", line 308, in _worker_loop
[rank0]:     data = fetcher.fetch(index)  # type: ignore[possibly-undefined]
[rank0]:   File "/shared/nas/data/m1/jk100/.conda/envs/llava/lib/python3.10/site-packages/torch/utils/data/_utils/fetch.py", line 51, in fetch
[rank0]:     data = [self.dataset[idx] for idx in possibly_batched_index]
[rank0]:   File "/shared/nas/data/m1/jk100/.conda/envs/llava/lib/python3.10/site-packages/torch/utils/data/_utils/fetch.py", line 51, in <listcomp>
[rank0]:     data = [self.dataset[idx] for idx in possibly_batched_index]
[rank0]:   File "/shared/nas2/jk100/partonomy_private/src/models/PLUM/utils/dataset.py", line 330, in __getitem__
[rank0]:     return *data[0], inference
[rank0]:   File "/shared/nas2/jk100/partonomy_private/src/models/PLUM/utils/vqa_dataset.py", line 87, in __getitem__
[rank0]:     image_path = os.path.join(self.vqa_image_root, os.path.basename(item["image"]))
[rank0]: KeyError: 'image'