
You are using the legacy behaviour of the <class 'transformers.models.llama.tokenization_llama.LlamaTokenizer'>. This means that tokens that come after special tokens will not be properly handled. We recommend you to read the related pull request available at https://github.com/huggingface/transformers/pull/24565
/shared/nas/data/m1/jk100/.conda/envs/llava/lib/python3.10/site-packages/torch/nn/modules/transformer.py:306: UserWarning: enable_nested_tensor is True, but self.use_nested_tensor is False because encoder_layer.self_attn.batch_first was not True(use batch_first for better inference performance)
  warnings.warn(f"enable_nested_tensor is True, but self.use_nested_tensor is False because {why_not_sparsity_fast_path}")


Loading checkpoint shards: 100%|██████████████████████████████████████████████████████████████████████████████████████████████████████████████████| 3/3 [00:18<00:00,  6.07s/it]
Some weights of PLUMForCausalLM were not initialized from the model checkpoint at liuhaotian/llava-llama-2-13b-chat-lightning-preview and are newly initialized: ['bio_encoder.encoder.layers.0.norm1.weight', 'bio_encoder.encoder.layers.0.self_attn.in_proj_bias', 'bio_encoder.encoder.layers.0.norm1.bias', 'bio_encoder.encoder.layers.0.self_attn.in_proj_weight', 'bio_encoder.encoder.layers.0.linear2.weight', 'bio_encoder.encoder.layers.0.linear1.bias', 'bio_encoder.encoder.layers.0.self_attn.out_proj.bias', 'bio_encoder.encoder.layers.0.self_attn.out_proj.weight', 'bio_encoder.encoder.layers.0.norm2.weight', 'bio_encoder.encoder.layers.0.linear2.bias', 'bio_encoder.encoder.layers.0.norm2.bias', 'bio_encoder.encoder.layers.0.linear1.weight']
You should probably TRAIN this model on a down-stream task to be able to use it for predictions and inference.
trainable params: 6,553,600 || all params: 14,151,578,931 || trainable%: 0.0463100268313092
>> model.config.train_mask_prompt_encoder:  True
n:  base_model.model.model.embed_tokens.weight p.shape:  torch.Size([32002, 5120])
n:  base_model.model.model.visual_model.prompt_encoder.point_embeddings.0.weight p.shape:  torch.Size([1, 256])
n:  base_model.model.model.visual_model.prompt_encoder.point_embeddings.1.weight p.shape:  torch.Size([1, 256])
n:  base_model.model.model.visual_model.prompt_encoder.point_embeddings.2.weight p.shape:  torch.Size([1, 256])
n:  base_model.model.model.visual_model.prompt_encoder.point_embeddings.3.weight p.shape:  torch.Size([1, 256])
n:  base_model.model.model.visual_model.prompt_encoder.not_a_point_embed.weight p.shape:  torch.Size([1, 256])
n:  base_model.model.model.visual_model.prompt_encoder.mask_downscaling.0.weight p.shape:  torch.Size([4, 1, 2, 2])
n:  base_model.model.model.visual_model.prompt_encoder.mask_downscaling.0.bias p.shape:  torch.Size([4])
n:  base_model.model.model.visual_model.prompt_encoder.mask_downscaling.1.weight p.shape:  torch.Size([4])
n:  base_model.model.model.visual_model.prompt_encoder.mask_downscaling.1.bias p.shape:  torch.Size([4])
n:  base_model.model.model.visual_model.prompt_encoder.mask_downscaling.3.weight p.shape:  torch.Size([16, 4, 2, 2])
n:  base_model.model.model.visual_model.prompt_encoder.mask_downscaling.3.bias p.shape:  torch.Size([16])
n:  base_model.model.model.visual_model.prompt_encoder.mask_downscaling.4.weight p.shape:  torch.Size([16])
n:  base_model.model.model.visual_model.prompt_encoder.mask_downscaling.4.bias p.shape:  torch.Size([16])
n:  base_model.model.model.visual_model.prompt_encoder.mask_downscaling.6.weight p.shape:  torch.Size([256, 16, 1, 1])
n:  base_model.model.model.visual_model.prompt_encoder.mask_downscaling.6.bias p.shape:  torch.Size([256])
n:  base_model.model.model.visual_model.prompt_encoder.no_mask_embed.weight p.shape:  torch.Size([1, 256])
n:  base_model.model.model.visual_model.mask_decoder.transformer.layers.0.self_attn.q_proj.weight p.shape:  torch.Size([256, 256])
n:  base_model.model.model.visual_model.mask_decoder.transformer.layers.0.self_attn.q_proj.bias p.shape:  torch.Size([256])
n:  base_model.model.model.visual_model.mask_decoder.transformer.layers.0.self_attn.k_proj.weight p.shape:  torch.Size([256, 256])
n:  base_model.model.model.visual_model.mask_decoder.transformer.layers.0.self_attn.k_proj.bias p.shape:  torch.Size([256])
n:  base_model.model.model.visual_model.mask_decoder.transformer.layers.0.self_attn.v_proj.weight p.shape:  torch.Size([256, 256])
n:  base_model.model.model.visual_model.mask_decoder.transformer.layers.0.self_attn.v_proj.bias p.shape:  torch.Size([256])
n:  base_model.model.model.visual_model.mask_decoder.transformer.layers.0.self_attn.out_proj.weight p.shape:  torch.Size([256, 256])
n:  base_model.model.model.visual_model.mask_decoder.transformer.layers.0.self_attn.out_proj.bias p.shape:  torch.Size([256])
n:  base_model.model.model.visual_model.mask_decoder.transformer.layers.0.norm1.weight p.shape:  torch.Size([256])
n:  base_model.model.model.visual_model.mask_decoder.transformer.layers.0.norm1.bias p.shape:  torch.Size([256])
n:  base_model.model.model.visual_model.mask_decoder.transformer.layers.0.cross_attn_token_to_image.q_proj.weight p.shape:  torch.Size([128, 256])
n:  base_model.model.model.visual_model.mask_decoder.transformer.layers.0.cross_attn_token_to_image.q_proj.bias p.shape:  torch.Size([128])
n:  base_model.model.model.visual_model.mask_decoder.transformer.layers.0.cross_attn_token_to_image.k_proj.weight p.shape:  torch.Size([128, 256])
n:  base_model.model.model.visual_model.mask_decoder.transformer.layers.0.cross_attn_token_to_image.k_proj.bias p.shape:  torch.Size([128])
n:  base_model.model.model.visual_model.mask_decoder.transformer.layers.0.cross_attn_token_to_image.v_proj.weight p.shape:  torch.Size([128, 256])
n:  base_model.model.model.visual_model.mask_decoder.transformer.layers.0.cross_attn_token_to_image.v_proj.bias p.shape:  torch.Size([128])
n:  base_model.model.model.visual_model.mask_decoder.transformer.layers.0.cross_attn_token_to_image.out_proj.weight p.shape:  torch.Size([256, 128])
n:  base_model.model.model.visual_model.mask_decoder.transformer.layers.0.cross_attn_token_to_image.out_proj.bias p.shape:  torch.Size([256])
n:  base_model.model.model.visual_model.mask_decoder.transformer.layers.0.norm2.weight p.shape:  torch.Size([256])
n:  base_model.model.model.visual_model.mask_decoder.transformer.layers.0.norm2.bias p.shape:  torch.Size([256])
n:  base_model.model.model.visual_model.mask_decoder.transformer.layers.0.mlp.lin1.weight p.shape:  torch.Size([2048, 256])
n:  base_model.model.model.visual_model.mask_decoder.transformer.layers.0.mlp.lin1.bias p.shape:  torch.Size([2048])
n:  base_model.model.model.visual_model.mask_decoder.transformer.layers.0.mlp.lin2.weight p.shape:  torch.Size([256, 2048])
n:  base_model.model.model.visual_model.mask_decoder.transformer.layers.0.mlp.lin2.bias p.shape:  torch.Size([256])
n:  base_model.model.model.visual_model.mask_decoder.transformer.layers.0.norm3.weight p.shape:  torch.Size([256])
n:  base_model.model.model.visual_model.mask_decoder.transformer.layers.0.norm3.bias p.shape:  torch.Size([256])
n:  base_model.model.model.visual_model.mask_decoder.transformer.layers.0.norm4.weight p.shape:  torch.Size([256])
n:  base_model.model.model.visual_model.mask_decoder.transformer.layers.0.norm4.bias p.shape:  torch.Size([256])
n:  base_model.model.model.visual_model.mask_decoder.transformer.layers.0.cross_attn_image_to_token.q_proj.weight p.shape:  torch.Size([128, 256])
n:  base_model.model.model.visual_model.mask_decoder.transformer.layers.0.cross_attn_image_to_token.q_proj.bias p.shape:  torch.Size([128])
n:  base_model.model.model.visual_model.mask_decoder.transformer.layers.0.cross_attn_image_to_token.k_proj.weight p.shape:  torch.Size([128, 256])
n:  base_model.model.model.visual_model.mask_decoder.transformer.layers.0.cross_attn_image_to_token.k_proj.bias p.shape:  torch.Size([128])
n:  base_model.model.model.visual_model.mask_decoder.transformer.layers.0.cross_attn_image_to_token.v_proj.weight p.shape:  torch.Size([128, 256])
n:  base_model.model.model.visual_model.mask_decoder.transformer.layers.0.cross_attn_image_to_token.v_proj.bias p.shape:  torch.Size([128])
n:  base_model.model.model.visual_model.mask_decoder.transformer.layers.0.cross_attn_image_to_token.out_proj.weight p.shape:  torch.Size([256, 128])
n:  base_model.model.model.visual_model.mask_decoder.transformer.layers.0.cross_attn_image_to_token.out_proj.bias p.shape:  torch.Size([256])
n:  base_model.model.model.visual_model.mask_decoder.transformer.layers.1.self_attn.q_proj.weight p.shape:  torch.Size([256, 256])
n:  base_model.model.model.visual_model.mask_decoder.transformer.layers.1.self_attn.q_proj.bias p.shape:  torch.Size([256])
n:  base_model.model.model.visual_model.mask_decoder.transformer.layers.1.self_attn.k_proj.weight p.shape:  torch.Size([256, 256])
n:  base_model.model.model.visual_model.mask_decoder.transformer.layers.1.self_attn.k_proj.bias p.shape:  torch.Size([256])
n:  base_model.model.model.visual_model.mask_decoder.transformer.layers.1.self_attn.v_proj.weight p.shape:  torch.Size([256, 256])
n:  base_model.model.model.visual_model.mask_decoder.transformer.layers.1.self_attn.v_proj.bias p.shape:  torch.Size([256])
n:  base_model.model.model.visual_model.mask_decoder.transformer.layers.1.self_attn.out_proj.weight p.shape:  torch.Size([256, 256])
n:  base_model.model.model.visual_model.mask_decoder.transformer.layers.1.self_attn.out_proj.bias p.shape:  torch.Size([256])
n:  base_model.model.model.visual_model.mask_decoder.transformer.layers.1.norm1.weight p.shape:  torch.Size([256])
n:  base_model.model.model.visual_model.mask_decoder.transformer.layers.1.norm1.bias p.shape:  torch.Size([256])
n:  base_model.model.model.visual_model.mask_decoder.transformer.layers.1.cross_attn_token_to_image.q_proj.weight p.shape:  torch.Size([128, 256])
n:  base_model.model.model.visual_model.mask_decoder.transformer.layers.1.cross_attn_token_to_image.q_proj.bias p.shape:  torch.Size([128])
n:  base_model.model.model.visual_model.mask_decoder.transformer.layers.1.cross_attn_token_to_image.k_proj.weight p.shape:  torch.Size([128, 256])
n:  base_model.model.model.visual_model.mask_decoder.transformer.layers.1.cross_attn_token_to_image.k_proj.bias p.shape:  torch.Size([128])
n:  base_model.model.model.visual_model.mask_decoder.transformer.layers.1.cross_attn_token_to_image.v_proj.weight p.shape:  torch.Size([128, 256])
n:  base_model.model.model.visual_model.mask_decoder.transformer.layers.1.cross_attn_token_to_image.v_proj.bias p.shape:  torch.Size([128])
n:  base_model.model.model.visual_model.mask_decoder.transformer.layers.1.cross_attn_token_to_image.out_proj.weight p.shape:  torch.Size([256, 128])
n:  base_model.model.model.visual_model.mask_decoder.transformer.layers.1.cross_attn_token_to_image.out_proj.bias p.shape:  torch.Size([256])
n:  base_model.model.model.visual_model.mask_decoder.transformer.layers.1.norm2.weight p.shape:  torch.Size([256])
n:  base_model.model.model.visual_model.mask_decoder.transformer.layers.1.norm2.bias p.shape:  torch.Size([256])
n:  base_model.model.model.visual_model.mask_decoder.transformer.layers.1.mlp.lin1.weight p.shape:  torch.Size([2048, 256])
n:  base_model.model.model.visual_model.mask_decoder.transformer.layers.1.mlp.lin1.bias p.shape:  torch.Size([2048])
n:  base_model.model.model.visual_model.mask_decoder.transformer.layers.1.mlp.lin2.weight p.shape:  torch.Size([256, 2048])
n:  base_model.model.model.visual_model.mask_decoder.transformer.layers.1.mlp.lin2.bias p.shape:  torch.Size([256])
n:  base_model.model.model.visual_model.mask_decoder.transformer.layers.1.norm3.weight p.shape:  torch.Size([256])
n:  base_model.model.model.visual_model.mask_decoder.transformer.layers.1.norm3.bias p.shape:  torch.Size([256])
n:  base_model.model.model.visual_model.mask_decoder.transformer.layers.1.norm4.weight p.shape:  torch.Size([256])
n:  base_model.model.model.visual_model.mask_decoder.transformer.layers.1.norm4.bias p.shape:  torch.Size([256])
n:  base_model.model.model.visual_model.mask_decoder.transformer.layers.1.cross_attn_image_to_token.q_proj.weight p.shape:  torch.Size([128, 256])
n:  base_model.model.model.visual_model.mask_decoder.transformer.layers.1.cross_attn_image_to_token.q_proj.bias p.shape:  torch.Size([128])
n:  base_model.model.model.visual_model.mask_decoder.transformer.layers.1.cross_attn_image_to_token.k_proj.weight p.shape:  torch.Size([128, 256])
n:  base_model.model.model.visual_model.mask_decoder.transformer.layers.1.cross_attn_image_to_token.k_proj.bias p.shape:  torch.Size([128])
n:  base_model.model.model.visual_model.mask_decoder.transformer.layers.1.cross_attn_image_to_token.v_proj.weight p.shape:  torch.Size([128, 256])
n:  base_model.model.model.visual_model.mask_decoder.transformer.layers.1.cross_attn_image_to_token.v_proj.bias p.shape:  torch.Size([128])
n:  base_model.model.model.visual_model.mask_decoder.transformer.layers.1.cross_attn_image_to_token.out_proj.weight p.shape:  torch.Size([256, 128])
n:  base_model.model.model.visual_model.mask_decoder.transformer.layers.1.cross_attn_image_to_token.out_proj.bias p.shape:  torch.Size([256])
n:  base_model.model.model.visual_model.mask_decoder.transformer.final_attn_token_to_image.q_proj.weight p.shape:  torch.Size([128, 256])
n:  base_model.model.model.visual_model.mask_decoder.transformer.final_attn_token_to_image.q_proj.bias p.shape:  torch.Size([128])
n:  base_model.model.model.visual_model.mask_decoder.transformer.final_attn_token_to_image.k_proj.weight p.shape:  torch.Size([128, 256])
n:  base_model.model.model.visual_model.mask_decoder.transformer.final_attn_token_to_image.k_proj.bias p.shape:  torch.Size([128])
n:  base_model.model.model.visual_model.mask_decoder.transformer.final_attn_token_to_image.v_proj.weight p.shape:  torch.Size([128, 256])
n:  base_model.model.model.visual_model.mask_decoder.transformer.final_attn_token_to_image.v_proj.bias p.shape:  torch.Size([128])
n:  base_model.model.model.visual_model.mask_decoder.transformer.final_attn_token_to_image.out_proj.weight p.shape:  torch.Size([256, 128])
n:  base_model.model.model.visual_model.mask_decoder.transformer.final_attn_token_to_image.out_proj.bias p.shape:  torch.Size([256])
n:  base_model.model.model.visual_model.mask_decoder.transformer.norm_final_attn.weight p.shape:  torch.Size([256])
n:  base_model.model.model.visual_model.mask_decoder.transformer.norm_final_attn.bias p.shape:  torch.Size([256])
n:  base_model.model.model.visual_model.mask_decoder.iou_token.weight p.shape:  torch.Size([1, 256])
n:  base_model.model.model.visual_model.mask_decoder.mask_tokens.weight p.shape:  torch.Size([4, 256])
n:  base_model.model.model.visual_model.mask_decoder.output_upscaling.0.weight p.shape:  torch.Size([256, 64, 2, 2])
n:  base_model.model.model.visual_model.mask_decoder.output_upscaling.0.bias p.shape:  torch.Size([64])
n:  base_model.model.model.visual_model.mask_decoder.output_upscaling.1.weight p.shape:  torch.Size([64])
n:  base_model.model.model.visual_model.mask_decoder.output_upscaling.1.bias p.shape:  torch.Size([64])
n:  base_model.model.model.visual_model.mask_decoder.output_upscaling.3.weight p.shape:  torch.Size([64, 32, 2, 2])
n:  base_model.model.model.visual_model.mask_decoder.output_upscaling.3.bias p.shape:  torch.Size([32])
n:  base_model.model.model.visual_model.mask_decoder.output_hypernetworks_mlps.0.layers.0.weight p.shape:  torch.Size([256, 256])
n:  base_model.model.model.visual_model.mask_decoder.output_hypernetworks_mlps.0.layers.0.bias p.shape:  torch.Size([256])
n:  base_model.model.model.visual_model.mask_decoder.output_hypernetworks_mlps.0.layers.1.weight p.shape:  torch.Size([256, 256])
n:  base_model.model.model.visual_model.mask_decoder.output_hypernetworks_mlps.0.layers.1.bias p.shape:  torch.Size([256])
n:  base_model.model.model.visual_model.mask_decoder.output_hypernetworks_mlps.0.layers.2.weight p.shape:  torch.Size([32, 256])
n:  base_model.model.model.visual_model.mask_decoder.output_hypernetworks_mlps.0.layers.2.bias p.shape:  torch.Size([32])
n:  base_model.model.model.visual_model.mask_decoder.output_hypernetworks_mlps.1.layers.0.weight p.shape:  torch.Size([256, 256])
n:  base_model.model.model.visual_model.mask_decoder.output_hypernetworks_mlps.1.layers.0.bias p.shape:  torch.Size([256])
n:  base_model.model.model.visual_model.mask_decoder.output_hypernetworks_mlps.1.layers.1.weight p.shape:  torch.Size([256, 256])
n:  base_model.model.model.visual_model.mask_decoder.output_hypernetworks_mlps.1.layers.1.bias p.shape:  torch.Size([256])
n:  base_model.model.model.visual_model.mask_decoder.output_hypernetworks_mlps.1.layers.2.weight p.shape:  torch.Size([32, 256])
n:  base_model.model.model.visual_model.mask_decoder.output_hypernetworks_mlps.1.layers.2.bias p.shape:  torch.Size([32])
n:  base_model.model.model.visual_model.mask_decoder.output_hypernetworks_mlps.2.layers.0.weight p.shape:  torch.Size([256, 256])
n:  base_model.model.model.visual_model.mask_decoder.output_hypernetworks_mlps.2.layers.0.bias p.shape:  torch.Size([256])
n:  base_model.model.model.visual_model.mask_decoder.output_hypernetworks_mlps.2.layers.1.weight p.shape:  torch.Size([256, 256])
n:  base_model.model.model.visual_model.mask_decoder.output_hypernetworks_mlps.2.layers.1.bias p.shape:  torch.Size([256])
n:  base_model.model.model.visual_model.mask_decoder.output_hypernetworks_mlps.2.layers.2.weight p.shape:  torch.Size([32, 256])
n:  base_model.model.model.visual_model.mask_decoder.output_hypernetworks_mlps.2.layers.2.bias p.shape:  torch.Size([32])
n:  base_model.model.model.visual_model.mask_decoder.output_hypernetworks_mlps.3.layers.0.weight p.shape:  torch.Size([256, 256])
n:  base_model.model.model.visual_model.mask_decoder.output_hypernetworks_mlps.3.layers.0.bias p.shape:  torch.Size([256])
n:  base_model.model.model.visual_model.mask_decoder.output_hypernetworks_mlps.3.layers.1.weight p.shape:  torch.Size([256, 256])
n:  base_model.model.model.visual_model.mask_decoder.output_hypernetworks_mlps.3.layers.1.bias p.shape:  torch.Size([256])
n:  base_model.model.model.visual_model.mask_decoder.output_hypernetworks_mlps.3.layers.2.weight p.shape:  torch.Size([32, 256])
n:  base_model.model.model.visual_model.mask_decoder.output_hypernetworks_mlps.3.layers.2.bias p.shape:  torch.Size([32])
n:  base_model.model.model.visual_model.mask_decoder.iou_prediction_head.layers.0.weight p.shape:  torch.Size([256, 256])
n:  base_model.model.model.visual_model.mask_decoder.iou_prediction_head.layers.0.bias p.shape:  torch.Size([256])
n:  base_model.model.model.visual_model.mask_decoder.iou_prediction_head.layers.1.weight p.shape:  torch.Size([256, 256])
n:  base_model.model.model.visual_model.mask_decoder.iou_prediction_head.layers.1.bias p.shape:  torch.Size([256])
n:  base_model.model.model.visual_model.mask_decoder.iou_prediction_head.layers.2.weight p.shape:  torch.Size([4, 256])
n:  base_model.model.model.visual_model.mask_decoder.iou_prediction_head.layers.2.bias p.shape:  torch.Size([4])
n:  base_model.model.model.text_hidden_fcs.0.0.weight p.shape:  torch.Size([5120, 5120])
n:  base_model.model.model.text_hidden_fcs.0.0.bias p.shape:  torch.Size([5120])
n:  base_model.model.model.text_hidden_fcs.0.2.weight p.shape:  torch.Size([256, 5120])
n:  base_model.model.model.text_hidden_fcs.0.2.bias p.shape:  torch.Size([256])
n:  base_model.model.model.token_to_mask_fcs.0.0.weight p.shape:  torch.Size([5120, 5120])
n:  base_model.model.model.token_to_mask_fcs.0.0.bias p.shape:  torch.Size([5120])
n:  base_model.model.model.token_to_mask_fcs.0.2.weight p.shape:  torch.Size([3, 5120])
n:  base_model.model.model.token_to_mask_fcs.0.2.bias p.shape:  torch.Size([3])
n:  base_model.model.lm_head.weight p.shape:  torch.Size([32002, 5120])
n:  base_model.model.bio_encoder.encoder.layers.0.self_attn.in_proj_weight p.shape:  torch.Size([15360, 5120])
n:  base_model.model.bio_encoder.encoder.layers.0.self_attn.in_proj_bias p.shape:  torch.Size([15360])
n:  base_model.model.bio_encoder.encoder.layers.0.self_attn.out_proj.weight p.shape:  torch.Size([5120, 5120])
n:  base_model.model.bio_encoder.encoder.layers.0.self_attn.out_proj.bias p.shape:  torch.Size([5120])
n:  base_model.model.bio_encoder.encoder.layers.0.linear1.weight p.shape:  torch.Size([2048, 5120])
n:  base_model.model.bio_encoder.encoder.layers.0.linear1.bias p.shape:  torch.Size([2048])
n:  base_model.model.bio_encoder.encoder.layers.0.linear2.weight p.shape:  torch.Size([5120, 2048])
n:  base_model.model.bio_encoder.encoder.layers.0.linear2.bias p.shape:  torch.Size([5120])
n:  base_model.model.bio_encoder.encoder.layers.0.norm1.weight p.shape:  torch.Size([5120])
n:  base_model.model.bio_encoder.encoder.layers.0.norm1.bias p.shape:  torch.Size([5120])
n:  base_model.model.bio_encoder.encoder.layers.0.norm2.weight p.shape:  torch.Size([5120])
n:  base_model.model.bio_encoder.encoder.layers.0.norm2.bias p.shape:  torch.Size([5120])
>> (plum_train_ds) loading ExplanatorySegDataset...
>> (plum_train_ds) question_types:  QuestionType.IDENTIFICATION_WITH_LABEL
(explanatory_seg_dataset.py) >>> Loading dataset from: /shared/nas2/blume5/sp25/partonomy/partonomy_private/data/partonomy_descriptors/partimagenet/partimagenet_qa_pairs_train.json /shared/nas2/blume5/sp25/partonomy/partonomy_private/data/partonomy_descriptors/partimagenet/partimagenet_qa_pairs_train.json
(explanatory_seg_dataset.py) >>> Loading dataset from: /shared/nas2/blume5/sp25/partonomy/partonomy_private/data/partonomy_descriptors/pascal_part/pascal_part_qa_pairs_train.json /shared/nas2/blume5/sp25/partonomy/partonomy_private/data/partonomy_descriptors/pascal_part/pascal_part_qa_pairs_train.json
(explanatory_seg_dataset.py) >>> Loading dataset from: /shared/nas2/blume5/sp25/partonomy/partonomy_private/data/partonomy_descriptors/paco_lvis/paco_lvis_qa_pairs_train.json /shared/nas2/blume5/sp25/partonomy/partonomy_private/data/partonomy_descriptors/paco_lvis/paco_lvis_qa_pairs_train.json
Training with 71337 examples.
(explanatory_seg_dataset.py) >>> Loading dataset from: /shared/nas2/blume5/sp25/partonomy/partonomy_private/data/partonomy_descriptors/partimagenet/partimagenet_qa_pairs_val.json /shared/nas2/blume5/sp25/partonomy/partonomy_private/data/partonomy_descriptors/partimagenet/partimagenet_qa_pairs_val.json
>> ExplanatorySegDataset (identification_with_label): Validating with 4066 examples.
[2025-05-07 05:35:12,455] [INFO] [logging.py:96:log_dist] [Rank -1] DeepSpeed info: version=0.9.5, git-hash=unknown, git-branch=unknown
[2025-05-07 05:35:12,457] [WARNING] [comm.py:152:init_deepspeed_backend] NCCL backend in DeepSpeed not yet implemented
[2025-05-07 05:35:12,457] [INFO] [comm.py:594:init_distributed] cdb=None
[2025-05-07 05:35:12,458] [INFO] [comm.py:625:init_distributed] Initializing TorchBackend in DeepSpeed with backend nccl
[2025-05-07 05:35:30,767] [INFO] [logging.py:96:log_dist] [Rank 0] DeepSpeed Flops Profiler Enabled: False
Using /shared/nas/data/m1/jk100/.cache/torch_extensions/py310_cu118 as PyTorch extensions root...
Detected CUDA files, patching ldflags
Emitting ninja build file /shared/nas/data/m1/jk100/.cache/torch_extensions/py310_cu118/fused_adam/build.ninja...
/shared/nas/data/m1/jk100/.conda/envs/llava/lib/python3.10/site-packages/torch/utils/cpp_extension.py:1967: UserWarning: TORCH_CUDA_ARCH_LIST is not set, all archs for visible cards are included for compilation.
If this is not desired, please set os.environ['TORCH_CUDA_ARCH_LIST'].
  warnings.warn(
Building extension module fused_adam...
Allowing ninja to set a default number of workers... (overridable by setting the environment variable MAX_JOBS=N)
[rank0]: Traceback (most recent call last):
[rank0]:   File "/shared/nas/data/m1/jk100/.conda/envs/llava/lib/python3.10/site-packages/torch/utils/cpp_extension.py", line 2107, in _run_ninja_build
[rank0]:     subprocess.run(
[rank0]:   File "/shared/nas/data/m1/jk100/.conda/envs/llava/lib/python3.10/subprocess.py", line 526, in run
[rank0]:     raise CalledProcessError(retcode, process.args,
[rank0]: subprocess.CalledProcessError: Command '['ninja', '-v']' returned non-zero exit status 1.
[rank0]: The above exception was the direct cause of the following exception:
[rank0]: Traceback (most recent call last):
[rank0]:   File "/shared/nas2/jk100/partonomy_private/src/models/PLUM/plum_train_ds.py", line 1048, in <module>
[rank0]:   File "/shared/nas2/jk100/partonomy_private/src/models/PLUM/plum_train_ds.py", line 527, in main
[rank0]:     model_engine, optimizer, train_loader, scheduler = deepspeed.initialize(
[rank0]:   File "/shared/nas/data/m1/jk100/.conda/envs/llava/lib/python3.10/site-packages/deepspeed/__init__.py", line 165, in initialize
[rank0]:     engine = DeepSpeedEngine(args=args,
[rank0]:   File "/shared/nas/data/m1/jk100/.conda/envs/llava/lib/python3.10/site-packages/deepspeed/runtime/engine.py", line 309, in __init__
[rank0]:     self._configure_optimizer(optimizer, model_parameters)
[rank0]:   File "/shared/nas/data/m1/jk100/.conda/envs/llava/lib/python3.10/site-packages/deepspeed/runtime/engine.py", line 1173, in _configure_optimizer
[rank0]:     basic_optimizer = self._configure_basic_optimizer(model_parameters)
[rank0]:   File "/shared/nas/data/m1/jk100/.conda/envs/llava/lib/python3.10/site-packages/deepspeed/runtime/engine.py", line 1235, in _configure_basic_optimizer
[rank0]:     optimizer = FusedAdam(
[rank0]:   File "/shared/nas/data/m1/jk100/.conda/envs/llava/lib/python3.10/site-packages/deepspeed/ops/adam/fused_adam.py", line 94, in __init__
[rank0]:     fused_adam_cuda = FusedAdamBuilder().load()
[rank0]:   File "/shared/nas/data/m1/jk100/.conda/envs/llava/lib/python3.10/site-packages/deepspeed/ops/op_builder/builder.py", line 454, in load
[rank0]:     return self.jit_load(verbose)
[rank0]:   File "/shared/nas/data/m1/jk100/.conda/envs/llava/lib/python3.10/site-packages/deepspeed/ops/op_builder/builder.py", line 497, in jit_load
[rank0]:     op_module = load(name=self.name,
[rank0]:   File "/shared/nas/data/m1/jk100/.conda/envs/llava/lib/python3.10/site-packages/torch/utils/cpp_extension.py", line 1309, in load
[rank0]:     return _jit_compile(
[rank0]:   File "/shared/nas/data/m1/jk100/.conda/envs/llava/lib/python3.10/site-packages/torch/utils/cpp_extension.py", line 1719, in _jit_compile
[rank0]:     _write_ninja_file_and_build_library(
[rank0]:   File "/shared/nas/data/m1/jk100/.conda/envs/llava/lib/python3.10/site-packages/torch/utils/cpp_extension.py", line 1832, in _write_ninja_file_and_build_library
[rank0]:     _run_ninja_build(
[rank0]:   File "/shared/nas/data/m1/jk100/.conda/envs/llava/lib/python3.10/site-packages/torch/utils/cpp_extension.py", line 2123, in _run_ninja_build
[rank0]:     raise RuntimeError(message) from e
[rank0]: RuntimeError: Error building extension 'fused_adam'