You are using the legacy behaviour of the <class 'transformers.models.llama.tokenization_llama.LlamaTokenizer'>. This means that tokens that come after special tokens will not be properly handled. We recommend you to read the related pull request available at https://github.com/huggingface/transformers/pull/24565



Loading checkpoint shards: 100%|██████████| 3/3 [00:16<00:00,  5.58s/it]
trainable params: 6,553,600 || all params: 14,025,701,683 || trainable%: 0.0467256480147682
n:  base_model.model.model.embed_tokens.weight p.shape:  torch.Size([32002, 5120])
n:  base_model.model.model.visual_model.mask_decoder.transformer.layers.0.self_attn.q_proj.weight p.shape:  torch.Size([256, 256])
n:  base_model.model.model.visual_model.mask_decoder.transformer.layers.0.self_attn.q_proj.bias p.shape:  torch.Size([256])
n:  base_model.model.model.visual_model.mask_decoder.transformer.layers.0.self_attn.k_proj.weight p.shape:  torch.Size([256, 256])
n:  base_model.model.model.visual_model.mask_decoder.transformer.layers.0.self_attn.k_proj.bias p.shape:  torch.Size([256])
n:  base_model.model.model.visual_model.mask_decoder.transformer.layers.0.self_attn.v_proj.weight p.shape:  torch.Size([256, 256])
n:  base_model.model.model.visual_model.mask_decoder.transformer.layers.0.self_attn.v_proj.bias p.shape:  torch.Size([256])
n:  base_model.model.model.visual_model.mask_decoder.transformer.layers.0.self_attn.out_proj.weight p.shape:  torch.Size([256, 256])
n:  base_model.model.model.visual_model.mask_decoder.transformer.layers.0.self_attn.out_proj.bias p.shape:  torch.Size([256])
n:  base_model.model.model.visual_model.mask_decoder.transformer.layers.0.norm1.weight p.shape:  torch.Size([256])
n:  base_model.model.model.visual_model.mask_decoder.transformer.layers.0.norm1.bias p.shape:  torch.Size([256])
n:  base_model.model.model.visual_model.mask_decoder.transformer.layers.0.cross_attn_token_to_image.q_proj.weight p.shape:  torch.Size([128, 256])
n:  base_model.model.model.visual_model.mask_decoder.transformer.layers.0.cross_attn_token_to_image.q_proj.bias p.shape:  torch.Size([128])
n:  base_model.model.model.visual_model.mask_decoder.transformer.layers.0.cross_attn_token_to_image.k_proj.weight p.shape:  torch.Size([128, 256])
n:  base_model.model.model.visual_model.mask_decoder.transformer.layers.0.cross_attn_token_to_image.k_proj.bias p.shape:  torch.Size([128])
n:  base_model.model.model.visual_model.mask_decoder.transformer.layers.0.cross_attn_token_to_image.v_proj.weight p.shape:  torch.Size([128, 256])
n:  base_model.model.model.visual_model.mask_decoder.transformer.layers.0.cross_attn_token_to_image.v_proj.bias p.shape:  torch.Size([128])
n:  base_model.model.model.visual_model.mask_decoder.transformer.layers.0.cross_attn_token_to_image.out_proj.weight p.shape:  torch.Size([256, 128])
n:  base_model.model.model.visual_model.mask_decoder.transformer.layers.0.cross_attn_token_to_image.out_proj.bias p.shape:  torch.Size([256])
n:  base_model.model.model.visual_model.mask_decoder.transformer.layers.0.norm2.weight p.shape:  torch.Size([256])
n:  base_model.model.model.visual_model.mask_decoder.transformer.layers.0.norm2.bias p.shape:  torch.Size([256])
n:  base_model.model.model.visual_model.mask_decoder.transformer.layers.0.mlp.lin1.weight p.shape:  torch.Size([2048, 256])
n:  base_model.model.model.visual_model.mask_decoder.transformer.layers.0.mlp.lin1.bias p.shape:  torch.Size([2048])
n:  base_model.model.model.visual_model.mask_decoder.transformer.layers.0.mlp.lin2.weight p.shape:  torch.Size([256, 2048])
n:  base_model.model.model.visual_model.mask_decoder.transformer.layers.0.mlp.lin2.bias p.shape:  torch.Size([256])
n:  base_model.model.model.visual_model.mask_decoder.transformer.layers.0.norm3.weight p.shape:  torch.Size([256])
n:  base_model.model.model.visual_model.mask_decoder.transformer.layers.0.norm3.bias p.shape:  torch.Size([256])
n:  base_model.model.model.visual_model.mask_decoder.transformer.layers.0.norm4.weight p.shape:  torch.Size([256])
n:  base_model.model.model.visual_model.mask_decoder.transformer.layers.0.norm4.bias p.shape:  torch.Size([256])
n:  base_model.model.model.visual_model.mask_decoder.transformer.layers.0.cross_attn_image_to_token.q_proj.weight p.shape:  torch.Size([128, 256])
n:  base_model.model.model.visual_model.mask_decoder.transformer.layers.0.cross_attn_image_to_token.q_proj.bias p.shape:  torch.Size([128])
n:  base_model.model.model.visual_model.mask_decoder.transformer.layers.0.cross_attn_image_to_token.k_proj.weight p.shape:  torch.Size([128, 256])
n:  base_model.model.model.visual_model.mask_decoder.transformer.layers.0.cross_attn_image_to_token.k_proj.bias p.shape:  torch.Size([128])
n:  base_model.model.model.visual_model.mask_decoder.transformer.layers.0.cross_attn_image_to_token.v_proj.weight p.shape:  torch.Size([128, 256])
n:  base_model.model.model.visual_model.mask_decoder.transformer.layers.0.cross_attn_image_to_token.v_proj.bias p.shape:  torch.Size([128])
n:  base_model.model.model.visual_model.mask_decoder.transformer.layers.0.cross_attn_image_to_token.out_proj.weight p.shape:  torch.Size([256, 128])
n:  base_model.model.model.visual_model.mask_decoder.transformer.layers.0.cross_attn_image_to_token.out_proj.bias p.shape:  torch.Size([256])
n:  base_model.model.model.visual_model.mask_decoder.transformer.layers.1.self_attn.q_proj.weight p.shape:  torch.Size([256, 256])
n:  base_model.model.model.visual_model.mask_decoder.transformer.layers.1.self_attn.q_proj.bias p.shape:  torch.Size([256])
n:  base_model.model.model.visual_model.mask_decoder.transformer.layers.1.self_attn.k_proj.weight p.shape:  torch.Size([256, 256])
n:  base_model.model.model.visual_model.mask_decoder.transformer.layers.1.self_attn.k_proj.bias p.shape:  torch.Size([256])
n:  base_model.model.model.visual_model.mask_decoder.transformer.layers.1.self_attn.v_proj.weight p.shape:  torch.Size([256, 256])
n:  base_model.model.model.visual_model.mask_decoder.transformer.layers.1.self_attn.v_proj.bias p.shape:  torch.Size([256])
n:  base_model.model.model.visual_model.mask_decoder.transformer.layers.1.self_attn.out_proj.weight p.shape:  torch.Size([256, 256])
n:  base_model.model.model.visual_model.mask_decoder.transformer.layers.1.self_attn.out_proj.bias p.shape:  torch.Size([256])
n:  base_model.model.model.visual_model.mask_decoder.transformer.layers.1.norm1.weight p.shape:  torch.Size([256])
n:  base_model.model.model.visual_model.mask_decoder.transformer.layers.1.norm1.bias p.shape:  torch.Size([256])
n:  base_model.model.model.visual_model.mask_decoder.transformer.layers.1.cross_attn_token_to_image.q_proj.weight p.shape:  torch.Size([128, 256])
n:  base_model.model.model.visual_model.mask_decoder.transformer.layers.1.cross_attn_token_to_image.q_proj.bias p.shape:  torch.Size([128])
n:  base_model.model.model.visual_model.mask_decoder.transformer.layers.1.cross_attn_token_to_image.k_proj.weight p.shape:  torch.Size([128, 256])
n:  base_model.model.model.visual_model.mask_decoder.transformer.layers.1.cross_attn_token_to_image.k_proj.bias p.shape:  torch.Size([128])
n:  base_model.model.model.visual_model.mask_decoder.transformer.layers.1.cross_attn_token_to_image.v_proj.weight p.shape:  torch.Size([128, 256])
n:  base_model.model.model.visual_model.mask_decoder.transformer.layers.1.cross_attn_token_to_image.v_proj.bias p.shape:  torch.Size([128])
n:  base_model.model.model.visual_model.mask_decoder.transformer.layers.1.cross_attn_token_to_image.out_proj.weight p.shape:  torch.Size([256, 128])
n:  base_model.model.model.visual_model.mask_decoder.transformer.layers.1.cross_attn_token_to_image.out_proj.bias p.shape:  torch.Size([256])
n:  base_model.model.model.visual_model.mask_decoder.transformer.layers.1.norm2.weight p.shape:  torch.Size([256])
n:  base_model.model.model.visual_model.mask_decoder.transformer.layers.1.norm2.bias p.shape:  torch.Size([256])
n:  base_model.model.model.visual_model.mask_decoder.transformer.layers.1.mlp.lin1.weight p.shape:  torch.Size([2048, 256])
n:  base_model.model.model.visual_model.mask_decoder.transformer.layers.1.mlp.lin1.bias p.shape:  torch.Size([2048])
n:  base_model.model.model.visual_model.mask_decoder.transformer.layers.1.mlp.lin2.weight p.shape:  torch.Size([256, 2048])
n:  base_model.model.model.visual_model.mask_decoder.transformer.layers.1.mlp.lin2.bias p.shape:  torch.Size([256])
n:  base_model.model.model.visual_model.mask_decoder.transformer.layers.1.norm3.weight p.shape:  torch.Size([256])
n:  base_model.model.model.visual_model.mask_decoder.transformer.layers.1.norm3.bias p.shape:  torch.Size([256])
n:  base_model.model.model.visual_model.mask_decoder.transformer.layers.1.norm4.weight p.shape:  torch.Size([256])
n:  base_model.model.model.visual_model.mask_decoder.transformer.layers.1.norm4.bias p.shape:  torch.Size([256])
n:  base_model.model.model.visual_model.mask_decoder.transformer.layers.1.cross_attn_image_to_token.q_proj.weight p.shape:  torch.Size([128, 256])
n:  base_model.model.model.visual_model.mask_decoder.transformer.layers.1.cross_attn_image_to_token.q_proj.bias p.shape:  torch.Size([128])
n:  base_model.model.model.visual_model.mask_decoder.transformer.layers.1.cross_attn_image_to_token.k_proj.weight p.shape:  torch.Size([128, 256])
n:  base_model.model.model.visual_model.mask_decoder.transformer.layers.1.cross_attn_image_to_token.k_proj.bias p.shape:  torch.Size([128])
n:  base_model.model.model.visual_model.mask_decoder.transformer.layers.1.cross_attn_image_to_token.v_proj.weight p.shape:  torch.Size([128, 256])
n:  base_model.model.model.visual_model.mask_decoder.transformer.layers.1.cross_attn_image_to_token.v_proj.bias p.shape:  torch.Size([128])
n:  base_model.model.model.visual_model.mask_decoder.transformer.layers.1.cross_attn_image_to_token.out_proj.weight p.shape:  torch.Size([256, 128])
n:  base_model.model.model.visual_model.mask_decoder.transformer.layers.1.cross_attn_image_to_token.out_proj.bias p.shape:  torch.Size([256])
n:  base_model.model.model.visual_model.mask_decoder.transformer.final_attn_token_to_image.q_proj.weight p.shape:  torch.Size([128, 256])
n:  base_model.model.model.visual_model.mask_decoder.transformer.final_attn_token_to_image.q_proj.bias p.shape:  torch.Size([128])
n:  base_model.model.model.visual_model.mask_decoder.transformer.final_attn_token_to_image.k_proj.weight p.shape:  torch.Size([128, 256])
n:  base_model.model.model.visual_model.mask_decoder.transformer.final_attn_token_to_image.k_proj.bias p.shape:  torch.Size([128])
n:  base_model.model.model.visual_model.mask_decoder.transformer.final_attn_token_to_image.v_proj.weight p.shape:  torch.Size([128, 256])
n:  base_model.model.model.visual_model.mask_decoder.transformer.final_attn_token_to_image.v_proj.bias p.shape:  torch.Size([128])
n:  base_model.model.model.visual_model.mask_decoder.transformer.final_attn_token_to_image.out_proj.weight p.shape:  torch.Size([256, 128])
n:  base_model.model.model.visual_model.mask_decoder.transformer.final_attn_token_to_image.out_proj.bias p.shape:  torch.Size([256])
n:  base_model.model.model.visual_model.mask_decoder.transformer.norm_final_attn.weight p.shape:  torch.Size([256])
n:  base_model.model.model.visual_model.mask_decoder.transformer.norm_final_attn.bias p.shape:  torch.Size([256])
n:  base_model.model.model.visual_model.mask_decoder.iou_token.weight p.shape:  torch.Size([1, 256])
n:  base_model.model.model.visual_model.mask_decoder.mask_tokens.weight p.shape:  torch.Size([4, 256])
n:  base_model.model.model.visual_model.mask_decoder.output_upscaling.0.weight p.shape:  torch.Size([256, 64, 2, 2])
n:  base_model.model.model.visual_model.mask_decoder.output_upscaling.0.bias p.shape:  torch.Size([64])
n:  base_model.model.model.visual_model.mask_decoder.output_upscaling.1.weight p.shape:  torch.Size([64])
n:  base_model.model.model.visual_model.mask_decoder.output_upscaling.1.bias p.shape:  torch.Size([64])
n:  base_model.model.model.visual_model.mask_decoder.output_upscaling.3.weight p.shape:  torch.Size([64, 32, 2, 2])
n:  base_model.model.model.visual_model.mask_decoder.output_upscaling.3.bias p.shape:  torch.Size([32])
n:  base_model.model.model.visual_model.mask_decoder.output_hypernetworks_mlps.0.layers.0.weight p.shape:  torch.Size([256, 256])
n:  base_model.model.model.visual_model.mask_decoder.output_hypernetworks_mlps.0.layers.0.bias p.shape:  torch.Size([256])
n:  base_model.model.model.visual_model.mask_decoder.output_hypernetworks_mlps.0.layers.1.weight p.shape:  torch.Size([256, 256])
n:  base_model.model.model.visual_model.mask_decoder.output_hypernetworks_mlps.0.layers.1.bias p.shape:  torch.Size([256])
n:  base_model.model.model.visual_model.mask_decoder.output_hypernetworks_mlps.0.layers.2.weight p.shape:  torch.Size([32, 256])
n:  base_model.model.model.visual_model.mask_decoder.output_hypernetworks_mlps.0.layers.2.bias p.shape:  torch.Size([32])
n:  base_model.model.model.visual_model.mask_decoder.output_hypernetworks_mlps.1.layers.0.weight p.shape:  torch.Size([256, 256])
n:  base_model.model.model.visual_model.mask_decoder.output_hypernetworks_mlps.1.layers.0.bias p.shape:  torch.Size([256])
n:  base_model.model.model.visual_model.mask_decoder.output_hypernetworks_mlps.1.layers.1.weight p.shape:  torch.Size([256, 256])
n:  base_model.model.model.visual_model.mask_decoder.output_hypernetworks_mlps.1.layers.1.bias p.shape:  torch.Size([256])
n:  base_model.model.model.visual_model.mask_decoder.output_hypernetworks_mlps.1.layers.2.weight p.shape:  torch.Size([32, 256])
n:  base_model.model.model.visual_model.mask_decoder.output_hypernetworks_mlps.1.layers.2.bias p.shape:  torch.Size([32])
n:  base_model.model.model.visual_model.mask_decoder.output_hypernetworks_mlps.2.layers.0.weight p.shape:  torch.Size([256, 256])
n:  base_model.model.model.visual_model.mask_decoder.output_hypernetworks_mlps.2.layers.0.bias p.shape:  torch.Size([256])
n:  base_model.model.model.visual_model.mask_decoder.output_hypernetworks_mlps.2.layers.1.weight p.shape:  torch.Size([256, 256])
n:  base_model.model.model.visual_model.mask_decoder.output_hypernetworks_mlps.2.layers.1.bias p.shape:  torch.Size([256])
n:  base_model.model.model.visual_model.mask_decoder.output_hypernetworks_mlps.2.layers.2.weight p.shape:  torch.Size([32, 256])
n:  base_model.model.model.visual_model.mask_decoder.output_hypernetworks_mlps.2.layers.2.bias p.shape:  torch.Size([32])
n:  base_model.model.model.visual_model.mask_decoder.output_hypernetworks_mlps.3.layers.0.weight p.shape:  torch.Size([256, 256])
n:  base_model.model.model.visual_model.mask_decoder.output_hypernetworks_mlps.3.layers.0.bias p.shape:  torch.Size([256])
n:  base_model.model.model.visual_model.mask_decoder.output_hypernetworks_mlps.3.layers.1.weight p.shape:  torch.Size([256, 256])
n:  base_model.model.model.visual_model.mask_decoder.output_hypernetworks_mlps.3.layers.1.bias p.shape:  torch.Size([256])
n:  base_model.model.model.visual_model.mask_decoder.output_hypernetworks_mlps.3.layers.2.weight p.shape:  torch.Size([32, 256])
n:  base_model.model.model.visual_model.mask_decoder.output_hypernetworks_mlps.3.layers.2.bias p.shape:  torch.Size([32])
n:  base_model.model.model.visual_model.mask_decoder.iou_prediction_head.layers.0.weight p.shape:  torch.Size([256, 256])
n:  base_model.model.model.visual_model.mask_decoder.iou_prediction_head.layers.0.bias p.shape:  torch.Size([256])
n:  base_model.model.model.visual_model.mask_decoder.iou_prediction_head.layers.1.weight p.shape:  torch.Size([256, 256])
n:  base_model.model.model.visual_model.mask_decoder.iou_prediction_head.layers.1.bias p.shape:  torch.Size([256])
n:  base_model.model.model.visual_model.mask_decoder.iou_prediction_head.layers.2.weight p.shape:  torch.Size([4, 256])
n:  base_model.model.model.visual_model.mask_decoder.iou_prediction_head.layers.2.bias p.shape:  torch.Size([4])
n:  base_model.model.model.text_hidden_fcs.0.0.weight p.shape:  torch.Size([5120, 5120])
n:  base_model.model.model.text_hidden_fcs.0.0.bias p.shape:  torch.Size([5120])
n:  base_model.model.model.text_hidden_fcs.0.2.weight p.shape:  torch.Size([256, 5120])
n:  base_model.model.model.text_hidden_fcs.0.2.bias p.shape:  torch.Size([256])
n:  base_model.model.model.token_to_mask_fcs.0.0.weight p.shape:  torch.Size([5120, 5120])
n:  base_model.model.model.token_to_mask_fcs.0.0.bias p.shape:  torch.Size([5120])
n:  base_model.model.model.token_to_mask_fcs.0.2.weight p.shape:  torch.Size([3, 5120])
n:  base_model.model.model.token_to_mask_fcs.0.2.bias p.shape:  torch.Size([3])
n:  base_model.model.lm_head.weight p.shape:  torch.Size([32002, 5120])
>> (PLUM.py) Initializing teacher LLM...
>> (PLUM.py) Teacher LLM initialized.
ade20k:  20210
cocostuff:  118287
loading annotations into memory...
Done (t=0.66s)
creating index...
index created!
pascal_part:  4366
loading annotations into memory...
Done (t=8.05s)
creating index...
index created!
paco_lvis:  45790
mapillary:  18000
loading dataset refclef into memory...
ref_file:  /shared/nas/data/m1/jk100/code/OpenAttrLibrary/LISA/dataset/refer_seg/refclef/refs(unc).p
creating index...
index created.
DONE (t=2.89s)
dataset refclef (refs unc) (train split) has 17978 images and 99523 annotations.
loading dataset refcoco into memory...
ref_file:  /shared/nas/data/m1/jk100/code/OpenAttrLibrary/LISA/dataset/refer_seg/refcoco/refs(unc).p
creating index...
index created.
DONE (t=5.05s)
dataset refcoco (refs unc) (train split) has 16994 images and 196771 annotations.
loading dataset refcoco+ into memory...
ref_file:  /shared/nas/data/m1/jk100/code/OpenAttrLibrary/LISA/dataset/refer_seg/refcoco+/refs(unc).p
creating index...
index created.
DONE (t=5.92s)
dataset refcoco+ (refs unc) (train split) has 16992 images and 196737 annotations.
loading dataset refcocog into memory...
ref_file:  /shared/nas/data/m1/jk100/code/OpenAttrLibrary/LISA/dataset/refer_seg/refcocog/refs(umd).p
creating index...
index created.
DONE (t=6.24s)
dataset refcocog (refs umd) (train split) has 21899 images and 208960 annotations.
vqa_data:  157712
number of reason_seg samples:  239
len(self.img_to_explanation):  239
Training with 20000 examples and validating with 200 examples.
[2025-03-13 10:29:09,089] [INFO] [logging.py:96:log_dist] [Rank -1] DeepSpeed info: version=0.9.5, git-hash=unknown, git-branch=unknown
[2025-03-13 10:29:09,089] [WARNING] [comm.py:152:init_deepspeed_backend] NCCL backend in DeepSpeed not yet implemented
[2025-03-13 10:29:09,089] [INFO] [comm.py:594:init_distributed] cdb=None
[2025-03-13 10:29:09,089] [INFO] [comm.py:625:init_distributed] Initializing TorchBackend in DeepSpeed with backend nccl
[2025-03-13 10:29:50,862] [INFO] [logging.py:96:log_dist] [Rank 0] DeepSpeed Flops Profiler Enabled: False
Using /shared/nas/data/m1/jk100/.cache/torch_extensions/py310_cu118 as PyTorch extensions root...
Detected CUDA files, patching ldflags
Emitting ninja build file /shared/nas/data/m1/jk100/.cache/torch_extensions/py310_cu118/fused_adam/build.ninja...
/shared/nas/data/m1/jk100/.conda/envs/llava/lib/python3.10/site-packages/torch/utils/cpp_extension.py:1967: UserWarning: TORCH_CUDA_ARCH_LIST is not set, all archs for visible cards are included for compilation.
If this is not desired, please set os.environ['TORCH_CUDA_ARCH_LIST'].
  warnings.warn(
Building extension module fused_adam...
Allowing ninja to set a default number of workers... (overridable by setting the environment variable MAX_JOBS=N)
[rank0]: Traceback (most recent call last):
[rank0]:   File "/shared/nas/data/m1/jk100/.conda/envs/llava/lib/python3.10/site-packages/torch/utils/cpp_extension.py", line 2107, in _run_ninja_build
[rank0]:     subprocess.run(
[rank0]:   File "/shared/nas/data/m1/jk100/.conda/envs/llava/lib/python3.10/subprocess.py", line 526, in run
[rank0]:     raise CalledProcessError(retcode, process.args,
[rank0]: subprocess.CalledProcessError: Command '['ninja', '-v']' returned non-zero exit status 1.
[rank0]: The above exception was the direct cause of the following exception:
[rank0]: Traceback (most recent call last):
[rank0]:   File "/shared/nas2/jk100/partonomy_private/src/models/PLUM/plum_train_ds.py", line 681, in <module>
[rank0]:     main(sys.argv[1:])
[rank0]:   File "/shared/nas2/jk100/partonomy_private/src/models/PLUM/plum_train_ds.py", line 340, in main
[rank0]:     model_engine, optimizer, train_loader, scheduler = deepspeed.initialize(
[rank0]:   File "/shared/nas/data/m1/jk100/.conda/envs/llava/lib/python3.10/site-packages/deepspeed/__init__.py", line 165, in initialize
[rank0]:     engine = DeepSpeedEngine(args=args,
[rank0]:   File "/shared/nas/data/m1/jk100/.conda/envs/llava/lib/python3.10/site-packages/deepspeed/runtime/engine.py", line 309, in __init__
[rank0]:     self._configure_optimizer(optimizer, model_parameters)
[rank0]:   File "/shared/nas/data/m1/jk100/.conda/envs/llava/lib/python3.10/site-packages/deepspeed/runtime/engine.py", line 1173, in _configure_optimizer
[rank0]:     basic_optimizer = self._configure_basic_optimizer(model_parameters)
[rank0]:   File "/shared/nas/data/m1/jk100/.conda/envs/llava/lib/python3.10/site-packages/deepspeed/runtime/engine.py", line 1235, in _configure_basic_optimizer
[rank0]:     optimizer = FusedAdam(
[rank0]:   File "/shared/nas/data/m1/jk100/.conda/envs/llava/lib/python3.10/site-packages/deepspeed/ops/adam/fused_adam.py", line 94, in __init__
[rank0]:     fused_adam_cuda = FusedAdamBuilder().load()
[rank0]:   File "/shared/nas/data/m1/jk100/.conda/envs/llava/lib/python3.10/site-packages/deepspeed/ops/op_builder/builder.py", line 454, in load
[rank0]:     return self.jit_load(verbose)
[rank0]:   File "/shared/nas/data/m1/jk100/.conda/envs/llava/lib/python3.10/site-packages/deepspeed/ops/op_builder/builder.py", line 497, in jit_load
[rank0]:     op_module = load(name=self.name,
[rank0]:   File "/shared/nas/data/m1/jk100/.conda/envs/llava/lib/python3.10/site-packages/torch/utils/cpp_extension.py", line 1309, in load
[rank0]:     return _jit_compile(
[rank0]:   File "/shared/nas/data/m1/jk100/.conda/envs/llava/lib/python3.10/site-packages/torch/utils/cpp_extension.py", line 1719, in _jit_compile
[rank0]:     _write_ninja_file_and_build_library(
[rank0]:   File "/shared/nas/data/m1/jk100/.conda/envs/llava/lib/python3.10/site-packages/torch/utils/cpp_extension.py", line 1832, in _write_ninja_file_and_build_library
[rank0]:     _run_ninja_build(
[rank0]:   File "/shared/nas/data/m1/jk100/.conda/envs/llava/lib/python3.10/site-packages/torch/utils/cpp_extension.py", line 2123, in _run_ninja_build
[rank0]:     raise RuntimeError(message) from e
[rank0]: RuntimeError: Error building extension 'fused_adam'