
You are using the legacy behaviour of the <class 'transformers.models.llama.tokenization_llama.LlamaTokenizer'>. This means that tokens that come after special tokens will not be properly handled. We recommend you to read the related pull request available at https://github.com/huggingface/transformers/pull/24565
/shared/nas/data/m1/jk100/.conda/envs/llava/lib/python3.10/site-packages/torch/nn/modules/transformer.py:306: UserWarning: enable_nested_tensor is True, but self.use_nested_tensor is False because encoder_layer.self_attn.batch_first was not True(use batch_first for better inference performance)
  warnings.warn(f"enable_nested_tensor is True, but self.use_nested_tensor is False because {why_not_sparsity_fast_path}")


Loading checkpoint shards: 100%|████████████████████████████████████████████████████████████████████████████████████████| 3/3 [00:14<00:00,  4.84s/it]
Some weights of PLUMForCausalLM were not initialized from the model checkpoint at liuhaotian/llava-llama-2-13b-chat-lightning-preview and are newly initialized: ['model.vision_tower.visual.transformer.resblocks.14.mlp.c_fc.weight', 'model.vision_tower.visual.transformer.resblocks.20.attn.in_proj_weight', 'model.vision_tower.visual.transformer.resblocks.21.attn.out_proj.weight', 'model.vision_tower.visual.transformer.resblocks.10.ln_1.weight', 'model.vision_tower.visual.transformer.resblocks.19.mlp.c_proj.weight', 'model.vision_tower.visual.transformer.resblocks.13.mlp.c_fc.bias', 'model.vision_tower.logit_scale', 'model.vision_tower.visual.transformer.resblocks.8.attn.out_proj.bias', 'model.vision_tower.visual.transformer.resblocks.5.mlp.c_fc.weight', 'model.vision_tower.visual.transformer.resblocks.21.attn.out_proj.bias', 'model.vision_tower.visual.transformer.resblocks.0.attn.out_proj.bias', 'model.vision_tower.visual.transformer.resblocks.6.attn.in_proj_bias', 'model.vision_tower.visual.transformer.resblocks.10.ln_1.bias', 'model.vision_tower.visual.transformer.resblocks.2.mlp.c_fc.bias', 'model.vision_tower.visual.transformer.resblocks.11.attn.in_proj_weight', 'model.vision_tower.transformer.resblocks.7.ln_2.bias', 'model.vision_tower.visual.transformer.resblocks.6.mlp.c_proj.weight', 'model.vision_tower.visual.transformer.resblocks.4.mlp.c_fc.weight', 'model.vision_tower.transformer.resblocks.0.ln_1.weight', 'model.vision_tower.visual.transformer.resblocks.19.attn.in_proj_bias', 'model.vision_tower.visual.transformer.resblocks.14.attn.in_proj_bias', 'model.vision_tower.transformer.resblocks.1.ln_1.bias', 'model.vision_tower.visual.transformer.resblocks.0.mlp.c_proj.bias', 'model.vision_tower.visual.transformer.resblocks.9.mlp.c_proj.weight', 'model.vision_tower.transformer.resblocks.11.attn.out_proj.weight', 'model.vision_tower.transformer.resblocks.9.attn.out_proj.weight', 'model.vision_tower.visual.transformer.resblocks.23.attn.out_proj.weight', 'model.vision_tower.visual.transformer.resblocks.20.mlp.c_proj.weight', 'model.vision_tower.visual.transformer.resblocks.10.attn.in_proj_weight', 'model.vision_tower.transformer.resblocks.5.ln_2.weight', 'model.vision_tower.transformer.resblocks.10.mlp.c_proj.weight', 'model.vision_tower.visual.transformer.resblocks.9.mlp.c_fc.bias', 'model.vision_tower.visual.ln_post.weight', 'model.vision_tower.visual.transformer.resblocks.6.mlp.c_fc.weight', 'model.vision_tower.transformer.resblocks.6.mlp.c_fc.bias', 'model.vision_tower.visual.transformer.resblocks.12.mlp.c_proj.weight', 'model.vision_tower.visual.transformer.resblocks.18.ln_1.bias', 'model.vision_tower.transformer.resblocks.0.mlp.c_fc.weight', 'model.vision_tower.visual.transformer.resblocks.7.ln_2.bias', 'model.vision_tower.transformer.resblocks.6.ln_1.weight', 'model.vision_tower.visual.transformer.resblocks.8.ln_2.weight', 'model.vision_tower.visual.transformer.resblocks.11.mlp.c_fc.weight', 'model.vision_tower.visual.transformer.resblocks.14.mlp.c_proj.bias', 'bio_encoder.encoder.layers.0.linear1.weight', 'model.vision_tower.transformer.resblocks.0.ln_2.bias', 'model.vision_tower.visual.transformer.resblocks.6.ln_1.bias', 'model.vision_tower.transformer.resblocks.9.mlp.c_proj.weight', 'model.vision_tower.visual.transformer.resblocks.22.ln_1.bias', 'model.vision_tower.visual.transformer.resblocks.2.attn.in_proj_weight', 'model.vision_tower.transformer.resblocks.5.mlp.c_fc.weight', 'model.vision_tower.visual.transformer.resblocks.10.mlp.c_fc.bias', 'model.vision_tower.visual.transformer.resblocks.20.attn.out_proj.weight', 'model.vision_tower.visual.class_embedding', 'model.vision_tower.visual.transformer.resblocks.3.mlp.c_proj.weight', 'model.vision_tower.visual.transformer.resblocks.8.attn.out_proj.weight', 'model.vision_tower.visual.positional_embedding', 'model.vision_tower.visual.transformer.resblocks.10.mlp.c_proj.weight', 'model.vision_tower.visual.transformer.resblocks.19.ln_1.bias', 'model.vision_tower.visual.transformer.resblocks.3.ln_2.weight', 'model.vision_tower.visual.transformer.resblocks.6.mlp.c_proj.bias', 'model.vision_tower.transformer.resblocks.7.ln_2.weight', 'model.vision_tower.visual.transformer.resblocks.23.attn.in_proj_weight', 'model.vision_tower.visual.transformer.resblocks.1.mlp.c_fc.bias', 'model.vision_tower.visual.transformer.resblocks.7.mlp.c_fc.weight', 'model.vision_tower.transformer.resblocks.9.ln_2.weight', 'model.vision_tower.visual.transformer.resblocks.21.attn.in_proj_bias', 'model.vision_tower.transformer.resblocks.6.mlp.c_fc.weight', 'model.vision_tower.visual.transformer.resblocks.2.mlp.c_proj.weight', 'model.vision_tower.visual.transformer.resblocks.13.mlp.c_proj.weight', 'model.vision_tower.transformer.resblocks.8.ln_1.weight', 'model.vision_tower.visual.transformer.resblocks.17.attn.in_proj_weight', 'model.vision_tower.visual.transformer.resblocks.13.ln_1.weight', 'model.vision_tower.visual.transformer.resblocks.16.attn.in_proj_bias', 'model.vision_tower.transformer.resblocks.7.mlp.c_fc.weight', 'model.vision_tower.visual.transformer.resblocks.16.attn.out_proj.weight', 'model.vision_tower.visual.transformer.resblocks.18.ln_2.weight', 'model.vision_tower.visual.transformer.resblocks.8.mlp.c_fc.weight', 'model.vision_tower.transformer.resblocks.4.ln_2.weight', 'model.vision_tower.visual.transformer.resblocks.9.mlp.c_proj.bias', 'model.vision_tower.transformer.resblocks.2.mlp.c_proj.weight', 'model.vision_tower.visual.transformer.resblocks.16.attn.in_proj_weight', 'model.vision_tower.visual.transformer.resblocks.17.mlp.c_proj.bias', 'model.vision_tower.visual.transformer.resblocks.13.attn.in_proj_bias', 'model.vision_tower.visual.transformer.resblocks.16.mlp.c_fc.bias', 'model.vision_tower.visual.transformer.resblocks.0.attn.in_proj_bias', 'model.vision_tower.visual.transformer.resblocks.11.attn.out_proj.bias', 'model.vision_tower.visual.transformer.resblocks.8.ln_1.bias', 'model.vision_tower.visual.transformer.resblocks.14.attn.in_proj_weight', 'model.vision_tower.transformer.resblocks.11.attn.in_proj_bias', 'model.vision_tower.visual.transformer.resblocks.13.attn.out_proj.weight', 'model.vision_tower.visual.transformer.resblocks.22.ln_1.weight', 'model.vision_tower.visual.transformer.resblocks.2.ln_2.bias', 'model.vision_tower.transformer.resblocks.7.attn.in_proj_weight', 'model.vision_tower.visual.transformer.resblocks.3.attn.in_proj_weight', 'model.vision_tower.visual.transformer.resblocks.17.attn.out_proj.bias', 'model.vision_tower.visual.transformer.resblocks.16.mlp.c_proj.weight', 'model.vision_tower.visual.transformer.resblocks.3.ln_2.bias', 'model.vision_tower.visual.transformer.resblocks.21.mlp.c_fc.bias', 'model.vision_tower.visual.transformer.resblocks.18.ln_2.bias', 'model.vision_tower.transformer.resblocks.11.mlp.c_proj.weight', 'model.vision_tower.visual.transformer.resblocks.22.attn.in_proj_weight', 'model.vision_tower.transformer.resblocks.2.attn.in_proj_weight', 'bio_encoder.encoder.layers.0.norm2.weight', 'model.vision_tower.visual.transformer.resblocks.9.attn.out_proj.bias', 'model.vision_tower.visual.transformer.resblocks.17.ln_2.bias', 'model.vision_tower.visual.transformer.resblocks.5.mlp.c_proj.bias', 'model.vision_tower.visual.transformer.resblocks.20.attn.out_proj.bias', 'model.vision_tower.transformer.resblocks.11.ln_1.bias', 'bio_encoder.encoder.layers.0.norm1.bias', 'model.vision_tower.visual.transformer.resblocks.3.ln_1.weight', 'model.vision_tower.transformer.resblocks.10.attn.out_proj.weight', 'model.vision_tower.transformer.resblocks.1.ln_1.weight', 'model.vision_tower.transformer.resblocks.8.ln_1.bias', 'model.vision_tower.transformer.resblocks.5.attn.out_proj.bias', 'model.vision_tower.transformer.resblocks.0.attn.in_proj_weight', 'model.vision_tower.visual.transformer.resblocks.11.attn.in_proj_bias', 'model.vision_tower.visual.transformer.resblocks.10.ln_2.bias', 'model.vision_tower.transformer.resblocks.8.ln_2.bias', 'model.vision_tower.visual.transformer.resblocks.11.ln_1.weight', 'model.vision_tower.transformer.resblocks.7.mlp.c_fc.bias', 'bio_encoder.encoder.layers.0.self_attn.in_proj_weight', 'model.vision_tower.visual.transformer.resblocks.18.mlp.c_proj.weight', 'model.vision_tower.visual.transformer.resblocks.23.mlp.c_fc.weight', 'model.vision_tower.visual.transformer.resblocks.12.attn.in_proj_weight', 'model.vision_tower.visual.transformer.resblocks.12.attn.in_proj_bias', 'model.vision_tower.visual.transformer.resblocks.14.ln_1.bias', 'model.vision_tower.visual.transformer.resblocks.22.attn.out_proj.weight', 'bio_encoder.encoder.layers.0.linear2.bias', 'model.vision_tower.transformer.resblocks.5.ln_1.bias', 'model.vision_tower.transformer.resblocks.7.ln_1.bias', 'model.vision_tower.visual.transformer.resblocks.21.mlp.c_proj.weight', 'model.vision_tower.transformer.resblocks.2.mlp.c_proj.bias', 'model.vision_tower.visual.transformer.resblocks.4.mlp.c_proj.bias', 'model.vision_tower.visual.transformer.resblocks.5.ln_1.weight', 'model.vision_tower.visual.transformer.resblocks.13.ln_2.bias', 'model.vision_tower.visual.transformer.resblocks.15.ln_2.weight', 'model.vision_tower.transformer.resblocks.11.ln_2.bias', 'model.vision_tower.visual.transformer.resblocks.7.mlp.c_proj.bias', 'model.vision_tower.visual.transformer.resblocks.8.ln_1.weight', 'model.vision_tower.visual.transformer.resblocks.7.attn.in_proj_bias', 'model.vision_tower.visual.transformer.resblocks.16.ln_1.bias', 'model.vision_tower.transformer.resblocks.6.mlp.c_proj.bias', 'model.vision_tower.text_projection', 'model.vision_tower.visual.transformer.resblocks.22.ln_2.bias', 'model.vision_tower.transformer.resblocks.8.attn.out_proj.weight', 'model.vision_tower.visual.transformer.resblocks.1.ln_2.weight', 'model.vision_tower.transformer.resblocks.1.attn.in_proj_weight', 'model.vision_tower.transformer.resblocks.2.ln_1.weight', 'model.vision_tower.transformer.resblocks.6.attn.in_proj_weight', 'model.vision_tower.visual.transformer.resblocks.1.ln_1.weight', 'model.vision_tower.visual.transformer.resblocks.15.ln_2.bias', 'model.vision_tower.transformer.resblocks.9.ln_2.bias', 'model.vision_tower.visual.transformer.resblocks.22.mlp.c_proj.weight', 'model.vision_tower.visual.transformer.resblocks.7.ln_1.weight', 'model.vision_tower.visual.transformer.resblocks.17.ln_1.weight', 'model.vision_tower.transformer.resblocks.8.mlp.c_proj.bias', 'model.vision_tower.visual.transformer.resblocks.19.ln_2.weight', 'model.vision_tower.visual.transformer.resblocks.1.ln_1.bias', 'model.vision_tower.visual.transformer.resblocks.12.mlp.c_fc.weight', 'model.vision_tower.visual.transformer.resblocks.3.attn.out_proj.weight', 'model.vision_tower.visual.transformer.resblocks.1.attn.out_proj.weight', 'model.vision_tower.visual.transformer.resblocks.1.attn.out_proj.bias', 'model.vision_tower.visual.transformer.resblocks.11.mlp.c_proj.weight', 'model.vision_tower.transformer.resblocks.1.ln_2.weight', 'model.vision_tower.visual.transformer.resblocks.20.ln_2.weight', 'model.vision_tower.transformer.resblocks.3.attn.in_proj_bias', 'model.vision_tower.visual.transformer.resblocks.3.attn.in_proj_bias', 'model.vision_tower.visual.ln_post.bias', 'model.vision_tower.visual.transformer.resblocks.5.ln_1.bias', 'model.vision_tower.visual.transformer.resblocks.21.mlp.c_proj.bias', 'model.vision_tower.transformer.resblocks.11.mlp.c_fc.weight', 'bio_encoder.encoder.layers.0.linear2.weight', 'model.vision_tower.visual.transformer.resblocks.19.mlp.c_fc.weight', 'model.vision_tower.visual.transformer.resblocks.16.ln_2.weight', 'model.vision_tower.visual.transformer.resblocks.12.attn.out_proj.bias', 'model.vision_tower.visual.transformer.resblocks.22.attn.out_proj.bias', 'model.vision_tower.transformer.resblocks.3.ln_1.bias', 'model.vision_tower.transformer.resblocks.10.ln_2.bias', 'model.vision_tower.visual.transformer.resblocks.9.attn.in_proj_weight', 'model.vision_tower.visual.transformer.resblocks.8.attn.in_proj_weight', 'model.vision_tower.visual.transformer.resblocks.8.mlp.c_fc.bias', 'model.vision_tower.transformer.resblocks.4.attn.out_proj.bias', 'model.vision_tower.visual.transformer.resblocks.14.ln_1.weight', 'model.vision_tower.visual.transformer.resblocks.5.mlp.c_fc.bias', 'model.vision_tower.visual.transformer.resblocks.18.attn.in_proj_bias', 'model.vision_tower.visual.ln_pre.bias', 'model.vision_tower.transformer.resblocks.0.attn.out_proj.bias', 'model.vision_tower.transformer.resblocks.6.ln_1.bias', 'model.vision_tower.visual.transformer.resblocks.4.attn.in_proj_weight', 'model.vision_tower.transformer.resblocks.5.mlp.c_fc.bias', 'model.vision_tower.transformer.resblocks.6.ln_2.weight', 'model.vision_tower.visual.transformer.resblocks.0.mlp.c_proj.weight', 'model.vision_tower.visual.transformer.resblocks.7.attn.in_proj_weight', 'model.vision_tower.transformer.resblocks.8.attn.in_proj_bias', 'model.vision_tower.transformer.resblocks.10.mlp.c_fc.weight', 'model.vision_tower.transformer.resblocks.2.mlp.c_fc.weight', 'model.vision_tower.transformer.resblocks.2.attn.out_proj.bias', 'model.vision_tower.visual.transformer.resblocks.2.ln_2.weight', 'model.vision_tower.visual.transformer.resblocks.0.mlp.c_fc.bias', 'model.vision_tower.visual.transformer.resblocks.1.mlp.c_proj.bias', 'model.vision_tower.transformer.resblocks.0.ln_2.weight', 'bio_encoder.encoder.layers.0.self_attn.in_proj_bias', 'model.vision_tower.transformer.resblocks.3.attn.out_proj.bias', 'model.vision_tower.visual.transformer.resblocks.9.ln_1.weight', 'model.vision_tower.visual.transformer.resblocks.4.ln_1.bias', 'model.vision_tower.visual.transformer.resblocks.14.ln_2.weight', 'model.vision_tower.visual.transformer.resblocks.2.mlp.c_fc.weight', 'model.vision_tower.transformer.resblocks.1.mlp.c_proj.weight', 'model.vision_tower.transformer.resblocks.11.attn.out_proj.bias', 'model.vision_tower.visual.transformer.resblocks.12.mlp.c_fc.bias', 'model.vision_tower.visual.transformer.resblocks.4.attn.out_proj.weight', 'model.vision_tower.visual.transformer.resblocks.14.mlp.c_fc.bias', 'model.vision_tower.visual.transformer.resblocks.17.ln_1.bias', 'model.vision_tower.transformer.resblocks.7.attn.out_proj.bias', 'model.vision_tower.visual.transformer.resblocks.16.mlp.c_proj.bias', 'model.vision_tower.transformer.resblocks.2.ln_2.bias', 'model.vision_tower.visual.transformer.resblocks.8.ln_2.bias', 'model.vision_tower.transformer.resblocks.0.attn.in_proj_bias', 'model.vision_tower.transformer.resblocks.5.mlp.c_proj.weight', 'model.vision_tower.transformer.resblocks.8.attn.out_proj.bias', 'model.vision_tower.transformer.resblocks.9.attn.in_proj_bias', 'model.vision_tower.transformer.resblocks.6.attn.out_proj.bias', 'model.vision_tower.transformer.resblocks.5.attn.out_proj.weight', 'model.vision_tower.visual.transformer.resblocks.12.attn.out_proj.weight', 'model.vision_tower.visual.transformer.resblocks.21.attn.in_proj_weight', 'model.vision_tower.transformer.resblocks.7.mlp.c_proj.bias', 'model.vision_tower.visual.transformer.resblocks.0.attn.out_proj.weight', 'model.vision_tower.visual.transformer.resblocks.15.attn.in_proj_bias', 'model.vision_tower.visual.transformer.resblocks.19.attn.out_proj.bias', 'model.vision_tower.transformer.resblocks.4.ln_1.bias', 'model.vision_tower.visual.transformer.resblocks.17.mlp.c_fc.weight', 'model.vision_tower.visual.transformer.resblocks.4.mlp.c_proj.weight', 'model.vision_tower.transformer.resblocks.4.attn.in_proj_weight', 'model.vision_tower.transformer.resblocks.5.mlp.c_proj.bias', 'model.vision_tower.visual.transformer.resblocks.15.ln_1.weight', 'model.vision_tower.transformer.resblocks.5.ln_2.bias', 'model.vision_tower.visual.transformer.resblocks.20.mlp.c_fc.bias', 'model.vision_tower.visual.transformer.resblocks.10.attn.in_proj_bias', 'model.vision_tower.visual.transformer.resblocks.10.attn.out_proj.bias', 'model.vision_tower.transformer.resblocks.5.attn.in_proj_bias', 'model.vision_tower.transformer.resblocks.10.attn.in_proj_weight', 'model.vision_tower.transformer.resblocks.3.ln_2.bias', 'model.vision_tower.visual.conv1.weight', 'model.vision_tower.visual.transformer.resblocks.15.mlp.c_proj.weight', 'model.vision_tower.transformer.resblocks.3.mlp.c_fc.bias', 'model.vision_tower.transformer.resblocks.7.attn.out_proj.weight', 'model.vision_tower.visual.transformer.resblocks.7.mlp.c_fc.bias', 'model.vision_tower.visual.transformer.resblocks.11.ln_2.weight', 'model.vision_tower.visual.transformer.resblocks.18.mlp.c_proj.bias', 'model.vision_tower.transformer.resblocks.4.attn.in_proj_bias', 'model.vision_tower.transformer.resblocks.5.ln_1.weight', 'model.vision_tower.transformer.resblocks.1.attn.in_proj_bias', 'model.vision_tower.visual.transformer.resblocks.14.attn.out_proj.weight', 'model.vision_tower.transformer.resblocks.1.attn.out_proj.bias', 'model.vision_tower.visual.transformer.resblocks.12.ln_2.weight', 'model.vision_tower.transformer.resblocks.8.ln_2.weight', 'model.vision_tower.transformer.resblocks.0.mlp.c_proj.weight', 'model.vision_tower.visual.transformer.resblocks.17.attn.in_proj_bias', 'model.vision_tower.visual.transformer.resblocks.18.attn.out_proj.bias', 'model.vision_tower.transformer.resblocks.5.attn.in_proj_weight', 'model.vision_tower.visual.transformer.resblocks.20.ln_2.bias', 'model.vision_tower.visual.transformer.resblocks.14.mlp.c_proj.weight', 'model.vision_tower.visual.transformer.resblocks.13.mlp.c_fc.weight', 'model.vision_tower.transformer.resblocks.0.mlp.c_fc.bias', 'model.vision_tower.transformer.resblocks.11.mlp.c_proj.bias', 'model.vision_tower.visual.transformer.resblocks.10.attn.out_proj.weight', 'model.vision_tower.visual.transformer.resblocks.20.attn.in_proj_bias', 'model.vision_tower.visual.transformer.resblocks.12.ln_1.bias', 'model.vision_tower.visual.transformer.resblocks.19.ln_2.bias', 'model.vision_tower.visual.transformer.resblocks.19.mlp.c_fc.bias', 'model.vision_tower.visual.transformer.resblocks.11.mlp.c_proj.bias', 'model.vision_tower.visual.transformer.resblocks.9.mlp.c_fc.weight', 'model.vision_tower.visual.transformer.resblocks.22.mlp.c_fc.weight', 'model.vision_tower.visual.transformer.resblocks.1.ln_2.bias', 'model.vision_tower.visual.transformer.resblocks.6.attn.out_proj.bias', 'model.vision_tower.visual.transformer.resblocks.16.ln_2.bias', 'model.vision_tower.visual.transformer.resblocks.23.mlp.c_fc.bias', 'model.vision_tower.visual.transformer.resblocks.5.ln_2.bias', 'model.vision_tower.visual.transformer.resblocks.17.mlp.c_proj.weight', 'model.vision_tower.transformer.resblocks.9.attn.out_proj.bias', 'model.vision_tower.transformer.resblocks.6.mlp.c_proj.weight', 'model.vision_tower.transformer.resblocks.11.mlp.c_fc.bias', 'model.vision_tower.transformer.resblocks.1.attn.out_proj.weight', 'model.vision_tower.transformer.resblocks.3.mlp.c_proj.weight', 'model.vision_tower.visual.transformer.resblocks.5.attn.in_proj_bias', 'model.vision_tower.visual.transformer.resblocks.4.ln_1.weight', 'model.vision_tower.transformer.resblocks.3.ln_1.weight', 'model.vision_tower.transformer.resblocks.0.mlp.c_proj.bias', 'model.vision_tower.visual.transformer.resblocks.21.ln_2.weight', 'model.vision_tower.transformer.resblocks.9.ln_1.weight', 'model.vision_tower.visual.transformer.resblocks.20.ln_1.bias', 'model.vision_tower.transformer.resblocks.8.mlp.c_proj.weight', 'model.vision_tower.visual.transformer.resblocks.7.attn.out_proj.weight', 'model.vision_tower.visual.transformer.resblocks.20.mlp.c_proj.bias', 'model.vision_tower.visual.transformer.resblocks.3.mlp.c_fc.bias', 'model.vision_tower.visual.transformer.resblocks.6.attn.out_proj.weight', 'model.vision_tower.visual.transformer.resblocks.19.attn.in_proj_weight', 'model.vision_tower.visual.transformer.resblocks.0.ln_1.weight', 'model.vision_tower.transformer.resblocks.10.ln_2.weight', 'model.vision_tower.visual.transformer.resblocks.10.mlp.c_proj.bias', 'model.vision_tower.visual.transformer.resblocks.7.mlp.c_proj.weight', 'model.vision_tower.ln_final.weight', 'model.vision_tower.visual.transformer.resblocks.6.ln_1.weight', 'model.vision_tower.transformer.resblocks.2.attn.in_proj_bias', 'model.vision_tower.transformer.resblocks.3.mlp.c_fc.weight', 'model.vision_tower.transformer.resblocks.10.mlp.c_fc.bias', 'model.vision_tower.visual.transformer.resblocks.8.mlp.c_proj.bias', 'bio_encoder.encoder.layers.0.norm1.weight', 'model.vision_tower.transformer.resblocks.4.mlp.c_proj.weight', 'model.vision_tower.visual.transformer.resblocks.23.ln_2.weight', 'model.vision_tower.visual.transformer.resblocks.15.attn.in_proj_weight', 'bio_encoder.encoder.layers.0.self_attn.out_proj.bias', 'model.vision_tower.visual.transformer.resblocks.4.attn.out_proj.bias', 'model.vision_tower.ln_final.bias', 'model.vision_tower.transformer.resblocks.1.mlp.c_fc.weight', 'model.vision_tower.visual.transformer.resblocks.8.attn.in_proj_bias', 'bio_encoder.encoder.layers.0.linear1.bias', 'model.vision_tower.transformer.resblocks.2.mlp.c_fc.bias', 'model.vision_tower.visual.transformer.resblocks.1.attn.in_proj_bias', 'model.vision_tower.visual.transformer.resblocks.7.ln_1.bias', 'model.vision_tower.transformer.resblocks.4.ln_2.bias', 'model.vision_tower.visual.transformer.resblocks.6.ln_2.weight', 'model.vision_tower.transformer.resblocks.2.ln_2.weight', 'model.vision_tower.visual.transformer.resblocks.12.ln_2.bias', 'model.vision_tower.visual.transformer.resblocks.3.mlp.c_proj.bias', 'model.vision_tower.visual.transformer.resblocks.5.attn.out_proj.weight', 'model.vision_tower.visual.transformer.resblocks.6.attn.in_proj_weight', 'model.vision_tower.visual.transformer.resblocks.14.attn.out_proj.bias', 'model.vision_tower.visual.transformer.resblocks.5.attn.out_proj.bias', 'model.vision_tower.visual.transformer.resblocks.23.attn.in_proj_bias', 'model.vision_tower.visual.transformer.resblocks.13.mlp.c_proj.bias', 'model.vision_tower.visual.transformer.resblocks.0.ln_2.bias', 'model.vision_tower.visual.transformer.resblocks.17.attn.out_proj.weight', 'model.vision_tower.visual.transformer.resblocks.18.mlp.c_fc.weight', 'model.vision_tower.visual.transformer.resblocks.15.ln_1.bias', 'model.vision_tower.transformer.resblocks.4.mlp.c_fc.weight', 'model.vision_tower.visual.transformer.resblocks.6.ln_2.bias', 'model.vision_tower.transformer.resblocks.4.mlp.c_proj.bias', 'model.vision_tower.visual.transformer.resblocks.13.attn.in_proj_weight', 'model.vision_tower.transformer.resblocks.7.mlp.c_proj.weight', 'model.vision_tower.token_embedding.weight', 'model.vision_tower.visual.transformer.resblocks.20.ln_1.weight', 'model.vision_tower.transformer.resblocks.0.ln_1.bias', 'model.vision_tower.visual.transformer.resblocks.4.attn.in_proj_bias', 'model.vision_tower.visual.transformer.resblocks.5.ln_2.weight', 'model.vision_tower.visual.transformer.resblocks.19.attn.out_proj.weight', 'model.vision_tower.visual.transformer.resblocks.0.attn.in_proj_weight', 'model.vision_tower.positional_embedding', 'model.vision_tower.visual.transformer.resblocks.19.mlp.c_proj.bias', 'model.vision_tower.transformer.resblocks.4.ln_1.weight', 'model.vision_tower.visual.transformer.resblocks.9.ln_2.bias', 'model.vision_tower.visual.transformer.resblocks.9.ln_1.bias', 'model.vision_tower.visual.transformer.resblocks.23.mlp.c_proj.bias', 'model.vision_tower.visual.transformer.resblocks.18.mlp.c_fc.bias', 'model.vision_tower.transformer.resblocks.2.ln_1.bias', 'model.vision_tower.visual.transformer.resblocks.11.ln_2.bias', 'model.vision_tower.visual.transformer.resblocks.12.ln_1.weight', 'model.vision_tower.visual.transformer.resblocks.20.mlp.c_fc.weight', 'model.vision_tower.visual.transformer.resblocks.22.mlp.c_fc.bias', 'model.vision_tower.visual.transformer.resblocks.3.attn.out_proj.bias', 'model.vision_tower.transformer.resblocks.2.attn.out_proj.weight', 'model.vision_tower.transformer.resblocks.9.mlp.c_fc.weight', 'model.vision_tower.visual.transformer.resblocks.18.attn.in_proj_weight', 'model.vision_tower.transformer.resblocks.4.mlp.c_fc.bias', 'model.vision_tower.visual.transformer.resblocks.4.ln_2.weight', 'model.vision_tower.visual.transformer.resblocks.7.ln_2.weight', 'model.vision_tower.visual.transformer.resblocks.2.mlp.c_proj.bias', 'model.vision_tower.visual.transformer.resblocks.0.ln_2.weight', 'model.vision_tower.transformer.resblocks.6.attn.out_proj.weight', 'model.vision_tower.visual.transformer.resblocks.18.ln_1.weight', 'model.vision_tower.transformer.resblocks.9.mlp.c_fc.bias', 'model.vision_tower.transformer.resblocks.11.ln_1.weight', 'model.vision_tower.visual.transformer.resblocks.0.ln_1.bias', 'model.vision_tower.visual.transformer.resblocks.15.mlp.c_fc.bias', 'model.vision_tower.transformer.resblocks.1.mlp.c_proj.bias', 'model.vision_tower.visual.transformer.resblocks.9.ln_2.weight', 'model.vision_tower.transformer.resblocks.3.attn.in_proj_weight', 'model.vision_tower.transformer.resblocks.10.ln_1.weight', 'model.vision_tower.visual.transformer.resblocks.19.ln_1.weight', 'model.vision_tower.transformer.resblocks.10.ln_1.bias', 'model.vision_tower.transformer.resblocks.1.mlp.c_fc.bias', 'bio_encoder.encoder.layers.0.self_attn.out_proj.weight', 'model.vision_tower.transformer.resblocks.9.attn.in_proj_weight', 'model.vision_tower.transformer.resblocks.8.mlp.c_fc.bias', 'model.vision_tower.visual.transformer.resblocks.6.mlp.c_fc.bias', 'model.vision_tower.visual.transformer.resblocks.10.ln_2.weight', 'model.vision_tower.transformer.resblocks.10.attn.in_proj_bias', 'model.vision_tower.transformer.resblocks.0.attn.out_proj.weight', 'model.vision_tower.transformer.resblocks.3.attn.out_proj.weight', 'model.vision_tower.transformer.resblocks.9.ln_1.bias', 'model.vision_tower.transformer.resblocks.6.attn.in_proj_bias', 'model.vision_tower.visual.transformer.resblocks.11.ln_1.bias', 'model.vision_tower.visual.transformer.resblocks.1.mlp.c_fc.weight', 'model.vision_tower.transformer.resblocks.4.attn.out_proj.weight', 'model.vision_tower.visual.transformer.resblocks.9.attn.out_proj.weight', 'model.vision_tower.visual.transformer.resblocks.23.ln_2.bias', 'model.vision_tower.visual.transformer.resblocks.5.mlp.c_proj.weight', 'model.vision_tower.transformer.resblocks.3.ln_2.weight', 'model.vision_tower.visual.transformer.resblocks.17.ln_2.weight', 'model.vision_tower.visual.transformer.resblocks.2.ln_1.weight', 'model.vision_tower.visual.transformer.resblocks.15.mlp.c_proj.bias', 'model.vision_tower.visual.transformer.resblocks.2.attn.out_proj.weight', 'model.vision_tower.visual.transformer.resblocks.9.attn.in_proj_bias', 'model.vision_tower.visual.transformer.resblocks.0.mlp.c_fc.weight', 'model.vision_tower.visual.transformer.resblocks.21.ln_2.bias', 'model.vision_tower.visual.transformer.resblocks.2.attn.out_proj.bias', 'model.vision_tower.visual.ln_pre.weight', 'model.vision_tower.transformer.resblocks.7.ln_1.weight', 'model.vision_tower.transformer.resblocks.1.ln_2.bias', 'model.vision_tower.transformer.resblocks.8.attn.in_proj_weight', 'bio_encoder.encoder.layers.0.norm2.bias', 'model.vision_tower.visual.transformer.resblocks.8.mlp.c_proj.weight', 'model.vision_tower.visual.transformer.resblocks.11.attn.out_proj.weight', 'model.vision_tower.visual.transformer.resblocks.22.mlp.c_proj.bias', 'model.vision_tower.visual.transformer.resblocks.2.ln_1.bias', 'model.vision_tower.visual.transformer.resblocks.15.attn.out_proj.weight', 'model.vision_tower.visual.transformer.resblocks.17.mlp.c_fc.bias', 'model.vision_tower.visual.transformer.resblocks.22.ln_2.weight', 'model.vision_tower.visual.transformer.resblocks.16.mlp.c_fc.weight', 'model.vision_tower.visual.transformer.resblocks.15.attn.out_proj.bias', 'model.vision_tower.visual.transformer.resblocks.15.mlp.c_fc.weight', 'model.vision_tower.transformer.resblocks.10.mlp.c_proj.bias', 'model.vision_tower.visual.transformer.resblocks.14.ln_2.bias', 'model.vision_tower.transformer.resblocks.11.attn.in_proj_weight', 'model.vision_tower.visual.transformer.resblocks.21.ln_1.weight', 'model.vision_tower.visual.transformer.resblocks.22.attn.in_proj_bias', 'model.vision_tower.transformer.resblocks.6.ln_2.bias', 'model.vision_tower.transformer.resblocks.10.attn.out_proj.bias', 'model.vision_tower.visual.transformer.resblocks.23.attn.out_proj.bias', 'model.vision_tower.transformer.resblocks.11.ln_2.weight', 'model.vision_tower.visual.transformer.resblocks.13.ln_1.bias', 'model.vision_tower.visual.transformer.resblocks.23.mlp.c_proj.weight', 'model.vision_tower.transformer.resblocks.3.mlp.c_proj.bias', 'model.vision_tower.visual.transformer.resblocks.1.mlp.c_proj.weight', 'model.vision_tower.visual.transformer.resblocks.16.ln_1.weight', 'model.vision_tower.transformer.resblocks.7.attn.in_proj_bias', 'model.vision_tower.visual.transformer.resblocks.4.mlp.c_fc.bias', 'model.vision_tower.visual.transformer.resblocks.13.ln_2.weight', 'model.vision_tower.visual.transformer.resblocks.1.attn.in_proj_weight', 'model.vision_tower.visual.transformer.resblocks.16.attn.out_proj.bias', 'model.vision_tower.transformer.resblocks.8.mlp.c_fc.weight', 'model.vision_tower.visual.proj', 'model.vision_tower.visual.transformer.resblocks.5.attn.in_proj_weight', 'model.vision_tower.visual.transformer.resblocks.18.attn.out_proj.weight', 'model.vision_tower.visual.transformer.resblocks.3.mlp.c_fc.weight', 'model.vision_tower.visual.transformer.resblocks.2.attn.in_proj_bias', 'model.vision_tower.transformer.resblocks.9.mlp.c_proj.bias', 'model.vision_tower.visual.transformer.resblocks.11.mlp.c_fc.bias', 'model.vision_tower.visual.transformer.resblocks.23.ln_1.bias', 'model.vision_tower.visual.transformer.resblocks.21.mlp.c_fc.weight', 'model.vision_tower.visual.transformer.resblocks.7.attn.out_proj.bias', 'model.vision_tower.visual.transformer.resblocks.23.ln_1.weight', 'model.vision_tower.visual.transformer.resblocks.12.mlp.c_proj.bias', 'model.vision_tower.visual.transformer.resblocks.21.ln_1.bias', 'model.vision_tower.visual.transformer.resblocks.4.ln_2.bias', 'model.vision_tower.visual.transformer.resblocks.13.attn.out_proj.bias', 'model.vision_tower.visual.transformer.resblocks.10.mlp.c_fc.weight', 'model.vision_tower.visual.transformer.resblocks.3.ln_1.bias']
You should probably TRAIN this model on a down-stream task to be able to use it for predictions and inference.
trainable params: 6,553,600 || all params: 14,276,015,668 || trainable%: 0.045906365980600855
>> model.config.train_mask_prompt_encoder:  True
n:  base_model.model.model.embed_tokens.weight p.shape:  torch.Size([32002, 5120])
n:  base_model.model.model.visual_model.prompt_encoder.point_embeddings.0.weight p.shape:  torch.Size([1, 256])
n:  base_model.model.model.visual_model.prompt_encoder.point_embeddings.1.weight p.shape:  torch.Size([1, 256])
n:  base_model.model.model.visual_model.prompt_encoder.point_embeddings.2.weight p.shape:  torch.Size([1, 256])
n:  base_model.model.model.visual_model.prompt_encoder.point_embeddings.3.weight p.shape:  torch.Size([1, 256])
n:  base_model.model.model.visual_model.prompt_encoder.not_a_point_embed.weight p.shape:  torch.Size([1, 256])
n:  base_model.model.model.visual_model.prompt_encoder.mask_downscaling.0.weight p.shape:  torch.Size([4, 1, 2, 2])
n:  base_model.model.model.visual_model.prompt_encoder.mask_downscaling.0.bias p.shape:  torch.Size([4])
n:  base_model.model.model.visual_model.prompt_encoder.mask_downscaling.1.weight p.shape:  torch.Size([4])
n:  base_model.model.model.visual_model.prompt_encoder.mask_downscaling.1.bias p.shape:  torch.Size([4])
n:  base_model.model.model.visual_model.prompt_encoder.mask_downscaling.3.weight p.shape:  torch.Size([16, 4, 2, 2])
n:  base_model.model.model.visual_model.prompt_encoder.mask_downscaling.3.bias p.shape:  torch.Size([16])
n:  base_model.model.model.visual_model.prompt_encoder.mask_downscaling.4.weight p.shape:  torch.Size([16])
n:  base_model.model.model.visual_model.prompt_encoder.mask_downscaling.4.bias p.shape:  torch.Size([16])
n:  base_model.model.model.visual_model.prompt_encoder.mask_downscaling.6.weight p.shape:  torch.Size([256, 16, 1, 1])
n:  base_model.model.model.visual_model.prompt_encoder.mask_downscaling.6.bias p.shape:  torch.Size([256])
n:  base_model.model.model.visual_model.prompt_encoder.no_mask_embed.weight p.shape:  torch.Size([1, 256])
n:  base_model.model.model.visual_model.mask_decoder.transformer.layers.0.self_attn.q_proj.weight p.shape:  torch.Size([256, 256])
n:  base_model.model.model.visual_model.mask_decoder.transformer.layers.0.self_attn.q_proj.bias p.shape:  torch.Size([256])
n:  base_model.model.model.visual_model.mask_decoder.transformer.layers.0.self_attn.k_proj.weight p.shape:  torch.Size([256, 256])
n:  base_model.model.model.visual_model.mask_decoder.transformer.layers.0.self_attn.k_proj.bias p.shape:  torch.Size([256])
n:  base_model.model.model.visual_model.mask_decoder.transformer.layers.0.self_attn.v_proj.weight p.shape:  torch.Size([256, 256])
n:  base_model.model.model.visual_model.mask_decoder.transformer.layers.0.self_attn.v_proj.bias p.shape:  torch.Size([256])
n:  base_model.model.model.visual_model.mask_decoder.transformer.layers.0.self_attn.out_proj.weight p.shape:  torch.Size([256, 256])
n:  base_model.model.model.visual_model.mask_decoder.transformer.layers.0.self_attn.out_proj.bias p.shape:  torch.Size([256])
n:  base_model.model.model.visual_model.mask_decoder.transformer.layers.0.norm1.weight p.shape:  torch.Size([256])
n:  base_model.model.model.visual_model.mask_decoder.transformer.layers.0.norm1.bias p.shape:  torch.Size([256])
n:  base_model.model.model.visual_model.mask_decoder.transformer.layers.0.cross_attn_token_to_image.q_proj.weight p.shape:  torch.Size([128, 256])
n:  base_model.model.model.visual_model.mask_decoder.transformer.layers.0.cross_attn_token_to_image.q_proj.bias p.shape:  torch.Size([128])
n:  base_model.model.model.visual_model.mask_decoder.transformer.layers.0.cross_attn_token_to_image.k_proj.weight p.shape:  torch.Size([128, 256])
n:  base_model.model.model.visual_model.mask_decoder.transformer.layers.0.cross_attn_token_to_image.k_proj.bias p.shape:  torch.Size([128])
n:  base_model.model.model.visual_model.mask_decoder.transformer.layers.0.cross_attn_token_to_image.v_proj.weight p.shape:  torch.Size([128, 256])
n:  base_model.model.model.visual_model.mask_decoder.transformer.layers.0.cross_attn_token_to_image.v_proj.bias p.shape:  torch.Size([128])
n:  base_model.model.model.visual_model.mask_decoder.transformer.layers.0.cross_attn_token_to_image.out_proj.weight p.shape:  torch.Size([256, 128])
n:  base_model.model.model.visual_model.mask_decoder.transformer.layers.0.cross_attn_token_to_image.out_proj.bias p.shape:  torch.Size([256])
n:  base_model.model.model.visual_model.mask_decoder.transformer.layers.0.norm2.weight p.shape:  torch.Size([256])
n:  base_model.model.model.visual_model.mask_decoder.transformer.layers.0.norm2.bias p.shape:  torch.Size([256])
n:  base_model.model.model.visual_model.mask_decoder.transformer.layers.0.mlp.lin1.weight p.shape:  torch.Size([2048, 256])
n:  base_model.model.model.visual_model.mask_decoder.transformer.layers.0.mlp.lin1.bias p.shape:  torch.Size([2048])
n:  base_model.model.model.visual_model.mask_decoder.transformer.layers.0.mlp.lin2.weight p.shape:  torch.Size([256, 2048])
n:  base_model.model.model.visual_model.mask_decoder.transformer.layers.0.mlp.lin2.bias p.shape:  torch.Size([256])
n:  base_model.model.model.visual_model.mask_decoder.transformer.layers.0.norm3.weight p.shape:  torch.Size([256])
n:  base_model.model.model.visual_model.mask_decoder.transformer.layers.0.norm3.bias p.shape:  torch.Size([256])
n:  base_model.model.model.visual_model.mask_decoder.transformer.layers.0.norm4.weight p.shape:  torch.Size([256])
n:  base_model.model.model.visual_model.mask_decoder.transformer.layers.0.norm4.bias p.shape:  torch.Size([256])
n:  base_model.model.model.visual_model.mask_decoder.transformer.layers.0.cross_attn_image_to_token.q_proj.weight p.shape:  torch.Size([128, 256])
n:  base_model.model.model.visual_model.mask_decoder.transformer.layers.0.cross_attn_image_to_token.q_proj.bias p.shape:  torch.Size([128])
n:  base_model.model.model.visual_model.mask_decoder.transformer.layers.0.cross_attn_image_to_token.k_proj.weight p.shape:  torch.Size([128, 256])
n:  base_model.model.model.visual_model.mask_decoder.transformer.layers.0.cross_attn_image_to_token.k_proj.bias p.shape:  torch.Size([128])
n:  base_model.model.model.visual_model.mask_decoder.transformer.layers.0.cross_attn_image_to_token.v_proj.weight p.shape:  torch.Size([128, 256])
n:  base_model.model.model.visual_model.mask_decoder.transformer.layers.0.cross_attn_image_to_token.v_proj.bias p.shape:  torch.Size([128])
n:  base_model.model.model.visual_model.mask_decoder.transformer.layers.0.cross_attn_image_to_token.out_proj.weight p.shape:  torch.Size([256, 128])
n:  base_model.model.model.visual_model.mask_decoder.transformer.layers.0.cross_attn_image_to_token.out_proj.bias p.shape:  torch.Size([256])
n:  base_model.model.model.visual_model.mask_decoder.transformer.layers.1.self_attn.q_proj.weight p.shape:  torch.Size([256, 256])
n:  base_model.model.model.visual_model.mask_decoder.transformer.layers.1.self_attn.q_proj.bias p.shape:  torch.Size([256])
n:  base_model.model.model.visual_model.mask_decoder.transformer.layers.1.self_attn.k_proj.weight p.shape:  torch.Size([256, 256])
n:  base_model.model.model.visual_model.mask_decoder.transformer.layers.1.self_attn.k_proj.bias p.shape:  torch.Size([256])
n:  base_model.model.model.visual_model.mask_decoder.transformer.layers.1.self_attn.v_proj.weight p.shape:  torch.Size([256, 256])
n:  base_model.model.model.visual_model.mask_decoder.transformer.layers.1.self_attn.v_proj.bias p.shape:  torch.Size([256])
n:  base_model.model.model.visual_model.mask_decoder.transformer.layers.1.self_attn.out_proj.weight p.shape:  torch.Size([256, 256])
n:  base_model.model.model.visual_model.mask_decoder.transformer.layers.1.self_attn.out_proj.bias p.shape:  torch.Size([256])
n:  base_model.model.model.visual_model.mask_decoder.transformer.layers.1.norm1.weight p.shape:  torch.Size([256])
n:  base_model.model.model.visual_model.mask_decoder.transformer.layers.1.norm1.bias p.shape:  torch.Size([256])
n:  base_model.model.model.visual_model.mask_decoder.transformer.layers.1.cross_attn_token_to_image.q_proj.weight p.shape:  torch.Size([128, 256])
n:  base_model.model.model.visual_model.mask_decoder.transformer.layers.1.cross_attn_token_to_image.q_proj.bias p.shape:  torch.Size([128])
n:  base_model.model.model.visual_model.mask_decoder.transformer.layers.1.cross_attn_token_to_image.k_proj.weight p.shape:  torch.Size([128, 256])
n:  base_model.model.model.visual_model.mask_decoder.transformer.layers.1.cross_attn_token_to_image.k_proj.bias p.shape:  torch.Size([128])
n:  base_model.model.model.visual_model.mask_decoder.transformer.layers.1.cross_attn_token_to_image.v_proj.weight p.shape:  torch.Size([128, 256])
n:  base_model.model.model.visual_model.mask_decoder.transformer.layers.1.cross_attn_token_to_image.v_proj.bias p.shape:  torch.Size([128])
n:  base_model.model.model.visual_model.mask_decoder.transformer.layers.1.cross_attn_token_to_image.out_proj.weight p.shape:  torch.Size([256, 128])
n:  base_model.model.model.visual_model.mask_decoder.transformer.layers.1.cross_attn_token_to_image.out_proj.bias p.shape:  torch.Size([256])
n:  base_model.model.model.visual_model.mask_decoder.transformer.layers.1.norm2.weight p.shape:  torch.Size([256])
n:  base_model.model.model.visual_model.mask_decoder.transformer.layers.1.norm2.bias p.shape:  torch.Size([256])
n:  base_model.model.model.visual_model.mask_decoder.transformer.layers.1.mlp.lin1.weight p.shape:  torch.Size([2048, 256])
n:  base_model.model.model.visual_model.mask_decoder.transformer.layers.1.mlp.lin1.bias p.shape:  torch.Size([2048])
n:  base_model.model.model.visual_model.mask_decoder.transformer.layers.1.mlp.lin2.weight p.shape:  torch.Size([256, 2048])
n:  base_model.model.model.visual_model.mask_decoder.transformer.layers.1.mlp.lin2.bias p.shape:  torch.Size([256])
n:  base_model.model.model.visual_model.mask_decoder.transformer.layers.1.norm3.weight p.shape:  torch.Size([256])
n:  base_model.model.model.visual_model.mask_decoder.transformer.layers.1.norm3.bias p.shape:  torch.Size([256])
n:  base_model.model.model.visual_model.mask_decoder.transformer.layers.1.norm4.weight p.shape:  torch.Size([256])
n:  base_model.model.model.visual_model.mask_decoder.transformer.layers.1.norm4.bias p.shape:  torch.Size([256])
n:  base_model.model.model.visual_model.mask_decoder.transformer.layers.1.cross_attn_image_to_token.q_proj.weight p.shape:  torch.Size([128, 256])
n:  base_model.model.model.visual_model.mask_decoder.transformer.layers.1.cross_attn_image_to_token.q_proj.bias p.shape:  torch.Size([128])
n:  base_model.model.model.visual_model.mask_decoder.transformer.layers.1.cross_attn_image_to_token.k_proj.weight p.shape:  torch.Size([128, 256])
n:  base_model.model.model.visual_model.mask_decoder.transformer.layers.1.cross_attn_image_to_token.k_proj.bias p.shape:  torch.Size([128])
n:  base_model.model.model.visual_model.mask_decoder.transformer.layers.1.cross_attn_image_to_token.v_proj.weight p.shape:  torch.Size([128, 256])
n:  base_model.model.model.visual_model.mask_decoder.transformer.layers.1.cross_attn_image_to_token.v_proj.bias p.shape:  torch.Size([128])
n:  base_model.model.model.visual_model.mask_decoder.transformer.layers.1.cross_attn_image_to_token.out_proj.weight p.shape:  torch.Size([256, 128])
n:  base_model.model.model.visual_model.mask_decoder.transformer.layers.1.cross_attn_image_to_token.out_proj.bias p.shape:  torch.Size([256])
n:  base_model.model.model.visual_model.mask_decoder.transformer.final_attn_token_to_image.q_proj.weight p.shape:  torch.Size([128, 256])
n:  base_model.model.model.visual_model.mask_decoder.transformer.final_attn_token_to_image.q_proj.bias p.shape:  torch.Size([128])
n:  base_model.model.model.visual_model.mask_decoder.transformer.final_attn_token_to_image.k_proj.weight p.shape:  torch.Size([128, 256])
n:  base_model.model.model.visual_model.mask_decoder.transformer.final_attn_token_to_image.k_proj.bias p.shape:  torch.Size([128])
n:  base_model.model.model.visual_model.mask_decoder.transformer.final_attn_token_to_image.v_proj.weight p.shape:  torch.Size([128, 256])
n:  base_model.model.model.visual_model.mask_decoder.transformer.final_attn_token_to_image.v_proj.bias p.shape:  torch.Size([128])
n:  base_model.model.model.visual_model.mask_decoder.transformer.final_attn_token_to_image.out_proj.weight p.shape:  torch.Size([256, 128])
n:  base_model.model.model.visual_model.mask_decoder.transformer.final_attn_token_to_image.out_proj.bias p.shape:  torch.Size([256])
n:  base_model.model.model.visual_model.mask_decoder.transformer.norm_final_attn.weight p.shape:  torch.Size([256])
n:  base_model.model.model.visual_model.mask_decoder.transformer.norm_final_attn.bias p.shape:  torch.Size([256])
n:  base_model.model.model.visual_model.mask_decoder.iou_token.weight p.shape:  torch.Size([1, 256])
n:  base_model.model.model.visual_model.mask_decoder.mask_tokens.weight p.shape:  torch.Size([4, 256])
n:  base_model.model.model.visual_model.mask_decoder.output_upscaling.0.weight p.shape:  torch.Size([256, 64, 2, 2])
n:  base_model.model.model.visual_model.mask_decoder.output_upscaling.0.bias p.shape:  torch.Size([64])
n:  base_model.model.model.visual_model.mask_decoder.output_upscaling.1.weight p.shape:  torch.Size([64])
n:  base_model.model.model.visual_model.mask_decoder.output_upscaling.1.bias p.shape:  torch.Size([64])
n:  base_model.model.model.visual_model.mask_decoder.output_upscaling.3.weight p.shape:  torch.Size([64, 32, 2, 2])
n:  base_model.model.model.visual_model.mask_decoder.output_upscaling.3.bias p.shape:  torch.Size([32])
n:  base_model.model.model.visual_model.mask_decoder.output_hypernetworks_mlps.0.layers.0.weight p.shape:  torch.Size([256, 256])
n:  base_model.model.model.visual_model.mask_decoder.output_hypernetworks_mlps.0.layers.0.bias p.shape:  torch.Size([256])
n:  base_model.model.model.visual_model.mask_decoder.output_hypernetworks_mlps.0.layers.1.weight p.shape:  torch.Size([256, 256])
n:  base_model.model.model.visual_model.mask_decoder.output_hypernetworks_mlps.0.layers.1.bias p.shape:  torch.Size([256])
n:  base_model.model.model.visual_model.mask_decoder.output_hypernetworks_mlps.0.layers.2.weight p.shape:  torch.Size([32, 256])
n:  base_model.model.model.visual_model.mask_decoder.output_hypernetworks_mlps.0.layers.2.bias p.shape:  torch.Size([32])
n:  base_model.model.model.visual_model.mask_decoder.output_hypernetworks_mlps.1.layers.0.weight p.shape:  torch.Size([256, 256])
n:  base_model.model.model.visual_model.mask_decoder.output_hypernetworks_mlps.1.layers.0.bias p.shape:  torch.Size([256])
n:  base_model.model.model.visual_model.mask_decoder.output_hypernetworks_mlps.1.layers.1.weight p.shape:  torch.Size([256, 256])
n:  base_model.model.model.visual_model.mask_decoder.output_hypernetworks_mlps.1.layers.1.bias p.shape:  torch.Size([256])
n:  base_model.model.model.visual_model.mask_decoder.output_hypernetworks_mlps.1.layers.2.weight p.shape:  torch.Size([32, 256])
n:  base_model.model.model.visual_model.mask_decoder.output_hypernetworks_mlps.1.layers.2.bias p.shape:  torch.Size([32])
n:  base_model.model.model.visual_model.mask_decoder.output_hypernetworks_mlps.2.layers.0.weight p.shape:  torch.Size([256, 256])
n:  base_model.model.model.visual_model.mask_decoder.output_hypernetworks_mlps.2.layers.0.bias p.shape:  torch.Size([256])
n:  base_model.model.model.visual_model.mask_decoder.output_hypernetworks_mlps.2.layers.1.weight p.shape:  torch.Size([256, 256])
n:  base_model.model.model.visual_model.mask_decoder.output_hypernetworks_mlps.2.layers.1.bias p.shape:  torch.Size([256])
n:  base_model.model.model.visual_model.mask_decoder.output_hypernetworks_mlps.2.layers.2.weight p.shape:  torch.Size([32, 256])
n:  base_model.model.model.visual_model.mask_decoder.output_hypernetworks_mlps.2.layers.2.bias p.shape:  torch.Size([32])
n:  base_model.model.model.visual_model.mask_decoder.output_hypernetworks_mlps.3.layers.0.weight p.shape:  torch.Size([256, 256])
n:  base_model.model.model.visual_model.mask_decoder.output_hypernetworks_mlps.3.layers.0.bias p.shape:  torch.Size([256])
n:  base_model.model.model.visual_model.mask_decoder.output_hypernetworks_mlps.3.layers.1.weight p.shape:  torch.Size([256, 256])
n:  base_model.model.model.visual_model.mask_decoder.output_hypernetworks_mlps.3.layers.1.bias p.shape:  torch.Size([256])
n:  base_model.model.model.visual_model.mask_decoder.output_hypernetworks_mlps.3.layers.2.weight p.shape:  torch.Size([32, 256])
n:  base_model.model.model.visual_model.mask_decoder.output_hypernetworks_mlps.3.layers.2.bias p.shape:  torch.Size([32])
n:  base_model.model.model.visual_model.mask_decoder.iou_prediction_head.layers.0.weight p.shape:  torch.Size([256, 256])
n:  base_model.model.model.visual_model.mask_decoder.iou_prediction_head.layers.0.bias p.shape:  torch.Size([256])
n:  base_model.model.model.visual_model.mask_decoder.iou_prediction_head.layers.1.weight p.shape:  torch.Size([256, 256])
n:  base_model.model.model.visual_model.mask_decoder.iou_prediction_head.layers.1.bias p.shape:  torch.Size([256])
n:  base_model.model.model.visual_model.mask_decoder.iou_prediction_head.layers.2.weight p.shape:  torch.Size([4, 256])
n:  base_model.model.model.visual_model.mask_decoder.iou_prediction_head.layers.2.bias p.shape:  torch.Size([4])
n:  base_model.model.model.text_hidden_fcs.0.0.weight p.shape:  torch.Size([5120, 5120])
n:  base_model.model.model.text_hidden_fcs.0.0.bias p.shape:  torch.Size([5120])
n:  base_model.model.model.text_hidden_fcs.0.2.weight p.shape:  torch.Size([256, 5120])
n:  base_model.model.model.text_hidden_fcs.0.2.bias p.shape:  torch.Size([256])
n:  base_model.model.model.token_to_mask_fcs.0.0.weight p.shape:  torch.Size([5120, 5120])
n:  base_model.model.model.token_to_mask_fcs.0.0.bias p.shape:  torch.Size([5120])
n:  base_model.model.model.token_to_mask_fcs.0.2.weight p.shape:  torch.Size([3, 5120])
n:  base_model.model.model.token_to_mask_fcs.0.2.bias p.shape:  torch.Size([3])
n:  base_model.model.lm_head.weight p.shape:  torch.Size([32002, 5120])
n:  base_model.model.bio_encoder.encoder.layers.0.self_attn.in_proj_weight p.shape:  torch.Size([15360, 5120])
n:  base_model.model.bio_encoder.encoder.layers.0.self_attn.in_proj_bias p.shape:  torch.Size([15360])
n:  base_model.model.bio_encoder.encoder.layers.0.self_attn.out_proj.weight p.shape:  torch.Size([5120, 5120])
n:  base_model.model.bio_encoder.encoder.layers.0.self_attn.out_proj.bias p.shape:  torch.Size([5120])
n:  base_model.model.bio_encoder.encoder.layers.0.linear1.weight p.shape:  torch.Size([2048, 5120])
n:  base_model.model.bio_encoder.encoder.layers.0.linear1.bias p.shape:  torch.Size([2048])
n:  base_model.model.bio_encoder.encoder.layers.0.linear2.weight p.shape:  torch.Size([5120, 2048])
n:  base_model.model.bio_encoder.encoder.layers.0.linear2.bias p.shape:  torch.Size([5120])
n:  base_model.model.bio_encoder.encoder.layers.0.norm1.weight p.shape:  torch.Size([5120])
n:  base_model.model.bio_encoder.encoder.layers.0.norm1.bias p.shape:  torch.Size([5120])
n:  base_model.model.bio_encoder.encoder.layers.0.norm2.weight p.shape:  torch.Size([5120])
n:  base_model.model.bio_encoder.encoder.layers.0.norm2.bias p.shape:  torch.Size([5120])
Traceback (most recent call last):
  File "/shared/nas/data/m1/jk100/.conda/envs/llava/lib/python3.10/site-packages/huggingface_hub/utils/_errors.py", line 286, in hf_raise_for_status
    response.raise_for_status()
  File "/shared/nas/data/m1/jk100/.conda/envs/llava/lib/python3.10/site-packages/requests/models.py", line 1021, in raise_for_status
    raise HTTPError(http_error_msg, response=self)
requests.exceptions.HTTPError: 404 Client Error: Not Found for url: https://huggingface.co/naclip/resolve/main/preprocessor_config.json
The above exception was the direct cause of the following exception:
Traceback (most recent call last):
  File "/shared/nas/data/m1/jk100/.conda/envs/llava/lib/python3.10/site-packages/transformers/utils/hub.py", line 417, in cached_file
    resolved_file = hf_hub_download(
  File "/shared/nas/data/m1/jk100/.conda/envs/llava/lib/python3.10/site-packages/huggingface_hub/utils/_validators.py", line 118, in _inner_fn
    return fn(*args, **kwargs)
  File "/shared/nas/data/m1/jk100/.conda/envs/llava/lib/python3.10/site-packages/huggingface_hub/file_download.py", line 1368, in hf_hub_download
    raise head_call_error
  File "/shared/nas/data/m1/jk100/.conda/envs/llava/lib/python3.10/site-packages/huggingface_hub/file_download.py", line 1238, in hf_hub_download
    metadata = get_hf_file_metadata(
  File "/shared/nas/data/m1/jk100/.conda/envs/llava/lib/python3.10/site-packages/huggingface_hub/utils/_validators.py", line 118, in _inner_fn
    return fn(*args, **kwargs)
  File "/shared/nas/data/m1/jk100/.conda/envs/llava/lib/python3.10/site-packages/huggingface_hub/file_download.py", line 1631, in get_hf_file_metadata
    r = _request_wrapper(
  File "/shared/nas/data/m1/jk100/.conda/envs/llava/lib/python3.10/site-packages/huggingface_hub/file_download.py", line 385, in _request_wrapper
    response = _request_wrapper(
  File "/shared/nas/data/m1/jk100/.conda/envs/llava/lib/python3.10/site-packages/huggingface_hub/file_download.py", line 409, in _request_wrapper
    hf_raise_for_status(response)
  File "/shared/nas/data/m1/jk100/.conda/envs/llava/lib/python3.10/site-packages/huggingface_hub/utils/_errors.py", line 323, in hf_raise_for_status
    raise RepositoryNotFoundError(message, response) from e
huggingface_hub.utils._errors.RepositoryNotFoundError: 404 Client Error. (Request ID: Root=1-680dc99e-11a0b1597c253393160557af;6fd5288a-924a-48f7-bdce-a28800d4c727)
Repository Not Found for url: https://huggingface.co/naclip/resolve/main/preprocessor_config.json.
Please make sure you specified the correct `repo_id` and `repo_type`.
If you are trying to access a private or gated repo, make sure you are authenticated.
During handling of the above exception, another exception occurred:
Traceback (most recent call last):
  File "/shared/nas2/jk100/partonomy_private/src/models/PLUM/plum_train_ds.py", line 908, in <module>
    main(sys.argv[1:])
  File "/shared/nas2/jk100/partonomy_private/src/models/PLUM/plum_train_ds.py", line 409, in main
    train_dataset = HybridDataset(
  File "/shared/nas2/jk100/partonomy_private/src/models/PLUM/utils/dataset.py", line 297, in __init__
    SemSegDataset(
  File "/shared/nas2/jk100/partonomy_private/src/models/PLUM/utils/sem_seg_dataset.py", line 189, in __init__
    self.clip_image_processor = CLIPImageProcessor.from_pretrained(vision_tower)
  File "/shared/nas/data/m1/jk100/.conda/envs/llava/lib/python3.10/site-packages/transformers/image_processing_utils.py", line 195, in from_pretrained
    image_processor_dict, kwargs = cls.get_image_processor_dict(pretrained_model_name_or_path, **kwargs)
  File "/shared/nas/data/m1/jk100/.conda/envs/llava/lib/python3.10/site-packages/transformers/image_processing_utils.py", line 299, in get_image_processor_dict
    resolved_image_processor_file = cached_file(
  File "/shared/nas/data/m1/jk100/.conda/envs/llava/lib/python3.10/site-packages/transformers/utils/hub.py", line 433, in cached_file
    raise EnvironmentError(
OSError: naclip is not a local folder and is not a valid model identifier listed on 'https://huggingface.co/models'
If this is a private repository, make sure to pass a token having permission to this repo with `use_auth_token` or log in with `huggingface-cli login` and pass `use_auth_token=True`.